[ 2016-12-21T09:23:13+08:00 ] ::1 /index.php/UserCenter/Api/signIn?account=30178270@qq.com&password=123456&userType=1
INFO: [ app_init ] --START--
INFO: Run Behavior\BuildLiteBehavior [ RunTime:0.000017s ]
INFO: [ app_init ] --END-- [ RunTime:0.000505s ]
INFO: [ app_begin ] --START--
INFO: Run Behavior\ReadHtmlCacheBehavior [ RunTime:0.000708s ]
INFO: [ app_begin ] --END-- [ RunTime:0.000809s ]
NOTIC: [8192] mysql_connect(): The mysql extension is deprecated and will be removed in the future: use mysqli or PDO instead /Applications/MAMP/htdocs/HealthManager/ThinkPHP/Library/Think/Session/Driver/Db.class.php 第 95 行.
SQL: SHOW COLUMNS FROM `hm_user_info_base` [ RunTime:0.0046s ]
SQL: SHOW COLUMNS FROM `hm_user_info_base` [ RunTime:0.0044s ]
SQL: SELECT `email`,`password`,`salt`,`uid`,`reg_time` FROM `hm_user_info_base` WHERE `email` = '30178270@qq.com' LIMIT 1   [ RunTime:0.0039s ]
SQL: SELECT * FROM `hm_user_info_base` WHERE ( uid = '11' ) LIMIT 1   [ RunTime:0.0050s ]
SQL: SHOW COLUMNS FROM `hm_user_info_details` [ RunTime:0.0147s ]
SQL: SELECT * FROM `hm_user_info_details` WHERE ( uid=11 ) LIMIT 1   [ RunTime:0.0111s ]
NOTIC: [8] Use of undefined constant F - assumed 'F' /Applications/MAMP/htdocs/HealthManager/Application/UserCenter/Model/UserModel.class.php 第 289 行.
SQL: SHOW COLUMNS FROM `hm_user_login_token` [ RunTime:0.0043s ]
SQL: SELECT COUNT(*) AS tp_count FROM `hm_user_login_token` WHERE `uid` = 11 LIMIT 1   [ RunTime:0.0034s ]
SQL: UPDATE `hm_user_login_token` SET `uid`='11',`token`='e01c650025e392019fac5cf8b9312613',`update_time`='2016-12-21 09:23:13' WHERE `uid` = 11 [ RunTime:0.0038s ]
SQL: SELECT `uid`,`username`,`email`,`mobile`,`email_verify`,`reg_time`,`user_type` FROM `hm_user_info_base` WHERE `uid` = 11 LIMIT 1   [ RunTime:0.0043s ]
SQL: SHOW COLUMNS FROM `hm_user_info_details` [ RunTime:0.0049s ]
SQL: SELECT * FROM `hm_user_info_details` WHERE ( 1=1 AND uid='11' ) LIMIT 1   [ RunTime:0.0042s ]
SQL: SHOW COLUMNS FROM `hm_user_info_extra` [ RunTime:0.0071s ]
SQL: SELECT * FROM `hm_user_info_extra` WHERE ( 1=1 AND uid='11' ) LIMIT 1   [ RunTime:0.0104s ]
SQL: SHOW COLUMNS FROM `hm_user_info_certification` [ RunTime:0.0128s ]
SQL: SELECT * FROM `hm_user_info_certification` WHERE ( 1=1 AND uid='11' ) LIMIT 1   [ RunTime:0.0108s ]
SQL: SHOW COLUMNS FROM `hm_user_bind` [ RunTime:0.0092s ]
SQL: SELECT * FROM `hm_user_bind` WHERE ( 1=1 AND uid='11' )  [ RunTime:0.0086s ]
NOTIC: [8192] preg_replace(): The /e modifier is deprecated, use preg_replace_callback instead /Applications/MAMP/htdocs/HealthManager/Application/Common/Common/function.php 第 196 行.
INFO: [ app_end ] --START--
INFO: Run Behavior\ShowPageTraceBehavior [ RunTime:0.000740s ]
INFO: [ app_end ] --END-- [ RunTime:0.000818s ]

[ 2016-12-21T09:29:24+08:00 ] ::1 /index.php/UserCenter/Api/signIn?account=huangdandan@ainia.com.cn&password=123456&userType=1
INFO: [ app_init ] --START--
INFO: Run Behavior\BuildLiteBehavior [ RunTime:0.000017s ]
INFO: [ app_init ] --END-- [ RunTime:0.000499s ]
INFO: [ app_begin ] --START--
INFO: Run Behavior\ReadHtmlCacheBehavior [ RunTime:0.001027s ]
INFO: [ app_begin ] --END-- [ RunTime:0.001336s ]
NOTIC: [8192] mysql_connect(): The mysql extension is deprecated and will be removed in the future: use mysqli or PDO instead /Applications/MAMP/htdocs/HealthManager/ThinkPHP/Library/Think/Session/Driver/Db.class.php 第 95 行.
SQL: SHOW COLUMNS FROM `hm_user_info_base` [ RunTime:0.0045s ]
SQL: SHOW COLUMNS FROM `hm_user_info_base` [ RunTime:0.0507s ]
SQL: SELECT `email`,`password`,`salt`,`uid`,`reg_time` FROM `hm_user_info_base` WHERE `email` = 'huangdandan@ainia.com.cn' LIMIT 1   [ RunTime:0.1454s ]
SQL: SELECT * FROM `hm_user_info_base` WHERE ( uid = '14' ) LIMIT 1   [ RunTime:0.0930s ]
SQL: SHOW COLUMNS FROM `hm_user_info_details` [ RunTime:0.1700s ]
SQL: SELECT * FROM `hm_user_info_details` WHERE ( uid=14 ) LIMIT 1   [ RunTime:0.1109s ]
NOTIC: [8] Use of undefined constant M - assumed 'M' /Applications/MAMP/htdocs/HealthManager/Application/UserCenter/Model/UserModel.class.php 第 287 行.
SQL: SHOW COLUMNS FROM `hm_user_login_token` [ RunTime:0.0041s ]
SQL: SELECT COUNT(*) AS tp_count FROM `hm_user_login_token` WHERE `uid` = 14 LIMIT 1   [ RunTime:0.0032s ]
SQL: INSERT INTO `hm_user_login_token` (`uid`,`add_time`,`token`) VALUES ('14','2016-12-21 09:29:23','463050e29009c78f131108fb36e73e2d') [ RunTime:0.0046s ]
SQL: SELECT `uid`,`username`,`email`,`mobile`,`email_verify`,`reg_time`,`user_type` FROM `hm_user_info_base` WHERE `uid` = 14 LIMIT 1   [ RunTime:0.0039s ]
SQL: SHOW COLUMNS FROM `hm_user_info_details` [ RunTime:0.0043s ]
SQL: SELECT * FROM `hm_user_info_details` WHERE ( 1=1 AND uid='14' ) LIMIT 1   [ RunTime:0.1005s ]
SQL: SHOW COLUMNS FROM `hm_user_info_extra` [ RunTime:0.1333s ]
SQL: SELECT * FROM `hm_user_info_extra` WHERE ( 1=1 AND uid='14' ) LIMIT 1   [ RunTime:0.1095s ]
SQL: SHOW COLUMNS FROM `hm_user_info_certification` [ RunTime:0.1184s ]
SQL: SELECT * FROM `hm_user_info_certification` WHERE ( 1=1 AND uid='14' ) LIMIT 1   [ RunTime:0.0066s ]
SQL: SHOW COLUMNS FROM `hm_user_bind` [ RunTime:0.0113s ]
SQL: SELECT * FROM `hm_user_bind` WHERE ( 1=1 AND uid='14' )  [ RunTime:0.0824s ]
NOTIC: [8192] preg_replace(): The /e modifier is deprecated, use preg_replace_callback instead /Applications/MAMP/htdocs/HealthManager/Application/Common/Common/function.php 第 196 行.
INFO: [ app_end ] --START--
INFO: Run Behavior\ShowPageTraceBehavior [ RunTime:0.001815s ]
INFO: [ app_end ] --END-- [ RunTime:0.001964s ]

[ 2016-12-21T09:31:24+08:00 ] ::1 /index.php/UserCenter/Api/signIn?account=30178270@qq.com&password=123456&userType=1
INFO: [ app_init ] --START--
INFO: Run Behavior\BuildLiteBehavior [ RunTime:0.000016s ]
INFO: [ app_init ] --END-- [ RunTime:0.000522s ]
INFO: [ app_begin ] --START--
INFO: Run Behavior\ReadHtmlCacheBehavior [ RunTime:0.000586s ]
INFO: [ app_begin ] --END-- [ RunTime:0.000671s ]
NOTIC: [8192] mysql_connect(): The mysql extension is deprecated and will be removed in the future: use mysqli or PDO instead /Applications/MAMP/htdocs/HealthManager/ThinkPHP/Library/Think/Session/Driver/Db.class.php 第 95 行.
SQL: SHOW COLUMNS FROM `hm_user_info_base` [ RunTime:0.0047s ]
SQL: SHOW COLUMNS FROM `hm_user_info_base` [ RunTime:0.0040s ]
SQL: SELECT `email`,`password`,`salt`,`uid`,`reg_time` FROM `hm_user_info_base` WHERE `email` = '30178270@qq.com' LIMIT 1   [ RunTime:0.0035s ]
SQL: SELECT * FROM `hm_user_info_base` WHERE ( uid = '11' ) LIMIT 1   [ RunTime:0.0044s ]
SQL: SHOW COLUMNS FROM `hm_user_info_details` [ RunTime:0.0154s ]
SQL: SELECT * FROM `hm_user_info_details` WHERE ( uid=11 ) LIMIT 1   [ RunTime:0.0108s ]
NOTIC: [8] Use of undefined constant F - assumed 'F' /Applications/MAMP/htdocs/HealthManager/Application/UserCenter/Model/UserModel.class.php 第 289 行.
SQL: SHOW COLUMNS FROM `hm_user_login_token` [ RunTime:0.0038s ]
SQL: SELECT COUNT(*) AS tp_count FROM `hm_user_login_token` WHERE `uid` = 11 LIMIT 1   [ RunTime:0.0033s ]
SQL: UPDATE `hm_user_login_token` SET `uid`='11',`token`='eecc43fba866f123a46b6f2ed2bd048d',`update_time`='2016-12-21 09:31:24' WHERE `uid` = 11 [ RunTime:0.0040s ]
SQL: SELECT `uid`,`username`,`email`,`mobile`,`email_verify`,`reg_time`,`user_type` FROM `hm_user_info_base` WHERE `uid` = 11 LIMIT 1   [ RunTime:0.0046s ]
SQL: SHOW COLUMNS FROM `hm_user_info_details` [ RunTime:0.0038s ]
SQL: SELECT * FROM `hm_user_info_details` WHERE ( 1=1 AND uid='11' ) LIMIT 1   [ RunTime:0.0040s ]
SQL: SHOW COLUMNS FROM `hm_user_info_extra` [ RunTime:0.0112s ]
SQL: SELECT * FROM `hm_user_info_extra` WHERE ( 1=1 AND uid='11' ) LIMIT 1   [ RunTime:0.0118s ]
SQL: SHOW COLUMNS FROM `hm_user_info_certification` [ RunTime:0.0117s ]
SQL: SELECT * FROM `hm_user_info_certification` WHERE ( 1=1 AND uid='11' ) LIMIT 1   [ RunTime:0.0327s ]
SQL: SHOW COLUMNS FROM `hm_user_bind` [ RunTime:0.0094s ]
SQL: SELECT * FROM `hm_user_bind` WHERE ( 1=1 AND uid='11' )  [ RunTime:0.0083s ]
NOTIC: [8192] preg_replace(): The /e modifier is deprecated, use preg_replace_callback instead /Applications/MAMP/htdocs/HealthManager/Application/Common/Common/function.php 第 196 行.
INFO: [ app_end ] --START--
INFO: Run Behavior\ShowPageTraceBehavior [ RunTime:0.001032s ]
INFO: [ app_end ] --END-- [ RunTime:0.001150s ]

[ 2016-12-21T13:46:37+08:00 ] ::1 /index.php/UserCenter/Api/signIn?account=30178270@qq.com&password=123456&userType=1
INFO: [ app_init ] --START--
INFO: Run Behavior\BuildLiteBehavior [ RunTime:0.000017s ]
INFO: [ app_init ] --END-- [ RunTime:0.000517s ]
INFO: [ app_begin ] --START--
INFO: Run Behavior\ReadHtmlCacheBehavior [ RunTime:0.001034s ]
INFO: [ app_begin ] --END-- [ RunTime:0.001147s ]
NOTIC: [8192] mysql_connect(): The mysql extension is deprecated and will be removed in the future: use mysqli or PDO instead /Applications/MAMP/htdocs/HealthManager/ThinkPHP/Library/Think/Session/Driver/Db.class.php 第 95 行.
SQL: SHOW COLUMNS FROM `hm_user_info_base` [ RunTime:0.0057s ]
SQL: SHOW COLUMNS FROM `hm_user_info_base` [ RunTime:0.0048s ]
SQL: SELECT `email`,`password`,`salt`,`uid`,`reg_time` FROM `hm_user_info_base` WHERE `email` = '30178270@qq.com' LIMIT 1   [ RunTime:0.0042s ]
SQL: SELECT * FROM `hm_user_info_base` WHERE ( uid = '11' ) LIMIT 1   [ RunTime:0.0050s ]
SQL: SHOW COLUMNS FROM `hm_user_info_details` [ RunTime:0.0121s ]
SQL: SELECT * FROM `hm_user_info_details` WHERE ( uid=11 ) LIMIT 1   [ RunTime:0.0112s ]
NOTIC: [8] Use of undefined constant F - assumed 'F' /Applications/MAMP/htdocs/HealthManager/Application/UserCenter/Model/UserModel.class.php 第 289 行.
SQL: SHOW COLUMNS FROM `hm_user_login_token` [ RunTime:0.0052s ]
SQL: SELECT COUNT(*) AS tp_count FROM `hm_user_login_token` WHERE `uid` = 11 LIMIT 1   [ RunTime:0.0043s ]
SQL: UPDATE `hm_user_login_token` SET `uid`='11',`token`='4a96b6d6ab1950d5d87bfaaaf07c6146',`update_time`='2016-12-21 13:46:36' WHERE `uid` = 11 [ RunTime:0.0049s ]
SQL: SELECT `uid`,`username`,`email`,`mobile`,`email_verify`,`reg_time`,`user_type` FROM `hm_user_info_base` WHERE `uid` = 11 LIMIT 1   [ RunTime:0.0047s ]
SQL: SHOW COLUMNS FROM `hm_user_info_details` [ RunTime:0.0049s ]
SQL: SELECT * FROM `hm_user_info_details` WHERE ( 1=1 AND uid='11' ) LIMIT 1   [ RunTime:0.0048s ]
SQL: SHOW COLUMNS FROM `hm_user_info_extra` [ RunTime:0.0053s ]
SQL: SELECT * FROM `hm_user_info_extra` WHERE ( 1=1 AND uid='11' ) LIMIT 1   [ RunTime:0.0113s ]
SQL: SHOW COLUMNS FROM `hm_user_info_certification` [ RunTime:0.0126s ]
SQL: SELECT * FROM `hm_user_info_certification` WHERE ( 1=1 AND uid='11' ) LIMIT 1   [ RunTime:0.0095s ]
SQL: SHOW COLUMNS FROM `hm_user_bind` [ RunTime:0.0106s ]
SQL: SELECT * FROM `hm_user_bind` WHERE ( 1=1 AND uid='11' )  [ RunTime:0.0086s ]
NOTIC: [8192] preg_replace(): The /e modifier is deprecated, use preg_replace_callback instead /Applications/MAMP/htdocs/HealthManager/Application/Common/Common/function.php 第 196 行.
INFO: [ app_end ] --START--
INFO: Run Behavior\ShowPageTraceBehavior [ RunTime:0.001053s ]
INFO: [ app_end ] --END-- [ RunTime:0.001170s ]

[ 2016-12-21T13:46:44+08:00 ] ::1 /index.php/UserCenter/Api/signIn?account=30178270@qq.com&password=123456&userType=1
INFO: [ app_init ] --START--
INFO: Run Behavior\BuildLiteBehavior [ RunTime:0.000018s ]
INFO: [ app_init ] --END-- [ RunTime:0.000422s ]
INFO: [ app_begin ] --START--
INFO: Run Behavior\ReadHtmlCacheBehavior [ RunTime:0.000619s ]
INFO: [ app_begin ] --END-- [ RunTime:0.000704s ]
NOTIC: [8192] mysql_connect(): The mysql extension is deprecated and will be removed in the future: use mysqli or PDO instead /Applications/MAMP/htdocs/HealthManager/ThinkPHP/Library/Think/Session/Driver/Db.class.php 第 95 行.
SQL: SHOW COLUMNS FROM `hm_user_info_base` [ RunTime:0.0060s ]
SQL: SHOW COLUMNS FROM `hm_user_info_base` [ RunTime:0.0053s ]
SQL: SELECT `email`,`password`,`salt`,`uid`,`reg_time` FROM `hm_user_info_base` WHERE `email` = '30178270@qq.com' LIMIT 1   [ RunTime:0.0045s ]
SQL: SELECT * FROM `hm_user_info_base` WHERE ( uid = '11' ) LIMIT 1   [ RunTime:0.0062s ]
SQL: SHOW COLUMNS FROM `hm_user_info_details` [ RunTime:0.0112s ]
SQL: SELECT * FROM `hm_user_info_details` WHERE ( uid=11 ) LIMIT 1   [ RunTime:0.0112s ]
NOTIC: [8] Use of undefined constant F - assumed 'F' /Applications/MAMP/htdocs/HealthManager/Application/UserCenter/Model/UserModel.class.php 第 289 行.
SQL: SHOW COLUMNS FROM `hm_user_login_token` [ RunTime:0.0046s ]
SQL: SELECT COUNT(*) AS tp_count FROM `hm_user_login_token` WHERE `uid` = 11 LIMIT 1   [ RunTime:0.0055s ]
SQL: UPDATE `hm_user_login_token` SET `uid`='11',`token`='ddbe76471950933ee3aa1c5851fd8907',`update_time`='2016-12-21 13:46:44' WHERE `uid` = 11 [ RunTime:0.0051s ]
SQL: SELECT `uid`,`username`,`email`,`mobile`,`email_verify`,`reg_time`,`user_type` FROM `hm_user_info_base` WHERE `uid` = 11 LIMIT 1   [ RunTime:0.0044s ]
SQL: SHOW COLUMNS FROM `hm_user_info_details` [ RunTime:0.0047s ]
SQL: SELECT * FROM `hm_user_info_details` WHERE ( 1=1 AND uid='11' ) LIMIT 1   [ RunTime:0.0066s ]
SQL: SHOW COLUMNS FROM `hm_user_info_extra` [ RunTime:0.0163s ]
SQL: SELECT * FROM `hm_user_info_extra` WHERE ( 1=1 AND uid='11' ) LIMIT 1   [ RunTime:0.0119s ]
SQL: SHOW COLUMNS FROM `hm_user_info_certification` [ RunTime:0.0152s ]
SQL: SELECT * FROM `hm_user_info_certification` WHERE ( 1=1 AND uid='11' ) LIMIT 1   [ RunTime:0.0093s ]
SQL: SHOW COLUMNS FROM `hm_user_bind` [ RunTime:0.0128s ]
SQL: SELECT * FROM `hm_user_bind` WHERE ( 1=1 AND uid='11' )  [ RunTime:0.0082s ]
NOTIC: [8192] preg_replace(): The /e modifier is deprecated, use preg_replace_callback instead /Applications/MAMP/htdocs/HealthManager/Application/Common/Common/function.php 第 196 行.
INFO: [ app_end ] --START--
INFO: Run Behavior\ShowPageTraceBehavior [ RunTime:0.000912s ]
INFO: [ app_end ] --END-- [ RunTime:0.001016s ]

[ 2016-12-21T13:46:44+08:00 ] ::1 /index.php/UserCenter/Api/signIn?account=30178270@qq.com&password=123456&userType=1
INFO: [ app_init ] --START--
INFO: Run Behavior\BuildLiteBehavior [ RunTime:0.000019s ]
INFO: [ app_init ] --END-- [ RunTime:0.000427s ]
INFO: [ app_begin ] --START--
INFO: Run Behavior\ReadHtmlCacheBehavior [ RunTime:0.000471s ]
INFO: [ app_begin ] --END-- [ RunTime:0.000532s ]
NOTIC: [8192] mysql_connect(): The mysql extension is deprecated and will be removed in the future: use mysqli or PDO instead /Applications/MAMP/htdocs/HealthManager/ThinkPHP/Library/Think/Session/Driver/Db.class.php 第 95 行.
SQL: SHOW COLUMNS FROM `hm_user_info_base` [ RunTime:0.0188s ]
SQL: SHOW COLUMNS FROM `hm_user_info_base` [ RunTime:0.0042s ]
SQL: SELECT `email`,`password`,`salt`,`uid`,`reg_time` FROM `hm_user_info_base` WHERE `email` = '30178270@qq.com' LIMIT 1   [ RunTime:0.0035s ]
SQL: SELECT * FROM `hm_user_info_base` WHERE ( uid = '11' ) LIMIT 1   [ RunTime:0.0052s ]
SQL: SHOW COLUMNS FROM `hm_user_info_details` [ RunTime:0.0184s ]
SQL: SELECT * FROM `hm_user_info_details` WHERE ( uid=11 ) LIMIT 1   [ RunTime:0.0125s ]
NOTIC: [8] Use of undefined constant F - assumed 'F' /Applications/MAMP/htdocs/HealthManager/Application/UserCenter/Model/UserModel.class.php 第 289 行.
SQL: SHOW COLUMNS FROM `hm_user_login_token` [ RunTime:0.0163s ]
SQL: SELECT COUNT(*) AS tp_count FROM `hm_user_login_token` WHERE `uid` = 11 LIMIT 1   [ RunTime:0.0071s ]
SQL: UPDATE `hm_user_login_token` SET `uid`='11',`token`='1752eeccf6de85f54154e5fc96da0c97',`update_time`='2016-12-21 13:46:44' WHERE `uid` = 11 [ RunTime:0.0078s ]
SQL: SELECT `uid`,`username`,`email`,`mobile`,`email_verify`,`reg_time`,`user_type` FROM `hm_user_info_base` WHERE `uid` = 11 LIMIT 1   [ RunTime:0.0149s ]
SQL: SHOW COLUMNS FROM `hm_user_info_details` [ RunTime:0.0089s ]
SQL: SELECT * FROM `hm_user_info_details` WHERE ( 1=1 AND uid='11' ) LIMIT 1   [ RunTime:0.0297s ]
SQL: SHOW COLUMNS FROM `hm_user_info_extra` [ RunTime:0.0122s ]
SQL: SELECT * FROM `hm_user_info_extra` WHERE ( 1=1 AND uid='11' ) LIMIT 1   [ RunTime:0.0250s ]
SQL: SHOW COLUMNS FROM `hm_user_info_certification` [ RunTime:0.0239s ]
SQL: SELECT * FROM `hm_user_info_certification` WHERE ( 1=1 AND uid='11' ) LIMIT 1   [ RunTime:0.0091s ]
SQL: SHOW COLUMNS FROM `hm_user_bind` [ RunTime:0.0391s ]
SQL: SELECT * FROM `hm_user_bind` WHERE ( 1=1 AND uid='11' )  [ RunTime:0.0086s ]
NOTIC: [8192] preg_replace(): The /e modifier is deprecated, use preg_replace_callback instead /Applications/MAMP/htdocs/HealthManager/Application/Common/Common/function.php 第 196 行.
INFO: [ app_end ] --START--
INFO: Run Behavior\ShowPageTraceBehavior [ RunTime:0.001119s ]
INFO: [ app_end ] --END-- [ RunTime:0.001268s ]

[ 2016-12-21T15:45:18+08:00 ] ::1 /index.php/UserCenter/Api/signIn?account=30178270@qq.com&password=123456&userType=1
INFO: [ app_init ] --START--
INFO: Run Behavior\BuildLiteBehavior [ RunTime:0.000016s ]
INFO: [ app_init ] --END-- [ RunTime:0.000383s ]
INFO: [ app_begin ] --START--
INFO: Run Behavior\ReadHtmlCacheBehavior [ RunTime:0.000585s ]
INFO: [ app_begin ] --END-- [ RunTime:0.000662s ]
NOTIC: [8192] mysql_connect(): The mysql extension is deprecated and will be removed in the future: use mysqli or PDO instead /Applications/MAMP/htdocs/HealthManager/ThinkPHP/Library/Think/Session/Driver/Db.class.php 第 95 行.
SQL: SHOW COLUMNS FROM `hm_user_info_base` [ RunTime:0.0045s ]
SQL: SHOW COLUMNS FROM `hm_user_info_base` [ RunTime:0.0057s ]
SQL: SELECT `email`,`password`,`salt`,`uid`,`reg_time` FROM `hm_user_info_base` WHERE `email` = '30178270@qq.com' LIMIT 1   [ RunTime:0.0036s ]
SQL: SELECT * FROM `hm_user_info_base` WHERE ( uid = '11' ) LIMIT 1   [ RunTime:0.0041s ]
SQL: SHOW COLUMNS FROM `hm_user_info_details` [ RunTime:0.0130s ]
SQL: SELECT * FROM `hm_user_info_details` WHERE ( uid=11 ) LIMIT 1   [ RunTime:0.0114s ]
NOTIC: [8] Use of undefined constant F - assumed 'F' /Applications/MAMP/htdocs/HealthManager/Application/UserCenter/Model/UserModel.class.php 第 289 行.
SQL: SHOW COLUMNS FROM `hm_user_login_token` [ RunTime:0.0042s ]
SQL: SELECT COUNT(*) AS tp_count FROM `hm_user_login_token` WHERE `uid` = 11 LIMIT 1   [ RunTime:0.0033s ]
SQL: UPDATE `hm_user_login_token` SET `uid`='11',`token`='53fd9ba6fd318c09236f951c7e9a2318',`update_time`='2016-12-21 15:45:18' WHERE `uid` = 11 [ RunTime:0.0040s ]
SQL: SELECT `uid`,`username`,`email`,`mobile`,`email_verify`,`reg_time`,`user_type` FROM `hm_user_info_base` WHERE `uid` = 11 LIMIT 1   [ RunTime:0.0038s ]
SQL: SHOW COLUMNS FROM `hm_user_info_details` [ RunTime:0.0041s ]
SQL: SELECT * FROM `hm_user_info_details` WHERE ( 1=1 AND uid='11' ) LIMIT 1   [ RunTime:0.0064s ]
SQL: SHOW COLUMNS FROM `hm_user_info_extra` [ RunTime:0.0062s ]
SQL: SELECT * FROM `hm_user_info_extra` WHERE ( 1=1 AND uid='11' ) LIMIT 1   [ RunTime:0.0105s ]
SQL: SHOW COLUMNS FROM `hm_user_info_certification` [ RunTime:0.0125s ]
SQL: SELECT * FROM `hm_user_info_certification` WHERE ( 1=1 AND uid='11' ) LIMIT 1   [ RunTime:0.0092s ]
SQL: SHOW COLUMNS FROM `hm_user_bind` [ RunTime:0.0101s ]
SQL: SELECT * FROM `hm_user_bind` WHERE ( 1=1 AND uid='11' )  [ RunTime:0.0095s ]
NOTIC: [8192] preg_replace(): The /e modifier is deprecated, use preg_replace_callback instead /Applications/MAMP/htdocs/HealthManager/Application/Common/Common/function.php 第 196 行.
INFO: [ app_end ] --START--
INFO: Run Behavior\ShowPageTraceBehavior [ RunTime:0.000906s ]
INFO: [ app_end ] --END-- [ RunTime:0.001009s ]

[ 2016-12-21T15:48:02+08:00 ] ::1 /index.php/UserCenter/Api/signIn?account=30178270@qq.com&password=123456&userType=1
INFO: [ app_init ] --START--
INFO: Run Behavior\BuildLiteBehavior [ RunTime:0.000017s ]
INFO: [ app_init ] --END-- [ RunTime:0.000496s ]
INFO: [ app_begin ] --START--
INFO: Run Behavior\ReadHtmlCacheBehavior [ RunTime:0.000710s ]
INFO: [ app_begin ] --END-- [ RunTime:0.000814s ]
NOTIC: [8192] mysql_connect(): The mysql extension is deprecated and will be removed in the future: use mysqli or PDO instead /Applications/MAMP/htdocs/HealthManager/ThinkPHP/Library/Think/Session/Driver/Db.class.php 第 95 行.
SQL: SHOW COLUMNS FROM `hm_user_info_base` [ RunTime:0.0048s ]
SQL: SHOW COLUMNS FROM `hm_user_info_base` [ RunTime:0.0045s ]
SQL: SELECT `email`,`password`,`salt`,`uid`,`reg_time` FROM `hm_user_info_base` WHERE `email` = '30178270@qq.com' LIMIT 1   [ RunTime:0.0045s ]
SQL: SELECT * FROM `hm_user_info_base` WHERE ( uid = '11' ) LIMIT 1   [ RunTime:0.0042s ]
SQL: SHOW COLUMNS FROM `hm_user_info_details` [ RunTime:0.0119s ]
SQL: SELECT * FROM `hm_user_info_details` WHERE ( uid=11 ) LIMIT 1   [ RunTime:0.0109s ]
NOTIC: [8] Use of undefined constant F - assumed 'F' /Applications/MAMP/htdocs/HealthManager/Application/UserCenter/Model/UserModel.class.php 第 289 行.
SQL: SHOW COLUMNS FROM `hm_user_login_token` [ RunTime:0.0057s ]
SQL: SELECT COUNT(*) AS tp_count FROM `hm_user_login_token` WHERE `uid` = 11 LIMIT 1   [ RunTime:0.0056s ]
SQL: UPDATE `hm_user_login_token` SET `uid`='11',`token`='b1b87dbcd526e2895a16959a0e959e4e',`update_time`='2016-12-21 15:48:02' WHERE `uid` = 11 [ RunTime:0.0042s ]
SQL: SELECT `uid`,`username`,`email`,`mobile`,`email_verify`,`reg_time`,`user_type` FROM `hm_user_info_base` WHERE `uid` = 11 LIMIT 1   [ RunTime:0.0040s ]
SQL: SHOW COLUMNS FROM `hm_user_info_details` [ RunTime:0.0049s ]
SQL: SELECT * FROM `hm_user_info_details` WHERE ( 1=1 AND uid='11' ) LIMIT 1   [ RunTime:0.0046s ]
SQL: SHOW COLUMNS FROM `hm_user_info_extra` [ RunTime:0.0061s ]
SQL: SELECT * FROM `hm_user_info_extra` WHERE ( 1=1 AND uid='11' ) LIMIT 1   [ RunTime:0.0109s ]
SQL: SHOW COLUMNS FROM `hm_user_info_certification` [ RunTime:0.0125s ]
SQL: SELECT * FROM `hm_user_info_certification` WHERE ( 1=1 AND uid='11' ) LIMIT 1   [ RunTime:0.0100s ]
SQL: SHOW COLUMNS FROM `hm_user_bind` [ RunTime:0.0097s ]
SQL: SELECT * FROM `hm_user_bind` WHERE ( 1=1 AND uid='11' )  [ RunTime:0.0089s ]
NOTIC: [8192] preg_replace(): The /e modifier is deprecated, use preg_replace_callback instead /Applications/MAMP/htdocs/HealthManager/Application/Common/Common/function.php 第 196 行.
INFO: [ app_end ] --START--
INFO: Run Behavior\ShowPageTraceBehavior [ RunTime:0.000855s ]
INFO: [ app_end ] --END-- [ RunTime:0.000948s ]

[ 2016-12-21T15:49:09+08:00 ] ::1 /index.php/UserCenter/Api/signIn?account=30178270@qq.com&password=123456&userType=1
INFO: [ app_init ] --START--
INFO: Run Behavior\BuildLiteBehavior [ RunTime:0.000014s ]
INFO: [ app_init ] --END-- [ RunTime:0.000420s ]
INFO: [ app_begin ] --START--
INFO: Run Behavior\ReadHtmlCacheBehavior [ RunTime:0.000573s ]
INFO: [ app_begin ] --END-- [ RunTime:0.000654s ]
NOTIC: [8192] mysql_connect(): The mysql extension is deprecated and will be removed in the future: use mysqli or PDO instead /Applications/MAMP/htdocs/HealthManager/ThinkPHP/Library/Think/Session/Driver/Db.class.php 第 95 行.
SQL: SHOW COLUMNS FROM `hm_user_info_base` [ RunTime:0.3373s ]
SQL: SHOW COLUMNS FROM `hm_user_info_base` [ RunTime:0.0079s ]
SQL: SELECT `email`,`password`,`salt`,`uid`,`reg_time` FROM `hm_user_info_base` WHERE `email` = '30178270@qq.com' LIMIT 1   [ RunTime:0.0037s ]
SQL: SELECT * FROM `hm_user_info_base` WHERE ( uid = '11' ) LIMIT 1   [ RunTime:0.0043s ]
SQL: SHOW COLUMNS FROM `hm_user_info_details` [ RunTime:0.0103s ]
SQL: SELECT * FROM `hm_user_info_details` WHERE ( uid=11 ) LIMIT 1   [ RunTime:0.0101s ]
NOTIC: [8] Use of undefined constant F - assumed 'F' /Applications/MAMP/htdocs/HealthManager/Application/UserCenter/Model/UserModel.class.php 第 289 行.
SQL: SHOW COLUMNS FROM `hm_user_login_token` [ RunTime:0.0044s ]
SQL: SELECT COUNT(*) AS tp_count FROM `hm_user_login_token` WHERE `uid` = 11 LIMIT 1   [ RunTime:0.0038s ]
SQL: UPDATE `hm_user_login_token` SET `uid`='11',`token`='05be73e498c623fbdebc008c96a38e3c',`update_time`='2016-12-21 15:49:09' WHERE `uid` = 11 [ RunTime:0.0044s ]
SQL: SELECT `uid`,`username`,`email`,`mobile`,`email_verify`,`reg_time`,`user_type` FROM `hm_user_info_base` WHERE `uid` = 11 LIMIT 1   [ RunTime:0.0039s ]
SQL: SHOW COLUMNS FROM `hm_user_info_details` [ RunTime:0.0044s ]
SQL: SELECT * FROM `hm_user_info_details` WHERE ( 1=1 AND uid='11' ) LIMIT 1   [ RunTime:0.0041s ]
SQL: SHOW COLUMNS FROM `hm_user_info_extra` [ RunTime:0.0073s ]
SQL: SELECT * FROM `hm_user_info_extra` WHERE ( 1=1 AND uid='11' ) LIMIT 1   [ RunTime:0.0110s ]
SQL: SHOW COLUMNS FROM `hm_user_info_certification` [ RunTime:0.0129s ]
SQL: SELECT * FROM `hm_user_info_certification` WHERE ( 1=1 AND uid='11' ) LIMIT 1   [ RunTime:0.0092s ]
SQL: SHOW COLUMNS FROM `hm_user_bind` [ RunTime:0.0102s ]
SQL: SELECT * FROM `hm_user_bind` WHERE ( 1=1 AND uid='11' )  [ RunTime:0.0094s ]
NOTIC: [8192] preg_replace(): The /e modifier is deprecated, use preg_replace_callback instead /Applications/MAMP/htdocs/HealthManager/Application/Common/Common/function.php 第 196 行.
INFO: [ app_end ] --START--
INFO: Run Behavior\ShowPageTraceBehavior [ RunTime:0.001930s ]
INFO: [ app_end ] --END-- [ RunTime:0.002069s ]

[ 2016-12-21T15:50:38+08:00 ] ::1 /index.php/UserCenter/Api/signIn?account=30178270@qq.com&password=123456&userType=1
INFO: [ app_init ] --START--
INFO: Run Behavior\BuildLiteBehavior [ RunTime:0.000015s ]
INFO: [ app_init ] --END-- [ RunTime:0.000332s ]
INFO: [ app_begin ] --START--
INFO: Run Behavior\ReadHtmlCacheBehavior [ RunTime:0.000469s ]
INFO: [ app_begin ] --END-- [ RunTime:0.000533s ]
NOTIC: [8192] mysql_connect(): The mysql extension is deprecated and will be removed in the future: use mysqli or PDO instead /Applications/MAMP/htdocs/HealthManager/ThinkPHP/Library/Think/Session/Driver/Db.class.php 第 95 行.
SQL: SHOW COLUMNS FROM `hm_user_info_base` [ RunTime:0.0046s ]
SQL: SHOW COLUMNS FROM `hm_user_info_base` [ RunTime:0.0053s ]
SQL: SELECT `email`,`password`,`salt`,`uid`,`reg_time` FROM `hm_user_info_base` WHERE `email` = '30178270@qq.com' LIMIT 1   [ RunTime:0.0036s ]
SQL: SELECT * FROM `hm_user_info_base` WHERE ( uid = '11' ) LIMIT 1   [ RunTime:0.0042s ]
SQL: SHOW COLUMNS FROM `hm_user_info_details` [ RunTime:0.0110s ]
SQL: SELECT * FROM `hm_user_info_details` WHERE ( uid=11 ) LIMIT 1   [ RunTime:0.0117s ]
NOTIC: [8] Use of undefined constant F - assumed 'F' /Applications/MAMP/htdocs/HealthManager/Application/UserCenter/Model/UserModel.class.php 第 289 行.
SQL: SHOW COLUMNS FROM `hm_user_login_token` [ RunTime:0.0040s ]
SQL: SELECT COUNT(*) AS tp_count FROM `hm_user_login_token` WHERE `uid` = 11 LIMIT 1   [ RunTime:0.0033s ]
SQL: UPDATE `hm_user_login_token` SET `uid`='11',`token`='425229255e58dd9270fed6ef89a10a51',`update_time`='2016-12-21 15:50:38' WHERE `uid` = 11 [ RunTime:0.0040s ]
SQL: SELECT `uid`,`username`,`email`,`mobile`,`email_verify`,`reg_time`,`user_type` FROM `hm_user_info_base` WHERE `uid` = 11 LIMIT 1   [ RunTime:0.0037s ]
SQL: SHOW COLUMNS FROM `hm_user_info_details` [ RunTime:0.0039s ]
SQL: SELECT * FROM `hm_user_info_details` WHERE ( 1=1 AND uid='11' ) LIMIT 1   [ RunTime:0.0045s ]
SQL: SHOW COLUMNS FROM `hm_user_info_extra` [ RunTime:0.0086s ]
SQL: SELECT * FROM `hm_user_info_extra` WHERE ( 1=1 AND uid='11' ) LIMIT 1   [ RunTime:0.0108s ]
SQL: SHOW COLUMNS FROM `hm_user_info_certification` [ RunTime:0.0116s ]
SQL: SELECT * FROM `hm_user_info_certification` WHERE ( 1=1 AND uid='11' ) LIMIT 1   [ RunTime:0.0095s ]
SQL: SHOW COLUMNS FROM `hm_user_bind` [ RunTime:0.0099s ]
SQL: SELECT * FROM `hm_user_bind` WHERE ( 1=1 AND uid='11' )  [ RunTime:0.0089s ]
NOTIC: [8192] preg_replace(): The /e modifier is deprecated, use preg_replace_callback instead /Applications/MAMP/htdocs/HealthManager/Application/Common/Common/function.php 第 196 行.
INFO: [ app_end ] --START--
INFO: Run Behavior\ShowPageTraceBehavior [ RunTime:0.000874s ]
INFO: [ app_end ] --END-- [ RunTime:0.000973s ]

[ 2016-12-21T15:51:57+08:00 ] ::1 /index.php/UserCenter/Api/signIn?account=30178270@qq.com&password=123456&userType=1
INFO: [ app_init ] --START--
INFO: Run Behavior\BuildLiteBehavior [ RunTime:0.000024s ]
INFO: [ app_init ] --END-- [ RunTime:0.000494s ]
INFO: [ app_begin ] --START--
INFO: Run Behavior\ReadHtmlCacheBehavior [ RunTime:0.000594s ]
INFO: [ app_begin ] --END-- [ RunTime:0.000677s ]
NOTIC: [8192] mysql_connect(): The mysql extension is deprecated and will be removed in the future: use mysqli or PDO instead /Applications/MAMP/htdocs/HealthManager/ThinkPHP/Library/Think/Session/Driver/Db.class.php 第 95 行.
SQL: SHOW COLUMNS FROM `hm_user_info_base` [ RunTime:0.0051s ]
SQL: SHOW COLUMNS FROM `hm_user_info_base` [ RunTime:0.0036s ]
SQL: SELECT `email`,`password`,`salt`,`uid`,`reg_time` FROM `hm_user_info_base` WHERE `email` = '30178270@qq.com' LIMIT 1   [ RunTime:0.0029s ]
SQL: SELECT * FROM `hm_user_info_base` WHERE ( uid = '11' ) LIMIT 1   [ RunTime:0.0044s ]
SQL: SHOW COLUMNS FROM `hm_user_info_details` [ RunTime:0.0149s ]
SQL: SELECT * FROM `hm_user_info_details` WHERE ( uid=11 ) LIMIT 1   [ RunTime:0.0115s ]
NOTIC: [8] Use of undefined constant F - assumed 'F' /Applications/MAMP/htdocs/HealthManager/Application/UserCenter/Model/UserModel.class.php 第 289 行.
SQL: SHOW COLUMNS FROM `hm_user_login_token` [ RunTime:0.0038s ]
SQL: SELECT COUNT(*) AS tp_count FROM `hm_user_login_token` WHERE `uid` = 11 LIMIT 1   [ RunTime:0.0027s ]
SQL: UPDATE `hm_user_login_token` SET `uid`='11',`token`='06e1a73c1bdd8c0f7a5dc93f1f7cbc4e',`update_time`='2016-12-21 15:51:57' WHERE `uid` = 11 [ RunTime:0.0033s ]
SQL: SELECT `uid`,`username`,`email`,`mobile`,`email_verify`,`reg_time`,`user_type` FROM `hm_user_info_base` WHERE `uid` = 11 LIMIT 1   [ RunTime:0.0037s ]
SQL: SHOW COLUMNS FROM `hm_user_info_details` [ RunTime:0.0042s ]
SQL: SELECT * FROM `hm_user_info_details` WHERE ( 1=1 AND uid='11' ) LIMIT 1   [ RunTime:0.0033s ]
SQL: SHOW COLUMNS FROM `hm_user_info_extra` [ RunTime:0.0101s ]
SQL: SELECT * FROM `hm_user_info_extra` WHERE ( 1=1 AND uid='11' ) LIMIT 1   [ RunTime:0.0118s ]
SQL: SHOW COLUMNS FROM `hm_user_info_certification` [ RunTime:0.0120s ]
SQL: SELECT * FROM `hm_user_info_certification` WHERE ( 1=1 AND uid='11' ) LIMIT 1   [ RunTime:0.0091s ]
SQL: SHOW COLUMNS FROM `hm_user_bind` [ RunTime:0.0097s ]
SQL: SELECT * FROM `hm_user_bind` WHERE ( 1=1 AND uid='11' )  [ RunTime:0.0086s ]
NOTIC: [8192] preg_replace(): The /e modifier is deprecated, use preg_replace_callback instead /Applications/MAMP/htdocs/HealthManager/Application/Common/Common/function.php 第 196 行.
INFO: [ app_end ] --START--
INFO: Run Behavior\ShowPageTraceBehavior [ RunTime:0.001844s ]
INFO: [ app_end ] --END-- [ RunTime:0.001973s ]

[ 2016-12-21T15:52:44+08:00 ] ::1 /index.php/UserCenter/Api/signIn?account=30178270@qq.com&password=123456&userType=1
INFO: [ app_init ] --START--
INFO: Run Behavior\BuildLiteBehavior [ RunTime:0.000026s ]
INFO: [ app_init ] --END-- [ RunTime:0.002560s ]
INFO: [ app_begin ] --START--
INFO: Run Behavior\ReadHtmlCacheBehavior [ RunTime:0.001703s ]
INFO: [ app_begin ] --END-- [ RunTime:0.002023s ]
NOTIC: [8192] mysql_connect(): The mysql extension is deprecated and will be removed in the future: use mysqli or PDO instead /Applications/MAMP/htdocs/HealthManager/ThinkPHP/Library/Think/Session/Driver/Db.class.php 第 95 行.
SQL: SHOW COLUMNS FROM `hm_user_info_base` [ RunTime:0.0051s ]
SQL: SHOW COLUMNS FROM `hm_user_info_base` [ RunTime:0.0043s ]
SQL: SELECT `email`,`password`,`salt`,`uid`,`reg_time` FROM `hm_user_info_base` WHERE `email` = '30178270@qq.com' LIMIT 1   [ RunTime:0.0050s ]
SQL: SELECT * FROM `hm_user_info_base` WHERE ( uid = '11' ) LIMIT 1   [ RunTime:0.0046s ]
SQL: SHOW COLUMNS FROM `hm_user_info_details` [ RunTime:0.0183s ]
SQL: SELECT * FROM `hm_user_info_details` WHERE ( uid=11 ) LIMIT 1   [ RunTime:0.0117s ]
NOTIC: [8] Use of undefined constant F - assumed 'F' /Applications/MAMP/htdocs/HealthManager/Application/UserCenter/Model/UserModel.class.php 第 289 行.
SQL: SHOW COLUMNS FROM `hm_user_login_token` [ RunTime:0.0045s ]
SQL: SELECT COUNT(*) AS tp_count FROM `hm_user_login_token` WHERE `uid` = 11 LIMIT 1   [ RunTime:0.0039s ]
SQL: UPDATE `hm_user_login_token` SET `uid`='11',`token`='b47b6bfe410b5356ca3f1315c1a121bf',`update_time`='2016-12-21 15:52:44' WHERE `uid` = 11 [ RunTime:0.0038s ]
SQL: SELECT `uid`,`username`,`email`,`mobile`,`email_verify`,`reg_time`,`user_type` FROM `hm_user_info_base` WHERE `uid` = 11 LIMIT 1   [ RunTime:0.0037s ]
SQL: SHOW COLUMNS FROM `hm_user_info_details` [ RunTime:0.0040s ]
SQL: SELECT * FROM `hm_user_info_details` WHERE ( 1=1 AND uid='11' ) LIMIT 1   [ RunTime:0.0040s ]
SQL: SHOW COLUMNS FROM `hm_user_info_extra` [ RunTime:0.0086s ]
SQL: SELECT * FROM `hm_user_info_extra` WHERE ( 1=1 AND uid='11' ) LIMIT 1   [ RunTime:0.0118s ]
SQL: SHOW COLUMNS FROM `hm_user_info_certification` [ RunTime:0.0127s ]
SQL: SELECT * FROM `hm_user_info_certification` WHERE ( 1=1 AND uid='11' ) LIMIT 1   [ RunTime:0.0089s ]
SQL: SHOW COLUMNS FROM `hm_user_bind` [ RunTime:0.0104s ]
SQL: SELECT * FROM `hm_user_bind` WHERE ( 1=1 AND uid='11' )  [ RunTime:0.0084s ]
NOTIC: [8192] preg_replace(): The /e modifier is deprecated, use preg_replace_callback instead /Applications/MAMP/htdocs/HealthManager/Application/Common/Common/function.php 第 196 行.
INFO: [ app_end ] --START--
INFO: Run Behavior\ShowPageTraceBehavior [ RunTime:0.000923s ]
INFO: [ app_end ] --END-- [ RunTime:0.001002s ]

[ 2016-12-21T15:52:44+08:00 ] ::1 /index.php/UserCenter/Api/signIn?account=30178270@qq.com&password=123456&userType=1
INFO: [ app_init ] --START--
INFO: Run Behavior\BuildLiteBehavior [ RunTime:0.000032s ]
INFO: [ app_init ] --END-- [ RunTime:0.000597s ]
INFO: [ app_begin ] --START--
INFO: Run Behavior\ReadHtmlCacheBehavior [ RunTime:0.000693s ]
INFO: [ app_begin ] --END-- [ RunTime:0.000784s ]
NOTIC: [8192] mysql_connect(): The mysql extension is deprecated and will be removed in the future: use mysqli or PDO instead /Applications/MAMP/htdocs/HealthManager/ThinkPHP/Library/Think/Session/Driver/Db.class.php 第 95 行.
SQL: SHOW COLUMNS FROM `hm_user_info_base` [ RunTime:0.0053s ]
SQL: SHOW COLUMNS FROM `hm_user_info_base` [ RunTime:0.0048s ]
SQL: SELECT `email`,`password`,`salt`,`uid`,`reg_time` FROM `hm_user_info_base` WHERE `email` = '30178270@qq.com' LIMIT 1   [ RunTime:0.0096s ]
SQL: SELECT * FROM `hm_user_info_base` WHERE ( uid = '11' ) LIMIT 1   [ RunTime:0.0075s ]
SQL: SHOW COLUMNS FROM `hm_user_info_details` [ RunTime:0.0180s ]
SQL: SELECT * FROM `hm_user_info_details` WHERE ( uid=11 ) LIMIT 1   [ RunTime:0.0110s ]
NOTIC: [8] Use of undefined constant F - assumed 'F' /Applications/MAMP/htdocs/HealthManager/Application/UserCenter/Model/UserModel.class.php 第 289 行.
SQL: SHOW COLUMNS FROM `hm_user_login_token` [ RunTime:0.0050s ]
SQL: SELECT COUNT(*) AS tp_count FROM `hm_user_login_token` WHERE `uid` = 11 LIMIT 1   [ RunTime:0.0202s ]
SQL: UPDATE `hm_user_login_token` SET `uid`='11',`token`='b47b6bfe410b5356ca3f1315c1a121bf',`update_time`='2016-12-21 15:52:44' WHERE `uid` = 11 [ RunTime:0.0170s ]
SQL: SELECT `uid`,`username`,`email`,`mobile`,`email_verify`,`reg_time`,`user_type` FROM `hm_user_info_base` WHERE `uid` = 11 LIMIT 1   [ RunTime:0.0183s ]
SQL: SHOW COLUMNS FROM `hm_user_info_details` [ RunTime:0.0190s ]
SQL: SELECT * FROM `hm_user_info_details` WHERE ( 1=1 AND uid='11' ) LIMIT 1   [ RunTime:0.0081s ]
SQL: SHOW COLUMNS FROM `hm_user_info_extra` [ RunTime:0.0177s ]
SQL: SELECT * FROM `hm_user_info_extra` WHERE ( 1=1 AND uid='11' ) LIMIT 1   [ RunTime:0.0057s ]
SQL: SHOW COLUMNS FROM `hm_user_info_certification` [ RunTime:0.0045s ]
SQL: SELECT * FROM `hm_user_info_certification` WHERE ( 1=1 AND uid='11' ) LIMIT 1   [ RunTime:0.0096s ]
SQL: SHOW COLUMNS FROM `hm_user_bind` [ RunTime:0.0106s ]
SQL: SELECT * FROM `hm_user_bind` WHERE ( 1=1 AND uid='11' )  [ RunTime:0.0087s ]
NOTIC: [8192] preg_replace(): The /e modifier is deprecated, use preg_replace_callback instead /Applications/MAMP/htdocs/HealthManager/Application/Common/Common/function.php 第 196 行.
INFO: [ app_end ] --START--
INFO: Run Behavior\ShowPageTraceBehavior [ RunTime:0.000742s ]
INFO: [ app_end ] --END-- [ RunTime:0.000845s ]

[ 2016-12-21T16:03:34+08:00 ] ::1 /index.php/UserCenter/Api/signIn?account=30178270@qq.com&password=123456&userType=1
INFO: [ app_init ] --START--
INFO: Run Behavior\BuildLiteBehavior [ RunTime:0.000041s ]
INFO: [ app_init ] --END-- [ RunTime:0.000815s ]
INFO: [ app_begin ] --START--
INFO: Run Behavior\ReadHtmlCacheBehavior [ RunTime:0.000556s ]
INFO: [ app_begin ] --END-- [ RunTime:0.000630s ]
NOTIC: [8192] mysql_connect(): The mysql extension is deprecated and will be removed in the future: use mysqli or PDO instead /Applications/MAMP/htdocs/HealthManager/ThinkPHP/Library/Think/Session/Driver/Db.class.php 第 95 行.
SQL: SHOW COLUMNS FROM `hm_user_info_base` [ RunTime:0.0053s ]
SQL: SHOW COLUMNS FROM `hm_user_info_base` [ RunTime:0.0083s ]
SQL: SELECT `email`,`password`,`salt`,`uid`,`reg_time` FROM `hm_user_info_base` WHERE `email` = '30178270@qq.com' LIMIT 1   [ RunTime:0.0123s ]
SQL: SELECT * FROM `hm_user_info_base` WHERE ( uid = '11' ) LIMIT 1   [ RunTime:0.0076s ]
SQL: SHOW COLUMNS FROM `hm_user_info_details` [ RunTime:0.0179s ]
SQL: SELECT * FROM `hm_user_info_details` WHERE ( uid=11 ) LIMIT 1   [ RunTime:0.0113s ]
NOTIC: [8] Use of undefined constant F - assumed 'F' /Applications/MAMP/htdocs/HealthManager/Application/UserCenter/Model/UserModel.class.php 第 289 行.
SQL: SHOW COLUMNS FROM `hm_user_login_token` [ RunTime:0.0055s ]
SQL: SELECT COUNT(*) AS tp_count FROM `hm_user_login_token` WHERE `uid` = 11 LIMIT 1   [ RunTime:0.0032s ]
SQL: UPDATE `hm_user_login_token` SET `uid`='11',`token`='b0288fb1a3ca500123bf4897f8bc9991',`update_time`='2016-12-21 16:03:34' WHERE `uid` = 11 [ RunTime:0.0042s ]
SQL: SELECT `uid`,`username`,`email`,`mobile`,`email_verify`,`reg_time`,`user_type` FROM `hm_user_info_base` WHERE `uid` = 11 LIMIT 1   [ RunTime:0.0037s ]
SQL: SHOW COLUMNS FROM `hm_user_info_details` [ RunTime:0.0049s ]
SQL: SELECT * FROM `hm_user_info_details` WHERE ( 1=1 AND uid='11' ) LIMIT 1   [ RunTime:0.0062s ]
SQL: SHOW COLUMNS FROM `hm_user_info_extra` [ RunTime:0.0043s ]
SQL: SELECT * FROM `hm_user_info_extra` WHERE ( 1=1 AND uid='11' ) LIMIT 1   [ RunTime:0.0112s ]
SQL: SHOW COLUMNS FROM `hm_user_info_certification` [ RunTime:0.0128s ]
SQL: SELECT * FROM `hm_user_info_certification` WHERE ( 1=1 AND uid='11' ) LIMIT 1   [ RunTime:0.0090s ]
SQL: SHOW COLUMNS FROM `hm_user_bind` [ RunTime:0.0102s ]
SQL: SELECT * FROM `hm_user_bind` WHERE ( 1=1 AND uid='11' )  [ RunTime:0.0094s ]
NOTIC: [8192] preg_replace(): The /e modifier is deprecated, use preg_replace_callback instead /Applications/MAMP/htdocs/HealthManager/Application/Common/Common/function.php 第 196 行.
INFO: [ app_end ] --START--
INFO: Run Behavior\ShowPageTraceBehavior [ RunTime:0.001299s ]
INFO: [ app_end ] --END-- [ RunTime:0.001426s ]

[ 2016-12-21T16:03:55+08:00 ] ::1 /index.php/UserCenter/Api/signIn?account=30178270@qq.com&password=123456&userType=1
INFO: [ app_init ] --START--
INFO: Run Behavior\BuildLiteBehavior [ RunTime:0.000019s ]
INFO: [ app_init ] --END-- [ RunTime:0.000421s ]
INFO: [ app_begin ] --START--
INFO: Run Behavior\ReadHtmlCacheBehavior [ RunTime:0.000926s ]
INFO: [ app_begin ] --END-- [ RunTime:0.001033s ]
NOTIC: [8192] mysql_connect(): The mysql extension is deprecated and will be removed in the future: use mysqli or PDO instead /Applications/MAMP/htdocs/HealthManager/ThinkPHP/Library/Think/Session/Driver/Db.class.php 第 95 行.
SQL: SHOW COLUMNS FROM `hm_user_info_base` [ RunTime:0.0061s ]
SQL: SHOW COLUMNS FROM `hm_user_info_base` [ RunTime:0.0056s ]
SQL: SELECT `email`,`password`,`salt`,`uid`,`reg_time` FROM `hm_user_info_base` WHERE `email` = '30178270@qq.com' LIMIT 1   [ RunTime:0.0086s ]
SQL: SELECT * FROM `hm_user_info_base` WHERE ( uid = '11' ) LIMIT 1   [ RunTime:0.0077s ]
SQL: SHOW COLUMNS FROM `hm_user_info_details` [ RunTime:0.0175s ]
SQL: SELECT * FROM `hm_user_info_details` WHERE ( uid=11 ) LIMIT 1   [ RunTime:0.0511s ]
NOTIC: [8] Use of undefined constant F - assumed 'F' /Applications/MAMP/htdocs/HealthManager/Application/UserCenter/Model/UserModel.class.php 第 289 行.
SQL: SHOW COLUMNS FROM `hm_user_login_token` [ RunTime:0.0073s ]
SQL: SELECT COUNT(*) AS tp_count FROM `hm_user_login_token` WHERE `uid` = 11 LIMIT 1   [ RunTime:0.0076s ]
SQL: UPDATE `hm_user_login_token` SET `uid`='11',`token`='11d6e91871c36d016fb4ec2b27993a6a',`update_time`='2016-12-21 16:03:55' WHERE `uid` = 11 [ RunTime:0.0279s ]
SQL: SELECT `uid`,`username`,`email`,`mobile`,`email_verify`,`reg_time`,`user_type` FROM `hm_user_info_base` WHERE `uid` = 11 LIMIT 1   [ RunTime:0.0155s ]
SQL: SHOW COLUMNS FROM `hm_user_info_details` [ RunTime:0.0121s ]
SQL: SELECT * FROM `hm_user_info_details` WHERE ( 1=1 AND uid='11' ) LIMIT 1   [ RunTime:0.0297s ]
SQL: SHOW COLUMNS FROM `hm_user_info_extra` [ RunTime:0.0223s ]
SQL: SELECT * FROM `hm_user_info_extra` WHERE ( 1=1 AND uid='11' ) LIMIT 1   [ RunTime:0.0231s ]
SQL: SHOW COLUMNS FROM `hm_user_info_certification` [ RunTime:0.0113s ]
SQL: SELECT * FROM `hm_user_info_certification` WHERE ( 1=1 AND uid='11' ) LIMIT 1   [ RunTime:0.0089s ]
SQL: SHOW COLUMNS FROM `hm_user_bind` [ RunTime:0.0103s ]
SQL: SELECT * FROM `hm_user_bind` WHERE ( 1=1 AND uid='11' )  [ RunTime:0.0361s ]
NOTIC: [8192] preg_replace(): The /e modifier is deprecated, use preg_replace_callback instead /Applications/MAMP/htdocs/HealthManager/Application/Common/Common/function.php 第 196 行.
INFO: [ app_end ] --START--
INFO: Run Behavior\ShowPageTraceBehavior [ RunTime:0.000913s ]
INFO: [ app_end ] --END-- [ RunTime:0.001018s ]

[ 2016-12-21T16:56:58+08:00 ] ::1 /index.php/UserCenter/Api/signIn?account=30178270@qq.com&password=123456&userType=1
INFO: [ app_init ] --START--
INFO: Run Behavior\BuildLiteBehavior [ RunTime:0.000016s ]
INFO: [ app_init ] --END-- [ RunTime:0.000503s ]
INFO: [ app_begin ] --START--
INFO: Run Behavior\ReadHtmlCacheBehavior [ RunTime:0.000740s ]
INFO: [ app_begin ] --END-- [ RunTime:0.000840s ]
NOTIC: [8192] mysql_connect(): The mysql extension is deprecated and will be removed in the future: use mysqli or PDO instead /Applications/MAMP/htdocs/HealthManager/ThinkPHP/Library/Think/Session/Driver/Db.class.php 第 95 行.
SQL: SHOW COLUMNS FROM `hm_user_info_base` [ RunTime:0.0190s ]
SQL: SHOW COLUMNS FROM `hm_user_info_base` [ RunTime:0.0163s ]
SQL: SELECT `email`,`password`,`salt`,`uid`,`reg_time` FROM `hm_user_info_base` WHERE `email` = '30178270@qq.com' LIMIT 1   [ RunTime:0.0160s ]
SQL: SELECT * FROM `hm_user_info_base` WHERE ( uid = '11' ) LIMIT 1   [ RunTime:0.0184s ]
SQL: SHOW COLUMNS FROM `hm_user_info_details` [ RunTime:0.0173s ]
SQL: SELECT * FROM `hm_user_info_details` WHERE ( uid=11 ) LIMIT 1   [ RunTime:0.0169s ]
NOTIC: [8] Use of undefined constant F - assumed 'F' /Applications/MAMP/htdocs/HealthManager/Application/UserCenter/Model/UserModel.class.php 第 289 行.
SQL: SHOW COLUMNS FROM `hm_user_login_token` [ RunTime:0.0190s ]
SQL: SELECT COUNT(*) AS tp_count FROM `hm_user_login_token` WHERE `uid` = 11 LIMIT 1   [ RunTime:0.0138s ]
SQL: UPDATE `hm_user_login_token` SET `uid`='11',`token`='1a9f71d6f6c38de36f64244cc37625a2',`update_time`='2016-12-21 16:56:58' WHERE `uid` = 11 [ RunTime:0.0162s ]
SQL: SELECT `uid`,`username`,`email`,`mobile`,`email_verify`,`reg_time`,`user_type` FROM `hm_user_info_base` WHERE `uid` = 11 LIMIT 1   [ RunTime:0.0314s ]
SQL: SHOW COLUMNS FROM `hm_user_info_details` [ RunTime:0.0163s ]
SQL: SELECT * FROM `hm_user_info_details` WHERE ( 1=1 AND uid='11' ) LIMIT 1   [ RunTime:0.0166s ]
SQL: SHOW COLUMNS FROM `hm_user_info_extra` [ RunTime:0.0239s ]
SQL: SELECT * FROM `hm_user_info_extra` WHERE ( 1=1 AND uid='11' ) LIMIT 1   [ RunTime:0.0150s ]
SQL: SHOW COLUMNS FROM `hm_user_info_certification` [ RunTime:0.0162s ]
SQL: SELECT * FROM `hm_user_info_certification` WHERE ( 1=1 AND uid='11' ) LIMIT 1   [ RunTime:0.0163s ]
SQL: SHOW COLUMNS FROM `hm_user_bind` [ RunTime:0.0161s ]
SQL: SELECT * FROM `hm_user_bind` WHERE ( 1=1 AND uid='11' )  [ RunTime:0.0179s ]
NOTIC: [8192] preg_replace(): The /e modifier is deprecated, use preg_replace_callback instead /Applications/MAMP/htdocs/HealthManager/Application/Common/Common/function.php 第 196 行.
INFO: [ app_end ] --START--
INFO: Run Behavior\ShowPageTraceBehavior [ RunTime:0.001027s ]
INFO: [ app_end ] --END-- [ RunTime:0.001147s ]

[ 2016-12-21T17:06:18+08:00 ] ::1 /index.php/UserCenter/Api/signIn?account=30178270@qq.com&password=123456&userType=1
INFO: [ app_init ] --START--
INFO: Run Behavior\BuildLiteBehavior [ RunTime:0.000017s ]
INFO: [ app_init ] --END-- [ RunTime:0.000442s ]
INFO: [ app_begin ] --START--
INFO: Run Behavior\ReadHtmlCacheBehavior [ RunTime:0.000639s ]
INFO: [ app_begin ] --END-- [ RunTime:0.000721s ]
NOTIC: [8192] mysql_connect(): The mysql extension is deprecated and will be removed in the future: use mysqli or PDO instead /Applications/MAMP/htdocs/HealthManager/ThinkPHP/Library/Think/Session/Driver/Db.class.php 第 95 行.
SQL: SHOW COLUMNS FROM `hm_user_info_base` [ RunTime:0.0056s ]
SQL: SHOW COLUMNS FROM `hm_user_info_base` [ RunTime:0.0057s ]
SQL: SELECT `email`,`password`,`salt`,`uid`,`reg_time` FROM `hm_user_info_base` WHERE `email` = '30178270@qq.com' LIMIT 1   [ RunTime:0.0043s ]
SQL: SELECT * FROM `hm_user_info_base` WHERE ( uid = '11' ) LIMIT 1   [ RunTime:0.0062s ]
SQL: SHOW COLUMNS FROM `hm_user_info_details` [ RunTime:0.0140s ]
SQL: SELECT * FROM `hm_user_info_details` WHERE ( uid=11 ) LIMIT 1   [ RunTime:0.0122s ]
NOTIC: [8] Use of undefined constant F - assumed 'F' /Applications/MAMP/htdocs/HealthManager/Application/UserCenter/Model/UserModel.class.php 第 289 行.
SQL: SHOW COLUMNS FROM `hm_user_login_token` [ RunTime:0.0050s ]
SQL: SELECT COUNT(*) AS tp_count FROM `hm_user_login_token` WHERE `uid` = 11 LIMIT 1   [ RunTime:0.0055s ]
SQL: UPDATE `hm_user_login_token` SET `uid`='11',`token`='b5fb8f384033531c0d30d644bc93864f',`update_time`='2016-12-21 17:06:18' WHERE `uid` = 11 [ RunTime:0.0049s ]
SQL: SELECT `uid`,`username`,`email`,`mobile`,`email_verify`,`reg_time`,`user_type` FROM `hm_user_info_base` WHERE `uid` = 11 LIMIT 1   [ RunTime:0.0046s ]
SQL: SHOW COLUMNS FROM `hm_user_info_details` [ RunTime:0.0051s ]
SQL: SELECT * FROM `hm_user_info_details` WHERE ( 1=1 AND uid='11' ) LIMIT 1   [ RunTime:0.0055s ]
SQL: SHOW COLUMNS FROM `hm_user_info_extra` [ RunTime:0.0077s ]
SQL: SELECT * FROM `hm_user_info_extra` WHERE ( 1=1 AND uid='11' ) LIMIT 1   [ RunTime:0.0120s ]
SQL: SHOW COLUMNS FROM `hm_user_info_certification` [ RunTime:0.0138s ]
SQL: SELECT * FROM `hm_user_info_certification` WHERE ( 1=1 AND uid='11' ) LIMIT 1   [ RunTime:0.0105s ]
SQL: SHOW COLUMNS FROM `hm_user_bind` [ RunTime:0.0109s ]
SQL: SELECT * FROM `hm_user_bind` WHERE ( 1=1 AND uid='11' )  [ RunTime:0.0099s ]
NOTIC: [8192] preg_replace(): The /e modifier is deprecated, use preg_replace_callback instead /Applications/MAMP/htdocs/HealthManager/Application/Common/Common/function.php 第 196 行.
INFO: [ app_end ] --START--
INFO: Run Behavior\ShowPageTraceBehavior [ RunTime:0.000906s ]
INFO: [ app_end ] --END-- [ RunTime:0.001008s ]

[ 2016-12-21T17:10:45+08:00 ] ::1 /index.php/UserCenter/Api/signIn?account=30178270@qq.com&password=123456&userType=1
INFO: [ app_init ] --START--
INFO: Run Behavior\BuildLiteBehavior [ RunTime:0.000028s ]
INFO: [ app_init ] --END-- [ RunTime:0.000610s ]
INFO: [ app_begin ] --START--
INFO: Run Behavior\ReadHtmlCacheBehavior [ RunTime:0.000773s ]
INFO: [ app_begin ] --END-- [ RunTime:0.000880s ]
NOTIC: [8192] mysql_connect(): The mysql extension is deprecated and will be removed in the future: use mysqli or PDO instead /Applications/MAMP/htdocs/HealthManager/ThinkPHP/Library/Think/Session/Driver/Db.class.php 第 95 行.
SQL: SHOW COLUMNS FROM `hm_user_info_base` [ RunTime:0.0259s ]
SQL: SHOW COLUMNS FROM `hm_user_info_base` [ RunTime:0.0157s ]
SQL: SELECT `email`,`password`,`salt`,`uid`,`reg_time` FROM `hm_user_info_base` WHERE `email` = '30178270@qq.com' LIMIT 1   [ RunTime:0.0176s ]
SQL: SELECT * FROM `hm_user_info_base` WHERE ( uid = '11' ) LIMIT 1   [ RunTime:0.0221s ]
SQL: SHOW COLUMNS FROM `hm_user_info_details` [ RunTime:0.0468s ]
SQL: SELECT * FROM `hm_user_info_details` WHERE ( uid=11 ) LIMIT 1   [ RunTime:0.0516s ]
NOTIC: [8] Use of undefined constant F - assumed 'F' /Applications/MAMP/htdocs/HealthManager/Application/UserCenter/Model/UserModel.class.php 第 289 行.
SQL: SHOW COLUMNS FROM `hm_user_login_token` [ RunTime:0.0668s ]
SQL: SELECT COUNT(*) AS tp_count FROM `hm_user_login_token` WHERE `uid` = 11 LIMIT 1   [ RunTime:0.0534s ]
SQL: UPDATE `hm_user_login_token` SET `uid`='11',`token`='34cf75aa3d864053aa334ac07b1f7d05',`update_time`='2016-12-21 17:10:44' WHERE `uid` = 11 [ RunTime:0.0825s ]
SQL: SELECT `uid`,`username`,`email`,`mobile`,`email_verify`,`reg_time`,`user_type` FROM `hm_user_info_base` WHERE `uid` = 11 LIMIT 1   [ RunTime:0.0745s ]
SQL: SHOW COLUMNS FROM `hm_user_info_details` [ RunTime:0.0667s ]
SQL: SELECT * FROM `hm_user_info_details` WHERE ( 1=1 AND uid='11' ) LIMIT 1   [ RunTime:0.0884s ]
SQL: SHOW COLUMNS FROM `hm_user_info_extra` [ RunTime:0.1051s ]
SQL: SELECT * FROM `hm_user_info_extra` WHERE ( 1=1 AND uid='11' ) LIMIT 1   [ RunTime:0.0836s ]
SQL: SHOW COLUMNS FROM `hm_user_info_certification` [ RunTime:0.1155s ]
SQL: SELECT * FROM `hm_user_info_certification` WHERE ( 1=1 AND uid='11' ) LIMIT 1   [ RunTime:0.0330s ]
SQL: SHOW COLUMNS FROM `hm_user_bind` [ RunTime:0.0185s ]
SQL: SELECT * FROM `hm_user_bind` WHERE ( 1=1 AND uid='11' )  [ RunTime:0.0311s ]
NOTIC: [8192] preg_replace(): The /e modifier is deprecated, use preg_replace_callback instead /Applications/MAMP/htdocs/HealthManager/Application/Common/Common/function.php 第 196 行.
INFO: [ app_end ] --START--
INFO: Run Behavior\ShowPageTraceBehavior [ RunTime:0.000936s ]
INFO: [ app_end ] --END-- [ RunTime:0.001040s ]

[ 2016-12-21T17:10:47+08:00 ] ::1 /index.php/UserCenter/Api/signIn?account=30178270@qq.com&password=123456&userType=1
INFO: [ app_init ] --START--
INFO: Run Behavior\BuildLiteBehavior [ RunTime:0.000043s ]
INFO: [ app_init ] --END-- [ RunTime:0.000888s ]
INFO: [ app_begin ] --START--
INFO: Run Behavior\ReadHtmlCacheBehavior [ RunTime:0.000623s ]
INFO: [ app_begin ] --END-- [ RunTime:0.000829s ]
NOTIC: [8192] mysql_connect(): The mysql extension is deprecated and will be removed in the future: use mysqli or PDO instead /Applications/MAMP/htdocs/HealthManager/ThinkPHP/Library/Think/Session/Driver/Db.class.php 第 95 行.
SQL: SHOW COLUMNS FROM `hm_user_info_base` [ RunTime:0.0573s ]
SQL: SHOW COLUMNS FROM `hm_user_info_base` [ RunTime:0.0539s ]
SQL: SELECT `email`,`password`,`salt`,`uid`,`reg_time` FROM `hm_user_info_base` WHERE `email` = '30178270@qq.com' LIMIT 1   [ RunTime:0.0418s ]
SQL: SELECT * FROM `hm_user_info_base` WHERE ( uid = '11' ) LIMIT 1   [ RunTime:0.0494s ]
SQL: SHOW COLUMNS FROM `hm_user_info_details` [ RunTime:0.0289s ]
SQL: SELECT * FROM `hm_user_info_details` WHERE ( uid=11 ) LIMIT 1   [ RunTime:0.0591s ]
NOTIC: [8] Use of undefined constant F - assumed 'F' /Applications/MAMP/htdocs/HealthManager/Application/UserCenter/Model/UserModel.class.php 第 289 行.
SQL: SHOW COLUMNS FROM `hm_user_login_token` [ RunTime:0.1007s ]
SQL: SELECT COUNT(*) AS tp_count FROM `hm_user_login_token` WHERE `uid` = 11 LIMIT 1   [ RunTime:0.0438s ]
SQL: UPDATE `hm_user_login_token` SET `uid`='11',`token`='ba93411112ee915313e794714102b76e',`update_time`='2016-12-21 17:10:47' WHERE `uid` = 11 [ RunTime:0.0782s ]
SQL: SELECT `uid`,`username`,`email`,`mobile`,`email_verify`,`reg_time`,`user_type` FROM `hm_user_info_base` WHERE `uid` = 11 LIMIT 1   [ RunTime:0.1019s ]
SQL: SHOW COLUMNS FROM `hm_user_info_details` [ RunTime:0.0352s ]
SQL: SELECT * FROM `hm_user_info_details` WHERE ( 1=1 AND uid='11' ) LIMIT 1   [ RunTime:0.0207s ]
SQL: SHOW COLUMNS FROM `hm_user_info_extra` [ RunTime:0.0608s ]
SQL: SELECT * FROM `hm_user_info_extra` WHERE ( 1=1 AND uid='11' ) LIMIT 1   [ RunTime:0.0840s ]
SQL: SHOW COLUMNS FROM `hm_user_info_certification` [ RunTime:0.0719s ]
SQL: SELECT * FROM `hm_user_info_certification` WHERE ( 1=1 AND uid='11' ) LIMIT 1   [ RunTime:0.0280s ]
SQL: SHOW COLUMNS FROM `hm_user_bind` [ RunTime:0.0371s ]
SQL: SELECT * FROM `hm_user_bind` WHERE ( 1=1 AND uid='11' )  [ RunTime:0.0167s ]
NOTIC: [8192] preg_replace(): The /e modifier is deprecated, use preg_replace_callback instead /Applications/MAMP/htdocs/HealthManager/Application/Common/Common/function.php 第 196 行.
INFO: [ app_end ] --START--
INFO: Run Behavior\ShowPageTraceBehavior [ RunTime:0.000572s ]
INFO: [ app_end ] --END-- [ RunTime:0.000643s ]

[ 2016-12-21T17:13:50+08:00 ] ::1 /index.php/UserCenter/Api/signIn?account=30178270@qq.com&password=123456&userType=1
INFO: [ app_init ] --START--
INFO: Run Behavior\BuildLiteBehavior [ RunTime:0.000022s ]
INFO: [ app_init ] --END-- [ RunTime:0.000462s ]
INFO: [ app_begin ] --START--
INFO: Run Behavior\ReadHtmlCacheBehavior [ RunTime:0.000502s ]
INFO: [ app_begin ] --END-- [ RunTime:0.000575s ]
NOTIC: [8192] mysql_connect(): The mysql extension is deprecated and will be removed in the future: use mysqli or PDO instead /Applications/MAMP/htdocs/HealthManager/ThinkPHP/Library/Think/Session/Driver/Db.class.php 第 95 行.
SQL: SHOW COLUMNS FROM `hm_user_info_base` [ RunTime:0.0186s ]
SQL: SHOW COLUMNS FROM `hm_user_info_base` [ RunTime:0.0144s ]
SQL: SELECT `email`,`password`,`salt`,`uid`,`reg_time` FROM `hm_user_info_base` WHERE `email` = '30178270@qq.com' LIMIT 1   [ RunTime:0.0172s ]
SQL: SELECT * FROM `hm_user_info_base` WHERE ( uid = '11' ) LIMIT 1   [ RunTime:0.0184s ]
SQL: SHOW COLUMNS FROM `hm_user_info_details` [ RunTime:0.0176s ]
SQL: SELECT * FROM `hm_user_info_details` WHERE ( uid=11 ) LIMIT 1   [ RunTime:0.0163s ]
NOTIC: [8] Use of undefined constant F - assumed 'F' /Applications/MAMP/htdocs/HealthManager/Application/UserCenter/Model/UserModel.class.php 第 289 行.
SQL: SHOW COLUMNS FROM `hm_user_login_token` [ RunTime:0.0154s ]
SQL: SELECT COUNT(*) AS tp_count FROM `hm_user_login_token` WHERE `uid` = 11 LIMIT 1   [ RunTime:0.0149s ]
SQL: UPDATE `hm_user_login_token` SET `uid`='11',`token`='66df94d951751addf9be1177896d0ea9',`update_time`='2016-12-21 17:13:50' WHERE `uid` = 11 [ RunTime:0.0157s ]
SQL: SELECT `uid`,`username`,`email`,`mobile`,`email_verify`,`reg_time`,`user_type` FROM `hm_user_info_base` WHERE `uid` = 11 LIMIT 1   [ RunTime:0.0168s ]
SQL: SHOW COLUMNS FROM `hm_user_info_details` [ RunTime:0.0165s ]
SQL: SELECT * FROM `hm_user_info_details` WHERE ( 1=1 AND uid='11' ) LIMIT 1   [ RunTime:0.0170s ]
SQL: SHOW COLUMNS FROM `hm_user_info_extra` [ RunTime:0.0182s ]
SQL: SELECT * FROM `hm_user_info_extra` WHERE ( 1=1 AND uid='11' ) LIMIT 1   [ RunTime:0.0165s ]
SQL: SHOW COLUMNS FROM `hm_user_info_certification` [ RunTime:0.0190s ]
SQL: SELECT * FROM `hm_user_info_certification` WHERE ( 1=1 AND uid='11' ) LIMIT 1   [ RunTime:0.0286s ]
SQL: SHOW COLUMNS FROM `hm_user_bind` [ RunTime:0.0613s ]
SQL: SELECT * FROM `hm_user_bind` WHERE ( 1=1 AND uid='11' )  [ RunTime:0.0529s ]
NOTIC: [8192] preg_replace(): The /e modifier is deprecated, use preg_replace_callback instead /Applications/MAMP/htdocs/HealthManager/Application/Common/Common/function.php 第 196 行.
INFO: [ app_end ] --START--
INFO: Run Behavior\ShowPageTraceBehavior [ RunTime:0.001829s ]
INFO: [ app_end ] --END-- [ RunTime:0.001959s ]

[ 2016-12-21T17:16:05+08:00 ] ::1 /index.php/UserCenter/Api/signIn?account=30178270@qq.com&password=123456&userType=1
INFO: [ app_init ] --START--
INFO: Run Behavior\BuildLiteBehavior [ RunTime:0.000017s ]
INFO: [ app_init ] --END-- [ RunTime:0.000475s ]
INFO: [ app_begin ] --START--
INFO: Run Behavior\ReadHtmlCacheBehavior [ RunTime:0.000509s ]
INFO: [ app_begin ] --END-- [ RunTime:0.000574s ]
NOTIC: [8192] mysql_connect(): The mysql extension is deprecated and will be removed in the future: use mysqli or PDO instead /Applications/MAMP/htdocs/HealthManager/ThinkPHP/Library/Think/Session/Driver/Db.class.php 第 95 行.
SQL: SHOW COLUMNS FROM `hm_user_info_base` [ RunTime:0.0186s ]
SQL: SHOW COLUMNS FROM `hm_user_info_base` [ RunTime:0.0166s ]
SQL: SELECT `email`,`password`,`salt`,`uid`,`reg_time` FROM `hm_user_info_base` WHERE `email` = '30178270@qq.com' LIMIT 1   [ RunTime:0.0366s ]
SQL: SELECT * FROM `hm_user_info_base` WHERE ( uid = '11' ) LIMIT 1   [ RunTime:0.0190s ]
SQL: SHOW COLUMNS FROM `hm_user_info_details` [ RunTime:0.0295s ]
SQL: SELECT * FROM `hm_user_info_details` WHERE ( uid=11 ) LIMIT 1   [ RunTime:0.0296s ]
NOTIC: [8] Use of undefined constant F - assumed 'F' /Applications/MAMP/htdocs/HealthManager/Application/UserCenter/Model/UserModel.class.php 第 289 行.
SQL: SHOW COLUMNS FROM `hm_user_login_token` [ RunTime:0.0360s ]
SQL: SELECT COUNT(*) AS tp_count FROM `hm_user_login_token` WHERE `uid` = 11 LIMIT 1   [ RunTime:0.0866s ]
SQL: UPDATE `hm_user_login_token` SET `uid`='11',`token`='3fb7e12472c6615e933d23b483615a25',`update_time`='2016-12-21 17:16:05' WHERE `uid` = 11 [ RunTime:0.0721s ]
SQL: SELECT `uid`,`username`,`email`,`mobile`,`email_verify`,`reg_time`,`user_type` FROM `hm_user_info_base` WHERE `uid` = 11 LIMIT 1   [ RunTime:0.0213s ]
SQL: SHOW COLUMNS FROM `hm_user_info_details` [ RunTime:0.0629s ]
SQL: SELECT * FROM `hm_user_info_details` WHERE ( 1=1 AND uid='11' ) LIMIT 1   [ RunTime:0.0195s ]
SQL: SHOW COLUMNS FROM `hm_user_info_extra` [ RunTime:0.0471s ]
SQL: SELECT * FROM `hm_user_info_extra` WHERE ( 1=1 AND uid='11' ) LIMIT 1   [ RunTime:0.1130s ]
SQL: SHOW COLUMNS FROM `hm_user_info_certification` [ RunTime:0.0313s ]
SQL: SELECT * FROM `hm_user_info_certification` WHERE ( 1=1 AND uid='11' ) LIMIT 1   [ RunTime:0.0225s ]
SQL: SHOW COLUMNS FROM `hm_user_bind` [ RunTime:0.0335s ]
SQL: SELECT * FROM `hm_user_bind` WHERE ( 1=1 AND uid='11' )  [ RunTime:0.0427s ]
NOTIC: [8192] preg_replace(): The /e modifier is deprecated, use preg_replace_callback instead /Applications/MAMP/htdocs/HealthManager/Application/Common/Common/function.php 第 196 行.
INFO: [ app_end ] --START--
INFO: Run Behavior\ShowPageTraceBehavior [ RunTime:0.001761s ]
INFO: [ app_end ] --END-- [ RunTime:0.001881s ]

[ 2016-12-21T17:16:05+08:00 ] ::1 /index.php/UserCenter/Api/signIn?account=30178270@qq.com&password=123456&userType=1
INFO: [ app_init ] --START--
INFO: Run Behavior\BuildLiteBehavior [ RunTime:0.000015s ]
INFO: [ app_init ] --END-- [ RunTime:0.000332s ]
INFO: [ app_begin ] --START--
INFO: Run Behavior\ReadHtmlCacheBehavior [ RunTime:0.000425s ]
INFO: [ app_begin ] --END-- [ RunTime:0.000480s ]
NOTIC: [8192] mysql_connect(): The mysql extension is deprecated and will be removed in the future: use mysqli or PDO instead /Applications/MAMP/htdocs/HealthManager/ThinkPHP/Library/Think/Session/Driver/Db.class.php 第 95 行.
SQL: SHOW COLUMNS FROM `hm_user_info_base` [ RunTime:0.0166s ]
SQL: SHOW COLUMNS FROM `hm_user_info_base` [ RunTime:0.0197s ]
SQL: SELECT `email`,`password`,`salt`,`uid`,`reg_time` FROM `hm_user_info_base` WHERE `email` = '30178270@qq.com' LIMIT 1   [ RunTime:0.0335s ]
SQL: SELECT * FROM `hm_user_info_base` WHERE ( uid = '11' ) LIMIT 1   [ RunTime:0.0174s ]
SQL: SHOW COLUMNS FROM `hm_user_info_details` [ RunTime:0.0228s ]
SQL: SELECT * FROM `hm_user_info_details` WHERE ( uid=11 ) LIMIT 1   [ RunTime:0.0256s ]
NOTIC: [8] Use of undefined constant F - assumed 'F' /Applications/MAMP/htdocs/HealthManager/Application/UserCenter/Model/UserModel.class.php 第 289 行.
SQL: SHOW COLUMNS FROM `hm_user_login_token` [ RunTime:0.0329s ]
SQL: SELECT COUNT(*) AS tp_count FROM `hm_user_login_token` WHERE `uid` = 11 LIMIT 1   [ RunTime:0.1138s ]
SQL: UPDATE `hm_user_login_token` SET `uid`='11',`token`='3fb7e12472c6615e933d23b483615a25',`update_time`='2016-12-21 17:16:05' WHERE `uid` = 11 [ RunTime:0.0596s ]
SQL: SELECT `uid`,`username`,`email`,`mobile`,`email_verify`,`reg_time`,`user_type` FROM `hm_user_info_base` WHERE `uid` = 11 LIMIT 1   [ RunTime:0.0235s ]
SQL: SHOW COLUMNS FROM `hm_user_info_details` [ RunTime:0.0551s ]
SQL: SELECT * FROM `hm_user_info_details` WHERE ( 1=1 AND uid='11' ) LIMIT 1   [ RunTime:0.0313s ]
SQL: SHOW COLUMNS FROM `hm_user_info_extra` [ RunTime:0.0457s ]
SQL: SELECT * FROM `hm_user_info_extra` WHERE ( 1=1 AND uid='11' ) LIMIT 1   [ RunTime:0.1247s ]
SQL: SHOW COLUMNS FROM `hm_user_info_certification` [ RunTime:0.0188s ]
SQL: SELECT * FROM `hm_user_info_certification` WHERE ( 1=1 AND uid='11' ) LIMIT 1   [ RunTime:0.0221s ]
SQL: SHOW COLUMNS FROM `hm_user_bind` [ RunTime:0.0442s ]
SQL: SELECT * FROM `hm_user_bind` WHERE ( 1=1 AND uid='11' )  [ RunTime:0.0278s ]
NOTIC: [8192] preg_replace(): The /e modifier is deprecated, use preg_replace_callback instead /Applications/MAMP/htdocs/HealthManager/Application/Common/Common/function.php 第 196 行.
INFO: [ app_end ] --START--
INFO: Run Behavior\ShowPageTraceBehavior [ RunTime:0.000876s ]
INFO: [ app_end ] --END-- [ RunTime:0.000977s ]

[ 2016-12-21T17:16:05+08:00 ] ::1 /index.php/UserCenter/Api/signIn?account=30178270@qq.com&password=123456&userType=1
INFO: [ app_init ] --START--
INFO: Run Behavior\BuildLiteBehavior [ RunTime:0.000023s ]
INFO: [ app_init ] --END-- [ RunTime:0.000543s ]
INFO: [ app_begin ] --START--
INFO: Run Behavior\ReadHtmlCacheBehavior [ RunTime:0.000482s ]
INFO: [ app_begin ] --END-- [ RunTime:0.000543s ]
NOTIC: [8192] mysql_connect(): The mysql extension is deprecated and will be removed in the future: use mysqli or PDO instead /Applications/MAMP/htdocs/HealthManager/ThinkPHP/Library/Think/Session/Driver/Db.class.php 第 95 行.
SQL: SHOW COLUMNS FROM `hm_user_info_base` [ RunTime:0.0431s ]
SQL: SHOW COLUMNS FROM `hm_user_info_base` [ RunTime:0.0236s ]
SQL: SELECT `email`,`password`,`salt`,`uid`,`reg_time` FROM `hm_user_info_base` WHERE `email` = '30178270@qq.com' LIMIT 1   [ RunTime:0.0182s ]
SQL: SELECT * FROM `hm_user_info_base` WHERE ( uid = '11' ) LIMIT 1   [ RunTime:0.0178s ]
SQL: SHOW COLUMNS FROM `hm_user_info_details` [ RunTime:0.0218s ]
SQL: SELECT * FROM `hm_user_info_details` WHERE ( uid=11 ) LIMIT 1   [ RunTime:0.0516s ]
NOTIC: [8] Use of undefined constant F - assumed 'F' /Applications/MAMP/htdocs/HealthManager/Application/UserCenter/Model/UserModel.class.php 第 289 行.
SQL: SHOW COLUMNS FROM `hm_user_login_token` [ RunTime:0.0327s ]
SQL: SELECT COUNT(*) AS tp_count FROM `hm_user_login_token` WHERE `uid` = 11 LIMIT 1   [ RunTime:0.0955s ]
SQL: UPDATE `hm_user_login_token` SET `uid`='11',`token`='a416ac147039ae313b55c7eae9faa0e6',`update_time`='2016-12-21 17:16:05' WHERE `uid` = 11 [ RunTime:0.0799s ]
SQL: SELECT `uid`,`username`,`email`,`mobile`,`email_verify`,`reg_time`,`user_type` FROM `hm_user_info_base` WHERE `uid` = 11 LIMIT 1   [ RunTime:0.0271s ]
SQL: SHOW COLUMNS FROM `hm_user_info_details` [ RunTime:0.0545s ]
SQL: SELECT * FROM `hm_user_info_details` WHERE ( 1=1 AND uid='11' ) LIMIT 1   [ RunTime:0.0460s ]
SQL: SHOW COLUMNS FROM `hm_user_info_extra` [ RunTime:0.0408s ]
SQL: SELECT * FROM `hm_user_info_extra` WHERE ( 1=1 AND uid='11' ) LIMIT 1   [ RunTime:0.1134s ]
SQL: SHOW COLUMNS FROM `hm_user_info_certification` [ RunTime:0.0516s ]
SQL: SELECT * FROM `hm_user_info_certification` WHERE ( 1=1 AND uid='11' ) LIMIT 1   [ RunTime:0.0210s ]
SQL: SHOW COLUMNS FROM `hm_user_bind` [ RunTime:0.0214s ]
SQL: SELECT * FROM `hm_user_bind` WHERE ( 1=1 AND uid='11' )  [ RunTime:0.0255s ]
NOTIC: [8192] preg_replace(): The /e modifier is deprecated, use preg_replace_callback instead /Applications/MAMP/htdocs/HealthManager/Application/Common/Common/function.php 第 196 行.
INFO: [ app_end ] --START--
INFO: Run Behavior\ShowPageTraceBehavior [ RunTime:0.000924s ]
INFO: [ app_end ] --END-- [ RunTime:0.001036s ]

[ 2016-12-21T17:16:09+08:00 ] ::1 /index.php/UserCenter/Api/signIn?account=30178270@qq.com&password=123456&userType=1
INFO: [ app_init ] --START--
INFO: Run Behavior\BuildLiteBehavior [ RunTime:0.000015s ]
INFO: [ app_init ] --END-- [ RunTime:0.000399s ]
INFO: [ app_begin ] --START--
INFO: Run Behavior\ReadHtmlCacheBehavior [ RunTime:0.000572s ]
INFO: [ app_begin ] --END-- [ RunTime:0.000648s ]
NOTIC: [8192] mysql_connect(): The mysql extension is deprecated and will be removed in the future: use mysqli or PDO instead /Applications/MAMP/htdocs/HealthManager/ThinkPHP/Library/Think/Session/Driver/Db.class.php 第 95 行.
NOTIC: [2] PDO::__construct(): MySQL server has gone away /Applications/MAMP/htdocs/HealthManager/ThinkPHP/Library/Think/Db/Driver.class.php 第 103 行.
ERR: SQLSTATE[HY000] [2006] MySQL server has gone away

[ 2016-12-21T17:18:38+08:00 ] ::1 /index.php/UserCenter/Api/signIn?account=30178270@qq.com&password=123456&userType=1
INFO: [ app_init ] --START--
INFO: Run Behavior\BuildLiteBehavior [ RunTime:0.000039s ]
INFO: [ app_init ] --END-- [ RunTime:0.000757s ]
INFO: [ app_begin ] --START--
INFO: Run Behavior\ReadHtmlCacheBehavior [ RunTime:0.000664s ]
INFO: [ app_begin ] --END-- [ RunTime:0.000770s ]
NOTIC: [8192] mysql_connect(): The mysql extension is deprecated and will be removed in the future: use mysqli or PDO instead /Applications/MAMP/htdocs/HealthManager/ThinkPHP/Library/Think/Session/Driver/Db.class.php 第 95 行.
SQL: SHOW COLUMNS FROM `hm_user_info_base` [ RunTime:0.0936s ]
SQL: SHOW COLUMNS FROM `hm_user_info_base` [ RunTime:0.0696s ]
SQL: SELECT `email`,`password`,`salt`,`uid`,`reg_time` FROM `hm_user_info_base` WHERE `email` = '30178270@qq.com' LIMIT 1   [ RunTime:0.0683s ]
SQL: SELECT * FROM `hm_user_info_base` WHERE ( uid = '11' ) LIMIT 1   [ RunTime:0.0729s ]
SQL: SHOW COLUMNS FROM `hm_user_info_details` [ RunTime:0.0783s ]
SQL: SELECT * FROM `hm_user_info_details` WHERE ( uid=11 ) LIMIT 1   [ RunTime:0.1565s ]
NOTIC: [8] Use of undefined constant F - assumed 'F' /Applications/MAMP/htdocs/HealthManager/Application/UserCenter/Model/UserModel.class.php 第 289 行.
SQL: SHOW COLUMNS FROM `hm_user_login_token` [ RunTime:0.1524s ]
SQL: SELECT COUNT(*) AS tp_count FROM `hm_user_login_token` WHERE `uid` = 11 LIMIT 1   [ RunTime:0.1374s ]
SQL: UPDATE `hm_user_login_token` SET `uid`='11',`token`='76db2723e197329aaf2bfb5cd4d1c4cb',`update_time`='2016-12-21 17:18:37' WHERE `uid` = 11 [ RunTime:0.0826s ]
SQL: SELECT `uid`,`username`,`email`,`mobile`,`email_verify`,`reg_time`,`user_type` FROM `hm_user_info_base` WHERE `uid` = 11 LIMIT 1   [ RunTime:0.0783s ]
SQL: SHOW COLUMNS FROM `hm_user_info_details` [ RunTime:0.0758s ]
SQL: SELECT * FROM `hm_user_info_details` WHERE ( 1=1 AND uid='11' ) LIMIT 1   [ RunTime:0.1056s ]
SQL: SHOW COLUMNS FROM `hm_user_info_extra` [ RunTime:0.1104s ]
SQL: SELECT * FROM `hm_user_info_extra` WHERE ( 1=1 AND uid='11' ) LIMIT 1   [ RunTime:0.1142s ]
SQL: SHOW COLUMNS FROM `hm_user_info_certification` [ RunTime:0.1371s ]
SQL: SELECT * FROM `hm_user_info_certification` WHERE ( 1=1 AND uid='11' ) LIMIT 1   [ RunTime:0.1577s ]
SQL: SHOW COLUMNS FROM `hm_user_bind` [ RunTime:0.1222s ]
SQL: SELECT * FROM `hm_user_bind` WHERE ( 1=1 AND uid='11' )  [ RunTime:0.1413s ]
NOTIC: [8192] preg_replace(): The /e modifier is deprecated, use preg_replace_callback instead /Applications/MAMP/htdocs/HealthManager/Application/Common/Common/function.php 第 196 行.
INFO: [ app_end ] --START--
INFO: Run Behavior\ShowPageTraceBehavior [ RunTime:0.000961s ]
INFO: [ app_end ] --END-- [ RunTime:0.001070s ]

[ 2016-12-21T17:18:46+08:00 ] ::1 /index.php/UserCenter/Api/signIn?account=30178270@qq.com&password=123456&userType=1
INFO: [ app_init ] --START--
INFO: Run Behavior\BuildLiteBehavior [ RunTime:0.000019s ]
INFO: [ app_init ] --END-- [ RunTime:0.000486s ]
INFO: [ app_begin ] --START--
INFO: Run Behavior\ReadHtmlCacheBehavior [ RunTime:0.000525s ]
INFO: [ app_begin ] --END-- [ RunTime:0.000590s ]
NOTIC: [8192] mysql_connect(): The mysql extension is deprecated and will be removed in the future: use mysqli or PDO instead /Applications/MAMP/htdocs/HealthManager/ThinkPHP/Library/Think/Session/Driver/Db.class.php 第 95 行.
SQL: SHOW COLUMNS FROM `hm_user_info_base` [ RunTime:0.0433s ]
SQL: SHOW COLUMNS FROM `hm_user_info_base` [ RunTime:0.0528s ]
SQL: SELECT `email`,`password`,`salt`,`uid`,`reg_time` FROM `hm_user_info_base` WHERE `email` = '30178270@qq.com' LIMIT 1   [ RunTime:0.0436s ]
SQL: SELECT * FROM `hm_user_info_base` WHERE ( uid = '11' ) LIMIT 1   [ RunTime:0.0547s ]
SQL: SHOW COLUMNS FROM `hm_user_info_details` [ RunTime:0.0718s ]
SQL: SELECT * FROM `hm_user_info_details` WHERE ( uid=11 ) LIMIT 1   [ RunTime:0.0675s ]
NOTIC: [8] Use of undefined constant F - assumed 'F' /Applications/MAMP/htdocs/HealthManager/Application/UserCenter/Model/UserModel.class.php 第 289 行.
SQL: SHOW COLUMNS FROM `hm_user_login_token` [ RunTime:0.1010s ]
SQL: SELECT COUNT(*) AS tp_count FROM `hm_user_login_token` WHERE `uid` = 11 LIMIT 1   [ RunTime:0.0958s ]
SQL: UPDATE `hm_user_login_token` SET `uid`='11',`token`='ee7023ceb8fa8ea379bbdbacff961421',`update_time`='2016-12-21 17:18:44' WHERE `uid` = 11 [ RunTime:0.0724s ]
SQL: SELECT `uid`,`username`,`email`,`mobile`,`email_verify`,`reg_time`,`user_type` FROM `hm_user_info_base` WHERE `uid` = 11 LIMIT 1   [ RunTime:0.1382s ]
SQL: SHOW COLUMNS FROM `hm_user_info_details` [ RunTime:0.1030s ]
SQL: SELECT * FROM `hm_user_info_details` WHERE ( 1=1 AND uid='11' ) LIMIT 1   [ RunTime:1.7554s ]
SQL: SHOW COLUMNS FROM `hm_user_info_extra` [ RunTime:0.0751s ]
SQL: SELECT * FROM `hm_user_info_extra` WHERE ( 1=1 AND uid='11' ) LIMIT 1   [ RunTime:0.1161s ]
SQL: SHOW COLUMNS FROM `hm_user_info_certification` [ RunTime:0.0793s ]
SQL: SELECT * FROM `hm_user_info_certification` WHERE ( 1=1 AND uid='11' ) LIMIT 1   [ RunTime:0.0904s ]
SQL: SHOW COLUMNS FROM `hm_user_bind` [ RunTime:0.1456s ]
SQL: SELECT * FROM `hm_user_bind` WHERE ( 1=1 AND uid='11' )  [ RunTime:0.0835s ]
NOTIC: [8192] preg_replace(): The /e modifier is deprecated, use preg_replace_callback instead /Applications/MAMP/htdocs/HealthManager/Application/Common/Common/function.php 第 196 行.
INFO: [ app_end ] --START--
INFO: Run Behavior\ShowPageTraceBehavior [ RunTime:0.000731s ]
INFO: [ app_end ] --END-- [ RunTime:0.000802s ]

[ 2016-12-21T17:18:53+08:00 ] ::1 /index.php/UserCenter/Api/signIn?account=30178270@qq.com&password=123456&userType=1
INFO: [ app_init ] --START--
INFO: Run Behavior\BuildLiteBehavior [ RunTime:0.000014s ]
INFO: [ app_init ] --END-- [ RunTime:0.000322s ]
INFO: [ app_begin ] --START--
INFO: Run Behavior\ReadHtmlCacheBehavior [ RunTime:0.000423s ]
INFO: [ app_begin ] --END-- [ RunTime:0.000476s ]
NOTIC: [8192] mysql_connect(): The mysql extension is deprecated and will be removed in the future: use mysqli or PDO instead /Applications/MAMP/htdocs/HealthManager/ThinkPHP/Library/Think/Session/Driver/Db.class.php 第 95 行.
SQL: SHOW COLUMNS FROM `hm_user_info_base` [ RunTime:0.0617s ]
SQL: SHOW COLUMNS FROM `hm_user_info_base` [ RunTime:0.0176s ]
SQL: SELECT `email`,`password`,`salt`,`uid`,`reg_time` FROM `hm_user_info_base` WHERE `email` = '30178270@qq.com' LIMIT 1   [ RunTime:0.0177s ]
SQL: SELECT * FROM `hm_user_info_base` WHERE ( uid = '11' ) LIMIT 1   [ RunTime:0.0227s ]
SQL: SHOW COLUMNS FROM `hm_user_info_details` [ RunTime:0.0188s ]
SQL: SELECT * FROM `hm_user_info_details` WHERE ( uid=11 ) LIMIT 1   [ RunTime:0.0421s ]
NOTIC: [8] Use of undefined constant F - assumed 'F' /Applications/MAMP/htdocs/HealthManager/Application/UserCenter/Model/UserModel.class.php 第 289 行.
SQL: SHOW COLUMNS FROM `hm_user_login_token` [ RunTime:0.0170s ]
SQL: SELECT COUNT(*) AS tp_count FROM `hm_user_login_token` WHERE `uid` = 11 LIMIT 1   [ RunTime:0.0255s ]
SQL: UPDATE `hm_user_login_token` SET `uid`='11',`token`='6b1394319e2e482c8dfab59a5cc8db7b',`update_time`='2016-12-21 17:18:52' WHERE `uid` = 11 [ RunTime:0.0189s ]
SQL: SELECT `uid`,`username`,`email`,`mobile`,`email_verify`,`reg_time`,`user_type` FROM `hm_user_info_base` WHERE `uid` = 11 LIMIT 1   [ RunTime:0.0238s ]
SQL: SHOW COLUMNS FROM `hm_user_info_details` [ RunTime:0.0185s ]
SQL: SELECT * FROM `hm_user_info_details` WHERE ( 1=1 AND uid='11' ) LIMIT 1   [ RunTime:0.0199s ]
SQL: SHOW COLUMNS FROM `hm_user_info_extra` [ RunTime:0.0173s ]
SQL: SELECT * FROM `hm_user_info_extra` WHERE ( 1=1 AND uid='11' ) LIMIT 1   [ RunTime:0.0351s ]
SQL: SHOW COLUMNS FROM `hm_user_info_certification` [ RunTime:0.0248s ]
SQL: SELECT * FROM `hm_user_info_certification` WHERE ( 1=1 AND uid='11' ) LIMIT 1   [ RunTime:0.0392s ]
SQL: SHOW COLUMNS FROM `hm_user_bind` [ RunTime:0.0171s ]
SQL: SELECT * FROM `hm_user_bind` WHERE ( 1=1 AND uid='11' )  [ RunTime:0.0180s ]
NOTIC: [8192] preg_replace(): The /e modifier is deprecated, use preg_replace_callback instead /Applications/MAMP/htdocs/HealthManager/Application/Common/Common/function.php 第 196 行.
INFO: [ app_end ] --START--
INFO: Run Behavior\ShowPageTraceBehavior [ RunTime:0.000929s ]
INFO: [ app_end ] --END-- [ RunTime:0.001036s ]

