[ 2016-12-27T09:20:10+08:00 ] ::1 /index.php/UserCenter/Api/signIn?account=30178270@qq.com&password=123456&userType=1
INFO: [ app_init ] --START--
INFO: Run Behavior\BuildLiteBehavior [ RunTime:0.000020s ]
INFO: [ app_init ] --END-- [ RunTime:0.000436s ]
INFO: [ app_begin ] --START--
INFO: Run Behavior\ReadHtmlCacheBehavior [ RunTime:0.000533s ]
INFO: [ app_begin ] --END-- [ RunTime:0.000611s ]
NOTIC: [8192] mysql_connect(): The mysql extension is deprecated and will be removed in the future: use mysqli or PDO instead /Applications/MAMP/htdocs/HealthManager/ThinkPHP/Library/Think/Session/Driver/Db.class.php 第 95 行.
SQL: SHOW COLUMNS FROM `hm_user_info_base` [ RunTime:0.1130s ]
SQL: SHOW COLUMNS FROM `hm_user_info_base` [ RunTime:0.1270s ]
SQL: SELECT `email`,`password`,`salt`,`uid`,`reg_time` FROM `hm_user_info_base` WHERE `email` = '30178270@qq.com' LIMIT 1   [ RunTime:0.0838s ]
SQL: SELECT * FROM `hm_user_info_base` WHERE ( uid = '11' ) LIMIT 1   [ RunTime:0.0210s ]
SQL: SHOW COLUMNS FROM `hm_user_info_details` [ RunTime:0.0170s ]
SQL: SELECT * FROM `hm_user_info_details` WHERE ( uid=11 ) LIMIT 1   [ RunTime:0.0166s ]
NOTIC: [8] Use of undefined constant F - assumed 'F' /Applications/MAMP/htdocs/HealthManager/Application/UserCenter/Model/UserModel.class.php 第 289 行.
SQL: SHOW COLUMNS FROM `hm_user_login_token` [ RunTime:0.1552s ]
SQL: SELECT COUNT(*) AS tp_count FROM `hm_user_login_token` WHERE `uid` = 11 LIMIT 1   [ RunTime:0.0172s ]
SQL: UPDATE `hm_user_login_token` SET `uid`='11',`token`='f26614a847b925b849e26c7269f19d5f',`update_time`='2016-12-27 09:20:09' WHERE `uid` = 11 [ RunTime:0.0192s ]
SQL: SELECT `uid`,`username`,`email`,`mobile`,`email_verify`,`reg_time`,`user_type` FROM `hm_user_info_base` WHERE `uid` = 11 LIMIT 1   [ RunTime:0.0167s ]
SQL: SHOW COLUMNS FROM `hm_user_info_details` [ RunTime:0.0174s ]
SQL: SELECT * FROM `hm_user_info_details` WHERE ( 1=1 AND uid='11' ) LIMIT 1   [ RunTime:0.0389s ]
SQL: SHOW COLUMNS FROM `hm_user_info_extra` [ RunTime:0.0234s ]
SQL: SELECT * FROM `hm_user_info_extra` WHERE ( 1=1 AND uid='11' ) LIMIT 1   [ RunTime:0.1616s ]
SQL: SHOW COLUMNS FROM `hm_user_info_certification` [ RunTime:0.1315s ]
SQL: SELECT * FROM `hm_user_info_certification` WHERE ( 1=1 AND uid='11' ) LIMIT 1   [ RunTime:0.1431s ]
SQL: SHOW COLUMNS FROM `hm_user_bind` [ RunTime:0.1211s ]
SQL: SELECT * FROM `hm_user_bind` WHERE ( 1=1 AND uid='11' )  [ RunTime:0.1178s ]
NOTIC: [8192] preg_replace(): The /e modifier is deprecated, use preg_replace_callback instead /Applications/MAMP/htdocs/HealthManager/Application/Common/Common/function.php 第 196 行.
INFO: [ app_end ] --START--
INFO: Run Behavior\ShowPageTraceBehavior [ RunTime:0.001892s ]
INFO: [ app_end ] --END-- [ RunTime:0.002019s ]

[ 2016-12-27T09:20:11+08:00 ] ::1 /index.php/UserCenter/Api/signIn?account=30178270@qq.com&password=123456&userType=1
INFO: [ app_init ] --START--
INFO: Run Behavior\BuildLiteBehavior [ RunTime:0.000015s ]
INFO: [ app_init ] --END-- [ RunTime:0.000433s ]
INFO: [ app_begin ] --START--
INFO: Run Behavior\ReadHtmlCacheBehavior [ RunTime:0.000640s ]
INFO: [ app_begin ] --END-- [ RunTime:0.000723s ]
NOTIC: [8192] mysql_connect(): The mysql extension is deprecated and will be removed in the future: use mysqli or PDO instead /Applications/MAMP/htdocs/HealthManager/ThinkPHP/Library/Think/Session/Driver/Db.class.php 第 95 行.
SQL: SHOW COLUMNS FROM `hm_user_info_base` [ RunTime:0.1369s ]
SQL: SHOW COLUMNS FROM `hm_user_info_base` [ RunTime:0.1403s ]
SQL: SELECT `email`,`password`,`salt`,`uid`,`reg_time` FROM `hm_user_info_base` WHERE `email` = '30178270@qq.com' LIMIT 1   [ RunTime:0.1169s ]
SQL: SELECT * FROM `hm_user_info_base` WHERE ( uid = '11' ) LIMIT 1   [ RunTime:0.1201s ]
SQL: SHOW COLUMNS FROM `hm_user_info_details` [ RunTime:0.1452s ]
SQL: SELECT * FROM `hm_user_info_details` WHERE ( uid=11 ) LIMIT 1   [ RunTime:0.0802s ]
NOTIC: [8] Use of undefined constant F - assumed 'F' /Applications/MAMP/htdocs/HealthManager/Application/UserCenter/Model/UserModel.class.php 第 289 行.
SQL: SHOW COLUMNS FROM `hm_user_login_token` [ RunTime:0.5217s ]
SQL: SELECT COUNT(*) AS tp_count FROM `hm_user_login_token` WHERE `uid` = 11 LIMIT 1   [ RunTime:0.0940s ]
SQL: UPDATE `hm_user_login_token` SET `uid`='11',`token`='d12f3ee918633ab3c57a2c47cde4a2ad',`update_time`='2016-12-27 09:20:11' WHERE `uid` = 11 [ RunTime:0.0297s ]
SQL: SELECT `uid`,`username`,`email`,`mobile`,`email_verify`,`reg_time`,`user_type` FROM `hm_user_info_base` WHERE `uid` = 11 LIMIT 1   [ RunTime:0.0257s ]
SQL: SHOW COLUMNS FROM `hm_user_info_details` [ RunTime:0.0160s ]
SQL: SELECT * FROM `hm_user_info_details` WHERE ( 1=1 AND uid='11' ) LIMIT 1   [ RunTime:0.0159s ]
SQL: SHOW COLUMNS FROM `hm_user_info_extra` [ RunTime:0.0170s ]
SQL: SELECT * FROM `hm_user_info_extra` WHERE ( 1=1 AND uid='11' ) LIMIT 1   [ RunTime:0.0179s ]
SQL: SHOW COLUMNS FROM `hm_user_info_certification` [ RunTime:0.0156s ]
SQL: SELECT * FROM `hm_user_info_certification` WHERE ( 1=1 AND uid='11' ) LIMIT 1   [ RunTime:0.0159s ]
SQL: SHOW COLUMNS FROM `hm_user_bind` [ RunTime:0.0160s ]
SQL: SELECT * FROM `hm_user_bind` WHERE ( 1=1 AND uid='11' )  [ RunTime:0.0244s ]
NOTIC: [8192] preg_replace(): The /e modifier is deprecated, use preg_replace_callback instead /Applications/MAMP/htdocs/HealthManager/Application/Common/Common/function.php 第 196 行.
INFO: [ app_end ] --START--
INFO: Run Behavior\ShowPageTraceBehavior [ RunTime:0.001104s ]
INFO: [ app_end ] --END-- [ RunTime:0.001224s ]

[ 2016-12-27T09:23:10+08:00 ] ::1 /index.php/UserCenter/Api/signIn?account=30178270@qq.com&password=123456&userType=1
INFO: [ app_init ] --START--
INFO: Run Behavior\BuildLiteBehavior [ RunTime:0.000022s ]
INFO: [ app_init ] --END-- [ RunTime:0.000514s ]
INFO: [ app_begin ] --START--
INFO: Run Behavior\ReadHtmlCacheBehavior [ RunTime:0.001086s ]
INFO: [ app_begin ] --END-- [ RunTime:0.001224s ]
NOTIC: [8192] mysql_connect(): The mysql extension is deprecated and will be removed in the future: use mysqli or PDO instead /Applications/MAMP/htdocs/HealthManager/ThinkPHP/Library/Think/Session/Driver/Db.class.php 第 95 行.
SQL: SHOW COLUMNS FROM `hm_user_info_base` [ RunTime:0.0045s ]
SQL: SHOW COLUMNS FROM `hm_user_info_base` [ RunTime:0.0047s ]
SQL: SELECT `email`,`password`,`salt`,`uid`,`reg_time` FROM `hm_user_info_base` WHERE `email` = '30178270@qq.com' LIMIT 1   [ RunTime:0.0034s ]
SQL: SELECT * FROM `hm_user_info_base` WHERE ( uid = '11' ) LIMIT 1   [ RunTime:0.0046s ]
SQL: SHOW COLUMNS FROM `hm_user_info_details` [ RunTime:0.0184s ]
SQL: SELECT * FROM `hm_user_info_details` WHERE ( uid=11 ) LIMIT 1   [ RunTime:0.0121s ]
NOTIC: [8] Use of undefined constant F - assumed 'F' /Applications/MAMP/htdocs/HealthManager/Application/UserCenter/Model/UserModel.class.php 第 289 行.
SQL: SHOW COLUMNS FROM `hm_user_login_token` [ RunTime:0.0041s ]
SQL: SELECT COUNT(*) AS tp_count FROM `hm_user_login_token` WHERE `uid` = 11 LIMIT 1   [ RunTime:0.0035s ]
SQL: UPDATE `hm_user_login_token` SET `uid`='11',`token`='149c80564f12c2a224136e5c1d222d26',`update_time`='2016-12-27 09:23:10' WHERE `uid` = 11 [ RunTime:0.0045s ]
SQL: SELECT `uid`,`username`,`email`,`mobile`,`email_verify`,`reg_time`,`user_type` FROM `hm_user_info_base` WHERE `uid` = 11 LIMIT 1   [ RunTime:0.0036s ]
SQL: SHOW COLUMNS FROM `hm_user_info_details` [ RunTime:0.0041s ]
SQL: SELECT * FROM `hm_user_info_details` WHERE ( 1=1 AND uid='11' ) LIMIT 1   [ RunTime:0.0041s ]
SQL: SHOW COLUMNS FROM `hm_user_info_extra` [ RunTime:0.0138s ]
SQL: SELECT * FROM `hm_user_info_extra` WHERE ( 1=1 AND uid='11' ) LIMIT 1   [ RunTime:0.0113s ]
SQL: SHOW COLUMNS FROM `hm_user_info_certification` [ RunTime:0.0134s ]
SQL: SELECT * FROM `hm_user_info_certification` WHERE ( 1=1 AND uid='11' ) LIMIT 1   [ RunTime:0.0101s ]
SQL: SHOW COLUMNS FROM `hm_user_bind` [ RunTime:0.0108s ]
SQL: SELECT * FROM `hm_user_bind` WHERE ( 1=1 AND uid='11' )  [ RunTime:0.0100s ]
NOTIC: [8192] preg_replace(): The /e modifier is deprecated, use preg_replace_callback instead /Applications/MAMP/htdocs/HealthManager/Application/Common/Common/function.php 第 196 行.
INFO: [ app_end ] --START--
INFO: Run Behavior\ShowPageTraceBehavior [ RunTime:0.000972s ]
INFO: [ app_end ] --END-- [ RunTime:0.001080s ]

[ 2016-12-27T09:24:27+08:00 ] ::1 /index.php/UserCenter/Api/signIn?account=30178270@qq.com&password=123456&userType=1
INFO: [ app_init ] --START--
INFO: Run Behavior\BuildLiteBehavior [ RunTime:0.000016s ]
INFO: [ app_init ] --END-- [ RunTime:0.000491s ]
INFO: [ app_begin ] --START--
INFO: Run Behavior\ReadHtmlCacheBehavior [ RunTime:0.001099s ]
INFO: [ app_begin ] --END-- [ RunTime:0.001281s ]
NOTIC: [8192] mysql_connect(): The mysql extension is deprecated and will be removed in the future: use mysqli or PDO instead /Applications/MAMP/htdocs/HealthManager/ThinkPHP/Library/Think/Session/Driver/Db.class.php 第 95 行.
SQL: SHOW COLUMNS FROM `hm_user_info_base` [ RunTime:0.0053s ]
SQL: SHOW COLUMNS FROM `hm_user_info_base` [ RunTime:0.0051s ]
SQL: SELECT `email`,`password`,`salt`,`uid`,`reg_time` FROM `hm_user_info_base` WHERE `email` = '30178270@qq.com' LIMIT 1   [ RunTime:0.0043s ]
SQL: SELECT * FROM `hm_user_info_base` WHERE ( uid = '11' ) LIMIT 1   [ RunTime:0.0050s ]
SQL: SHOW COLUMNS FROM `hm_user_info_details` [ RunTime:0.0161s ]
SQL: SELECT * FROM `hm_user_info_details` WHERE ( uid=11 ) LIMIT 1   [ RunTime:0.0124s ]
NOTIC: [8] Use of undefined constant F - assumed 'F' /Applications/MAMP/htdocs/HealthManager/Application/UserCenter/Model/UserModel.class.php 第 289 行.
SQL: SHOW COLUMNS FROM `hm_user_login_token` [ RunTime:0.0050s ]
SQL: SELECT COUNT(*) AS tp_count FROM `hm_user_login_token` WHERE `uid` = 11 LIMIT 1   [ RunTime:0.0041s ]
SQL: UPDATE `hm_user_login_token` SET `uid`='11',`token`='086cd7091a32962132694859bba14504',`update_time`='2016-12-27 09:24:27' WHERE `uid` = 11 [ RunTime:0.0049s ]
SQL: SELECT `uid`,`username`,`email`,`mobile`,`email_verify`,`reg_time`,`user_type` FROM `hm_user_info_base` WHERE `uid` = 11 LIMIT 1   [ RunTime:0.0049s ]
SQL: SHOW COLUMNS FROM `hm_user_info_details` [ RunTime:0.0049s ]
SQL: SELECT * FROM `hm_user_info_details` WHERE ( 1=1 AND uid='11' ) LIMIT 1   [ RunTime:0.0048s ]
SQL: SHOW COLUMNS FROM `hm_user_info_extra` [ RunTime:0.0089s ]
SQL: SELECT * FROM `hm_user_info_extra` WHERE ( 1=1 AND uid='11' ) LIMIT 1   [ RunTime:0.0119s ]
SQL: SHOW COLUMNS FROM `hm_user_info_certification` [ RunTime:0.0141s ]
SQL: SELECT * FROM `hm_user_info_certification` WHERE ( 1=1 AND uid='11' ) LIMIT 1   [ RunTime:0.0105s ]
SQL: SHOW COLUMNS FROM `hm_user_bind` [ RunTime:0.0106s ]
SQL: SELECT * FROM `hm_user_bind` WHERE ( 1=1 AND uid='11' )  [ RunTime:0.0102s ]
NOTIC: [8192] preg_replace(): The /e modifier is deprecated, use preg_replace_callback instead /Applications/MAMP/htdocs/HealthManager/Application/Common/Common/function.php 第 196 行.
INFO: [ app_end ] --START--
INFO: Run Behavior\ShowPageTraceBehavior [ RunTime:0.001069s ]
INFO: [ app_end ] --END-- [ RunTime:0.001186s ]

[ 2016-12-27T09:30:16+08:00 ] ::1 /index.php/UserCenter/Api/signIn?account=30178270@qq.com&password=123456&userType=1
INFO: [ app_init ] --START--
INFO: Run Behavior\BuildLiteBehavior [ RunTime:0.000022s ]
INFO: [ app_init ] --END-- [ RunTime:0.000552s ]
INFO: [ app_begin ] --START--
INFO: Run Behavior\ReadHtmlCacheBehavior [ RunTime:0.000589s ]
INFO: [ app_begin ] --END-- [ RunTime:0.000667s ]
NOTIC: [8192] mysql_connect(): The mysql extension is deprecated and will be removed in the future: use mysqli or PDO instead /Applications/MAMP/htdocs/HealthManager/ThinkPHP/Library/Think/Session/Driver/Db.class.php 第 95 行.
SQL: SHOW COLUMNS FROM `hm_user_info_base` [ RunTime:0.0053s ]
SQL: SHOW COLUMNS FROM `hm_user_info_base` [ RunTime:0.0040s ]
SQL: SELECT `email`,`password`,`salt`,`uid`,`reg_time` FROM `hm_user_info_base` WHERE `email` = '30178270@qq.com' LIMIT 1   [ RunTime:0.0038s ]
SQL: SELECT * FROM `hm_user_info_base` WHERE ( uid = '11' ) LIMIT 1   [ RunTime:0.0059s ]
SQL: SHOW COLUMNS FROM `hm_user_info_details` [ RunTime:0.0167s ]
SQL: SELECT * FROM `hm_user_info_details` WHERE ( uid=11 ) LIMIT 1   [ RunTime:0.0124s ]
NOTIC: [8] Use of undefined constant F - assumed 'F' /Applications/MAMP/htdocs/HealthManager/Application/UserCenter/Model/UserModel.class.php 第 289 行.
SQL: SHOW COLUMNS FROM `hm_user_login_token` [ RunTime:0.0043s ]
SQL: SELECT COUNT(*) AS tp_count FROM `hm_user_login_token` WHERE `uid` = 11 LIMIT 1   [ RunTime:0.0037s ]
SQL: UPDATE `hm_user_login_token` SET `uid`='11',`token`='585bd8caf1612aaf33646dabd4284471',`update_time`='2016-12-27 09:30:16' WHERE `uid` = 11 [ RunTime:0.0037s ]
SQL: SELECT `uid`,`username`,`email`,`mobile`,`email_verify`,`reg_time`,`user_type` FROM `hm_user_info_base` WHERE `uid` = 11 LIMIT 1   [ RunTime:0.0051s ]
SQL: SHOW COLUMNS FROM `hm_user_info_details` [ RunTime:0.0058s ]
SQL: SELECT * FROM `hm_user_info_details` WHERE ( 1=1 AND uid='11' ) LIMIT 1   [ RunTime:0.0045s ]
SQL: SHOW COLUMNS FROM `hm_user_info_extra` [ RunTime:0.0116s ]
SQL: SELECT * FROM `hm_user_info_extra` WHERE ( 1=1 AND uid='11' ) LIMIT 1   [ RunTime:0.0116s ]
SQL: SHOW COLUMNS FROM `hm_user_info_certification` [ RunTime:0.0124s ]
SQL: SELECT * FROM `hm_user_info_certification` WHERE ( 1=1 AND uid='11' ) LIMIT 1   [ RunTime:0.0100s ]
SQL: SHOW COLUMNS FROM `hm_user_bind` [ RunTime:0.0111s ]
SQL: SELECT * FROM `hm_user_bind` WHERE ( 1=1 AND uid='11' )  [ RunTime:0.0100s ]
NOTIC: [8192] preg_replace(): The /e modifier is deprecated, use preg_replace_callback instead /Applications/MAMP/htdocs/HealthManager/Application/Common/Common/function.php 第 196 行.
INFO: [ app_end ] --START--
INFO: Run Behavior\ShowPageTraceBehavior [ RunTime:0.002215s ]
INFO: [ app_end ] --END-- [ RunTime:0.002388s ]

[ 2016-12-27T10:36:26+08:00 ] ::1 /index.php/UserCenter/Api/signIn?account=30178270@qq.com&password=123456&userType=1
INFO: [ app_init ] --START--
INFO: Run Behavior\BuildLiteBehavior [ RunTime:0.000014s ]
INFO: [ app_init ] --END-- [ RunTime:0.000338s ]
INFO: [ app_begin ] --START--
INFO: Run Behavior\ReadHtmlCacheBehavior [ RunTime:0.000480s ]
INFO: [ app_begin ] --END-- [ RunTime:0.000545s ]
NOTIC: [8192] mysql_connect(): The mysql extension is deprecated and will be removed in the future: use mysqli or PDO instead /Applications/MAMP/htdocs/HealthManager/ThinkPHP/Library/Think/Session/Driver/Db.class.php 第 95 行.
SQL: SHOW COLUMNS FROM `hm_user_info_base` [ RunTime:0.0199s ]
SQL: SHOW COLUMNS FROM `hm_user_info_base` [ RunTime:0.0382s ]
SQL: SELECT `email`,`password`,`salt`,`uid`,`reg_time` FROM `hm_user_info_base` WHERE `email` = '30178270@qq.com' LIMIT 1   [ RunTime:0.0287s ]
SQL: SELECT * FROM `hm_user_info_base` WHERE ( uid = '11' ) LIMIT 1   [ RunTime:0.0202s ]
SQL: SHOW COLUMNS FROM `hm_user_info_details` [ RunTime:0.0201s ]
SQL: SELECT * FROM `hm_user_info_details` WHERE ( uid=11 ) LIMIT 1   [ RunTime:0.0171s ]
NOTIC: [8] Use of undefined constant F - assumed 'F' /Applications/MAMP/htdocs/HealthManager/Application/UserCenter/Model/UserModel.class.php 第 289 行.
SQL: SHOW COLUMNS FROM `hm_user_login_token` [ RunTime:0.0193s ]
SQL: SELECT COUNT(*) AS tp_count FROM `hm_user_login_token` WHERE `uid` = 11 LIMIT 1   [ RunTime:0.0222s ]
SQL: UPDATE `hm_user_login_token` SET `uid`='11',`token`='c286ac92e3b7f1bfaf4d48bc6ea0ecd4',`update_time`='2016-12-27 10:36:25' WHERE `uid` = 11 [ RunTime:0.0190s ]
SQL: SELECT `uid`,`username`,`email`,`mobile`,`email_verify`,`reg_time`,`user_type` FROM `hm_user_info_base` WHERE `uid` = 11 LIMIT 1   [ RunTime:0.0175s ]
SQL: SHOW COLUMNS FROM `hm_user_info_details` [ RunTime:0.1157s ]
SQL: SELECT * FROM `hm_user_info_details` WHERE ( 1=1 AND uid='11' ) LIMIT 1   [ RunTime:0.0556s ]
SQL: SHOW COLUMNS FROM `hm_user_info_extra` [ RunTime:0.0349s ]
SQL: SELECT * FROM `hm_user_info_extra` WHERE ( 1=1 AND uid='11' ) LIMIT 1   [ RunTime:0.0844s ]
SQL: SHOW COLUMNS FROM `hm_user_info_certification` [ RunTime:0.0406s ]
SQL: SELECT * FROM `hm_user_info_certification` WHERE ( 1=1 AND uid='11' ) LIMIT 1   [ RunTime:0.0254s ]
SQL: SHOW COLUMNS FROM `hm_user_bind` [ RunTime:0.0616s ]
SQL: SELECT * FROM `hm_user_bind` WHERE ( 1=1 AND uid='11' )  [ RunTime:0.0632s ]
NOTIC: [8192] preg_replace(): The /e modifier is deprecated, use preg_replace_callback instead /Applications/MAMP/htdocs/HealthManager/Application/Common/Common/function.php 第 196 行.
INFO: [ app_end ] --START--
INFO: Run Behavior\ShowPageTraceBehavior [ RunTime:0.001775s ]
INFO: [ app_end ] --END-- [ RunTime:0.001896s ]

[ 2016-12-27T10:38:29+08:00 ] ::1 /index.php/UserCenter/Api/signIn?account=30178270@qq.com&password=123456&userType=1
INFO: [ app_init ] --START--
INFO: Run Behavior\BuildLiteBehavior [ RunTime:0.000020s ]
INFO: [ app_init ] --END-- [ RunTime:0.000434s ]
INFO: [ app_begin ] --START--
INFO: Run Behavior\ReadHtmlCacheBehavior [ RunTime:0.000613s ]
INFO: [ app_begin ] --END-- [ RunTime:0.000693s ]
NOTIC: [8192] mysql_connect(): The mysql extension is deprecated and will be removed in the future: use mysqli or PDO instead /Applications/MAMP/htdocs/HealthManager/ThinkPHP/Library/Think/Session/Driver/Db.class.php 第 95 行.
SQL: SHOW COLUMNS FROM `hm_user_info_base` [ RunTime:0.0189s ]
SQL: SHOW COLUMNS FROM `hm_user_info_base` [ RunTime:0.0178s ]
SQL: SELECT `email`,`password`,`salt`,`uid`,`reg_time` FROM `hm_user_info_base` WHERE `email` = '30178270@qq.com' LIMIT 1   [ RunTime:0.0174s ]
SQL: SELECT * FROM `hm_user_info_base` WHERE ( uid = '11' ) LIMIT 1   [ RunTime:0.0180s ]
SQL: SHOW COLUMNS FROM `hm_user_info_details` [ RunTime:0.0177s ]
SQL: SELECT * FROM `hm_user_info_details` WHERE ( uid=11 ) LIMIT 1   [ RunTime:0.0166s ]
NOTIC: [8] Use of undefined constant F - assumed 'F' /Applications/MAMP/htdocs/HealthManager/Application/UserCenter/Model/UserModel.class.php 第 289 行.
SQL: SHOW COLUMNS FROM `hm_user_login_token` [ RunTime:0.0181s ]
SQL: SELECT COUNT(*) AS tp_count FROM `hm_user_login_token` WHERE `uid` = 11 LIMIT 1   [ RunTime:0.0147s ]
SQL: UPDATE `hm_user_login_token` SET `uid`='11',`token`='5f799517a5f42840c591a5478a87a184',`update_time`='2016-12-27 10:38:29' WHERE `uid` = 11 [ RunTime:0.0251s ]
SQL: SELECT `uid`,`username`,`email`,`mobile`,`email_verify`,`reg_time`,`user_type` FROM `hm_user_info_base` WHERE `uid` = 11 LIMIT 1   [ RunTime:0.0167s ]
SQL: SHOW COLUMNS FROM `hm_user_info_details` [ RunTime:0.0167s ]
SQL: SELECT * FROM `hm_user_info_details` WHERE ( 1=1 AND uid='11' ) LIMIT 1   [ RunTime:0.0185s ]
SQL: SHOW COLUMNS FROM `hm_user_info_extra` [ RunTime:0.0190s ]
SQL: SELECT * FROM `hm_user_info_extra` WHERE ( 1=1 AND uid='11' ) LIMIT 1   [ RunTime:0.0181s ]
SQL: SHOW COLUMNS FROM `hm_user_info_certification` [ RunTime:0.0167s ]
SQL: SELECT * FROM `hm_user_info_certification` WHERE ( 1=1 AND uid='11' ) LIMIT 1   [ RunTime:0.0178s ]
SQL: SHOW COLUMNS FROM `hm_user_bind` [ RunTime:0.0171s ]
SQL: SELECT * FROM `hm_user_bind` WHERE ( 1=1 AND uid='11' )  [ RunTime:0.0170s ]
NOTIC: [8192] preg_replace(): The /e modifier is deprecated, use preg_replace_callback instead /Applications/MAMP/htdocs/HealthManager/Application/Common/Common/function.php 第 196 行.
INFO: [ app_end ] --START--
INFO: Run Behavior\ShowPageTraceBehavior [ RunTime:0.001064s ]
INFO: [ app_end ] --END-- [ RunTime:0.001228s ]

[ 2016-12-27T10:44:19+08:00 ] ::1 /index.php/UserCenter/Api/signIn?account=30178270@qq.com&password=123456&userType=1
INFO: [ app_init ] --START--
INFO: Run Behavior\BuildLiteBehavior [ RunTime:0.000025s ]
INFO: [ app_init ] --END-- [ RunTime:0.000574s ]
INFO: [ app_begin ] --START--
INFO: Run Behavior\ReadHtmlCacheBehavior [ RunTime:0.000552s ]
INFO: [ app_begin ] --END-- [ RunTime:0.000620s ]
NOTIC: [8192] mysql_connect(): The mysql extension is deprecated and will be removed in the future: use mysqli or PDO instead /Applications/MAMP/htdocs/HealthManager/ThinkPHP/Library/Think/Session/Driver/Db.class.php 第 95 行.
SQL: SHOW COLUMNS FROM `hm_user_info_base` [ RunTime:0.0046s ]
SQL: SHOW COLUMNS FROM `hm_user_info_base` [ RunTime:0.0062s ]
SQL: SELECT `email`,`password`,`salt`,`uid`,`reg_time` FROM `hm_user_info_base` WHERE `email` = '30178270@qq.com' LIMIT 1   [ RunTime:0.0040s ]
SQL: SELECT * FROM `hm_user_info_base` WHERE ( uid = '11' ) LIMIT 1   [ RunTime:0.0045s ]
SQL: SHOW COLUMNS FROM `hm_user_info_details` [ RunTime:0.0163s ]
SQL: SELECT * FROM `hm_user_info_details` WHERE ( uid=11 ) LIMIT 1   [ RunTime:0.0122s ]
NOTIC: [8] Use of undefined constant F - assumed 'F' /Applications/MAMP/htdocs/HealthManager/Application/UserCenter/Model/UserModel.class.php 第 289 行.
SQL: SHOW COLUMNS FROM `hm_user_login_token` [ RunTime:0.0047s ]
SQL: SELECT COUNT(*) AS tp_count FROM `hm_user_login_token` WHERE `uid` = 11 LIMIT 1   [ RunTime:0.0056s ]
SQL: UPDATE `hm_user_login_token` SET `uid`='11',`token`='479fb9bfcc128128621974ae5707b5e3',`update_time`='2016-12-27 10:44:19' WHERE `uid` = 11 [ RunTime:0.0043s ]
SQL: SELECT `uid`,`username`,`email`,`mobile`,`email_verify`,`reg_time`,`user_type` FROM `hm_user_info_base` WHERE `uid` = 11 LIMIT 1   [ RunTime:0.0042s ]
SQL: SHOW COLUMNS FROM `hm_user_info_details` [ RunTime:0.0044s ]
SQL: SELECT * FROM `hm_user_info_details` WHERE ( 1=1 AND uid='11' ) LIMIT 1   [ RunTime:0.0045s ]
SQL: SHOW COLUMNS FROM `hm_user_info_extra` [ RunTime:0.0103s ]
SQL: SELECT * FROM `hm_user_info_extra` WHERE ( 1=1 AND uid='11' ) LIMIT 1   [ RunTime:0.0115s ]
SQL: SHOW COLUMNS FROM `hm_user_info_certification` [ RunTime:0.0138s ]
SQL: SELECT * FROM `hm_user_info_certification` WHERE ( 1=1 AND uid='11' ) LIMIT 1   [ RunTime:0.0104s ]
SQL: SHOW COLUMNS FROM `hm_user_bind` [ RunTime:0.0116s ]
SQL: SELECT * FROM `hm_user_bind` WHERE ( 1=1 AND uid='11' )  [ RunTime:0.0093s ]
NOTIC: [8192] preg_replace(): The /e modifier is deprecated, use preg_replace_callback instead /Applications/MAMP/htdocs/HealthManager/Application/Common/Common/function.php 第 196 行.
INFO: [ app_end ] --START--
INFO: Run Behavior\ShowPageTraceBehavior [ RunTime:0.000944s ]
INFO: [ app_end ] --END-- [ RunTime:0.001053s ]

[ 2016-12-27T10:49:35+08:00 ] ::1 /index.php/UserCenter/Api/signIn?account=30178270@qq.com&password=123456&userType=1
INFO: [ app_init ] --START--
INFO: Run Behavior\BuildLiteBehavior [ RunTime:0.000022s ]
INFO: [ app_init ] --END-- [ RunTime:0.000504s ]
INFO: [ app_begin ] --START--
INFO: Run Behavior\ReadHtmlCacheBehavior [ RunTime:0.000652s ]
INFO: [ app_begin ] --END-- [ RunTime:0.000738s ]
NOTIC: [8192] mysql_connect(): The mysql extension is deprecated and will be removed in the future: use mysqli or PDO instead /Applications/MAMP/htdocs/HealthManager/ThinkPHP/Library/Think/Session/Driver/Db.class.php 第 95 行.
SQL: SHOW COLUMNS FROM `hm_user_info_base` [ RunTime:0.0050s ]
SQL: SHOW COLUMNS FROM `hm_user_info_base` [ RunTime:0.0042s ]
SQL: SELECT `email`,`password`,`salt`,`uid`,`reg_time` FROM `hm_user_info_base` WHERE `email` = '30178270@qq.com' LIMIT 1   [ RunTime:0.0039s ]
SQL: SELECT * FROM `hm_user_info_base` WHERE ( uid = '11' ) LIMIT 1   [ RunTime:0.0041s ]
SQL: SHOW COLUMNS FROM `hm_user_info_details` [ RunTime:0.0171s ]
SQL: SELECT * FROM `hm_user_info_details` WHERE ( uid=11 ) LIMIT 1   [ RunTime:0.0122s ]
NOTIC: [8] Use of undefined constant F - assumed 'F' /Applications/MAMP/htdocs/HealthManager/Application/UserCenter/Model/UserModel.class.php 第 289 行.
SQL: SHOW COLUMNS FROM `hm_user_login_token` [ RunTime:0.0042s ]
SQL: SELECT COUNT(*) AS tp_count FROM `hm_user_login_token` WHERE `uid` = 11 LIMIT 1   [ RunTime:0.0038s ]
SQL: UPDATE `hm_user_login_token` SET `uid`='11',`token`='948123ca6b55228fd4dae2ccd26f94c9',`update_time`='2016-12-27 10:49:35' WHERE `uid` = 11 [ RunTime:0.0038s ]
SQL: SELECT `uid`,`username`,`email`,`mobile`,`email_verify`,`reg_time`,`user_type` FROM `hm_user_info_base` WHERE `uid` = 11 LIMIT 1   [ RunTime:0.0036s ]
SQL: SHOW COLUMNS FROM `hm_user_info_details` [ RunTime:0.0040s ]
SQL: SELECT * FROM `hm_user_info_details` WHERE ( 1=1 AND uid='11' ) LIMIT 1   [ RunTime:0.0048s ]
SQL: SHOW COLUMNS FROM `hm_user_info_extra` [ RunTime:0.0139s ]
SQL: SELECT * FROM `hm_user_info_extra` WHERE ( 1=1 AND uid='11' ) LIMIT 1   [ RunTime:0.0115s ]
SQL: SHOW COLUMNS FROM `hm_user_info_certification` [ RunTime:0.0130s ]
SQL: SELECT * FROM `hm_user_info_certification` WHERE ( 1=1 AND uid='11' ) LIMIT 1   [ RunTime:0.0106s ]
SQL: SHOW COLUMNS FROM `hm_user_bind` [ RunTime:0.0110s ]
SQL: SELECT * FROM `hm_user_bind` WHERE ( 1=1 AND uid='11' )  [ RunTime:0.0103s ]
NOTIC: [8192] preg_replace(): The /e modifier is deprecated, use preg_replace_callback instead /Applications/MAMP/htdocs/HealthManager/Application/Common/Common/function.php 第 196 行.
INFO: [ app_end ] --START--
INFO: Run Behavior\ShowPageTraceBehavior [ RunTime:0.001296s ]
INFO: [ app_end ] --END-- [ RunTime:0.001411s ]

[ 2016-12-27T10:49:36+08:00 ] ::1 /index.php/UserCenter/Api/signIn?account=30178270@qq.com&password=123456&userType=1
INFO: [ app_init ] --START--
INFO: Run Behavior\BuildLiteBehavior [ RunTime:0.000014s ]
INFO: [ app_init ] --END-- [ RunTime:0.000322s ]
INFO: [ app_begin ] --START--
INFO: Run Behavior\ReadHtmlCacheBehavior [ RunTime:0.000423s ]
INFO: [ app_begin ] --END-- [ RunTime:0.000476s ]
NOTIC: [8192] mysql_connect(): The mysql extension is deprecated and will be removed in the future: use mysqli or PDO instead /Applications/MAMP/htdocs/HealthManager/ThinkPHP/Library/Think/Session/Driver/Db.class.php 第 95 行.
SQL: SHOW COLUMNS FROM `hm_user_info_base` [ RunTime:0.0148s ]
SQL: SHOW COLUMNS FROM `hm_user_info_base` [ RunTime:0.0110s ]
SQL: SELECT `email`,`password`,`salt`,`uid`,`reg_time` FROM `hm_user_info_base` WHERE `email` = '30178270@qq.com' LIMIT 1   [ RunTime:0.0281s ]
SQL: SELECT * FROM `hm_user_info_base` WHERE ( uid = '11' ) LIMIT 1   [ RunTime:0.0227s ]
SQL: SHOW COLUMNS FROM `hm_user_info_details` [ RunTime:0.0191s ]
SQL: SELECT * FROM `hm_user_info_details` WHERE ( uid=11 ) LIMIT 1   [ RunTime:0.0351s ]
NOTIC: [8] Use of undefined constant F - assumed 'F' /Applications/MAMP/htdocs/HealthManager/Application/UserCenter/Model/UserModel.class.php 第 289 行.
SQL: SHOW COLUMNS FROM `hm_user_login_token` [ RunTime:0.0115s ]
SQL: SELECT COUNT(*) AS tp_count FROM `hm_user_login_token` WHERE `uid` = 11 LIMIT 1   [ RunTime:0.0078s ]
SQL: UPDATE `hm_user_login_token` SET `uid`='11',`token`='33438be71646b8487c8b0e6fcd11f2fa',`update_time`='2016-12-27 10:49:36' WHERE `uid` = 11 [ RunTime:0.0105s ]
SQL: SELECT `uid`,`username`,`email`,`mobile`,`email_verify`,`reg_time`,`user_type` FROM `hm_user_info_base` WHERE `uid` = 11 LIMIT 1   [ RunTime:0.0044s ]
SQL: SHOW COLUMNS FROM `hm_user_info_details` [ RunTime:0.0500s ]
SQL: SELECT * FROM `hm_user_info_details` WHERE ( 1=1 AND uid='11' ) LIMIT 1   [ RunTime:0.0084s ]
SQL: SHOW COLUMNS FROM `hm_user_info_extra` [ RunTime:0.0187s ]
SQL: SELECT * FROM `hm_user_info_extra` WHERE ( 1=1 AND uid='11' ) LIMIT 1   [ RunTime:0.0134s ]
SQL: SHOW COLUMNS FROM `hm_user_info_certification` [ RunTime:0.0112s ]
SQL: SELECT * FROM `hm_user_info_certification` WHERE ( 1=1 AND uid='11' ) LIMIT 1   [ RunTime:0.0093s ]
SQL: SHOW COLUMNS FROM `hm_user_bind` [ RunTime:0.0104s ]
SQL: SELECT * FROM `hm_user_bind` WHERE ( 1=1 AND uid='11' )  [ RunTime:0.0095s ]
NOTIC: [8192] preg_replace(): The /e modifier is deprecated, use preg_replace_callback instead /Applications/MAMP/htdocs/HealthManager/Application/Common/Common/function.php 第 196 行.
INFO: [ app_end ] --START--
INFO: Run Behavior\ShowPageTraceBehavior [ RunTime:0.000617s ]
INFO: [ app_end ] --END-- [ RunTime:0.000701s ]

[ 2016-12-27T10:58:36+08:00 ] ::1 /index.php/UserCenter/Api/signIn?account=30178270@qq.com&password=123456&userType=1
INFO: [ app_init ] --START--
INFO: Run Behavior\BuildLiteBehavior [ RunTime:0.000016s ]
INFO: [ app_init ] --END-- [ RunTime:0.000482s ]
INFO: [ app_begin ] --START--
INFO: Run Behavior\ReadHtmlCacheBehavior [ RunTime:0.000767s ]
INFO: [ app_begin ] --END-- [ RunTime:0.000872s ]
NOTIC: [8192] mysql_connect(): The mysql extension is deprecated and will be removed in the future: use mysqli or PDO instead /Applications/MAMP/htdocs/HealthManager/ThinkPHP/Library/Think/Session/Driver/Db.class.php 第 95 行.
SQL: SHOW COLUMNS FROM `hm_user_info_base` [ RunTime:0.0167s ]
SQL: SHOW COLUMNS FROM `hm_user_info_base` [ RunTime:0.0155s ]
SQL: SELECT `email`,`password`,`salt`,`uid`,`reg_time` FROM `hm_user_info_base` WHERE `email` = '30178270@qq.com' LIMIT 1   [ RunTime:0.0181s ]
SQL: SELECT * FROM `hm_user_info_base` WHERE ( uid = '11' ) LIMIT 1   [ RunTime:0.0172s ]
SQL: SHOW COLUMNS FROM `hm_user_info_details` [ RunTime:0.0155s ]
SQL: SELECT * FROM `hm_user_info_details` WHERE ( uid=11 ) LIMIT 1   [ RunTime:0.0167s ]
NOTIC: [8] Use of undefined constant F - assumed 'F' /Applications/MAMP/htdocs/HealthManager/Application/UserCenter/Model/UserModel.class.php 第 289 行.
SQL: SHOW COLUMNS FROM `hm_user_login_token` [ RunTime:0.0168s ]
SQL: SELECT COUNT(*) AS tp_count FROM `hm_user_login_token` WHERE `uid` = 11 LIMIT 1   [ RunTime:0.0143s ]
SQL: UPDATE `hm_user_login_token` SET `uid`='11',`token`='1c015d77482625427695258dbe1b0525',`update_time`='2016-12-27 10:58:36' WHERE `uid` = 11 [ RunTime:0.0169s ]
SQL: SELECT `uid`,`username`,`email`,`mobile`,`email_verify`,`reg_time`,`user_type` FROM `hm_user_info_base` WHERE `uid` = 11 LIMIT 1   [ RunTime:0.0174s ]
SQL: SHOW COLUMNS FROM `hm_user_info_details` [ RunTime:0.0159s ]
SQL: SELECT * FROM `hm_user_info_details` WHERE ( 1=1 AND uid='11' ) LIMIT 1   [ RunTime:0.0192s ]
SQL: SHOW COLUMNS FROM `hm_user_info_extra` [ RunTime:0.0157s ]
SQL: SELECT * FROM `hm_user_info_extra` WHERE ( 1=1 AND uid='11' ) LIMIT 1   [ RunTime:0.0159s ]
SQL: SHOW COLUMNS FROM `hm_user_info_certification` [ RunTime:0.0297s ]
SQL: SELECT * FROM `hm_user_info_certification` WHERE ( 1=1 AND uid='11' ) LIMIT 1   [ RunTime:0.0185s ]
SQL: SHOW COLUMNS FROM `hm_user_bind` [ RunTime:0.0161s ]
SQL: SELECT * FROM `hm_user_bind` WHERE ( 1=1 AND uid='11' )  [ RunTime:0.0154s ]
NOTIC: [8192] preg_replace(): The /e modifier is deprecated, use preg_replace_callback instead /Applications/MAMP/htdocs/HealthManager/Application/Common/Common/function.php 第 196 行.
INFO: [ app_end ] --START--
INFO: Run Behavior\ShowPageTraceBehavior [ RunTime:0.000969s ]
INFO: [ app_end ] --END-- [ RunTime:0.001075s ]

