[ 2016-12-19T11:15:03+08:00 ] ::1 /index.php/UserCenter/Api/signIn?account=30178270@qq.com&password=123456&userType=1
INFO: [ app_init ] --START--
INFO: Run Behavior\BuildLiteBehavior [ RunTime:0.000020s ]
INFO: [ app_init ] --END-- [ RunTime:0.000449s ]
INFO: [ app_begin ] --START--
INFO: Run Behavior\ReadHtmlCacheBehavior [ RunTime:0.000530s ]
INFO: [ app_begin ] --END-- [ RunTime:0.000603s ]
NOTIC: [8192] mysql_connect(): The mysql extension is deprecated and will be removed in the future: use mysqli or PDO instead /Applications/MAMP/htdocs/HealthManager/ThinkPHP/Library/Think/Session/Driver/Db.class.php 第 95 行.
SQL: SHOW COLUMNS FROM `hm_user_info_base` [ RunTime:0.0052s ]
SQL: SHOW COLUMNS FROM `hm_user_info_base` [ RunTime:0.0046s ]
SQL: SELECT `email`,`password`,`salt`,`uid`,`reg_time` FROM `hm_user_info_base` WHERE `email` = '30178270@qq.com' LIMIT 1   [ RunTime:0.0052s ]
SQL: SELECT * FROM `hm_user_info_base` WHERE ( uid = '11' ) LIMIT 1   [ RunTime:0.0047s ]
SQL: SHOW COLUMNS FROM `hm_user_info_details` [ RunTime:0.0136s ]
SQL: SELECT * FROM `hm_user_info_details` WHERE ( uid=11 ) LIMIT 1   [ RunTime:0.0114s ]
NOTIC: [8] Use of undefined constant F - assumed 'F' /Applications/MAMP/htdocs/HealthManager/Application/UserCenter/Model/UserModel.class.php 第 289 行.
SQL: SHOW COLUMNS FROM `hm_user_login_token` [ RunTime:0.0052s ]
SQL: SELECT COUNT(*) AS tp_count FROM `hm_user_login_token` WHERE `uid` = 11 LIMIT 1   [ RunTime:0.0037s ]
SQL: UPDATE `hm_user_login_token` SET `uid`='11',`token`='f83428b13bd412cb456cfe41bd3806bf',`update_time`='2016-12-19 11:15:03' WHERE `uid` = 11 [ RunTime:0.0047s ]
SQL: SELECT `uid`,`username`,`email`,`mobile`,`email_verify`,`reg_time`,`user_type` FROM `hm_user_info_base` WHERE `uid` = 11 LIMIT 1   [ RunTime:0.0048s ]
SQL: SHOW COLUMNS FROM `hm_user_info_details` [ RunTime:0.0048s ]
SQL: SELECT * FROM `hm_user_info_details` WHERE ( 1=1 AND uid='11' ) LIMIT 1   [ RunTime:0.0047s ]
SQL: SHOW COLUMNS FROM `hm_user_info_extra` [ RunTime:0.0060s ]
SQL: SELECT * FROM `hm_user_info_extra` WHERE ( 1=1 AND uid='11' ) LIMIT 1   [ RunTime:0.0113s ]
SQL: SHOW COLUMNS FROM `hm_user_info_certification` [ RunTime:0.0154s ]
SQL: SELECT * FROM `hm_user_info_certification` WHERE ( 1=1 AND uid='11' ) LIMIT 1   [ RunTime:0.0072s ]
SQL: SHOW COLUMNS FROM `hm_user_bind` [ RunTime:0.0102s ]
SQL: SELECT * FROM `hm_user_bind` WHERE ( 1=1 AND uid='11' )  [ RunTime:0.0099s ]
NOTIC: [8192] preg_replace(): The /e modifier is deprecated, use preg_replace_callback instead /Applications/MAMP/htdocs/HealthManager/Application/Common/Common/function.php 第 196 行.
INFO: [ app_end ] --START--
INFO: Run Behavior\ShowPageTraceBehavior [ RunTime:0.001809s ]
INFO: [ app_end ] --END-- [ RunTime:0.001936s ]

[ 2016-12-19T11:45:57+08:00 ] ::1 /index.php/UserCenter/Api/signIn?account=30178270@qq.com&password=123456&userType=1
INFO: [ app_init ] --START--
INFO: Run Behavior\BuildLiteBehavior [ RunTime:0.000023s ]
INFO: [ app_init ] --END-- [ RunTime:0.000444s ]
INFO: [ app_begin ] --START--
INFO: Run Behavior\ReadHtmlCacheBehavior [ RunTime:0.000608s ]
INFO: [ app_begin ] --END-- [ RunTime:0.000692s ]
NOTIC: [8192] mysql_connect(): The mysql extension is deprecated and will be removed in the future: use mysqli or PDO instead /Applications/MAMP/htdocs/HealthManager/ThinkPHP/Library/Think/Session/Driver/Db.class.php 第 95 行.
SQL: SHOW COLUMNS FROM `hm_user_info_base` [ RunTime:0.0046s ]
SQL: SHOW COLUMNS FROM `hm_user_info_base` [ RunTime:0.0043s ]
SQL: SELECT `email`,`password`,`salt`,`uid`,`reg_time` FROM `hm_user_info_base` WHERE `email` = '30178270@qq.com' LIMIT 1   [ RunTime:0.0037s ]
SQL: SELECT * FROM `hm_user_info_base` WHERE ( uid = '11' ) LIMIT 1   [ RunTime:0.0047s ]
SQL: SHOW COLUMNS FROM `hm_user_info_details` [ RunTime:0.0133s ]
SQL: SELECT * FROM `hm_user_info_details` WHERE ( uid=11 ) LIMIT 1   [ RunTime:0.0112s ]
NOTIC: [8] Use of undefined constant F - assumed 'F' /Applications/MAMP/htdocs/HealthManager/Application/UserCenter/Model/UserModel.class.php 第 289 行.
SQL: SHOW COLUMNS FROM `hm_user_login_token` [ RunTime:0.0271s ]
SQL: SELECT COUNT(*) AS tp_count FROM `hm_user_login_token` WHERE `uid` = 11 LIMIT 1   [ RunTime:0.0042s ]
SQL: UPDATE `hm_user_login_token` SET `uid`='11',`token`='bcc85914ef283f52d9948c3aaad8ccf0',`update_time`='2016-12-19 11:45:57' WHERE `uid` = 11 [ RunTime:0.0039s ]
SQL: SELECT `uid`,`username`,`email`,`mobile`,`email_verify`,`reg_time`,`user_type` FROM `hm_user_info_base` WHERE `uid` = 11 LIMIT 1   [ RunTime:0.0050s ]
SQL: SHOW COLUMNS FROM `hm_user_info_details` [ RunTime:0.0043s ]
SQL: SELECT * FROM `hm_user_info_details` WHERE ( 1=1 AND uid='11' ) LIMIT 1   [ RunTime:0.0039s ]
SQL: SHOW COLUMNS FROM `hm_user_info_extra` [ RunTime:0.0112s ]
SQL: SELECT * FROM `hm_user_info_extra` WHERE ( 1=1 AND uid='11' ) LIMIT 1   [ RunTime:0.0402s ]
SQL: SHOW COLUMNS FROM `hm_user_info_certification` [ RunTime:0.0044s ]
SQL: SELECT * FROM `hm_user_info_certification` WHERE ( 1=1 AND uid='11' ) LIMIT 1   [ RunTime:0.0047s ]
SQL: SHOW COLUMNS FROM `hm_user_bind` [ RunTime:0.0037s ]
SQL: SELECT * FROM `hm_user_bind` WHERE ( 1=1 AND uid='11' )  [ RunTime:0.0075s ]
NOTIC: [8192] preg_replace(): The /e modifier is deprecated, use preg_replace_callback instead /Applications/MAMP/htdocs/HealthManager/Application/Common/Common/function.php 第 196 行.
INFO: [ app_end ] --START--
INFO: Run Behavior\ShowPageTraceBehavior [ RunTime:0.001880s ]
INFO: [ app_end ] --END-- [ RunTime:0.002010s ]

[ 2016-12-19T11:47:24+08:00 ] ::1 /index.php/UserCenter/Api/signIn?account=30178270@qq.com&password=123456&userType=1
INFO: [ app_init ] --START--
INFO: Run Behavior\BuildLiteBehavior [ RunTime:0.000021s ]
INFO: [ app_init ] --END-- [ RunTime:0.000433s ]
INFO: [ app_begin ] --START--
INFO: Run Behavior\ReadHtmlCacheBehavior [ RunTime:0.000639s ]
INFO: [ app_begin ] --END-- [ RunTime:0.000719s ]
NOTIC: [8192] mysql_connect(): The mysql extension is deprecated and will be removed in the future: use mysqli or PDO instead /Applications/MAMP/htdocs/HealthManager/ThinkPHP/Library/Think/Session/Driver/Db.class.php 第 95 行.
SQL: SHOW COLUMNS FROM `hm_user_info_base` [ RunTime:0.0045s ]
SQL: SHOW COLUMNS FROM `hm_user_info_base` [ RunTime:0.0045s ]
SQL: SELECT `email`,`password`,`salt`,`uid`,`reg_time` FROM `hm_user_info_base` WHERE `email` = '30178270@qq.com' LIMIT 1   [ RunTime:0.0039s ]
SQL: SELECT * FROM `hm_user_info_base` WHERE ( uid = '11' ) LIMIT 1   [ RunTime:0.0055s ]
SQL: SHOW COLUMNS FROM `hm_user_info_details` [ RunTime:0.0126s ]
SQL: SELECT * FROM `hm_user_info_details` WHERE ( uid=11 ) LIMIT 1   [ RunTime:0.0114s ]
NOTIC: [8] Use of undefined constant F - assumed 'F' /Applications/MAMP/htdocs/HealthManager/Application/UserCenter/Model/UserModel.class.php 第 289 行.
SQL: SHOW COLUMNS FROM `hm_user_login_token` [ RunTime:0.0054s ]
SQL: SELECT COUNT(*) AS tp_count FROM `hm_user_login_token` WHERE `uid` = 11 LIMIT 1   [ RunTime:0.0034s ]
SQL: UPDATE `hm_user_login_token` SET `uid`='11',`token`='3f779a68691fc9504e19836d47c1768b',`update_time`='2016-12-19 11:47:24' WHERE `uid` = 11 [ RunTime:0.0049s ]
SQL: SELECT `uid`,`username`,`email`,`mobile`,`email_verify`,`reg_time`,`user_type` FROM `hm_user_info_base` WHERE `uid` = 11 LIMIT 1   [ RunTime:0.0041s ]
SQL: SHOW COLUMNS FROM `hm_user_info_details` [ RunTime:0.0045s ]
SQL: SELECT * FROM `hm_user_info_details` WHERE ( 1=1 AND uid='11' ) LIMIT 1   [ RunTime:0.0055s ]
SQL: SHOW COLUMNS FROM `hm_user_info_extra` [ RunTime:0.0048s ]
SQL: SELECT * FROM `hm_user_info_extra` WHERE ( 1=1 AND uid='11' ) LIMIT 1   [ RunTime:0.0112s ]
SQL: SHOW COLUMNS FROM `hm_user_info_certification` [ RunTime:0.0132s ]
SQL: SELECT * FROM `hm_user_info_certification` WHERE ( 1=1 AND uid='11' ) LIMIT 1   [ RunTime:0.0091s ]
SQL: SHOW COLUMNS FROM `hm_user_bind` [ RunTime:0.0495s ]
SQL: SELECT * FROM `hm_user_bind` WHERE ( 1=1 AND uid='11' )  [ RunTime:0.0642s ]
NOTIC: [8192] preg_replace(): The /e modifier is deprecated, use preg_replace_callback instead /Applications/MAMP/htdocs/HealthManager/Application/Common/Common/function.php 第 196 行.
INFO: [ app_end ] --START--
INFO: Run Behavior\ShowPageTraceBehavior [ RunTime:0.001773s ]
INFO: [ app_end ] --END-- [ RunTime:0.001918s ]

[ 2016-12-19T11:53:31+08:00 ] ::1 /index.php/UserCenter/Api/signIn?account=demo@ainia.com.cn&password=123456&userType=1
INFO: [ app_init ] --START--
INFO: Run Behavior\BuildLiteBehavior [ RunTime:0.000021s ]
INFO: [ app_init ] --END-- [ RunTime:0.000467s ]
INFO: [ app_begin ] --START--
INFO: Run Behavior\ReadHtmlCacheBehavior [ RunTime:0.000554s ]
INFO: [ app_begin ] --END-- [ RunTime:0.000629s ]
NOTIC: [8192] mysql_connect(): The mysql extension is deprecated and will be removed in the future: use mysqli or PDO instead /Applications/MAMP/htdocs/HealthManager/ThinkPHP/Library/Think/Session/Driver/Db.class.php 第 95 行.
SQL: SHOW COLUMNS FROM `hm_user_info_base` [ RunTime:0.0192s ]
SQL: SHOW COLUMNS FROM `hm_user_info_base` [ RunTime:0.0154s ]
SQL: SELECT `email`,`password`,`salt`,`uid`,`reg_time` FROM `hm_user_info_base` WHERE `email` = 'demo@ainia.com.cn' LIMIT 1   [ RunTime:0.1387s ]
SQL: SELECT * FROM `hm_user_info_base` WHERE ( uid = '15' ) LIMIT 1   [ RunTime:0.0256s ]
SQL: SHOW COLUMNS FROM `hm_user_info_details` [ RunTime:0.2938s ]
SQL: SELECT * FROM `hm_user_info_details` WHERE ( uid=15 ) LIMIT 1   [ RunTime:0.1745s ]
NOTIC: [8] Use of undefined constant M - assumed 'M' /Applications/MAMP/htdocs/HealthManager/Application/UserCenter/Model/UserModel.class.php 第 287 行.
SQL: SHOW COLUMNS FROM `hm_user_login_token` [ RunTime:0.0691s ]
SQL: SELECT COUNT(*) AS tp_count FROM `hm_user_login_token` WHERE `uid` = 15 LIMIT 1   [ RunTime:0.1388s ]
SQL: INSERT INTO `hm_user_login_token` (`uid`,`add_time`,`token`) VALUES ('15','2016-12-19 11:53:30','3b3314d405af046d2c12167cad44093c') [ RunTime:0.1390s ]
SQL: SELECT `uid`,`username`,`email`,`mobile`,`email_verify`,`reg_time`,`user_type` FROM `hm_user_info_base` WHERE `uid` = 15 LIMIT 1   [ RunTime:0.4825s ]
SQL: SHOW COLUMNS FROM `hm_user_info_details` [ RunTime:0.1017s ]
SQL: SELECT * FROM `hm_user_info_details` WHERE ( 1=1 AND uid='15' ) LIMIT 1   [ RunTime:0.2136s ]
SQL: SHOW COLUMNS FROM `hm_user_info_extra` [ RunTime:0.0494s ]
SQL: SELECT * FROM `hm_user_info_extra` WHERE ( 1=1 AND uid='15' ) LIMIT 1   [ RunTime:0.1340s ]
SQL: SHOW COLUMNS FROM `hm_user_info_certification` [ RunTime:0.0711s ]
SQL: SELECT * FROM `hm_user_info_certification` WHERE ( 1=1 AND uid='15' ) LIMIT 1   [ RunTime:0.0251s ]
SQL: SHOW COLUMNS FROM `hm_user_bind` [ RunTime:0.0326s ]
SQL: SELECT * FROM `hm_user_bind` WHERE ( 1=1 AND uid='15' )  [ RunTime:0.0187s ]
NOTIC: [8192] preg_replace(): The /e modifier is deprecated, use preg_replace_callback instead /Applications/MAMP/htdocs/HealthManager/Application/Common/Common/function.php 第 196 行.
INFO: [ app_end ] --START--
INFO: Run Behavior\ShowPageTraceBehavior [ RunTime:0.001286s ]
INFO: [ app_end ] --END-- [ RunTime:0.001417s ]

[ 2016-12-19T11:53:32+08:00 ] ::1 /index.php/UserCenter/Api/signIn?account=demo@ainia.com.cn&password=123456&userType=1
INFO: [ app_init ] --START--
INFO: Run Behavior\BuildLiteBehavior [ RunTime:0.000022s ]
INFO: [ app_init ] --END-- [ RunTime:0.000487s ]
INFO: [ app_begin ] --START--
INFO: Run Behavior\ReadHtmlCacheBehavior [ RunTime:0.000548s ]
INFO: [ app_begin ] --END-- [ RunTime:0.000614s ]
NOTIC: [8192] mysql_connect(): The mysql extension is deprecated and will be removed in the future: use mysqli or PDO instead /Applications/MAMP/htdocs/HealthManager/ThinkPHP/Library/Think/Session/Driver/Db.class.php 第 95 行.
SQL: SHOW COLUMNS FROM `hm_user_info_base` [ RunTime:0.0183s ]
SQL: SHOW COLUMNS FROM `hm_user_info_base` [ RunTime:0.0159s ]
SQL: SELECT `email`,`password`,`salt`,`uid`,`reg_time` FROM `hm_user_info_base` WHERE `email` = 'demo@ainia.com.cn' LIMIT 1   [ RunTime:0.0340s ]
SQL: SELECT * FROM `hm_user_info_base` WHERE ( uid = '15' ) LIMIT 1   [ RunTime:0.0966s ]
SQL: SHOW COLUMNS FROM `hm_user_info_details` [ RunTime:0.2408s ]
SQL: SELECT * FROM `hm_user_info_details` WHERE ( uid=15 ) LIMIT 1   [ RunTime:0.1873s ]
NOTIC: [8] Use of undefined constant M - assumed 'M' /Applications/MAMP/htdocs/HealthManager/Application/UserCenter/Model/UserModel.class.php 第 287 行.
SQL: SHOW COLUMNS FROM `hm_user_login_token` [ RunTime:0.0311s ]
SQL: SELECT COUNT(*) AS tp_count FROM `hm_user_login_token` WHERE `uid` = 15 LIMIT 1   [ RunTime:0.0338s ]
SQL: UPDATE `hm_user_login_token` SET `uid`='15',`token`='dbb0115f64fb97576650dc7dc78381f2',`update_time`='2016-12-19 11:53:32' WHERE `uid` = 15 [ RunTime:0.0163s ]
SQL: SELECT `uid`,`username`,`email`,`mobile`,`email_verify`,`reg_time`,`user_type` FROM `hm_user_info_base` WHERE `uid` = 15 LIMIT 1   [ RunTime:0.0476s ]
SQL: SHOW COLUMNS FROM `hm_user_info_details` [ RunTime:0.0276s ]
SQL: SELECT * FROM `hm_user_info_details` WHERE ( 1=1 AND uid='15' ) LIMIT 1   [ RunTime:0.0678s ]
SQL: SHOW COLUMNS FROM `hm_user_info_extra` [ RunTime:0.0569s ]
SQL: SELECT * FROM `hm_user_info_extra` WHERE ( 1=1 AND uid='15' ) LIMIT 1   [ RunTime:0.0255s ]
SQL: SHOW COLUMNS FROM `hm_user_info_certification` [ RunTime:0.0515s ]
SQL: SELECT * FROM `hm_user_info_certification` WHERE ( 1=1 AND uid='15' ) LIMIT 1   [ RunTime:0.1075s ]
SQL: SHOW COLUMNS FROM `hm_user_bind` [ RunTime:0.0755s ]
SQL: SELECT * FROM `hm_user_bind` WHERE ( 1=1 AND uid='15' )  [ RunTime:0.1105s ]
NOTIC: [8192] preg_replace(): The /e modifier is deprecated, use preg_replace_callback instead /Applications/MAMP/htdocs/HealthManager/Application/Common/Common/function.php 第 196 行.
INFO: [ app_end ] --START--
INFO: Run Behavior\ShowPageTraceBehavior [ RunTime:0.001208s ]
INFO: [ app_end ] --END-- [ RunTime:0.001364s ]

[ 2016-12-19T11:54:07+08:00 ] ::1 /index.php/UserCenter/Api/signIn?account=demo@ainia.com.cn&password=123456&userType=1
INFO: [ app_init ] --START--
INFO: Run Behavior\BuildLiteBehavior [ RunTime:0.000020s ]
INFO: [ app_init ] --END-- [ RunTime:0.000429s ]
INFO: [ app_begin ] --START--
INFO: Run Behavior\ReadHtmlCacheBehavior [ RunTime:0.000476s ]
INFO: [ app_begin ] --END-- [ RunTime:0.000537s ]
NOTIC: [8192] mysql_connect(): The mysql extension is deprecated and will be removed in the future: use mysqli or PDO instead /Applications/MAMP/htdocs/HealthManager/ThinkPHP/Library/Think/Session/Driver/Db.class.php 第 95 行.
SQL: SHOW COLUMNS FROM `hm_user_info_base` [ RunTime:0.0667s ]
SQL: SHOW COLUMNS FROM `hm_user_info_base` [ RunTime:0.0840s ]
SQL: SELECT `email`,`password`,`salt`,`uid`,`reg_time` FROM `hm_user_info_base` WHERE `email` = 'demo@ainia.com.cn' LIMIT 1   [ RunTime:0.0727s ]
SQL: SELECT * FROM `hm_user_info_base` WHERE ( uid = '15' ) LIMIT 1   [ RunTime:0.0625s ]
SQL: SHOW COLUMNS FROM `hm_user_info_details` [ RunTime:0.1992s ]
SQL: SELECT * FROM `hm_user_info_details` WHERE ( uid=15 ) LIMIT 1   [ RunTime:0.0694s ]
NOTIC: [8] Use of undefined constant M - assumed 'M' /Applications/MAMP/htdocs/HealthManager/Application/UserCenter/Model/UserModel.class.php 第 287 行.
SQL: SHOW COLUMNS FROM `hm_user_login_token` [ RunTime:0.5626s ]
SQL: SELECT COUNT(*) AS tp_count FROM `hm_user_login_token` WHERE `uid` = 15 LIMIT 1   [ RunTime:0.0147s ]
SQL: UPDATE `hm_user_login_token` SET `uid`='15',`token`='6d63cd81803e1aeb2afb445b7c946d8a',`update_time`='2016-12-19 11:54:06' WHERE `uid` = 15 [ RunTime:0.0170s ]
SQL: SELECT `uid`,`username`,`email`,`mobile`,`email_verify`,`reg_time`,`user_type` FROM `hm_user_info_base` WHERE `uid` = 15 LIMIT 1   [ RunTime:0.0187s ]
SQL: SHOW COLUMNS FROM `hm_user_info_details` [ RunTime:0.0167s ]
SQL: SELECT * FROM `hm_user_info_details` WHERE ( 1=1 AND uid='15' ) LIMIT 1   [ RunTime:0.0550s ]
SQL: SHOW COLUMNS FROM `hm_user_info_extra` [ RunTime:0.2369s ]
SQL: SELECT * FROM `hm_user_info_extra` WHERE ( 1=1 AND uid='15' ) LIMIT 1   [ RunTime:0.0414s ]
SQL: SHOW COLUMNS FROM `hm_user_info_certification` [ RunTime:0.3911s ]
SQL: SELECT * FROM `hm_user_info_certification` WHERE ( 1=1 AND uid='15' ) LIMIT 1   [ RunTime:0.0881s ]
SQL: SHOW COLUMNS FROM `hm_user_bind` [ RunTime:0.0631s ]
SQL: SELECT * FROM `hm_user_bind` WHERE ( 1=1 AND uid='15' )  [ RunTime:0.0588s ]
NOTIC: [8192] preg_replace(): The /e modifier is deprecated, use preg_replace_callback instead /Applications/MAMP/htdocs/HealthManager/Application/Common/Common/function.php 第 196 行.
INFO: [ app_end ] --START--
INFO: Run Behavior\ShowPageTraceBehavior [ RunTime:0.000909s ]
INFO: [ app_end ] --END-- [ RunTime:0.001015s ]

[ 2016-12-19T11:54:12+08:00 ] ::1 /index.php/UserCenter/Api/signIn?account=demo@ainia.com.cn&password=123456&userType=1
INFO: [ app_init ] --START--
INFO: Run Behavior\BuildLiteBehavior [ RunTime:0.000020s ]
INFO: [ app_init ] --END-- [ RunTime:0.000442s ]
INFO: [ app_begin ] --START--
INFO: Run Behavior\ReadHtmlCacheBehavior [ RunTime:0.000476s ]
INFO: [ app_begin ] --END-- [ RunTime:0.000534s ]
NOTIC: [8192] mysql_connect(): The mysql extension is deprecated and will be removed in the future: use mysqli or PDO instead /Applications/MAMP/htdocs/HealthManager/ThinkPHP/Library/Think/Session/Driver/Db.class.php 第 95 行.
SQL: SHOW COLUMNS FROM `hm_user_info_base` [ RunTime:0.0731s ]
SQL: SHOW COLUMNS FROM `hm_user_info_base` [ RunTime:0.0828s ]
SQL: SELECT `email`,`password`,`salt`,`uid`,`reg_time` FROM `hm_user_info_base` WHERE `email` = 'demo@ainia.com.cn' LIMIT 1   [ RunTime:0.0969s ]
SQL: SELECT * FROM `hm_user_info_base` WHERE ( uid = '15' ) LIMIT 1   [ RunTime:0.3081s ]
SQL: SHOW COLUMNS FROM `hm_user_info_details` [ RunTime:0.2275s ]
SQL: SELECT * FROM `hm_user_info_details` WHERE ( uid=15 ) LIMIT 1   [ RunTime:0.2603s ]
NOTIC: [8] Use of undefined constant M - assumed 'M' /Applications/MAMP/htdocs/HealthManager/Application/UserCenter/Model/UserModel.class.php 第 287 行.
SQL: SHOW COLUMNS FROM `hm_user_login_token` [ RunTime:0.0970s ]
SQL: SELECT COUNT(*) AS tp_count FROM `hm_user_login_token` WHERE `uid` = 15 LIMIT 1   [ RunTime:0.1166s ]
SQL: UPDATE `hm_user_login_token` SET `uid`='15',`token`='d1090d23c8f13ad0a2d546b7f521f6b2',`update_time`='2016-12-19 11:54:10' WHERE `uid` = 15 [ RunTime:0.1174s ]
SQL: SELECT `uid`,`username`,`email`,`mobile`,`email_verify`,`reg_time`,`user_type` FROM `hm_user_info_base` WHERE `uid` = 15 LIMIT 1   [ RunTime:0.1794s ]
SQL: SHOW COLUMNS FROM `hm_user_info_details` [ RunTime:0.0804s ]
SQL: SELECT * FROM `hm_user_info_details` WHERE ( 1=1 AND uid='15' ) LIMIT 1   [ RunTime:0.1521s ]
SQL: SHOW COLUMNS FROM `hm_user_info_extra` [ RunTime:0.1143s ]
SQL: SELECT * FROM `hm_user_info_extra` WHERE ( 1=1 AND uid='15' ) LIMIT 1   [ RunTime:0.2684s ]
SQL: SHOW COLUMNS FROM `hm_user_info_certification` [ RunTime:0.2131s ]
SQL: SELECT * FROM `hm_user_info_certification` WHERE ( 1=1 AND uid='15' ) LIMIT 1   [ RunTime:0.1201s ]
SQL: SHOW COLUMNS FROM `hm_user_bind` [ RunTime:0.0945s ]
SQL: SELECT * FROM `hm_user_bind` WHERE ( 1=1 AND uid='15' )  [ RunTime:0.1163s ]
NOTIC: [8192] preg_replace(): The /e modifier is deprecated, use preg_replace_callback instead /Applications/MAMP/htdocs/HealthManager/Application/Common/Common/function.php 第 196 行.
INFO: [ app_end ] --START--
INFO: Run Behavior\ShowPageTraceBehavior [ RunTime:0.000942s ]
INFO: [ app_end ] --END-- [ RunTime:0.001049s ]

[ 2016-12-19T11:54:39+08:00 ] ::1 /index.php/UserCenter/Api/signIn?account=demo@ainia.com.cn&password=123456&userType=1
INFO: [ app_init ] --START--
INFO: Run Behavior\BuildLiteBehavior [ RunTime:0.000022s ]
INFO: [ app_init ] --END-- [ RunTime:0.000508s ]
INFO: [ app_begin ] --START--
INFO: Run Behavior\ReadHtmlCacheBehavior [ RunTime:0.000622s ]
INFO: [ app_begin ] --END-- [ RunTime:0.000713s ]
NOTIC: [8192] mysql_connect(): The mysql extension is deprecated and will be removed in the future: use mysqli or PDO instead /Applications/MAMP/htdocs/HealthManager/ThinkPHP/Library/Think/Session/Driver/Db.class.php 第 95 行.
SQL: SHOW COLUMNS FROM `hm_user_info_base` [ RunTime:0.0458s ]
SQL: SHOW COLUMNS FROM `hm_user_info_base` [ RunTime:0.0153s ]
SQL: SELECT `email`,`password`,`salt`,`uid`,`reg_time` FROM `hm_user_info_base` WHERE `email` = 'demo@ainia.com.cn' LIMIT 1   [ RunTime:0.2462s ]
SQL: SELECT * FROM `hm_user_info_base` WHERE ( uid = '15' ) LIMIT 1   [ RunTime:0.4089s ]
SQL: SHOW COLUMNS FROM `hm_user_info_details` [ RunTime:0.4091s ]
SQL: SELECT * FROM `hm_user_info_details` WHERE ( uid=15 ) LIMIT 1   [ RunTime:0.4094s ]
NOTIC: [8] Use of undefined constant M - assumed 'M' /Applications/MAMP/htdocs/HealthManager/Application/UserCenter/Model/UserModel.class.php 第 287 行.
SQL: SHOW COLUMNS FROM `hm_user_login_token` [ RunTime:1.0007s ]
SQL: SELECT COUNT(*) AS tp_count FROM `hm_user_login_token` WHERE `uid` = 15 LIMIT 1   [ RunTime:0.1580s ]
SQL: UPDATE `hm_user_login_token` SET `uid`='15',`token`='450c03ef6d03079e6e70a5da8c516592',`update_time`='2016-12-19 11:54:38' WHERE `uid` = 15 [ RunTime:0.0174s ]
SQL: SELECT `uid`,`username`,`email`,`mobile`,`email_verify`,`reg_time`,`user_type` FROM `hm_user_info_base` WHERE `uid` = 15 LIMIT 1   [ RunTime:0.0211s ]
SQL: SHOW COLUMNS FROM `hm_user_info_details` [ RunTime:0.0292s ]
SQL: SELECT * FROM `hm_user_info_details` WHERE ( 1=1 AND uid='15' ) LIMIT 1   [ RunTime:0.0194s ]
SQL: SHOW COLUMNS FROM `hm_user_info_extra` [ RunTime:0.0184s ]
SQL: SELECT * FROM `hm_user_info_extra` WHERE ( 1=1 AND uid='15' ) LIMIT 1   [ RunTime:0.0185s ]
SQL: SHOW COLUMNS FROM `hm_user_info_certification` [ RunTime:0.2943s ]
SQL: SELECT * FROM `hm_user_info_certification` WHERE ( 1=1 AND uid='15' ) LIMIT 1   [ RunTime:0.0365s ]
SQL: SHOW COLUMNS FROM `hm_user_bind` [ RunTime:0.0178s ]
SQL: SELECT * FROM `hm_user_bind` WHERE ( 1=1 AND uid='15' )  [ RunTime:0.0770s ]
NOTIC: [8192] preg_replace(): The /e modifier is deprecated, use preg_replace_callback instead /Applications/MAMP/htdocs/HealthManager/Application/Common/Common/function.php 第 196 行.
INFO: [ app_end ] --START--
INFO: Run Behavior\ShowPageTraceBehavior [ RunTime:0.001882s ]
INFO: [ app_end ] --END-- [ RunTime:0.002011s ]

[ 2016-12-19T11:54:40+08:00 ] ::1 /index.php/UserCenter/Api/signIn?account=demo@ainia.com.cn&password=123456&userType=1
INFO: [ app_init ] --START--
INFO: Run Behavior\BuildLiteBehavior [ RunTime:0.000014s ]
INFO: [ app_init ] --END-- [ RunTime:0.000335s ]
INFO: [ app_begin ] --START--
INFO: Run Behavior\ReadHtmlCacheBehavior [ RunTime:0.000424s ]
INFO: [ app_begin ] --END-- [ RunTime:0.000477s ]
NOTIC: [8192] mysql_connect(): The mysql extension is deprecated and will be removed in the future: use mysqli or PDO instead /Applications/MAMP/htdocs/HealthManager/ThinkPHP/Library/Think/Session/Driver/Db.class.php 第 95 行.
SQL: SHOW COLUMNS FROM `hm_user_info_base` [ RunTime:0.0187s ]
SQL: SHOW COLUMNS FROM `hm_user_info_base` [ RunTime:0.0156s ]
SQL: SELECT `email`,`password`,`salt`,`uid`,`reg_time` FROM `hm_user_info_base` WHERE `email` = 'demo@ainia.com.cn' LIMIT 1   [ RunTime:0.0385s ]
SQL: SELECT * FROM `hm_user_info_base` WHERE ( uid = '15' ) LIMIT 1   [ RunTime:0.0563s ]
SQL: SHOW COLUMNS FROM `hm_user_info_details` [ RunTime:0.0391s ]
SQL: SELECT * FROM `hm_user_info_details` WHERE ( uid=15 ) LIMIT 1   [ RunTime:0.2426s ]
NOTIC: [8] Use of undefined constant M - assumed 'M' /Applications/MAMP/htdocs/HealthManager/Application/UserCenter/Model/UserModel.class.php 第 287 行.
SQL: SHOW COLUMNS FROM `hm_user_login_token` [ RunTime:0.0309s ]
SQL: SELECT COUNT(*) AS tp_count FROM `hm_user_login_token` WHERE `uid` = 15 LIMIT 1   [ RunTime:0.0267s ]
SQL: UPDATE `hm_user_login_token` SET `uid`='15',`token`='b19ae076fffd0f85edf079ac47f2c387',`update_time`='2016-12-19 11:54:39' WHERE `uid` = 15 [ RunTime:0.0206s ]
SQL: SELECT `uid`,`username`,`email`,`mobile`,`email_verify`,`reg_time`,`user_type` FROM `hm_user_info_base` WHERE `uid` = 15 LIMIT 1   [ RunTime:0.0194s ]
SQL: SHOW COLUMNS FROM `hm_user_info_details` [ RunTime:0.0181s ]
SQL: SELECT * FROM `hm_user_info_details` WHERE ( 1=1 AND uid='15' ) LIMIT 1   [ RunTime:0.0169s ]
SQL: SHOW COLUMNS FROM `hm_user_info_extra` [ RunTime:0.0164s ]
SQL: SELECT * FROM `hm_user_info_extra` WHERE ( 1=1 AND uid='15' ) LIMIT 1   [ RunTime:0.1501s ]
SQL: SHOW COLUMNS FROM `hm_user_info_certification` [ RunTime:0.0389s ]
SQL: SELECT * FROM `hm_user_info_certification` WHERE ( 1=1 AND uid='15' ) LIMIT 1   [ RunTime:0.0185s ]
SQL: SHOW COLUMNS FROM `hm_user_bind` [ RunTime:0.0602s ]
SQL: SELECT * FROM `hm_user_bind` WHERE ( 1=1 AND uid='15' )  [ RunTime:0.0187s ]
NOTIC: [8192] preg_replace(): The /e modifier is deprecated, use preg_replace_callback instead /Applications/MAMP/htdocs/HealthManager/Application/Common/Common/function.php 第 196 行.
INFO: [ app_end ] --START--
INFO: Run Behavior\ShowPageTraceBehavior [ RunTime:0.001204s ]
INFO: [ app_end ] --END-- [ RunTime:0.001369s ]

[ 2016-12-19T11:56:23+08:00 ] ::1 /index.php/UserCenter/Api/signIn?account=demo@ainia.com.cn&password=123456&userType=1
INFO: [ app_init ] --START--
INFO: Run Behavior\BuildLiteBehavior [ RunTime:0.000022s ]
INFO: [ app_init ] --END-- [ RunTime:0.000480s ]
INFO: [ app_begin ] --START--
INFO: Run Behavior\ReadHtmlCacheBehavior [ RunTime:0.000621s ]
INFO: [ app_begin ] --END-- [ RunTime:0.000710s ]
NOTIC: [8192] mysql_connect(): The mysql extension is deprecated and will be removed in the future: use mysqli or PDO instead /Applications/MAMP/htdocs/HealthManager/ThinkPHP/Library/Think/Session/Driver/Db.class.php 第 95 行.
SQL: SHOW COLUMNS FROM `hm_user_info_base` [ RunTime:0.0630s ]
SQL: SHOW COLUMNS FROM `hm_user_info_base` [ RunTime:0.0568s ]
SQL: SELECT `email`,`password`,`salt`,`uid`,`reg_time` FROM `hm_user_info_base` WHERE `email` = 'demo@ainia.com.cn' LIMIT 1   [ RunTime:0.0772s ]
SQL: SELECT * FROM `hm_user_info_base` WHERE ( uid = '15' ) LIMIT 1   [ RunTime:0.0179s ]
SQL: SHOW COLUMNS FROM `hm_user_info_details` [ RunTime:0.3358s ]
SQL: SELECT * FROM `hm_user_info_details` WHERE ( uid=15 ) LIMIT 1   [ RunTime:0.1088s ]
NOTIC: [8] Use of undefined constant M - assumed 'M' /Applications/MAMP/htdocs/HealthManager/Application/UserCenter/Model/UserModel.class.php 第 287 行.
SQL: SHOW COLUMNS FROM `hm_user_login_token` [ RunTime:0.0641s ]
SQL: SELECT COUNT(*) AS tp_count FROM `hm_user_login_token` WHERE `uid` = 15 LIMIT 1   [ RunTime:0.0161s ]
SQL: UPDATE `hm_user_login_token` SET `uid`='15',`token`='2b2d31ee2751af73d5230dcf69a806c1',`update_time`='2016-12-19 11:56:22' WHERE `uid` = 15 [ RunTime:0.0590s ]
SQL: SELECT `uid`,`username`,`email`,`mobile`,`email_verify`,`reg_time`,`user_type` FROM `hm_user_info_base` WHERE `uid` = 15 LIMIT 1   [ RunTime:0.0217s ]
SQL: SHOW COLUMNS FROM `hm_user_info_details` [ RunTime:0.0900s ]
SQL: SELECT * FROM `hm_user_info_details` WHERE ( 1=1 AND uid='15' ) LIMIT 1   [ RunTime:0.0614s ]
SQL: SHOW COLUMNS FROM `hm_user_info_extra` [ RunTime:0.2603s ]
SQL: SELECT * FROM `hm_user_info_extra` WHERE ( 1=1 AND uid='15' ) LIMIT 1   [ RunTime:0.1918s ]
SQL: SHOW COLUMNS FROM `hm_user_info_certification` [ RunTime:0.0599s ]
SQL: SELECT * FROM `hm_user_info_certification` WHERE ( 1=1 AND uid='15' ) LIMIT 1   [ RunTime:0.0968s ]
SQL: SHOW COLUMNS FROM `hm_user_bind` [ RunTime:0.0587s ]
SQL: SELECT * FROM `hm_user_bind` WHERE ( 1=1 AND uid='15' )  [ RunTime:0.0769s ]
NOTIC: [8192] preg_replace(): The /e modifier is deprecated, use preg_replace_callback instead /Applications/MAMP/htdocs/HealthManager/Application/Common/Common/function.php 第 196 行.
INFO: [ app_end ] --START--
INFO: Run Behavior\ShowPageTraceBehavior [ RunTime:0.000963s ]
INFO: [ app_end ] --END-- [ RunTime:0.001073s ]

[ 2016-12-19T11:56:24+08:00 ] ::1 /index.php/UserCenter/Api/signIn?account=demo@ainia.com.cn&password=123456&userType=1
INFO: [ app_init ] --START--
INFO: Run Behavior\BuildLiteBehavior [ RunTime:0.000020s ]
INFO: [ app_init ] --END-- [ RunTime:0.000460s ]
INFO: [ app_begin ] --START--
INFO: Run Behavior\ReadHtmlCacheBehavior [ RunTime:0.000568s ]
INFO: [ app_begin ] --END-- [ RunTime:0.000638s ]
NOTIC: [8192] mysql_connect(): The mysql extension is deprecated and will be removed in the future: use mysqli or PDO instead /Applications/MAMP/htdocs/HealthManager/ThinkPHP/Library/Think/Session/Driver/Db.class.php 第 95 行.
SQL: SHOW COLUMNS FROM `hm_user_info_base` [ RunTime:0.0646s ]
SQL: SHOW COLUMNS FROM `hm_user_info_base` [ RunTime:0.0182s ]
SQL: SELECT `email`,`password`,`salt`,`uid`,`reg_time` FROM `hm_user_info_base` WHERE `email` = 'demo@ainia.com.cn' LIMIT 1   [ RunTime:0.0617s ]
SQL: SELECT * FROM `hm_user_info_base` WHERE ( uid = '15' ) LIMIT 1   [ RunTime:0.0909s ]
SQL: SHOW COLUMNS FROM `hm_user_info_details` [ RunTime:0.2435s ]
SQL: SELECT * FROM `hm_user_info_details` WHERE ( uid=15 ) LIMIT 1   [ RunTime:0.1078s ]
NOTIC: [8] Use of undefined constant M - assumed 'M' /Applications/MAMP/htdocs/HealthManager/Application/UserCenter/Model/UserModel.class.php 第 287 行.
SQL: SHOW COLUMNS FROM `hm_user_login_token` [ RunTime:0.0968s ]
SQL: SELECT COUNT(*) AS tp_count FROM `hm_user_login_token` WHERE `uid` = 15 LIMIT 1   [ RunTime:0.0633s ]
SQL: UPDATE `hm_user_login_token` SET `uid`='15',`token`='fb016641f7b17c2b6fd3c67a91245231',`update_time`='2016-12-19 11:56:23' WHERE `uid` = 15 [ RunTime:0.0357s ]
SQL: SELECT `uid`,`username`,`email`,`mobile`,`email_verify`,`reg_time`,`user_type` FROM `hm_user_info_base` WHERE `uid` = 15 LIMIT 1   [ RunTime:0.0577s ]
SQL: SHOW COLUMNS FROM `hm_user_info_details` [ RunTime:0.0946s ]
SQL: SELECT * FROM `hm_user_info_details` WHERE ( 1=1 AND uid='15' ) LIMIT 1   [ RunTime:0.0605s ]
SQL: SHOW COLUMNS FROM `hm_user_info_extra` [ RunTime:0.0934s ]
SQL: SELECT * FROM `hm_user_info_extra` WHERE ( 1=1 AND uid='15' ) LIMIT 1   [ RunTime:0.1366s ]
SQL: SHOW COLUMNS FROM `hm_user_info_certification` [ RunTime:0.0317s ]
SQL: SELECT * FROM `hm_user_info_certification` WHERE ( 1=1 AND uid='15' ) LIMIT 1   [ RunTime:0.2994s ]
SQL: SHOW COLUMNS FROM `hm_user_bind` [ RunTime:0.2205s ]
SQL: SELECT * FROM `hm_user_bind` WHERE ( 1=1 AND uid='15' )  [ RunTime:0.1220s ]
NOTIC: [8192] preg_replace(): The /e modifier is deprecated, use preg_replace_callback instead /Applications/MAMP/htdocs/HealthManager/Application/Common/Common/function.php 第 196 行.
INFO: [ app_end ] --START--
INFO: Run Behavior\ShowPageTraceBehavior [ RunTime:0.001038s ]
INFO: [ app_end ] --END-- [ RunTime:0.001150s ]

[ 2016-12-19T14:15:23+08:00 ] ::1 /index.php/UserCenter/Api/signIn?account=test@ainia.com.cn&password=123456&userType=1
INFO: [ app_init ] --START--
INFO: Run Behavior\BuildLiteBehavior [ RunTime:0.000030s ]
INFO: [ app_init ] --END-- [ RunTime:0.000562s ]
INFO: [ app_begin ] --START--
INFO: Run Behavior\ReadHtmlCacheBehavior [ RunTime:0.000747s ]
INFO: [ app_begin ] --END-- [ RunTime:0.000851s ]
NOTIC: [8192] mysql_connect(): The mysql extension is deprecated and will be removed in the future: use mysqli or PDO instead /Applications/MAMP/htdocs/HealthManager/ThinkPHP/Library/Think/Session/Driver/Db.class.php 第 95 行.
SQL: SHOW COLUMNS FROM `hm_user_info_base` [ RunTime:0.0051s ]
SQL: SHOW COLUMNS FROM `hm_user_info_base` [ RunTime:0.0079s ]
SQL: SELECT `email`,`password`,`salt`,`uid`,`reg_time` FROM `hm_user_info_base` WHERE `email` = 'test@ainia.com.cn' LIMIT 1   [ RunTime:0.0058s ]
SQL: SELECT * FROM `hm_user_info_base` WHERE ( uid = '12' ) LIMIT 1   [ RunTime:0.0055s ]
SQL: SHOW COLUMNS FROM `hm_user_info_details` [ RunTime:0.0074s ]
SQL: SELECT * FROM `hm_user_info_details` WHERE ( uid=12 ) LIMIT 1   [ RunTime:0.0108s ]
NOTIC: [8] Use of undefined constant F - assumed 'F' /Applications/MAMP/htdocs/HealthManager/Application/UserCenter/Model/UserModel.class.php 第 289 行.
SQL: SHOW COLUMNS FROM `hm_user_login_token` [ RunTime:0.0043s ]
SQL: SELECT COUNT(*) AS tp_count FROM `hm_user_login_token` WHERE `uid` = 12 LIMIT 1   [ RunTime:0.0034s ]
SQL: UPDATE `hm_user_login_token` SET `uid`='12',`token`='011bdbcf8ad409e25686542e87c34462',`update_time`='2016-12-19 14:15:23' WHERE `uid` = 12 [ RunTime:0.0041s ]
SQL: SELECT `uid`,`username`,`email`,`mobile`,`email_verify`,`reg_time`,`user_type` FROM `hm_user_info_base` WHERE `uid` = 12 LIMIT 1   [ RunTime:0.0040s ]
SQL: SHOW COLUMNS FROM `hm_user_info_details` [ RunTime:0.0042s ]
SQL: SELECT * FROM `hm_user_info_details` WHERE ( 1=1 AND uid='12' ) LIMIT 1   [ RunTime:0.0056s ]
SQL: SHOW COLUMNS FROM `hm_user_info_extra` [ RunTime:0.0041s ]
SQL: SELECT * FROM `hm_user_info_extra` WHERE ( 1=1 AND uid='12' ) LIMIT 1   [ RunTime:0.0111s ]
SQL: SHOW COLUMNS FROM `hm_user_info_certification` [ RunTime:0.0131s ]
SQL: SELECT * FROM `hm_user_info_certification` WHERE ( 1=1 AND uid='12' ) LIMIT 1   [ RunTime:0.0090s ]
SQL: SHOW COLUMNS FROM `hm_user_bind` [ RunTime:0.0115s ]
SQL: SELECT * FROM `hm_user_bind` WHERE ( 1=1 AND uid='12' )  [ RunTime:0.0076s ]
NOTIC: [8192] preg_replace(): The /e modifier is deprecated, use preg_replace_callback instead /Applications/MAMP/htdocs/HealthManager/Application/Common/Common/function.php 第 196 行.
INFO: [ app_end ] --START--
INFO: Run Behavior\ShowPageTraceBehavior [ RunTime:0.000950s ]
INFO: [ app_end ] --END-- [ RunTime:0.001070s ]

[ 2016-12-19T17:06:30+08:00 ] ::1 /index.php/UserCenter/Api/signIn?account=30178270@qq.com&password=123456&userType=1
INFO: [ app_init ] --START--
INFO: Run Behavior\BuildLiteBehavior [ RunTime:0.000015s ]
INFO: [ app_init ] --END-- [ RunTime:0.000454s ]
INFO: [ app_begin ] --START--
INFO: Run Behavior\ReadHtmlCacheBehavior [ RunTime:0.000697s ]
INFO: [ app_begin ] --END-- [ RunTime:0.000796s ]
NOTIC: [8192] mysql_connect(): The mysql extension is deprecated and will be removed in the future: use mysqli or PDO instead /Applications/MAMP/htdocs/HealthManager/ThinkPHP/Library/Think/Session/Driver/Db.class.php 第 95 行.
SQL: SHOW COLUMNS FROM `hm_user_info_base` [ RunTime:0.0052s ]
SQL: SHOW COLUMNS FROM `hm_user_info_base` [ RunTime:0.0067s ]
SQL: SELECT `email`,`password`,`salt`,`uid`,`reg_time` FROM `hm_user_info_base` WHERE `email` = '30178270@qq.com' LIMIT 1   [ RunTime:0.0044s ]
SQL: SELECT * FROM `hm_user_info_base` WHERE ( uid = '11' ) LIMIT 1   [ RunTime:0.0047s ]
SQL: SHOW COLUMNS FROM `hm_user_info_details` [ RunTime:0.0102s ]
SQL: SELECT * FROM `hm_user_info_details` WHERE ( uid=11 ) LIMIT 1   [ RunTime:0.0115s ]
NOTIC: [8] Use of undefined constant F - assumed 'F' /Applications/MAMP/htdocs/HealthManager/Application/UserCenter/Model/UserModel.class.php 第 289 行.
SQL: SHOW COLUMNS FROM `hm_user_login_token` [ RunTime:0.0048s ]
SQL: SELECT COUNT(*) AS tp_count FROM `hm_user_login_token` WHERE `uid` = 11 LIMIT 1   [ RunTime:0.0045s ]
SQL: UPDATE `hm_user_login_token` SET `uid`='11',`token`='63635653b276e57af4839d2939a2980e',`update_time`='2016-12-19 17:06:30' WHERE `uid` = 11 [ RunTime:0.0046s ]
SQL: SELECT `uid`,`username`,`email`,`mobile`,`email_verify`,`reg_time`,`user_type` FROM `hm_user_info_base` WHERE `uid` = 11 LIMIT 1   [ RunTime:0.0059s ]
SQL: SHOW COLUMNS FROM `hm_user_info_details` [ RunTime:0.0047s ]
SQL: SELECT * FROM `hm_user_info_details` WHERE ( 1=1 AND uid='11' ) LIMIT 1   [ RunTime:0.0049s ]
SQL: SHOW COLUMNS FROM `hm_user_info_extra` [ RunTime:0.0058s ]
SQL: SELECT * FROM `hm_user_info_extra` WHERE ( 1=1 AND uid='11' ) LIMIT 1   [ RunTime:0.0117s ]
SQL: SHOW COLUMNS FROM `hm_user_info_certification` [ RunTime:0.0123s ]
SQL: SELECT * FROM `hm_user_info_certification` WHERE ( 1=1 AND uid='11' ) LIMIT 1   [ RunTime:0.0094s ]
SQL: SHOW COLUMNS FROM `hm_user_bind` [ RunTime:0.0108s ]
SQL: SELECT * FROM `hm_user_bind` WHERE ( 1=1 AND uid='11' )  [ RunTime:0.0088s ]
NOTIC: [8192] preg_replace(): The /e modifier is deprecated, use preg_replace_callback instead /Applications/MAMP/htdocs/HealthManager/Application/Common/Common/function.php 第 196 行.
INFO: [ app_end ] --START--
INFO: Run Behavior\ShowPageTraceBehavior [ RunTime:0.001879s ]
INFO: [ app_end ] --END-- [ RunTime:0.002016s ]

[ 2016-12-19T17:58:48+08:00 ] ::1 /index.php/UserCenter/Api/signIn?account=shandawei@me.com&password=123456&userType=1
INFO: [ app_init ] --START--
INFO: Run Behavior\BuildLiteBehavior [ RunTime:0.000017s ]
INFO: [ app_init ] --END-- [ RunTime:0.000516s ]
INFO: [ app_begin ] --START--
INFO: Run Behavior\ReadHtmlCacheBehavior [ RunTime:0.000782s ]
INFO: [ app_begin ] --END-- [ RunTime:0.000884s ]
NOTIC: [8192] mysql_connect(): The mysql extension is deprecated and will be removed in the future: use mysqli or PDO instead /Applications/MAMP/htdocs/HealthManager/ThinkPHP/Library/Think/Session/Driver/Db.class.php 第 95 行.
SQL: SHOW COLUMNS FROM `hm_user_info_base` [ RunTime:0.0047s ]
SQL: SHOW COLUMNS FROM `hm_user_info_base` [ RunTime:0.0097s ]
SQL: SELECT `email`,`password`,`salt`,`uid`,`reg_time` FROM `hm_user_info_base` WHERE `email` = 'shandawei@me.com' LIMIT 1   [ RunTime:0.0039s ]
NOTIC: [8192] preg_replace(): The /e modifier is deprecated, use preg_replace_callback instead /Applications/MAMP/htdocs/HealthManager/Application/Common/Common/function.php 第 196 行.
INFO: [ app_end ] --START--
INFO: Run Behavior\ShowPageTraceBehavior [ RunTime:0.001537s ]
INFO: [ app_end ] --END-- [ RunTime:0.001700s ]

[ 2016-12-19T17:58:55+08:00 ] ::1 /index.php/UserCenter/Api/signIn?account=shandawei@me.com&password=123456&userType=1
INFO: [ app_init ] --START--
INFO: Run Behavior\BuildLiteBehavior [ RunTime:0.000020s ]
INFO: [ app_init ] --END-- [ RunTime:0.000438s ]
INFO: [ app_begin ] --START--
INFO: Run Behavior\ReadHtmlCacheBehavior [ RunTime:0.000686s ]
INFO: [ app_begin ] --END-- [ RunTime:0.000753s ]
NOTIC: [8192] mysql_connect(): The mysql extension is deprecated and will be removed in the future: use mysqli or PDO instead /Applications/MAMP/htdocs/HealthManager/ThinkPHP/Library/Think/Session/Driver/Db.class.php 第 95 行.
SQL: SHOW COLUMNS FROM `hm_user_info_base` [ RunTime:0.0051s ]
SQL: SHOW COLUMNS FROM `hm_user_info_base` [ RunTime:0.0057s ]
SQL: SELECT `email`,`password`,`salt`,`uid`,`reg_time` FROM `hm_user_info_base` WHERE `email` = 'shandawei@me.com' LIMIT 1   [ RunTime:0.0044s ]
NOTIC: [8192] preg_replace(): The /e modifier is deprecated, use preg_replace_callback instead /Applications/MAMP/htdocs/HealthManager/Application/Common/Common/function.php 第 196 行.
INFO: [ app_end ] --START--
INFO: Run Behavior\ShowPageTraceBehavior [ RunTime:0.000953s ]
INFO: [ app_end ] --END-- [ RunTime:0.001066s ]

[ 2016-12-19T17:59:18+08:00 ] ::1 /index.php/UserCenter/Api/signIn?account=shandawei@ainia.com.cn&password=123456&userType=1
INFO: [ app_init ] --START--
INFO: Run Behavior\BuildLiteBehavior [ RunTime:0.000018s ]
INFO: [ app_init ] --END-- [ RunTime:0.000580s ]
INFO: [ app_begin ] --START--
INFO: Run Behavior\ReadHtmlCacheBehavior [ RunTime:0.000588s ]
INFO: [ app_begin ] --END-- [ RunTime:0.000658s ]
NOTIC: [8192] mysql_connect(): The mysql extension is deprecated and will be removed in the future: use mysqli or PDO instead /Applications/MAMP/htdocs/HealthManager/ThinkPHP/Library/Think/Session/Driver/Db.class.php 第 95 行.
SQL: SHOW COLUMNS FROM `hm_user_info_base` [ RunTime:0.3176s ]
SQL: SHOW COLUMNS FROM `hm_user_info_base` [ RunTime:0.0092s ]
SQL: SELECT `email`,`password`,`salt`,`uid`,`reg_time` FROM `hm_user_info_base` WHERE `email` = 'shandawei@ainia.com.cn' LIMIT 1   [ RunTime:0.0064s ]
SQL: SELECT * FROM `hm_user_info_base` WHERE ( uid = '1' ) LIMIT 1   [ RunTime:0.0099s ]
SQL: SHOW COLUMNS FROM `hm_user_info_details` [ RunTime:0.0085s ]
SQL: SELECT * FROM `hm_user_info_details` WHERE ( uid=1 ) LIMIT 1   [ RunTime:0.0056s ]
NOTIC: [8] Use of undefined constant F - assumed 'F' /Applications/MAMP/htdocs/HealthManager/Application/UserCenter/Model/UserModel.class.php 第 289 行.
SQL: SHOW COLUMNS FROM `hm_user_login_token` [ RunTime:0.0044s ]
SQL: SELECT COUNT(*) AS tp_count FROM `hm_user_login_token` WHERE `uid` = 1 LIMIT 1   [ RunTime:0.0033s ]
SQL: UPDATE `hm_user_login_token` SET `uid`='1',`token`='92603ca37553a564e3b55e50f7e27d95',`update_time`='2016-12-19 17:59:18' WHERE `uid` = 1 [ RunTime:0.0033s ]
SQL: SELECT `uid`,`username`,`email`,`mobile`,`email_verify`,`reg_time`,`user_type` FROM `hm_user_info_base` WHERE `uid` = 1 LIMIT 1   [ RunTime:0.0033s ]
SQL: SHOW COLUMNS FROM `hm_user_info_details` [ RunTime:0.0050s ]
SQL: SELECT * FROM `hm_user_info_details` WHERE ( 1=1 AND uid='1' ) LIMIT 1   [ RunTime:0.0038s ]
SQL: SHOW COLUMNS FROM `hm_user_info_extra` [ RunTime:0.0075s ]
SQL: SELECT * FROM `hm_user_info_extra` WHERE ( 1=1 AND uid='1' ) LIMIT 1   [ RunTime:0.0302s ]
SQL: SHOW COLUMNS FROM `hm_user_info_certification` [ RunTime:0.0036s ]
SQL: SELECT * FROM `hm_user_info_certification` WHERE ( 1=1 AND uid='1' ) LIMIT 1   [ RunTime:0.0066s ]
SQL: SHOW COLUMNS FROM `hm_user_bind` [ RunTime:0.0100s ]
SQL: SELECT * FROM `hm_user_bind` WHERE ( 1=1 AND uid='1' )  [ RunTime:0.0099s ]
NOTIC: [8192] preg_replace(): The /e modifier is deprecated, use preg_replace_callback instead /Applications/MAMP/htdocs/HealthManager/Application/Common/Common/function.php 第 196 行.
INFO: [ app_end ] --START--
INFO: Run Behavior\ShowPageTraceBehavior [ RunTime:0.001891s ]
INFO: [ app_end ] --END-- [ RunTime:0.002016s ]

[ 2016-12-19T17:59:46+08:00 ] ::1 /index.php/UserCenter/Api/signIn?account=shandawei@ainia.com.cn&password=123456&userType=1
INFO: [ app_init ] --START--
INFO: Run Behavior\BuildLiteBehavior [ RunTime:0.000024s ]
INFO: [ app_init ] --END-- [ RunTime:0.000646s ]
INFO: [ app_begin ] --START--
INFO: Run Behavior\ReadHtmlCacheBehavior [ RunTime:0.000639s ]
INFO: [ app_begin ] --END-- [ RunTime:0.000722s ]
NOTIC: [8192] mysql_connect(): The mysql extension is deprecated and will be removed in the future: use mysqli or PDO instead /Applications/MAMP/htdocs/HealthManager/ThinkPHP/Library/Think/Session/Driver/Db.class.php 第 95 行.
SQL: SHOW COLUMNS FROM `hm_user_info_base` [ RunTime:0.0061s ]
SQL: SHOW COLUMNS FROM `hm_user_info_base` [ RunTime:0.0067s ]
SQL: SELECT `email`,`password`,`salt`,`uid`,`reg_time` FROM `hm_user_info_base` WHERE `email` = 'shandawei@ainia.com.cn' LIMIT 1   [ RunTime:0.0045s ]
SQL: SELECT * FROM `hm_user_info_base` WHERE ( uid = '1' ) LIMIT 1   [ RunTime:0.0052s ]
SQL: SHOW COLUMNS FROM `hm_user_info_details` [ RunTime:0.0090s ]
SQL: SELECT * FROM `hm_user_info_details` WHERE ( uid=1 ) LIMIT 1   [ RunTime:0.0115s ]
NOTIC: [8] Use of undefined constant F - assumed 'F' /Applications/MAMP/htdocs/HealthManager/Application/UserCenter/Model/UserModel.class.php 第 289 行.
SQL: SHOW COLUMNS FROM `hm_user_login_token` [ RunTime:0.0053s ]
SQL: SELECT COUNT(*) AS tp_count FROM `hm_user_login_token` WHERE `uid` = 1 LIMIT 1   [ RunTime:0.0044s ]
SQL: UPDATE `hm_user_login_token` SET `uid`='1',`token`='5ce45fa0e1e3eaa9edacbf0a8989656f',`update_time`='2016-12-19 17:59:46' WHERE `uid` = 1 [ RunTime:0.0049s ]
SQL: SELECT `uid`,`username`,`email`,`mobile`,`email_verify`,`reg_time`,`user_type` FROM `hm_user_info_base` WHERE `uid` = 1 LIMIT 1   [ RunTime:0.0048s ]
SQL: SHOW COLUMNS FROM `hm_user_info_details` [ RunTime:0.0053s ]
SQL: SELECT * FROM `hm_user_info_details` WHERE ( 1=1 AND uid='1' ) LIMIT 1   [ RunTime:0.0050s ]
SQL: SHOW COLUMNS FROM `hm_user_info_extra` [ RunTime:0.0052s ]
SQL: SELECT * FROM `hm_user_info_extra` WHERE ( 1=1 AND uid='1' ) LIMIT 1   [ RunTime:0.0305s ]
SQL: SHOW COLUMNS FROM `hm_user_info_certification` [ RunTime:0.0054s ]
SQL: SELECT * FROM `hm_user_info_certification` WHERE ( 1=1 AND uid='1' ) LIMIT 1   [ RunTime:0.0049s ]
SQL: SHOW COLUMNS FROM `hm_user_bind` [ RunTime:0.0100s ]
SQL: SELECT * FROM `hm_user_bind` WHERE ( 1=1 AND uid='1' )  [ RunTime:0.0094s ]
NOTIC: [8192] preg_replace(): The /e modifier is deprecated, use preg_replace_callback instead /Applications/MAMP/htdocs/HealthManager/Application/Common/Common/function.php 第 196 行.
INFO: [ app_end ] --START--
INFO: Run Behavior\ShowPageTraceBehavior [ RunTime:0.001867s ]
INFO: [ app_end ] --END-- [ RunTime:0.001994s ]

[ 2016-12-19T18:00:37+08:00 ] ::1 /index.php/UserCenter/Api/signIn?account=shandawei@ainia.com.cn&password=123456&userType=1
INFO: [ app_init ] --START--
INFO: Run Behavior\BuildLiteBehavior [ RunTime:0.000017s ]
INFO: [ app_init ] --END-- [ RunTime:0.000410s ]
INFO: [ app_begin ] --START--
INFO: Run Behavior\ReadHtmlCacheBehavior [ RunTime:0.000529s ]
INFO: [ app_begin ] --END-- [ RunTime:0.000599s ]
NOTIC: [8192] mysql_connect(): The mysql extension is deprecated and will be removed in the future: use mysqli or PDO instead /Applications/MAMP/htdocs/HealthManager/ThinkPHP/Library/Think/Session/Driver/Db.class.php 第 95 行.
SQL: SHOW COLUMNS FROM `hm_user_info_base` [ RunTime:0.0049s ]
SQL: SHOW COLUMNS FROM `hm_user_info_base` [ RunTime:0.0034s ]
SQL: SELECT `email`,`password`,`salt`,`uid`,`reg_time` FROM `hm_user_info_base` WHERE `email` = 'shandawei@ainia.com.cn' LIMIT 1   [ RunTime:0.0033s ]
SQL: SELECT * FROM `hm_user_info_base` WHERE ( uid = '1' ) LIMIT 1   [ RunTime:0.0033s ]
SQL: SHOW COLUMNS FROM `hm_user_info_details` [ RunTime:0.0152s ]
SQL: SELECT * FROM `hm_user_info_details` WHERE ( uid=1 ) LIMIT 1   [ RunTime:0.0116s ]
NOTIC: [8] Use of undefined constant F - assumed 'F' /Applications/MAMP/htdocs/HealthManager/Application/UserCenter/Model/UserModel.class.php 第 289 行.
SQL: SHOW COLUMNS FROM `hm_user_login_token` [ RunTime:0.0037s ]
SQL: SELECT COUNT(*) AS tp_count FROM `hm_user_login_token` WHERE `uid` = 1 LIMIT 1   [ RunTime:0.0035s ]
SQL: UPDATE `hm_user_login_token` SET `uid`='1',`token`='0923e2fa58a7834ed32f7ae8028e21b7',`update_time`='2016-12-19 18:00:37' WHERE `uid` = 1 [ RunTime:0.0036s ]
SQL: SELECT `uid`,`username`,`email`,`mobile`,`email_verify`,`reg_time`,`user_type` FROM `hm_user_info_base` WHERE `uid` = 1 LIMIT 1   [ RunTime:0.0029s ]
SQL: SHOW COLUMNS FROM `hm_user_info_details` [ RunTime:0.0046s ]
SQL: SELECT * FROM `hm_user_info_details` WHERE ( 1=1 AND uid='1' ) LIMIT 1   [ RunTime:0.0035s ]
SQL: SHOW COLUMNS FROM `hm_user_info_extra` [ RunTime:0.0093s ]
SQL: SELECT * FROM `hm_user_info_extra` WHERE ( 1=1 AND uid='1' ) LIMIT 1   [ RunTime:0.0295s ]
SQL: SHOW COLUMNS FROM `hm_user_info_certification` [ RunTime:0.0042s ]
SQL: SELECT * FROM `hm_user_info_certification` WHERE ( 1=1 AND uid='1' ) LIMIT 1   [ RunTime:0.0066s ]
SQL: SHOW COLUMNS FROM `hm_user_bind` [ RunTime:0.0083s ]
SQL: SELECT * FROM `hm_user_bind` WHERE ( 1=1 AND uid='1' )  [ RunTime:0.0094s ]
NOTIC: [8192] preg_replace(): The /e modifier is deprecated, use preg_replace_callback instead /Applications/MAMP/htdocs/HealthManager/Application/Common/Common/function.php 第 196 行.
INFO: [ app_end ] --START--
INFO: Run Behavior\ShowPageTraceBehavior [ RunTime:0.001701s ]
INFO: [ app_end ] --END-- [ RunTime:0.001829s ]

[ 2016-12-19T18:02:45+08:00 ] ::1 /index.php/UserCenter/Api/signIn?account=shandawei@ainia.com.cn&password=123456&userType=1
INFO: [ app_init ] --START--
INFO: Run Behavior\BuildLiteBehavior [ RunTime:0.000016s ]
INFO: [ app_init ] --END-- [ RunTime:0.000364s ]
INFO: [ app_begin ] --START--
INFO: Run Behavior\ReadHtmlCacheBehavior [ RunTime:0.000518s ]
INFO: [ app_begin ] --END-- [ RunTime:0.000591s ]
NOTIC: [8192] mysql_connect(): The mysql extension is deprecated and will be removed in the future: use mysqli or PDO instead /Applications/MAMP/htdocs/HealthManager/ThinkPHP/Library/Think/Session/Driver/Db.class.php 第 95 行.
SQL: SHOW COLUMNS FROM `hm_user_info_base` [ RunTime:0.0046s ]
SQL: SHOW COLUMNS FROM `hm_user_info_base` [ RunTime:0.0043s ]
SQL: SELECT `email`,`password`,`salt`,`uid`,`reg_time` FROM `hm_user_info_base` WHERE `email` = 'shandawei@ainia.com.cn' LIMIT 1   [ RunTime:0.0060s ]
SQL: SELECT * FROM `hm_user_info_base` WHERE ( uid = '1' ) LIMIT 1   [ RunTime:0.0041s ]
SQL: SHOW COLUMNS FROM `hm_user_info_details` [ RunTime:0.0121s ]
SQL: SELECT * FROM `hm_user_info_details` WHERE ( uid=1 ) LIMIT 1   [ RunTime:0.0116s ]
NOTIC: [8] Use of undefined constant F - assumed 'F' /Applications/MAMP/htdocs/HealthManager/Application/UserCenter/Model/UserModel.class.php 第 289 行.
SQL: SHOW COLUMNS FROM `hm_user_login_token` [ RunTime:0.0046s ]
SQL: SELECT COUNT(*) AS tp_count FROM `hm_user_login_token` WHERE `uid` = 1 LIMIT 1   [ RunTime:0.0059s ]
SQL: UPDATE `hm_user_login_token` SET `uid`='1',`token`='3232db622a9bd94cb0a0e8c6b75d4638',`update_time`='2016-12-19 18:02:45' WHERE `uid` = 1 [ RunTime:0.0053s ]
SQL: SELECT `uid`,`username`,`email`,`mobile`,`email_verify`,`reg_time`,`user_type` FROM `hm_user_info_base` WHERE `uid` = 1 LIMIT 1   [ RunTime:0.0037s ]
SQL: SHOW COLUMNS FROM `hm_user_info_details` [ RunTime:0.0044s ]
SQL: SELECT * FROM `hm_user_info_details` WHERE ( 1=1 AND uid='1' ) LIMIT 1   [ RunTime:0.0048s ]
SQL: SHOW COLUMNS FROM `hm_user_info_extra` [ RunTime:0.0060s ]
SQL: SELECT * FROM `hm_user_info_extra` WHERE ( 1=1 AND uid='1' ) LIMIT 1   [ RunTime:0.0307s ]
SQL: SHOW COLUMNS FROM `hm_user_info_certification` [ RunTime:0.0046s ]
SQL: SELECT * FROM `hm_user_info_certification` WHERE ( 1=1 AND uid='1' ) LIMIT 1   [ RunTime:0.0066s ]
SQL: SHOW COLUMNS FROM `hm_user_bind` [ RunTime:0.0083s ]
SQL: SELECT * FROM `hm_user_bind` WHERE ( 1=1 AND uid='1' )  [ RunTime:0.0084s ]
NOTIC: [8192] preg_replace(): The /e modifier is deprecated, use preg_replace_callback instead /Applications/MAMP/htdocs/HealthManager/Application/Common/Common/function.php 第 196 行.
INFO: [ app_end ] --START--
INFO: Run Behavior\ShowPageTraceBehavior [ RunTime:0.000742s ]
INFO: [ app_end ] --END-- [ RunTime:0.000870s ]

[ 2016-12-19T18:05:29+08:00 ] ::1 /index.php/UserCenter/Api/signIn?account=shandawei@ainia.com.cn&password=123456&userType=1
INFO: [ app_init ] --START--
INFO: Run Behavior\BuildLiteBehavior [ RunTime:0.000015s ]
INFO: [ app_init ] --END-- [ RunTime:0.000336s ]
INFO: [ app_begin ] --START--
INFO: Run Behavior\ReadHtmlCacheBehavior [ RunTime:0.000478s ]
INFO: [ app_begin ] --END-- [ RunTime:0.000542s ]
NOTIC: [8192] mysql_connect(): The mysql extension is deprecated and will be removed in the future: use mysqli or PDO instead /Applications/MAMP/htdocs/HealthManager/ThinkPHP/Library/Think/Session/Driver/Db.class.php 第 95 行.
SQL: SHOW COLUMNS FROM `hm_user_info_base` [ RunTime:0.0045s ]
SQL: SHOW COLUMNS FROM `hm_user_info_base` [ RunTime:0.0042s ]
SQL: SELECT `email`,`password`,`salt`,`uid`,`reg_time` FROM `hm_user_info_base` WHERE `email` = 'shandawei@ainia.com.cn' LIMIT 1   [ RunTime:0.0045s ]
SQL: SELECT * FROM `hm_user_info_base` WHERE ( uid = '1' ) LIMIT 1   [ RunTime:0.0042s ]
SQL: SHOW COLUMNS FROM `hm_user_info_details` [ RunTime:0.0141s ]
SQL: SELECT * FROM `hm_user_info_details` WHERE ( uid=1 ) LIMIT 1   [ RunTime:0.0112s ]
NOTIC: [8] Use of undefined constant F - assumed 'F' /Applications/MAMP/htdocs/HealthManager/Application/UserCenter/Model/UserModel.class.php 第 289 行.
SQL: SHOW COLUMNS FROM `hm_user_login_token` [ RunTime:0.0042s ]
SQL: SELECT COUNT(*) AS tp_count FROM `hm_user_login_token` WHERE `uid` = 1 LIMIT 1   [ RunTime:0.0035s ]
SQL: UPDATE `hm_user_login_token` SET `uid`='1',`token`='b93259f19582122384d6a0879cdcb5c2',`update_time`='2016-12-19 18:05:29' WHERE `uid` = 1 [ RunTime:0.0039s ]
SQL: SELECT `uid`,`username`,`email`,`mobile`,`email_verify`,`reg_time`,`user_type` FROM `hm_user_info_base` WHERE `uid` = 1 LIMIT 1   [ RunTime:0.0039s ]
SQL: SHOW COLUMNS FROM `hm_user_info_details` [ RunTime:0.0042s ]
SQL: SELECT * FROM `hm_user_info_details` WHERE ( 1=1 AND uid='1' ) LIMIT 1   [ RunTime:0.0043s ]
SQL: SHOW COLUMNS FROM `hm_user_info_extra` [ RunTime:0.0075s ]
SQL: SELECT * FROM `hm_user_info_extra` WHERE ( 1=1 AND uid='1' ) LIMIT 1   [ RunTime:0.0299s ]
SQL: SHOW COLUMNS FROM `hm_user_info_certification` [ RunTime:0.0047s ]
SQL: SELECT * FROM `hm_user_info_certification` WHERE ( 1=1 AND uid='1' ) LIMIT 1   [ RunTime:0.0071s ]
SQL: SHOW COLUMNS FROM `hm_user_bind` [ RunTime:0.0089s ]
SQL: SELECT * FROM `hm_user_bind` WHERE ( 1=1 AND uid='1' )  [ RunTime:0.0091s ]
NOTIC: [8192] preg_replace(): The /e modifier is deprecated, use preg_replace_callback instead /Applications/MAMP/htdocs/HealthManager/Application/Common/Common/function.php 第 196 行.
INFO: [ app_end ] --START--
INFO: Run Behavior\ShowPageTraceBehavior [ RunTime:0.001939s ]
INFO: [ app_end ] --END-- [ RunTime:0.002052s ]

