[ 2016-12-20T10:39:10+08:00 ] ::1 /index.php/UserCenter/Api/signIn?account=shandawei@ainia.com.cn&password=123456&userType=1
INFO: [ app_init ] --START--
INFO: Run Behavior\BuildLiteBehavior [ RunTime:0.000032s ]
INFO: [ app_init ] --END-- [ RunTime:0.000394s ]
INFO: [ app_begin ] --START--
INFO: Run Behavior\ReadHtmlCacheBehavior [ RunTime:0.000543s ]
INFO: [ app_begin ] --END-- [ RunTime:0.000618s ]
NOTIC: [8192] mysql_connect(): The mysql extension is deprecated and will be removed in the future: use mysqli or PDO instead /Applications/MAMP/htdocs/HealthManager/ThinkPHP/Library/Think/Session/Driver/Db.class.php 第 95 行.
SQL: SHOW COLUMNS FROM `hm_user_info_base` [ RunTime:0.0193s ]
SQL: SHOW COLUMNS FROM `hm_user_info_base` [ RunTime:0.0157s ]
SQL: SELECT `email`,`password`,`salt`,`uid`,`reg_time` FROM `hm_user_info_base` WHERE `email` = 'shandawei@ainia.com.cn' LIMIT 1   [ RunTime:0.0564s ]
SQL: SELECT * FROM `hm_user_info_base` WHERE ( uid = '1' ) LIMIT 1   [ RunTime:0.0207s ]
SQL: SHOW COLUMNS FROM `hm_user_info_details` [ RunTime:0.0254s ]
SQL: SELECT * FROM `hm_user_info_details` WHERE ( uid=1 ) LIMIT 1   [ RunTime:0.0508s ]
NOTIC: [8] Use of undefined constant F - assumed 'F' /Applications/MAMP/htdocs/HealthManager/Application/UserCenter/Model/UserModel.class.php 第 289 行.
SQL: SHOW COLUMNS FROM `hm_user_login_token` [ RunTime:0.0399s ]
SQL: SELECT COUNT(*) AS tp_count FROM `hm_user_login_token` WHERE `uid` = 1 LIMIT 1   [ RunTime:0.0651s ]
SQL: UPDATE `hm_user_login_token` SET `uid`='1',`token`='a8532aa471fcb6d8eceb5b85c8b77b74',`update_time`='2016-12-20 10:39:09' WHERE `uid` = 1 [ RunTime:0.0175s ]
SQL: SELECT `uid`,`username`,`email`,`mobile`,`email_verify`,`reg_time`,`user_type` FROM `hm_user_info_base` WHERE `uid` = 1 LIMIT 1   [ RunTime:0.0150s ]
SQL: SHOW COLUMNS FROM `hm_user_info_details` [ RunTime:0.0330s ]
SQL: SELECT * FROM `hm_user_info_details` WHERE ( 1=1 AND uid='1' ) LIMIT 1   [ RunTime:0.0550s ]
SQL: SHOW COLUMNS FROM `hm_user_info_extra` [ RunTime:0.0293s ]
SQL: SELECT * FROM `hm_user_info_extra` WHERE ( 1=1 AND uid='1' ) LIMIT 1   [ RunTime:0.0427s ]
SQL: SHOW COLUMNS FROM `hm_user_info_certification` [ RunTime:0.0215s ]
SQL: SELECT * FROM `hm_user_info_certification` WHERE ( 1=1 AND uid='1' ) LIMIT 1   [ RunTime:0.0172s ]
SQL: SHOW COLUMNS FROM `hm_user_bind` [ RunTime:0.0163s ]
SQL: SELECT * FROM `hm_user_bind` WHERE ( 1=1 AND uid='1' )  [ RunTime:0.0157s ]
NOTIC: [8192] preg_replace(): The /e modifier is deprecated, use preg_replace_callback instead /Applications/MAMP/htdocs/HealthManager/Application/Common/Common/function.php 第 196 行.
INFO: [ app_end ] --START--
INFO: Run Behavior\ShowPageTraceBehavior [ RunTime:0.001447s ]
INFO: [ app_end ] --END-- [ RunTime:0.001558s ]

[ 2016-12-20T10:39:11+08:00 ] ::1 /index.php/UserCenter/Api/signIn?account=shandawei@ainia.com.cn&password=123456&userType=1
INFO: [ app_init ] --START--
INFO: Run Behavior\BuildLiteBehavior [ RunTime:0.000020s ]
INFO: [ app_init ] --END-- [ RunTime:0.000428s ]
INFO: [ app_begin ] --START--
INFO: Run Behavior\ReadHtmlCacheBehavior [ RunTime:0.000599s ]
INFO: [ app_begin ] --END-- [ RunTime:0.000672s ]
NOTIC: [8192] mysql_connect(): The mysql extension is deprecated and will be removed in the future: use mysqli or PDO instead /Applications/MAMP/htdocs/HealthManager/ThinkPHP/Library/Think/Session/Driver/Db.class.php 第 95 行.
SQL: SHOW COLUMNS FROM `hm_user_info_base` [ RunTime:0.0301s ]
SQL: SHOW COLUMNS FROM `hm_user_info_base` [ RunTime:0.0452s ]
SQL: SELECT `email`,`password`,`salt`,`uid`,`reg_time` FROM `hm_user_info_base` WHERE `email` = 'shandawei@ainia.com.cn' LIMIT 1   [ RunTime:0.0337s ]
SQL: SELECT * FROM `hm_user_info_base` WHERE ( uid = '1' ) LIMIT 1   [ RunTime:0.0408s ]
SQL: SHOW COLUMNS FROM `hm_user_info_details` [ RunTime:0.0165s ]
SQL: SELECT * FROM `hm_user_info_details` WHERE ( uid=1 ) LIMIT 1   [ RunTime:0.0278s ]
NOTIC: [8] Use of undefined constant F - assumed 'F' /Applications/MAMP/htdocs/HealthManager/Application/UserCenter/Model/UserModel.class.php 第 289 行.
SQL: SHOW COLUMNS FROM `hm_user_login_token` [ RunTime:0.0633s ]
SQL: SELECT COUNT(*) AS tp_count FROM `hm_user_login_token` WHERE `uid` = 1 LIMIT 1   [ RunTime:0.0634s ]
SQL: UPDATE `hm_user_login_token` SET `uid`='1',`token`='1c1a84069f96ace08afec9c07fc984bf',`update_time`='2016-12-20 10:39:10' WHERE `uid` = 1 [ RunTime:0.0152s ]
SQL: SELECT `uid`,`username`,`email`,`mobile`,`email_verify`,`reg_time`,`user_type` FROM `hm_user_info_base` WHERE `uid` = 1 LIMIT 1   [ RunTime:0.0279s ]
SQL: SHOW COLUMNS FROM `hm_user_info_details` [ RunTime:0.0141s ]
SQL: SELECT * FROM `hm_user_info_details` WHERE ( 1=1 AND uid='1' ) LIMIT 1   [ RunTime:0.0191s ]
SQL: SHOW COLUMNS FROM `hm_user_info_extra` [ RunTime:0.0346s ]
SQL: SELECT * FROM `hm_user_info_extra` WHERE ( 1=1 AND uid='1' ) LIMIT 1   [ RunTime:0.0464s ]
SQL: SHOW COLUMNS FROM `hm_user_info_certification` [ RunTime:0.0236s ]
SQL: SELECT * FROM `hm_user_info_certification` WHERE ( 1=1 AND uid='1' ) LIMIT 1   [ RunTime:0.0337s ]
SQL: SHOW COLUMNS FROM `hm_user_bind` [ RunTime:0.0269s ]
SQL: SELECT * FROM `hm_user_bind` WHERE ( 1=1 AND uid='1' )  [ RunTime:0.0785s ]
NOTIC: [8192] preg_replace(): The /e modifier is deprecated, use preg_replace_callback instead /Applications/MAMP/htdocs/HealthManager/Application/Common/Common/function.php 第 196 行.
INFO: [ app_end ] --START--
INFO: Run Behavior\ShowPageTraceBehavior [ RunTime:0.000674s ]
INFO: [ app_end ] --END-- [ RunTime:0.000772s ]

[ 2016-12-20T10:39:40+08:00 ] ::1 /index.php/UserCenter/Api/signIn?account=shandawei@ainia.com.cn&password=123456&userType=1
INFO: [ app_init ] --START--
INFO: Run Behavior\BuildLiteBehavior [ RunTime:0.000022s ]
INFO: [ app_init ] --END-- [ RunTime:0.000470s ]
INFO: [ app_begin ] --START--
INFO: Run Behavior\ReadHtmlCacheBehavior [ RunTime:0.000645s ]
INFO: [ app_begin ] --END-- [ RunTime:0.000730s ]
NOTIC: [8192] mysql_connect(): The mysql extension is deprecated and will be removed in the future: use mysqli or PDO instead /Applications/MAMP/htdocs/HealthManager/ThinkPHP/Library/Think/Session/Driver/Db.class.php 第 95 行.
SQL: SHOW COLUMNS FROM `hm_user_info_base` [ RunTime:0.0218s ]
SQL: SHOW COLUMNS FROM `hm_user_info_base` [ RunTime:0.0240s ]
SQL: SELECT `email`,`password`,`salt`,`uid`,`reg_time` FROM `hm_user_info_base` WHERE `email` = 'shandawei@ainia.com.cn' LIMIT 1   [ RunTime:0.0242s ]
SQL: SELECT * FROM `hm_user_info_base` WHERE ( uid = '1' ) LIMIT 1   [ RunTime:0.0195s ]
SQL: SHOW COLUMNS FROM `hm_user_info_details` [ RunTime:0.1000s ]
SQL: SELECT * FROM `hm_user_info_details` WHERE ( uid=1 ) LIMIT 1   [ RunTime:0.1287s ]
NOTIC: [8] Use of undefined constant F - assumed 'F' /Applications/MAMP/htdocs/HealthManager/Application/UserCenter/Model/UserModel.class.php 第 289 行.
SQL: SHOW COLUMNS FROM `hm_user_login_token` [ RunTime:0.0385s ]
SQL: SELECT COUNT(*) AS tp_count FROM `hm_user_login_token` WHERE `uid` = 1 LIMIT 1   [ RunTime:0.0586s ]
SQL: UPDATE `hm_user_login_token` SET `uid`='1',`token`='fe28bb308b85c17544961058242c5e4a',`update_time`='2016-12-20 10:39:40' WHERE `uid` = 1 [ RunTime:0.0302s ]
SQL: SELECT `uid`,`username`,`email`,`mobile`,`email_verify`,`reg_time`,`user_type` FROM `hm_user_info_base` WHERE `uid` = 1 LIMIT 1   [ RunTime:0.0221s ]
SQL: SHOW COLUMNS FROM `hm_user_info_details` [ RunTime:0.0251s ]
SQL: SELECT * FROM `hm_user_info_details` WHERE ( 1=1 AND uid='1' ) LIMIT 1   [ RunTime:0.0416s ]
SQL: SHOW COLUMNS FROM `hm_user_info_extra` [ RunTime:0.0784s ]
SQL: SELECT * FROM `hm_user_info_extra` WHERE ( 1=1 AND uid='1' ) LIMIT 1   [ RunTime:0.0924s ]
SQL: SHOW COLUMNS FROM `hm_user_info_certification` [ RunTime:0.0642s ]
SQL: SELECT * FROM `hm_user_info_certification` WHERE ( 1=1 AND uid='1' ) LIMIT 1   [ RunTime:0.0596s ]
SQL: SHOW COLUMNS FROM `hm_user_bind` [ RunTime:0.1014s ]
SQL: SELECT * FROM `hm_user_bind` WHERE ( 1=1 AND uid='1' )  [ RunTime:0.0404s ]
NOTIC: [8192] preg_replace(): The /e modifier is deprecated, use preg_replace_callback instead /Applications/MAMP/htdocs/HealthManager/Application/Common/Common/function.php 第 196 行.
INFO: [ app_end ] --START--
INFO: Run Behavior\ShowPageTraceBehavior [ RunTime:0.001536s ]
INFO: [ app_end ] --END-- [ RunTime:0.001636s ]

[ 2016-12-20T10:42:39+08:00 ] ::1 /index.php/UserCenter/Api/signIn?account=shandawei@ainia.com.cn&password=123456&userType=1
INFO: [ app_init ] --START--
INFO: Run Behavior\BuildLiteBehavior [ RunTime:0.000023s ]
INFO: [ app_init ] --END-- [ RunTime:0.000589s ]
INFO: [ app_begin ] --START--
INFO: Run Behavior\ReadHtmlCacheBehavior [ RunTime:0.000542s ]
INFO: [ app_begin ] --END-- [ RunTime:0.000616s ]
NOTIC: [8192] mysql_connect(): The mysql extension is deprecated and will be removed in the future: use mysqli or PDO instead /Applications/MAMP/htdocs/HealthManager/ThinkPHP/Library/Think/Session/Driver/Db.class.php 第 95 行.
SQL: SHOW COLUMNS FROM `hm_user_info_base` [ RunTime:0.0037s ]
SQL: SHOW COLUMNS FROM `hm_user_info_base` [ RunTime:0.0033s ]
SQL: SELECT `email`,`password`,`salt`,`uid`,`reg_time` FROM `hm_user_info_base` WHERE `email` = 'shandawei@ainia.com.cn' LIMIT 1   [ RunTime:0.0034s ]
SQL: SELECT * FROM `hm_user_info_base` WHERE ( uid = '1' ) LIMIT 1   [ RunTime:0.0061s ]
SQL: SHOW COLUMNS FROM `hm_user_info_details` [ RunTime:0.0150s ]
SQL: SELECT * FROM `hm_user_info_details` WHERE ( uid=1 ) LIMIT 1   [ RunTime:0.0115s ]
NOTIC: [8] Use of undefined constant F - assumed 'F' /Applications/MAMP/htdocs/HealthManager/Application/UserCenter/Model/UserModel.class.php 第 289 行.
SQL: SHOW COLUMNS FROM `hm_user_login_token` [ RunTime:0.0049s ]
SQL: SELECT COUNT(*) AS tp_count FROM `hm_user_login_token` WHERE `uid` = 1 LIMIT 1   [ RunTime:0.0026s ]
SQL: UPDATE `hm_user_login_token` SET `uid`='1',`token`='8b02d06de4a40356e409c41e6967c66a',`update_time`='2016-12-20 10:42:39' WHERE `uid` = 1 [ RunTime:0.0038s ]
SQL: SELECT `uid`,`username`,`email`,`mobile`,`email_verify`,`reg_time`,`user_type` FROM `hm_user_info_base` WHERE `uid` = 1 LIMIT 1   [ RunTime:0.0039s ]
SQL: SHOW COLUMNS FROM `hm_user_info_details` [ RunTime:0.0034s ]
SQL: SELECT * FROM `hm_user_info_details` WHERE ( 1=1 AND uid='1' ) LIMIT 1   [ RunTime:0.0037s ]
SQL: SHOW COLUMNS FROM `hm_user_info_extra` [ RunTime:0.0085s ]
SQL: SELECT * FROM `hm_user_info_extra` WHERE ( 1=1 AND uid='1' ) LIMIT 1   [ RunTime:0.0308s ]
SQL: SHOW COLUMNS FROM `hm_user_info_certification` [ RunTime:0.0039s ]
SQL: SELECT * FROM `hm_user_info_certification` WHERE ( 1=1 AND uid='1' ) LIMIT 1   [ RunTime:0.0066s ]
SQL: SHOW COLUMNS FROM `hm_user_bind` [ RunTime:0.0100s ]
SQL: SELECT * FROM `hm_user_bind` WHERE ( 1=1 AND uid='1' )  [ RunTime:0.0094s ]
NOTIC: [8192] preg_replace(): The /e modifier is deprecated, use preg_replace_callback instead /Applications/MAMP/htdocs/HealthManager/Application/Common/Common/function.php 第 196 行.
INFO: [ app_end ] --START--
INFO: Run Behavior\ShowPageTraceBehavior [ RunTime:0.001164s ]
INFO: [ app_end ] --END-- [ RunTime:0.001266s ]

[ 2016-12-20T10:43:45+08:00 ] ::1 /index.php/UserCenter/Api/signIn?account=shandawei@ainia.com.cn&password=123456&userType=1
INFO: [ app_init ] --START--
INFO: Run Behavior\BuildLiteBehavior [ RunTime:0.000022s ]
INFO: [ app_init ] --END-- [ RunTime:0.000474s ]
INFO: [ app_begin ] --START--
INFO: Run Behavior\ReadHtmlCacheBehavior [ RunTime:0.000665s ]
INFO: [ app_begin ] --END-- [ RunTime:0.000755s ]
NOTIC: [8192] mysql_connect(): The mysql extension is deprecated and will be removed in the future: use mysqli or PDO instead /Applications/MAMP/htdocs/HealthManager/ThinkPHP/Library/Think/Session/Driver/Db.class.php 第 95 行.
SQL: SHOW COLUMNS FROM `hm_user_info_base` [ RunTime:0.0048s ]
SQL: SHOW COLUMNS FROM `hm_user_info_base` [ RunTime:0.0050s ]
SQL: SELECT `email`,`password`,`salt`,`uid`,`reg_time` FROM `hm_user_info_base` WHERE `email` = 'shandawei@ainia.com.cn' LIMIT 1   [ RunTime:0.0040s ]
SQL: SELECT * FROM `hm_user_info_base` WHERE ( uid = '1' ) LIMIT 1   [ RunTime:0.0046s ]
SQL: SHOW COLUMNS FROM `hm_user_info_details` [ RunTime:0.0146s ]
SQL: SELECT * FROM `hm_user_info_details` WHERE ( uid=1 ) LIMIT 1   [ RunTime:0.0119s ]
NOTIC: [8] Use of undefined constant F - assumed 'F' /Applications/MAMP/htdocs/HealthManager/Application/UserCenter/Model/UserModel.class.php 第 289 行.
SQL: SHOW COLUMNS FROM `hm_user_login_token` [ RunTime:0.0051s ]
SQL: SELECT COUNT(*) AS tp_count FROM `hm_user_login_token` WHERE `uid` = 1 LIMIT 1   [ RunTime:0.0032s ]
SQL: UPDATE `hm_user_login_token` SET `uid`='1',`token`='77afacdd5efcfd8ceada47d7c9d38b27',`update_time`='2016-12-20 10:43:45' WHERE `uid` = 1 [ RunTime:0.0041s ]
SQL: SELECT `uid`,`username`,`email`,`mobile`,`email_verify`,`reg_time`,`user_type` FROM `hm_user_info_base` WHERE `uid` = 1 LIMIT 1   [ RunTime:0.0044s ]
SQL: SHOW COLUMNS FROM `hm_user_info_details` [ RunTime:0.0045s ]
SQL: SELECT * FROM `hm_user_info_details` WHERE ( 1=1 AND uid='1' ) LIMIT 1   [ RunTime:0.0042s ]
SQL: SHOW COLUMNS FROM `hm_user_info_extra` [ RunTime:0.0065s ]
SQL: SELECT * FROM `hm_user_info_extra` WHERE ( 1=1 AND uid='1' ) LIMIT 1   [ RunTime:0.0312s ]
SQL: SHOW COLUMNS FROM `hm_user_info_certification` [ RunTime:0.0043s ]
SQL: SELECT * FROM `hm_user_info_certification` WHERE ( 1=1 AND uid='1' ) LIMIT 1   [ RunTime:0.0078s ]
SQL: SHOW COLUMNS FROM `hm_user_bind` [ RunTime:0.0088s ]
SQL: SELECT * FROM `hm_user_bind` WHERE ( 1=1 AND uid='1' )  [ RunTime:0.0087s ]
NOTIC: [8192] preg_replace(): The /e modifier is deprecated, use preg_replace_callback instead /Applications/MAMP/htdocs/HealthManager/Application/Common/Common/function.php 第 196 行.
INFO: [ app_end ] --START--
INFO: Run Behavior\ShowPageTraceBehavior [ RunTime:0.000707s ]
INFO: [ app_end ] --END-- [ RunTime:0.000798s ]

[ 2016-12-20T10:59:49+08:00 ] ::1 /index.php/UserCenter/Api/signIn?account=shandawei@ainia.com.cn&password=123456&userType=1
INFO: [ app_init ] --START--
INFO: Run Behavior\BuildLiteBehavior [ RunTime:0.000022s ]
INFO: [ app_init ] --END-- [ RunTime:0.000501s ]
INFO: [ app_begin ] --START--
INFO: Run Behavior\ReadHtmlCacheBehavior [ RunTime:0.000622s ]
INFO: [ app_begin ] --END-- [ RunTime:0.000704s ]
NOTIC: [8192] mysql_connect(): The mysql extension is deprecated and will be removed in the future: use mysqli or PDO instead /Applications/MAMP/htdocs/HealthManager/ThinkPHP/Library/Think/Session/Driver/Db.class.php 第 95 行.
SQL: SHOW COLUMNS FROM `hm_user_info_base` [ RunTime:0.0040s ]
SQL: SHOW COLUMNS FROM `hm_user_info_base` [ RunTime:0.0057s ]
SQL: SELECT `email`,`password`,`salt`,`uid`,`reg_time` FROM `hm_user_info_base` WHERE `email` = 'shandawei@ainia.com.cn' LIMIT 1   [ RunTime:0.0034s ]
SQL: SELECT * FROM `hm_user_info_base` WHERE ( uid = '1' ) LIMIT 1   [ RunTime:0.0034s ]
SQL: SHOW COLUMNS FROM `hm_user_info_details` [ RunTime:0.0139s ]
SQL: SELECT * FROM `hm_user_info_details` WHERE ( uid=1 ) LIMIT 1   [ RunTime:0.0112s ]
NOTIC: [8] Use of undefined constant F - assumed 'F' /Applications/MAMP/htdocs/HealthManager/Application/UserCenter/Model/UserModel.class.php 第 289 行.
SQL: SHOW COLUMNS FROM `hm_user_login_token` [ RunTime:0.0034s ]
SQL: SELECT COUNT(*) AS tp_count FROM `hm_user_login_token` WHERE `uid` = 1 LIMIT 1   [ RunTime:0.0035s ]
SQL: UPDATE `hm_user_login_token` SET `uid`='1',`token`='71f89f5f05994981267b786ca9527a05',`update_time`='2016-12-20 10:59:49' WHERE `uid` = 1 [ RunTime:0.0033s ]
SQL: SELECT `uid`,`username`,`email`,`mobile`,`email_verify`,`reg_time`,`user_type` FROM `hm_user_info_base` WHERE `uid` = 1 LIMIT 1   [ RunTime:0.0038s ]
SQL: SHOW COLUMNS FROM `hm_user_info_details` [ RunTime:0.0046s ]
SQL: SELECT * FROM `hm_user_info_details` WHERE ( 1=1 AND uid='1' ) LIMIT 1   [ RunTime:0.0044s ]
SQL: SHOW COLUMNS FROM `hm_user_info_extra` [ RunTime:0.0061s ]
SQL: SELECT * FROM `hm_user_info_extra` WHERE ( 1=1 AND uid='1' ) LIMIT 1   [ RunTime:0.0307s ]
SQL: SHOW COLUMNS FROM `hm_user_info_certification` [ RunTime:0.0032s ]
SQL: SELECT * FROM `hm_user_info_certification` WHERE ( 1=1 AND uid='1' ) LIMIT 1   [ RunTime:0.0066s ]
SQL: SHOW COLUMNS FROM `hm_user_bind` [ RunTime:0.0099s ]
SQL: SELECT * FROM `hm_user_bind` WHERE ( 1=1 AND uid='1' )  [ RunTime:0.0098s ]
NOTIC: [8192] preg_replace(): The /e modifier is deprecated, use preg_replace_callback instead /Applications/MAMP/htdocs/HealthManager/Application/Common/Common/function.php 第 196 行.
INFO: [ app_end ] --START--
INFO: Run Behavior\ShowPageTraceBehavior [ RunTime:0.002075s ]
INFO: [ app_end ] --END-- [ RunTime:0.002219s ]

[ 2016-12-20T11:00:35+08:00 ] ::1 /index.php/UserCenter/Api/signIn?account=shandawei@ainia.com.cn&password=123456&userType=1
INFO: [ app_init ] --START--
INFO: Run Behavior\BuildLiteBehavior [ RunTime:0.000015s ]
INFO: [ app_init ] --END-- [ RunTime:0.000377s ]
INFO: [ app_begin ] --START--
INFO: Run Behavior\ReadHtmlCacheBehavior [ RunTime:0.000663s ]
INFO: [ app_begin ] --END-- [ RunTime:0.000759s ]
NOTIC: [8192] mysql_connect(): The mysql extension is deprecated and will be removed in the future: use mysqli or PDO instead /Applications/MAMP/htdocs/HealthManager/ThinkPHP/Library/Think/Session/Driver/Db.class.php 第 95 行.
SQL: SHOW COLUMNS FROM `hm_user_info_base` [ RunTime:0.0059s ]
SQL: SHOW COLUMNS FROM `hm_user_info_base` [ RunTime:0.0058s ]
SQL: SELECT `email`,`password`,`salt`,`uid`,`reg_time` FROM `hm_user_info_base` WHERE `email` = 'shandawei@ainia.com.cn' LIMIT 1   [ RunTime:0.0046s ]
SQL: SELECT * FROM `hm_user_info_base` WHERE ( uid = '1' ) LIMIT 1   [ RunTime:0.0051s ]
SQL: SHOW COLUMNS FROM `hm_user_info_details` [ RunTime:0.0105s ]
SQL: SELECT * FROM `hm_user_info_details` WHERE ( uid=1 ) LIMIT 1   [ RunTime:0.0113s ]
NOTIC: [8] Use of undefined constant F - assumed 'F' /Applications/MAMP/htdocs/HealthManager/Application/UserCenter/Model/UserModel.class.php 第 289 行.
SQL: SHOW COLUMNS FROM `hm_user_login_token` [ RunTime:0.0051s ]
SQL: SELECT COUNT(*) AS tp_count FROM `hm_user_login_token` WHERE `uid` = 1 LIMIT 1   [ RunTime:0.0052s ]
SQL: UPDATE `hm_user_login_token` SET `uid`='1',`token`='59adcf9e7eb36c19f312b4709b378f93',`update_time`='2016-12-20 11:00:35' WHERE `uid` = 1 [ RunTime:0.0048s ]
SQL: SELECT `uid`,`username`,`email`,`mobile`,`email_verify`,`reg_time`,`user_type` FROM `hm_user_info_base` WHERE `uid` = 1 LIMIT 1   [ RunTime:0.0053s ]
SQL: SHOW COLUMNS FROM `hm_user_info_details` [ RunTime:0.0051s ]
SQL: SELECT * FROM `hm_user_info_details` WHERE ( 1=1 AND uid='1' ) LIMIT 1   [ RunTime:0.0056s ]
SQL: SHOW COLUMNS FROM `hm_user_info_extra` [ RunTime:0.0053s ]
SQL: SELECT * FROM `hm_user_info_extra` WHERE ( 1=1 AND uid='1' ) LIMIT 1   [ RunTime:0.0305s ]
SQL: SHOW COLUMNS FROM `hm_user_info_certification` [ RunTime:0.0055s ]
SQL: SELECT * FROM `hm_user_info_certification` WHERE ( 1=1 AND uid='1' ) LIMIT 1   [ RunTime:0.0052s ]
SQL: SHOW COLUMNS FROM `hm_user_bind` [ RunTime:0.0092s ]
SQL: SELECT * FROM `hm_user_bind` WHERE ( 1=1 AND uid='1' )  [ RunTime:0.0098s ]
NOTIC: [8192] preg_replace(): The /e modifier is deprecated, use preg_replace_callback instead /Applications/MAMP/htdocs/HealthManager/Application/Common/Common/function.php 第 196 行.
INFO: [ app_end ] --START--
INFO: Run Behavior\ShowPageTraceBehavior [ RunTime:0.001901s ]
INFO: [ app_end ] --END-- [ RunTime:0.001999s ]

[ 2016-12-20T14:21:17+08:00 ] ::1 /index.php/UserCenter/Api/signIn?account=shandawei@ainia.com.cn&password=123456&userType=1
INFO: [ app_init ] --START--
INFO: Run Behavior\BuildLiteBehavior [ RunTime:0.000015s ]
INFO: [ app_init ] --END-- [ RunTime:0.000477s ]
INFO: [ app_begin ] --START--
INFO: Run Behavior\ReadHtmlCacheBehavior [ RunTime:0.001159s ]
INFO: [ app_begin ] --END-- [ RunTime:0.001306s ]
NOTIC: [8192] mysql_connect(): The mysql extension is deprecated and will be removed in the future: use mysqli or PDO instead /Applications/MAMP/htdocs/HealthManager/ThinkPHP/Library/Think/Session/Driver/Db.class.php 第 95 行.
SQL: SHOW COLUMNS FROM `hm_user_info_base` [ RunTime:0.0054s ]
SQL: SHOW COLUMNS FROM `hm_user_info_base` [ RunTime:0.0049s ]
SQL: SELECT `email`,`password`,`salt`,`uid`,`reg_time` FROM `hm_user_info_base` WHERE `email` = 'shandawei@ainia.com.cn' LIMIT 1   [ RunTime:0.0039s ]
SQL: SELECT * FROM `hm_user_info_base` WHERE ( uid = '1' ) LIMIT 1   [ RunTime:0.0048s ]
SQL: SHOW COLUMNS FROM `hm_user_info_details` [ RunTime:0.0129s ]
SQL: SELECT * FROM `hm_user_info_details` WHERE ( uid=1 ) LIMIT 1   [ RunTime:0.0114s ]
NOTIC: [8] Use of undefined constant F - assumed 'F' /Applications/MAMP/htdocs/HealthManager/Application/UserCenter/Model/UserModel.class.php 第 289 行.
SQL: SHOW COLUMNS FROM `hm_user_login_token` [ RunTime:0.0064s ]
SQL: SELECT COUNT(*) AS tp_count FROM `hm_user_login_token` WHERE `uid` = 1 LIMIT 1   [ RunTime:0.0050s ]
SQL: UPDATE `hm_user_login_token` SET `uid`='1',`token`='e8c85ab331a06ec0da853d583ffe4b89',`update_time`='2016-12-20 14:21:17' WHERE `uid` = 1 [ RunTime:0.0048s ]
SQL: SELECT `uid`,`username`,`email`,`mobile`,`email_verify`,`reg_time`,`user_type` FROM `hm_user_info_base` WHERE `uid` = 1 LIMIT 1   [ RunTime:0.0041s ]
SQL: SHOW COLUMNS FROM `hm_user_info_details` [ RunTime:0.0049s ]
SQL: SELECT * FROM `hm_user_info_details` WHERE ( 1=1 AND uid='1' ) LIMIT 1   [ RunTime:0.0061s ]
SQL: SHOW COLUMNS FROM `hm_user_info_extra` [ RunTime:0.0057s ]
SQL: SELECT * FROM `hm_user_info_extra` WHERE ( 1=1 AND uid='1' ) LIMIT 1   [ RunTime:0.0346s ]
SQL: SHOW COLUMNS FROM `hm_user_info_certification` [ RunTime:0.0055s ]
SQL: SELECT * FROM `hm_user_info_certification` WHERE ( 1=1 AND uid='1' ) LIMIT 1   [ RunTime:0.0045s ]
SQL: SHOW COLUMNS FROM `hm_user_bind` [ RunTime:0.0061s ]
SQL: SELECT * FROM `hm_user_bind` WHERE ( 1=1 AND uid='1' )  [ RunTime:0.0093s ]
NOTIC: [8192] preg_replace(): The /e modifier is deprecated, use preg_replace_callback instead /Applications/MAMP/htdocs/HealthManager/Application/Common/Common/function.php 第 196 行.
INFO: [ app_end ] --START--
INFO: Run Behavior\ShowPageTraceBehavior [ RunTime:0.001462s ]
INFO: [ app_end ] --END-- [ RunTime:0.001565s ]

[ 2016-12-20T14:48:32+08:00 ] ::1 /UserCenter/Api/getUserInfo
INFO: [ app_init ] --START--
INFO: Run Behavior\BuildLiteBehavior [ RunTime:0.000029s ]
INFO: [ app_init ] --END-- [ RunTime:0.000960s ]
INFO: [ app_begin ] --START--
INFO: Run Behavior\ReadHtmlCacheBehavior [ RunTime:0.000701s ]
INFO: [ app_begin ] --END-- [ RunTime:0.000810s ]
NOTIC: [8192] mysql_connect(): The mysql extension is deprecated and will be removed in the future: use mysqli or PDO instead /Applications/MAMP/htdocs/HealthManager/ThinkPHP/Library/Think/Session/Driver/Db.class.php 第 95 行.
NOTIC: [2] Missing argument 1 for I(), called in /Applications/MAMP/htdocs/HealthManager/Application/UserCenter/Controller/ApiController.class.php on line 72 and defined /Applications/MAMP/htdocs/HealthManager/ThinkPHP/Common/functions.php 第 290 行.
NOTIC: [8] Undefined variable: name /Applications/MAMP/htdocs/HealthManager/ThinkPHP/Common/functions.php 第 292 行.
NOTIC: [8] Undefined variable: name /Applications/MAMP/htdocs/HealthManager/ThinkPHP/Common/functions.php 第 297 行.
NOTIC: [8] Undefined variable: name /Applications/MAMP/htdocs/HealthManager/ThinkPHP/Common/functions.php 第 358 行.
SQL: SHOW COLUMNS FROM `hm_user_info_base` [ RunTime:0.0054s ]
SQL: SHOW COLUMNS FROM `hm_user_info_base` [ RunTime:0.0054s ]
SQL: SELECT `uid`,`username`,`email`,`mobile`,`email_verify`,`reg_time`,`user_type` FROM `hm_user_info_base` WHERE `uid` = 0 LIMIT 1   [ RunTime:0.0051s ]
NOTIC: [8192] preg_replace(): The /e modifier is deprecated, use preg_replace_callback instead /Applications/MAMP/htdocs/HealthManager/Application/Common/Common/function.php 第 196 行.
INFO: [ app_end ] --START--
INFO: Run Behavior\ShowPageTraceBehavior [ RunTime:0.001492s ]
INFO: [ app_end ] --END-- [ RunTime:0.001651s ]

[ 2016-12-20T14:48:44+08:00 ] ::1 /UserCenter/Api/getUserInfo?uid=11
INFO: [ app_init ] --START--
INFO: Run Behavior\BuildLiteBehavior [ RunTime:0.000025s ]
INFO: [ app_init ] --END-- [ RunTime:0.000759s ]
INFO: [ app_begin ] --START--
INFO: Run Behavior\ReadHtmlCacheBehavior [ RunTime:0.000530s ]
INFO: [ app_begin ] --END-- [ RunTime:0.000599s ]
NOTIC: [8192] mysql_connect(): The mysql extension is deprecated and will be removed in the future: use mysqli or PDO instead /Applications/MAMP/htdocs/HealthManager/ThinkPHP/Library/Think/Session/Driver/Db.class.php 第 95 行.
NOTIC: [2] Missing argument 1 for I(), called in /Applications/MAMP/htdocs/HealthManager/Application/UserCenter/Controller/ApiController.class.php on line 72 and defined /Applications/MAMP/htdocs/HealthManager/ThinkPHP/Common/functions.php 第 290 行.
NOTIC: [8] Undefined variable: name /Applications/MAMP/htdocs/HealthManager/ThinkPHP/Common/functions.php 第 292 行.
NOTIC: [8] Undefined variable: name /Applications/MAMP/htdocs/HealthManager/ThinkPHP/Common/functions.php 第 297 行.
NOTIC: [8] Undefined variable: name /Applications/MAMP/htdocs/HealthManager/ThinkPHP/Common/functions.php 第 358 行.
SQL: SHOW COLUMNS FROM `hm_user_info_base` [ RunTime:0.0079s ]
SQL: SHOW COLUMNS FROM `hm_user_info_base` [ RunTime:0.0066s ]
SQL: SELECT `uid`,`username`,`email`,`mobile`,`email_verify`,`reg_time`,`user_type` FROM `hm_user_info_base` WHERE `uid` = 11 LIMIT 1   [ RunTime:0.0119s ]
SQL: SHOW COLUMNS FROM `hm_user_info_details` [ RunTime:0.0081s ]
SQL: SELECT * FROM `hm_user_info_details` WHERE ( 1=1 AND uid='11' ) LIMIT 1   [ RunTime:0.0064s ]
SQL: SHOW COLUMNS FROM `hm_user_info_extra` [ RunTime:0.0057s ]
SQL: SELECT * FROM `hm_user_info_extra` WHERE ( 1=1 AND uid='11' ) LIMIT 1   [ RunTime:0.0100s ]
SQL: SHOW COLUMNS FROM `hm_user_info_certification` [ RunTime:0.0133s ]
SQL: SELECT * FROM `hm_user_info_certification` WHERE ( 1=1 AND uid='11' ) LIMIT 1   [ RunTime:0.0086s ]
SQL: SHOW COLUMNS FROM `hm_user_bind` [ RunTime:0.0105s ]
SQL: SELECT * FROM `hm_user_bind` WHERE ( 1=1 AND uid='11' )  [ RunTime:0.0087s ]
NOTIC: [8192] preg_replace(): The /e modifier is deprecated, use preg_replace_callback instead /Applications/MAMP/htdocs/HealthManager/Application/Common/Common/function.php 第 196 行.
INFO: [ app_end ] --START--
INFO: Run Behavior\ShowPageTraceBehavior [ RunTime:0.000989s ]
INFO: [ app_end ] --END-- [ RunTime:0.001164s ]

[ 2016-12-20T16:05:52+08:00 ] ::1 /index.php/UserCenter/Api/signIn?account=shandawei@ainia.com.cn&password=123456&userType=1
INFO: [ app_init ] --START--
INFO: Run Behavior\BuildLiteBehavior [ RunTime:0.000014s ]
INFO: [ app_init ] --END-- [ RunTime:0.000366s ]
INFO: [ app_begin ] --START--
INFO: Run Behavior\ReadHtmlCacheBehavior [ RunTime:0.000600s ]
INFO: [ app_begin ] --END-- [ RunTime:0.000693s ]
NOTIC: [8192] mysql_connect(): The mysql extension is deprecated and will be removed in the future: use mysqli or PDO instead /Applications/MAMP/htdocs/HealthManager/ThinkPHP/Library/Think/Session/Driver/Db.class.php 第 95 行.
SQL: SHOW COLUMNS FROM `hm_user_info_base` [ RunTime:0.0184s ]
SQL: SHOW COLUMNS FROM `hm_user_info_base` [ RunTime:0.0214s ]
SQL: SELECT `email`,`password`,`salt`,`uid`,`reg_time` FROM `hm_user_info_base` WHERE `email` = 'shandawei@ainia.com.cn' LIMIT 1   [ RunTime:0.0257s ]
SQL: SELECT * FROM `hm_user_info_base` WHERE ( uid = '1' ) LIMIT 1   [ RunTime:0.0254s ]
SQL: SHOW COLUMNS FROM `hm_user_info_details` [ RunTime:0.0364s ]
SQL: SELECT * FROM `hm_user_info_details` WHERE ( uid=1 ) LIMIT 1   [ RunTime:0.0307s ]
NOTIC: [8] Use of undefined constant F - assumed 'F' /Applications/MAMP/htdocs/HealthManager/Application/UserCenter/Model/UserModel.class.php 第 289 行.
SQL: SHOW COLUMNS FROM `hm_user_login_token` [ RunTime:0.1060s ]
SQL: SELECT COUNT(*) AS tp_count FROM `hm_user_login_token` WHERE `uid` = 1 LIMIT 1   [ RunTime:0.0139s ]
SQL: UPDATE `hm_user_login_token` SET `uid`='1',`token`='4dee25babdbb0b0f4966b38f1f966072',`update_time`='2016-12-20 16:05:52' WHERE `uid` = 1 [ RunTime:0.0234s ]
SQL: SELECT `uid`,`username`,`email`,`mobile`,`email_verify`,`reg_time`,`user_type` FROM `hm_user_info_base` WHERE `uid` = 1 LIMIT 1   [ RunTime:0.0179s ]
SQL: SHOW COLUMNS FROM `hm_user_info_details` [ RunTime:0.0188s ]
SQL: SELECT * FROM `hm_user_info_details` WHERE ( 1=1 AND uid='1' ) LIMIT 1   [ RunTime:0.0176s ]
SQL: SHOW COLUMNS FROM `hm_user_info_extra` [ RunTime:0.0187s ]
SQL: SELECT * FROM `hm_user_info_extra` WHERE ( 1=1 AND uid='1' ) LIMIT 1   [ RunTime:0.0313s ]
SQL: SHOW COLUMNS FROM `hm_user_info_certification` [ RunTime:0.0217s ]
SQL: SELECT * FROM `hm_user_info_certification` WHERE ( 1=1 AND uid='1' ) LIMIT 1   [ RunTime:0.0206s ]
SQL: SHOW COLUMNS FROM `hm_user_bind` [ RunTime:0.0190s ]
SQL: SELECT * FROM `hm_user_bind` WHERE ( 1=1 AND uid='1' )  [ RunTime:0.0171s ]
NOTIC: [8192] preg_replace(): The /e modifier is deprecated, use preg_replace_callback instead /Applications/MAMP/htdocs/HealthManager/Application/Common/Common/function.php 第 196 行.
INFO: [ app_end ] --START--
INFO: Run Behavior\ShowPageTraceBehavior [ RunTime:0.001288s ]
INFO: [ app_end ] --END-- [ RunTime:0.001376s ]

[ 2016-12-20T16:05:53+08:00 ] ::1 /index.php/UserCenter/Api/signIn?account=shandawei@ainia.com.cn&password=123456&userType=1
INFO: [ app_init ] --START--
INFO: Run Behavior\BuildLiteBehavior [ RunTime:0.000015s ]
INFO: [ app_init ] --END-- [ RunTime:0.000334s ]
INFO: [ app_begin ] --START--
INFO: Run Behavior\ReadHtmlCacheBehavior [ RunTime:0.000472s ]
INFO: [ app_begin ] --END-- [ RunTime:0.000530s ]
NOTIC: [8192] mysql_connect(): The mysql extension is deprecated and will be removed in the future: use mysqli or PDO instead /Applications/MAMP/htdocs/HealthManager/ThinkPHP/Library/Think/Session/Driver/Db.class.php 第 95 行.
SQL: SHOW COLUMNS FROM `hm_user_info_base` [ RunTime:0.0222s ]
SQL: SHOW COLUMNS FROM `hm_user_info_base` [ RunTime:0.0179s ]
SQL: SELECT `email`,`password`,`salt`,`uid`,`reg_time` FROM `hm_user_info_base` WHERE `email` = 'shandawei@ainia.com.cn' LIMIT 1   [ RunTime:0.0172s ]
SQL: SELECT * FROM `hm_user_info_base` WHERE ( uid = '1' ) LIMIT 1   [ RunTime:0.0177s ]
SQL: SHOW COLUMNS FROM `hm_user_info_details` [ RunTime:0.1105s ]
SQL: SELECT * FROM `hm_user_info_details` WHERE ( uid=1 ) LIMIT 1   [ RunTime:0.0354s ]
NOTIC: [8] Use of undefined constant F - assumed 'F' /Applications/MAMP/htdocs/HealthManager/Application/UserCenter/Model/UserModel.class.php 第 289 行.
SQL: SHOW COLUMNS FROM `hm_user_login_token` [ RunTime:0.0188s ]
SQL: SELECT COUNT(*) AS tp_count FROM `hm_user_login_token` WHERE `uid` = 1 LIMIT 1   [ RunTime:0.0151s ]
SQL: UPDATE `hm_user_login_token` SET `uid`='1',`token`='9dfc7e585257a28e819571dde8763e46',`update_time`='2016-12-20 16:05:52' WHERE `uid` = 1 [ RunTime:0.0321s ]
SQL: SELECT `uid`,`username`,`email`,`mobile`,`email_verify`,`reg_time`,`user_type` FROM `hm_user_info_base` WHERE `uid` = 1 LIMIT 1   [ RunTime:0.0247s ]
SQL: SHOW COLUMNS FROM `hm_user_info_details` [ RunTime:0.0186s ]
SQL: SELECT * FROM `hm_user_info_details` WHERE ( 1=1 AND uid='1' ) LIMIT 1   [ RunTime:0.0217s ]
SQL: SHOW COLUMNS FROM `hm_user_info_extra` [ RunTime:0.0213s ]
SQL: SELECT * FROM `hm_user_info_extra` WHERE ( 1=1 AND uid='1' ) LIMIT 1   [ RunTime:0.0198s ]
SQL: SHOW COLUMNS FROM `hm_user_info_certification` [ RunTime:0.0181s ]
SQL: SELECT * FROM `hm_user_info_certification` WHERE ( 1=1 AND uid='1' ) LIMIT 1   [ RunTime:0.0591s ]
SQL: SHOW COLUMNS FROM `hm_user_bind` [ RunTime:0.0588s ]
SQL: SELECT * FROM `hm_user_bind` WHERE ( 1=1 AND uid='1' )  [ RunTime:0.0215s ]
NOTIC: [8192] preg_replace(): The /e modifier is deprecated, use preg_replace_callback instead /Applications/MAMP/htdocs/HealthManager/Application/Common/Common/function.php 第 196 行.
INFO: [ app_end ] --START--
INFO: Run Behavior\ShowPageTraceBehavior [ RunTime:0.000605s ]
INFO: [ app_end ] --END-- [ RunTime:0.000690s ]

[ 2016-12-20T16:37:45+08:00 ] ::1 /index.php/UserCenter/Api/signIn?account=shandawei@ainia.com.cn&password=123456&userType=1
INFO: [ app_init ] --START--
INFO: Run Behavior\BuildLiteBehavior [ RunTime:0.000015s ]
INFO: [ app_init ] --END-- [ RunTime:0.000476s ]
INFO: [ app_begin ] --START--
INFO: Run Behavior\ReadHtmlCacheBehavior [ RunTime:0.001033s ]
INFO: [ app_begin ] --END-- [ RunTime:0.001179s ]
NOTIC: [8192] mysql_connect(): The mysql extension is deprecated and will be removed in the future: use mysqli or PDO instead /Applications/MAMP/htdocs/HealthManager/ThinkPHP/Library/Think/Session/Driver/Db.class.php 第 95 行.
SQL: SHOW COLUMNS FROM `hm_user_info_base` [ RunTime:0.0043s ]
SQL: SHOW COLUMNS FROM `hm_user_info_base` [ RunTime:0.0066s ]
SQL: SELECT `email`,`password`,`salt`,`uid`,`reg_time` FROM `hm_user_info_base` WHERE `email` = 'shandawei@ainia.com.cn' LIMIT 1   [ RunTime:0.0035s ]
SQL: SELECT * FROM `hm_user_info_base` WHERE ( uid = '1' ) LIMIT 1   [ RunTime:0.0040s ]
SQL: SHOW COLUMNS FROM `hm_user_info_details` [ RunTime:0.0107s ]
SQL: SELECT * FROM `hm_user_info_details` WHERE ( uid=1 ) LIMIT 1   [ RunTime:0.0113s ]
NOTIC: [8] Use of undefined constant F - assumed 'F' /Applications/MAMP/htdocs/HealthManager/Application/UserCenter/Model/UserModel.class.php 第 289 行.
SQL: SHOW COLUMNS FROM `hm_user_login_token` [ RunTime:0.0049s ]
SQL: SELECT COUNT(*) AS tp_count FROM `hm_user_login_token` WHERE `uid` = 1 LIMIT 1   [ RunTime:0.0045s ]
SQL: UPDATE `hm_user_login_token` SET `uid`='1',`token`='4dce761ff228ceb9db09c485aff3591b',`update_time`='2016-12-20 16:37:45' WHERE `uid` = 1 [ RunTime:0.0055s ]
SQL: SHOW COLUMNS FROM `hm_user_info_base` [ RunTime:0.0058s ]
SQL: SELECT `uid`,`username`,`email`,`mobile`,`email_verify`,`reg_time`,`user_type` FROM `hm_user_info_base` WHERE `uid` = 1 LIMIT 1   [ RunTime:0.0052s ]
SQL: SHOW COLUMNS FROM `hm_user_info_details` [ RunTime:0.0045s ]
SQL: SELECT * FROM `hm_user_info_details` WHERE ( 1=1 AND uid='1' ) LIMIT 1   [ RunTime:0.0043s ]
SQL: SHOW COLUMNS FROM `hm_user_info_extra` [ RunTime:0.0160s ]
SQL: SELECT * FROM `hm_user_info_extra` WHERE ( 1=1 AND uid='1' ) LIMIT 1   [ RunTime:0.0288s ]
SQL: SHOW COLUMNS FROM `hm_user_info_certification` [ RunTime:0.0044s ]
SQL: SELECT * FROM `hm_user_info_certification` WHERE ( 1=1 AND uid='1' ) LIMIT 1   [ RunTime:0.0063s ]
SQL: SHOW COLUMNS FROM `hm_user_bind` [ RunTime:0.0101s ]
SQL: SELECT * FROM `hm_user_bind` WHERE ( 1=1 AND uid='1' )  [ RunTime:0.0097s ]
NOTIC: [8192] preg_replace(): The /e modifier is deprecated, use preg_replace_callback instead /Applications/MAMP/htdocs/HealthManager/Application/Common/Common/function.php 第 196 行.
INFO: [ app_end ] --START--
INFO: Run Behavior\ShowPageTraceBehavior [ RunTime:0.001190s ]
INFO: [ app_end ] --END-- [ RunTime:0.001319s ]

[ 2016-12-20T17:37:43+08:00 ] ::1 /index.php/UserCenter/Api/signIn?account=30178270@qq.com&password=123456&userType=1
INFO: [ app_init ] --START--
INFO: Run Behavior\BuildLiteBehavior [ RunTime:0.000016s ]
INFO: [ app_init ] --END-- [ RunTime:0.000430s ]
INFO: [ app_begin ] --START--
INFO: Run Behavior\ReadHtmlCacheBehavior [ RunTime:0.000612s ]
INFO: [ app_begin ] --END-- [ RunTime:0.000688s ]
NOTIC: [8192] mysql_connect(): The mysql extension is deprecated and will be removed in the future: use mysqli or PDO instead /Applications/MAMP/htdocs/HealthManager/ThinkPHP/Library/Think/Session/Driver/Db.class.php 第 95 行.
SQL: SHOW COLUMNS FROM `hm_user_info_base` [ RunTime:0.0048s ]
SQL: SHOW COLUMNS FROM `hm_user_info_base` [ RunTime:0.0046s ]
SQL: SELECT `email`,`password`,`salt`,`uid`,`reg_time` FROM `hm_user_info_base` WHERE `email` = '30178270@qq.com' LIMIT 1   [ RunTime:0.0037s ]
SQL: SELECT * FROM `hm_user_info_base` WHERE ( uid = '11' ) LIMIT 1   [ RunTime:0.0046s ]
SQL: SHOW COLUMNS FROM `hm_user_info_details` [ RunTime:0.0118s ]
SQL: SELECT * FROM `hm_user_info_details` WHERE ( uid=11 ) LIMIT 1   [ RunTime:0.0115s ]
NOTIC: [8] Use of undefined constant F - assumed 'F' /Applications/MAMP/htdocs/HealthManager/Application/UserCenter/Model/UserModel.class.php 第 289 行.
SQL: SHOW COLUMNS FROM `hm_user_login_token` [ RunTime:0.0044s ]
SQL: SELECT COUNT(*) AS tp_count FROM `hm_user_login_token` WHERE `uid` = 11 LIMIT 1   [ RunTime:0.0035s ]
SQL: UPDATE `hm_user_login_token` SET `uid`='11',`token`='a1c0e91692188e2cbaa60311fe5e69c9',`update_time`='2016-12-20 17:37:42' WHERE `uid` = 11 [ RunTime:0.0052s ]
SQL: SELECT `uid`,`username`,`email`,`mobile`,`email_verify`,`reg_time`,`user_type` FROM `hm_user_info_base` WHERE `uid` = 11 LIMIT 1   [ RunTime:0.0040s ]
SQL: SHOW COLUMNS FROM `hm_user_info_details` [ RunTime:0.0046s ]
SQL: SELECT * FROM `hm_user_info_details` WHERE ( 1=1 AND uid='11' ) LIMIT 1   [ RunTime:0.0054s ]
SQL: SHOW COLUMNS FROM `hm_user_info_extra` [ RunTime:0.0053s ]
SQL: SELECT * FROM `hm_user_info_extra` WHERE ( 1=1 AND uid='11' ) LIMIT 1   [ RunTime:0.0114s ]
SQL: SHOW COLUMNS FROM `hm_user_info_certification` [ RunTime:0.0131s ]
SQL: SELECT * FROM `hm_user_info_certification` WHERE ( 1=1 AND uid='11' ) LIMIT 1   [ RunTime:0.0088s ]
SQL: SHOW COLUMNS FROM `hm_user_bind` [ RunTime:0.0111s ]
SQL: SELECT * FROM `hm_user_bind` WHERE ( 1=1 AND uid='11' )  [ RunTime:0.0090s ]
NOTIC: [8192] preg_replace(): The /e modifier is deprecated, use preg_replace_callback instead /Applications/MAMP/htdocs/HealthManager/Application/Common/Common/function.php 第 196 行.
INFO: [ app_end ] --START--
INFO: Run Behavior\ShowPageTraceBehavior [ RunTime:0.001098s ]
INFO: [ app_end ] --END-- [ RunTime:0.001281s ]

[ 2016-12-20T17:38:18+08:00 ] ::1 /index.php/UserCenter/Api/signIn?account=30178270@qq.com&password=123456&userType=1
INFO: [ app_init ] --START--
INFO: Run Behavior\BuildLiteBehavior [ RunTime:0.000030s ]
INFO: [ app_init ] --END-- [ RunTime:0.000540s ]
INFO: [ app_begin ] --START--
INFO: Run Behavior\ReadHtmlCacheBehavior [ RunTime:0.000535s ]
INFO: [ app_begin ] --END-- [ RunTime:0.000612s ]
NOTIC: [8192] mysql_connect(): The mysql extension is deprecated and will be removed in the future: use mysqli or PDO instead /Applications/MAMP/htdocs/HealthManager/ThinkPHP/Library/Think/Session/Driver/Db.class.php 第 95 行.
SQL: SHOW COLUMNS FROM `hm_user_info_base` [ RunTime:0.0098s ]
SQL: SHOW COLUMNS FROM `hm_user_info_base` [ RunTime:0.1212s ]
SQL: SELECT `email`,`password`,`salt`,`uid`,`reg_time` FROM `hm_user_info_base` WHERE `email` = '30178270@qq.com' LIMIT 1   [ RunTime:0.1462s ]
SQL: SELECT * FROM `hm_user_info_base` WHERE ( uid = '11' ) LIMIT 1   [ RunTime:0.0735s ]
SQL: SHOW COLUMNS FROM `hm_user_info_details` [ RunTime:0.1724s ]
SQL: SELECT * FROM `hm_user_info_details` WHERE ( uid=11 ) LIMIT 1   [ RunTime:0.0878s ]
NOTIC: [8] Use of undefined constant F - assumed 'F' /Applications/MAMP/htdocs/HealthManager/Application/UserCenter/Model/UserModel.class.php 第 289 行.
SQL: SHOW COLUMNS FROM `hm_user_login_token` [ RunTime:0.0048s ]
SQL: SELECT COUNT(*) AS tp_count FROM `hm_user_login_token` WHERE `uid` = 11 LIMIT 1   [ RunTime:0.0255s ]
SQL: UPDATE `hm_user_login_token` SET `uid`='11',`token`='4b308da90ae305aedb4fe4c3c802116b',`update_time`='2016-12-20 17:38:18' WHERE `uid` = 11 [ RunTime:0.0168s ]
SQL: SELECT `uid`,`username`,`email`,`mobile`,`email_verify`,`reg_time`,`user_type` FROM `hm_user_info_base` WHERE `uid` = 11 LIMIT 1   [ RunTime:0.0086s ]
SQL: SHOW COLUMNS FROM `hm_user_info_details` [ RunTime:0.0048s ]
SQL: SELECT * FROM `hm_user_info_details` WHERE ( 1=1 AND uid='11' ) LIMIT 1   [ RunTime:0.1107s ]
SQL: SHOW COLUMNS FROM `hm_user_info_extra` [ RunTime:0.1504s ]
SQL: SELECT * FROM `hm_user_info_extra` WHERE ( 1=1 AND uid='11' ) LIMIT 1   [ RunTime:0.1094s ]
SQL: SHOW COLUMNS FROM `hm_user_info_certification` [ RunTime:0.1258s ]
SQL: SELECT * FROM `hm_user_info_certification` WHERE ( 1=1 AND uid='11' ) LIMIT 1   [ RunTime:0.0939s ]
SQL: SHOW COLUMNS FROM `hm_user_bind` [ RunTime:0.1011s ]
SQL: SELECT * FROM `hm_user_bind` WHERE ( 1=1 AND uid='11' )  [ RunTime:0.0895s ]
NOTIC: [8192] preg_replace(): The /e modifier is deprecated, use preg_replace_callback instead /Applications/MAMP/htdocs/HealthManager/Application/Common/Common/function.php 第 196 行.
INFO: [ app_end ] --START--
INFO: Run Behavior\ShowPageTraceBehavior [ RunTime:0.001703s ]
INFO: [ app_end ] --END-- [ RunTime:0.001855s ]

