[ 2016-12-17T17:46:25+08:00 ] ::1 /index.php/UserCenter/Api/signIn?account=30178270@qq.com&password=123456&userType=1
INFO: [ app_init ] --START--
INFO: Run Behavior\BuildLiteBehavior [ RunTime:0.000016s ]
INFO: [ app_init ] --END-- [ RunTime:0.000494s ]
INFO: [ app_begin ] --START--
INFO: Run Behavior\ReadHtmlCacheBehavior [ RunTime:0.000694s ]
INFO: [ app_begin ] --END-- [ RunTime:0.000795s ]
NOTIC: [8192] mysql_connect(): The mysql extension is deprecated and will be removed in the future: use mysqli or PDO instead /Applications/MAMP/htdocs/HealthManager/ThinkPHP/Library/Think/Session/Driver/Db.class.php 第 95 行.
SQL: SHOW COLUMNS FROM `hm_user_info_base` [ RunTime:0.0076s ]
SQL: SHOW COLUMNS FROM `hm_user_info_base` [ RunTime:0.0058s ]
SQL: SELECT `email`,`password`,`salt`,`uid`,`reg_time` FROM `hm_user_info_base` WHERE `email` = '30178270@qq.com' LIMIT 1   [ RunTime:0.0072s ]
SQL: SELECT * FROM `hm_user_info_base` WHERE ( uid = '11' ) LIMIT 1   [ RunTime:0.0211s ]
SQL: SHOW COLUMNS FROM `hm_user_info_details` [ RunTime:0.0142s ]
SQL: SELECT * FROM `hm_user_info_details` WHERE ( uid=11 ) LIMIT 1   [ RunTime:0.0180s ]
NOTIC: [8] Use of undefined constant F - assumed 'F' /Applications/MAMP/htdocs/HealthManager/Application/UserCenter/Model/UserModel.class.php 第 289 行.
SQL: SHOW COLUMNS FROM `hm_user_login_token` [ RunTime:0.0057s ]
SQL: SELECT COUNT(*) AS tp_count FROM `hm_user_login_token` WHERE `uid` = 11 LIMIT 1   [ RunTime:0.0054s ]
SQL: UPDATE `hm_user_login_token` SET `uid`='11',`token`='2d667b55f69184b2bc51919e50427a5c',`update_time`='2016-12-17 17:46:25' WHERE `uid` = 11 [ RunTime:0.0054s ]
SQL: SELECT `uid`,`username`,`email`,`mobile`,`email_verify`,`reg_time`,`user_type` FROM `hm_user_info_base` WHERE `uid` = 11 LIMIT 1   [ RunTime:0.0043s ]
SQL: SHOW COLUMNS FROM `hm_user_info_details` [ RunTime:0.0046s ]
SQL: SELECT * FROM `hm_user_info_details` WHERE ( 1=1 AND uid='11' ) LIMIT 1   [ RunTime:0.0160s ]
SQL: SHOW COLUMNS FROM `hm_user_info_extra` [ RunTime:0.0155s ]
SQL: SELECT * FROM `hm_user_info_extra` WHERE ( 1=1 AND uid='11' ) LIMIT 1   [ RunTime:0.0131s ]
SQL: SHOW COLUMNS FROM `hm_user_info_certification` [ RunTime:0.0113s ]
SQL: SELECT * FROM `hm_user_info_certification` WHERE ( 1=1 AND uid='11' ) LIMIT 1   [ RunTime:0.0152s ]
SQL: SHOW COLUMNS FROM `hm_user_bind` [ RunTime:0.0091s ]
SQL: SELECT * FROM `hm_user_bind` WHERE ( 1=1 AND uid='11' )  [ RunTime:0.0067s ]
NOTIC: [8192] preg_replace(): The /e modifier is deprecated, use preg_replace_callback instead /Applications/MAMP/htdocs/HealthManager/Application/Common/Common/function.php 第 196 行.
INFO: [ app_end ] --START--
INFO: Run Behavior\ShowPageTraceBehavior [ RunTime:0.001015s ]
INFO: [ app_end ] --END-- [ RunTime:0.001123s ]

