[ 2017-01-10T09:48:07+08:00 ] ::1 /index.php/UserCenter/Api/signIn?account=30178270@qq.com&password=123456&userType=1
INFO: [ app_init ] --START--
INFO: Run Behavior\BuildLiteBehavior [ RunTime:0.000016s ]
INFO: [ app_init ] --END-- [ RunTime:0.000151s ]
INFO: [ app_begin ] --START--
INFO: Run Behavior\ReadHtmlCacheBehavior [ RunTime:0.000081s ]
INFO: [ app_begin ] --END-- [ RunTime:0.000153s ]
NOTIC: [8192] mysql_connect(): The mysql extension is deprecated and will be removed in the future: use mysqli or PDO instead /Applications/MAMP/htdocs/HealthManager/ThinkPHP/Library/Think/Session/Driver/Db.class.php 第 95 行.
SQL: SHOW COLUMNS FROM `hm_user_info_base` [ RunTime:0.1189s ]
SQL: SHOW COLUMNS FROM `hm_user_info_base` [ RunTime:0.0557s ]
SQL: SELECT `email`,`password`,`salt`,`uid`,`reg_time` FROM `hm_user_info_base` WHERE `email` = '30178270@qq.com' LIMIT 1   [ RunTime:0.0233s ]
SQL: SELECT * FROM `hm_user_info_base` WHERE ( uid = '11' ) LIMIT 1   [ RunTime:0.0453s ]
SQL: SHOW COLUMNS FROM `hm_user_info_details` [ RunTime:0.0238s ]
SQL: SELECT * FROM `hm_user_info_details` WHERE ( uid=11 ) LIMIT 1   [ RunTime:0.0249s ]
NOTIC: [8] Use of undefined constant F - assumed 'F' /Applications/MAMP/htdocs/HealthManager/Application/UserCenter/Model/UserModel.class.php 第 289 行.
SQL: SHOW COLUMNS FROM `hm_user_login_token` [ RunTime:0.0549s ]
SQL: SELECT COUNT(*) AS tp_count FROM `hm_user_login_token` WHERE `uid` = 11 LIMIT 1   [ RunTime:0.0232s ]
SQL: UPDATE `hm_user_login_token` SET `uid`='11',`token`='69694a1204cb47588d393db7b9ee3458',`update_time`='2017-01-10 09:48:07' WHERE `uid` = 11 [ RunTime:0.0238s ]
SQL: SELECT `uid`,`username`,`email`,`mobile`,`email_verify`,`reg_time`,`user_type` FROM `hm_user_info_base` WHERE `uid` = 11 LIMIT 1   [ RunTime:0.0255s ]
SQL: SHOW COLUMNS FROM `hm_user_info_details` [ RunTime:0.0247s ]
SQL: SELECT * FROM `hm_user_info_details` WHERE ( 1=1 AND uid='11' ) LIMIT 1   [ RunTime:0.0280s ]
SQL: SHOW COLUMNS FROM `hm_user_info_extra` [ RunTime:0.0239s ]
SQL: SELECT * FROM `hm_user_info_extra` WHERE ( 1=1 AND uid='11' ) LIMIT 1   [ RunTime:0.0245s ]
SQL: SHOW COLUMNS FROM `hm_user_info_certification` [ RunTime:0.0239s ]
SQL: SELECT * FROM `hm_user_info_certification` WHERE ( 1=1 AND uid='11' ) LIMIT 1   [ RunTime:0.0245s ]
SQL: SHOW COLUMNS FROM `hm_user_bind` [ RunTime:0.0244s ]
SQL: SELECT * FROM `hm_user_bind` WHERE ( 1=1 AND uid='11' )  [ RunTime:0.0251s ]
NOTIC: [8192] preg_replace(): The /e modifier is deprecated, use preg_replace_callback instead /Applications/MAMP/htdocs/HealthManager/Application/Common/Common/function.php 第 196 行.
INFO: [ app_end ] --START--
INFO: Run Behavior\ShowPageTraceBehavior [ RunTime:0.000128s ]
INFO: [ app_end ] --END-- [ RunTime:0.000198s ]

[ 2017-01-10T10:31:10+08:00 ] ::1 /index.php/UserCenter/Api/signIn?account=shandawei@ainia.com.cn&password=123456&userType=1
INFO: [ app_init ] --START--
INFO: Run Behavior\BuildLiteBehavior [ RunTime:0.000053s ]
INFO: [ app_init ] --END-- [ RunTime:0.000482s ]
INFO: [ app_begin ] --START--
INFO: Run Behavior\ReadHtmlCacheBehavior [ RunTime:0.000255s ]
INFO: [ app_begin ] --END-- [ RunTime:0.000430s ]
NOTIC: [8192] mysql_connect(): The mysql extension is deprecated and will be removed in the future: use mysqli or PDO instead /Applications/MAMP/htdocs/HealthManager/ThinkPHP/Library/Think/Session/Driver/Db.class.php 第 95 行.
SQL: SHOW COLUMNS FROM `hm_user_info_base` [ RunTime:0.0051s ]
SQL: SHOW COLUMNS FROM `hm_user_info_base` [ RunTime:0.0041s ]
SQL: SELECT `email`,`password`,`salt`,`uid`,`reg_time` FROM `hm_user_info_base` WHERE `email` = 'shandawei@ainia.com.cn' LIMIT 1   [ RunTime:0.0037s ]
SQL: SELECT * FROM `hm_user_info_base` WHERE ( uid = '1' ) LIMIT 1   [ RunTime:0.0042s ]
SQL: SHOW COLUMNS FROM `hm_user_info_details` [ RunTime:0.0045s ]
SQL: SELECT * FROM `hm_user_info_details` WHERE ( uid=1 ) LIMIT 1   [ RunTime:0.0039s ]
NOTIC: [8] Use of undefined constant F - assumed 'F' /Applications/MAMP/htdocs/HealthManager/Application/UserCenter/Model/UserModel.class.php 第 289 行.
SQL: SHOW COLUMNS FROM `hm_user_login_token` [ RunTime:0.0043s ]
SQL: SELECT COUNT(*) AS tp_count FROM `hm_user_login_token` WHERE `uid` = 1 LIMIT 1   [ RunTime:0.0041s ]
SQL: UPDATE `hm_user_login_token` SET `uid`='1',`token`='92b1159cadf0dc49a212708a36b2f96d',`update_time`='2017-01-10 10:31:10' WHERE `uid` = 1 [ RunTime:0.0045s ]
SQL: SELECT `uid`,`username`,`email`,`mobile`,`email_verify`,`reg_time`,`user_type` FROM `hm_user_info_base` WHERE `uid` = 1 LIMIT 1   [ RunTime:0.0038s ]
SQL: SHOW COLUMNS FROM `hm_user_info_details` [ RunTime:0.0048s ]
SQL: SELECT * FROM `hm_user_info_details` WHERE ( 1=1 AND uid='1' ) LIMIT 1   [ RunTime:0.0039s ]
SQL: SHOW COLUMNS FROM `hm_user_info_extra` [ RunTime:0.0041s ]
SQL: SELECT * FROM `hm_user_info_extra` WHERE ( 1=1 AND uid='1' ) LIMIT 1   [ RunTime:0.0041s ]
SQL: SHOW COLUMNS FROM `hm_user_info_certification` [ RunTime:0.0040s ]
SQL: SELECT * FROM `hm_user_info_certification` WHERE ( 1=1 AND uid='1' ) LIMIT 1   [ RunTime:0.0033s ]
SQL: SHOW COLUMNS FROM `hm_user_bind` [ RunTime:0.0040s ]
SQL: SELECT * FROM `hm_user_bind` WHERE ( 1=1 AND uid='1' )  [ RunTime:0.0032s ]
NOTIC: [8192] preg_replace(): The /e modifier is deprecated, use preg_replace_callback instead /Applications/MAMP/htdocs/HealthManager/Application/Common/Common/function.php 第 196 行.
INFO: [ app_end ] --START--
INFO: Run Behavior\ShowPageTraceBehavior [ RunTime:0.000142s ]
INFO: [ app_end ] --END-- [ RunTime:0.000251s ]

[ 2017-01-10T10:31:34+08:00 ] ::1 /index.php/UserCenter/Api/signIn?account=shandawei@ainia.com.cn&password=123456&userType=1
INFO: [ app_init ] --START--
INFO: Run Behavior\BuildLiteBehavior [ RunTime:0.000027s ]
INFO: [ app_init ] --END-- [ RunTime:0.000235s ]
INFO: [ app_begin ] --START--
INFO: Run Behavior\ReadHtmlCacheBehavior [ RunTime:0.000085s ]
INFO: [ app_begin ] --END-- [ RunTime:0.000140s ]
NOTIC: [8192] mysql_connect(): The mysql extension is deprecated and will be removed in the future: use mysqli or PDO instead /Applications/MAMP/htdocs/HealthManager/ThinkPHP/Library/Think/Session/Driver/Db.class.php 第 95 行.
SQL: SHOW COLUMNS FROM `hm_user_info_base` [ RunTime:0.0057s ]
SQL: SHOW COLUMNS FROM `hm_user_info_base` [ RunTime:0.0047s ]
SQL: SELECT `email`,`password`,`salt`,`uid`,`reg_time` FROM `hm_user_info_base` WHERE `email` = 'shandawei@ainia.com.cn' LIMIT 1   [ RunTime:0.0043s ]
SQL: SELECT * FROM `hm_user_info_base` WHERE ( uid = '1' ) LIMIT 1   [ RunTime:0.0047s ]
SQL: SHOW COLUMNS FROM `hm_user_info_details` [ RunTime:0.0047s ]
SQL: SELECT * FROM `hm_user_info_details` WHERE ( uid=1 ) LIMIT 1   [ RunTime:0.0047s ]
NOTIC: [8] Use of undefined constant F - assumed 'F' /Applications/MAMP/htdocs/HealthManager/Application/UserCenter/Model/UserModel.class.php 第 289 行.
SQL: SHOW COLUMNS FROM `hm_user_login_token` [ RunTime:0.0046s ]
SQL: SELECT COUNT(*) AS tp_count FROM `hm_user_login_token` WHERE `uid` = 1 LIMIT 1   [ RunTime:0.0040s ]
SQL: UPDATE `hm_user_login_token` SET `uid`='1',`token`='7be126c59e46dd6a79d0976759fe2289',`update_time`='2017-01-10 10:31:34' WHERE `uid` = 1 [ RunTime:0.0046s ]
SQL: SELECT `uid`,`username`,`email`,`mobile`,`email_verify`,`reg_time`,`user_type` FROM `hm_user_info_base` WHERE `uid` = 1 LIMIT 1   [ RunTime:0.0044s ]
SQL: SHOW COLUMNS FROM `hm_user_info_details` [ RunTime:0.0048s ]
SQL: SELECT * FROM `hm_user_info_details` WHERE ( 1=1 AND uid='1' ) LIMIT 1   [ RunTime:0.0048s ]
SQL: SHOW COLUMNS FROM `hm_user_info_extra` [ RunTime:0.0044s ]
SQL: SELECT * FROM `hm_user_info_extra` WHERE ( 1=1 AND uid='1' ) LIMIT 1   [ RunTime:0.0054s ]
SQL: SHOW COLUMNS FROM `hm_user_info_certification` [ RunTime:0.0046s ]
SQL: SELECT * FROM `hm_user_info_certification` WHERE ( 1=1 AND uid='1' ) LIMIT 1   [ RunTime:0.0043s ]
SQL: SHOW COLUMNS FROM `hm_user_bind` [ RunTime:0.0045s ]
SQL: SELECT * FROM `hm_user_bind` WHERE ( 1=1 AND uid='1' )  [ RunTime:0.0039s ]
NOTIC: [8192] preg_replace(): The /e modifier is deprecated, use preg_replace_callback instead /Applications/MAMP/htdocs/HealthManager/Application/Common/Common/function.php 第 196 行.
INFO: [ app_end ] --START--
INFO: Run Behavior\ShowPageTraceBehavior [ RunTime:0.000125s ]
INFO: [ app_end ] --END-- [ RunTime:0.000215s ]

[ 2017-01-10T10:33:50+08:00 ] ::1 /index.php/UserCenter/Api/signIn?account=shandawei@ainia.com.cn&password=123456&userType=1
INFO: [ app_init ] --START--
INFO: Run Behavior\BuildLiteBehavior [ RunTime:0.000025s ]
INFO: [ app_init ] --END-- [ RunTime:0.000341s ]
INFO: [ app_begin ] --START--
INFO: Run Behavior\ReadHtmlCacheBehavior [ RunTime:0.000091s ]
INFO: [ app_begin ] --END-- [ RunTime:0.000161s ]
NOTIC: [8192] mysql_connect(): The mysql extension is deprecated and will be removed in the future: use mysqli or PDO instead /Applications/MAMP/htdocs/HealthManager/ThinkPHP/Library/Think/Session/Driver/Db.class.php 第 95 行.
SQL: SHOW COLUMNS FROM `hm_user_info_base` [ RunTime:0.0034s ]
SQL: SHOW COLUMNS FROM `hm_user_info_base` [ RunTime:0.0031s ]
SQL: SELECT `email`,`password`,`salt`,`uid`,`reg_time` FROM `hm_user_info_base` WHERE `email` = 'shandawei@ainia.com.cn' LIMIT 1   [ RunTime:0.0028s ]
SQL: SELECT * FROM `hm_user_info_base` WHERE ( uid = '1' ) LIMIT 1   [ RunTime:0.0031s ]
SQL: SHOW COLUMNS FROM `hm_user_info_details` [ RunTime:0.0030s ]
SQL: SELECT * FROM `hm_user_info_details` WHERE ( uid=1 ) LIMIT 1   [ RunTime:0.0032s ]
NOTIC: [8] Use of undefined constant F - assumed 'F' /Applications/MAMP/htdocs/HealthManager/Application/UserCenter/Model/UserModel.class.php 第 289 行.
SQL: SHOW COLUMNS FROM `hm_user_login_token` [ RunTime:0.0033s ]
SQL: SELECT COUNT(*) AS tp_count FROM `hm_user_login_token` WHERE `uid` = 1 LIMIT 1   [ RunTime:0.0067s ]
SQL: UPDATE `hm_user_login_token` SET `uid`='1',`token`='48b9a40632130917628b843e34807362',`update_time`='2017-01-10 10:33:50' WHERE `uid` = 1 [ RunTime:0.0033s ]
SQL: SELECT `uid`,`username`,`email`,`mobile`,`email_verify`,`reg_time`,`user_type` FROM `hm_user_info_base` WHERE `uid` = 1 LIMIT 1   [ RunTime:0.0033s ]
SQL: SHOW COLUMNS FROM `hm_user_info_details` [ RunTime:0.0126s ]
SQL: SELECT * FROM `hm_user_info_details` WHERE ( 1=1 AND uid='1' ) LIMIT 1   [ RunTime:0.0108s ]
SQL: SHOW COLUMNS FROM `hm_user_info_extra` [ RunTime:0.0032s ]
SQL: SELECT * FROM `hm_user_info_extra` WHERE ( 1=1 AND uid='1' ) LIMIT 1   [ RunTime:0.0033s ]
SQL: SHOW COLUMNS FROM `hm_user_info_certification` [ RunTime:0.0031s ]
SQL: SELECT * FROM `hm_user_info_certification` WHERE ( 1=1 AND uid='1' ) LIMIT 1   [ RunTime:0.0032s ]
SQL: SHOW COLUMNS FROM `hm_user_bind` [ RunTime:0.0037s ]
SQL: SELECT * FROM `hm_user_bind` WHERE ( 1=1 AND uid='1' )  [ RunTime:0.0027s ]
NOTIC: [8192] preg_replace(): The /e modifier is deprecated, use preg_replace_callback instead /Applications/MAMP/htdocs/HealthManager/Application/Common/Common/function.php 第 196 行.
INFO: [ app_end ] --START--
INFO: Run Behavior\ShowPageTraceBehavior [ RunTime:0.000119s ]
INFO: [ app_end ] --END-- [ RunTime:0.000207s ]

[ 2017-01-10T10:57:03+08:00 ] ::1 /index.php/UserCenter/Api/signIn?account=shandawei@ainia.com.cn&password=123456&userType=1
INFO: [ app_init ] --START--
INFO: Run Behavior\BuildLiteBehavior [ RunTime:0.000032s ]
INFO: [ app_init ] --END-- [ RunTime:0.000332s ]
INFO: [ app_begin ] --START--
INFO: Run Behavior\ReadHtmlCacheBehavior [ RunTime:0.000099s ]
INFO: [ app_begin ] --END-- [ RunTime:0.000165s ]
NOTIC: [8192] mysql_connect(): The mysql extension is deprecated and will be removed in the future: use mysqli or PDO instead /Applications/MAMP/htdocs/HealthManager/ThinkPHP/Library/Think/Session/Driver/Db.class.php 第 95 行.
SQL: SHOW COLUMNS FROM `hm_user_info_base` [ RunTime:0.0058s ]
SQL: SHOW COLUMNS FROM `hm_user_info_base` [ RunTime:0.0066s ]
SQL: SELECT `email`,`password`,`salt`,`uid`,`reg_time` FROM `hm_user_info_base` WHERE `email` = 'shandawei@ainia.com.cn' LIMIT 1   [ RunTime:0.0051s ]
SQL: SELECT * FROM `hm_user_info_base` WHERE ( uid = '1' ) LIMIT 1   [ RunTime:0.0059s ]
SQL: SHOW COLUMNS FROM `hm_user_info_details` [ RunTime:0.0059s ]
SQL: SELECT * FROM `hm_user_info_details` WHERE ( uid=1 ) LIMIT 1   [ RunTime:0.0061s ]
NOTIC: [8] Use of undefined constant F - assumed 'F' /Applications/MAMP/htdocs/HealthManager/Application/UserCenter/Model/UserModel.class.php 第 289 行.
SQL: SHOW COLUMNS FROM `hm_user_login_token` [ RunTime:0.0049s ]
SQL: SELECT COUNT(*) AS tp_count FROM `hm_user_login_token` WHERE `uid` = 1 LIMIT 1   [ RunTime:0.0040s ]
SQL: UPDATE `hm_user_login_token` SET `uid`='1',`token`='1f895c7712b7edadf78b5d1a046e2f74',`update_time`='2017-01-10 10:57:03' WHERE `uid` = 1 [ RunTime:0.0156s ]
SQL: SELECT `uid`,`username`,`email`,`mobile`,`email_verify`,`reg_time`,`user_type` FROM `hm_user_info_base` WHERE `uid` = 1 LIMIT 1   [ RunTime:0.0044s ]
SQL: SHOW COLUMNS FROM `hm_user_info_details` [ RunTime:0.0047s ]
SQL: SELECT * FROM `hm_user_info_details` WHERE ( 1=1 AND uid='1' ) LIMIT 1   [ RunTime:0.0051s ]
SQL: SHOW COLUMNS FROM `hm_user_info_extra` [ RunTime:0.0048s ]
SQL: SELECT * FROM `hm_user_info_extra` WHERE ( 1=1 AND uid='1' ) LIMIT 1   [ RunTime:0.0065s ]
SQL: SHOW COLUMNS FROM `hm_user_info_certification` [ RunTime:0.0050s ]
SQL: SELECT * FROM `hm_user_info_certification` WHERE ( 1=1 AND uid='1' ) LIMIT 1   [ RunTime:0.0048s ]
SQL: SHOW COLUMNS FROM `hm_user_bind` [ RunTime:0.0051s ]
SQL: SELECT * FROM `hm_user_bind` WHERE ( 1=1 AND uid='1' )  [ RunTime:0.0051s ]
NOTIC: [8192] preg_replace(): The /e modifier is deprecated, use preg_replace_callback instead /Applications/MAMP/htdocs/HealthManager/Application/Common/Common/function.php 第 196 行.
INFO: [ app_end ] --START--
INFO: Run Behavior\ShowPageTraceBehavior [ RunTime:0.000122s ]
INFO: [ app_end ] --END-- [ RunTime:0.000200s ]

[ 2017-01-10T11:12:13+08:00 ] ::1 /index.php/UserCenter/Api/signIn?account=shandawei@ainia.com.cn&password=123456&userType=1
INFO: [ app_init ] --START--
INFO: Run Behavior\BuildLiteBehavior [ RunTime:0.000027s ]
INFO: [ app_init ] --END-- [ RunTime:0.000244s ]
INFO: [ app_begin ] --START--
INFO: Run Behavior\ReadHtmlCacheBehavior [ RunTime:0.000107s ]
INFO: [ app_begin ] --END-- [ RunTime:0.000188s ]
NOTIC: [8192] mysql_connect(): The mysql extension is deprecated and will be removed in the future: use mysqli or PDO instead /Applications/MAMP/htdocs/HealthManager/ThinkPHP/Library/Think/Session/Driver/Db.class.php 第 95 行.
SQL: SHOW COLUMNS FROM `hm_user_info_base` [ RunTime:0.0041s ]
SQL: SHOW COLUMNS FROM `hm_user_info_base` [ RunTime:0.0045s ]
SQL: SELECT `email`,`password`,`salt`,`uid`,`reg_time` FROM `hm_user_info_base` WHERE `email` = 'shandawei@ainia.com.cn' LIMIT 1   [ RunTime:0.0039s ]
SQL: SELECT * FROM `hm_user_info_base` WHERE ( uid = '1' ) LIMIT 1   [ RunTime:0.0034s ]
SQL: SHOW COLUMNS FROM `hm_user_info_details` [ RunTime:0.0032s ]
SQL: SELECT * FROM `hm_user_info_details` WHERE ( uid=1 ) LIMIT 1   [ RunTime:0.0031s ]
NOTIC: [8] Use of undefined constant F - assumed 'F' /Applications/MAMP/htdocs/HealthManager/Application/UserCenter/Model/UserModel.class.php 第 289 行.
SQL: SHOW COLUMNS FROM `hm_user_login_token` [ RunTime:0.0036s ]
SQL: SELECT COUNT(*) AS tp_count FROM `hm_user_login_token` WHERE `uid` = 1 LIMIT 1   [ RunTime:0.0026s ]
SQL: UPDATE `hm_user_login_token` SET `uid`='1',`token`='279ce2bc61776d4a6c173948b0be6a65',`update_time`='2017-01-10 11:12:12' WHERE `uid` = 1 [ RunTime:0.0034s ]
SQL: SELECT `uid`,`username`,`email`,`mobile`,`email_verify`,`reg_time`,`user_type` FROM `hm_user_info_base` WHERE `uid` = 1 LIMIT 1   [ RunTime:0.0033s ]
SQL: SHOW COLUMNS FROM `hm_user_info_details` [ RunTime:0.0034s ]
SQL: SELECT * FROM `hm_user_info_details` WHERE ( 1=1 AND uid='1' ) LIMIT 1   [ RunTime:0.0033s ]
SQL: SHOW COLUMNS FROM `hm_user_info_extra` [ RunTime:0.0031s ]
SQL: SELECT * FROM `hm_user_info_extra` WHERE ( 1=1 AND uid='1' ) LIMIT 1   [ RunTime:0.0033s ]
SQL: SHOW COLUMNS FROM `hm_user_info_certification` [ RunTime:0.0031s ]
SQL: SELECT * FROM `hm_user_info_certification` WHERE ( 1=1 AND uid='1' ) LIMIT 1   [ RunTime:0.0030s ]
SQL: SHOW COLUMNS FROM `hm_user_bind` [ RunTime:0.0053s ]
SQL: SELECT * FROM `hm_user_bind` WHERE ( 1=1 AND uid='1' )  [ RunTime:0.0034s ]
NOTIC: [8192] preg_replace(): The /e modifier is deprecated, use preg_replace_callback instead /Applications/MAMP/htdocs/HealthManager/Application/Common/Common/function.php 第 196 行.
INFO: [ app_end ] --START--
INFO: Run Behavior\ShowPageTraceBehavior [ RunTime:0.000146s ]
INFO: [ app_end ] --END-- [ RunTime:0.000423s ]

[ 2017-01-10T11:18:27+08:00 ] ::1 /index.php/UserCenter/Api/signIn?account=shandawei@ainia.com.cn&password=123456&userType=1
INFO: [ app_init ] --START--
INFO: Run Behavior\BuildLiteBehavior [ RunTime:0.000025s ]
INFO: [ app_init ] --END-- [ RunTime:0.000230s ]
INFO: [ app_begin ] --START--
INFO: Run Behavior\ReadHtmlCacheBehavior [ RunTime:0.000082s ]
INFO: [ app_begin ] --END-- [ RunTime:0.000137s ]
NOTIC: [8192] mysql_connect(): The mysql extension is deprecated and will be removed in the future: use mysqli or PDO instead /Applications/MAMP/htdocs/HealthManager/ThinkPHP/Library/Think/Session/Driver/Db.class.php 第 95 行.
SQL: SHOW COLUMNS FROM `hm_user_info_base` [ RunTime:0.0817s ]
SQL: SHOW COLUMNS FROM `hm_user_info_base` [ RunTime:0.0758s ]
SQL: SELECT `email`,`password`,`salt`,`uid`,`reg_time` FROM `hm_user_info_base` WHERE `email` = 'shandawei@ainia.com.cn' LIMIT 1   [ RunTime:0.1197s ]
SQL: SELECT * FROM `hm_user_info_base` WHERE ( uid = '1' ) LIMIT 1   [ RunTime:0.0868s ]
SQL: SHOW COLUMNS FROM `hm_user_info_details` [ RunTime:0.1011s ]
SQL: SELECT * FROM `hm_user_info_details` WHERE ( uid=1 ) LIMIT 1   [ RunTime:0.1020s ]
NOTIC: [8] Use of undefined constant F - assumed 'F' /Applications/MAMP/htdocs/HealthManager/Application/UserCenter/Model/UserModel.class.php 第 289 行.
SQL: SHOW COLUMNS FROM `hm_user_login_token` [ RunTime:0.4389s ]
SQL: SELECT COUNT(*) AS tp_count FROM `hm_user_login_token` WHERE `uid` = 1 LIMIT 1   [ RunTime:0.0915s ]
SQL: UPDATE `hm_user_login_token` SET `uid`='1',`token`='3728c666470db1ad086fe4343539bdb4',`update_time`='2017-01-10 11:18:26' WHERE `uid` = 1 [ RunTime:0.0831s ]
SQL: SELECT `uid`,`username`,`email`,`mobile`,`email_verify`,`reg_time`,`user_type` FROM `hm_user_info_base` WHERE `uid` = 1 LIMIT 1   [ RunTime:0.0817s ]
SQL: SHOW COLUMNS FROM `hm_user_info_details` [ RunTime:0.0753s ]
SQL: SELECT * FROM `hm_user_info_details` WHERE ( 1=1 AND uid='1' ) LIMIT 1   [ RunTime:0.0668s ]
SQL: SHOW COLUMNS FROM `hm_user_info_extra` [ RunTime:0.0818s ]
SQL: SELECT * FROM `hm_user_info_extra` WHERE ( 1=1 AND uid='1' ) LIMIT 1   [ RunTime:0.0917s ]
SQL: SHOW COLUMNS FROM `hm_user_info_certification` [ RunTime:0.0896s ]
SQL: SELECT * FROM `hm_user_info_certification` WHERE ( 1=1 AND uid='1' ) LIMIT 1   [ RunTime:0.0902s ]
SQL: SHOW COLUMNS FROM `hm_user_bind` [ RunTime:0.0775s ]
SQL: SELECT * FROM `hm_user_bind` WHERE ( 1=1 AND uid='1' )  [ RunTime:0.0978s ]
NOTIC: [8192] preg_replace(): The /e modifier is deprecated, use preg_replace_callback instead /Applications/MAMP/htdocs/HealthManager/Application/Common/Common/function.php 第 196 行.
INFO: [ app_end ] --START--
INFO: Run Behavior\ShowPageTraceBehavior [ RunTime:0.000122s ]
INFO: [ app_end ] --END-- [ RunTime:0.000208s ]

[ 2017-01-10T11:18:31+08:00 ] ::1 /index.php/UserCenter/Api/signIn?account=shandawei@ainia.com.cn&password=123456&userType=1
INFO: [ app_init ] --START--
INFO: Run Behavior\BuildLiteBehavior [ RunTime:0.000026s ]
INFO: [ app_init ] --END-- [ RunTime:0.000224s ]
INFO: [ app_begin ] --START--
INFO: Run Behavior\ReadHtmlCacheBehavior [ RunTime:0.000092s ]
INFO: [ app_begin ] --END-- [ RunTime:0.000154s ]
NOTIC: [8192] mysql_connect(): The mysql extension is deprecated and will be removed in the future: use mysqli or PDO instead /Applications/MAMP/htdocs/HealthManager/ThinkPHP/Library/Think/Session/Driver/Db.class.php 第 95 行.
SQL: SHOW COLUMNS FROM `hm_user_info_base` [ RunTime:0.0850s ]
SQL: SHOW COLUMNS FROM `hm_user_info_base` [ RunTime:0.0487s ]
SQL: SELECT `email`,`password`,`salt`,`uid`,`reg_time` FROM `hm_user_info_base` WHERE `email` = 'shandawei@ainia.com.cn' LIMIT 1   [ RunTime:0.0507s ]
SQL: SELECT * FROM `hm_user_info_base` WHERE ( uid = '1' ) LIMIT 1   [ RunTime:0.4756s ]
SQL: SHOW COLUMNS FROM `hm_user_info_details` [ RunTime:0.0954s ]
SQL: SELECT * FROM `hm_user_info_details` WHERE ( uid=1 ) LIMIT 1   [ RunTime:0.0855s ]
NOTIC: [8] Use of undefined constant F - assumed 'F' /Applications/MAMP/htdocs/HealthManager/Application/UserCenter/Model/UserModel.class.php 第 289 行.
SQL: SHOW COLUMNS FROM `hm_user_login_token` [ RunTime:0.0429s ]
SQL: SELECT COUNT(*) AS tp_count FROM `hm_user_login_token` WHERE `uid` = 1 LIMIT 1   [ RunTime:0.0550s ]
SQL: UPDATE `hm_user_login_token` SET `uid`='1',`token`='2d7a44397f5adc2040da63002af9b164',`update_time`='2017-01-10 11:18:30' WHERE `uid` = 1 [ RunTime:0.0820s ]
SQL: SELECT `uid`,`username`,`email`,`mobile`,`email_verify`,`reg_time`,`user_type` FROM `hm_user_info_base` WHERE `uid` = 1 LIMIT 1   [ RunTime:0.0558s ]
SQL: SHOW COLUMNS FROM `hm_user_info_details` [ RunTime:0.0577s ]
SQL: SELECT * FROM `hm_user_info_details` WHERE ( 1=1 AND uid='1' ) LIMIT 1   [ RunTime:0.0563s ]
SQL: SHOW COLUMNS FROM `hm_user_info_extra` [ RunTime:0.0610s ]
SQL: SELECT * FROM `hm_user_info_extra` WHERE ( 1=1 AND uid='1' ) LIMIT 1   [ RunTime:0.0450s ]
SQL: SHOW COLUMNS FROM `hm_user_info_certification` [ RunTime:0.0915s ]
SQL: SELECT * FROM `hm_user_info_certification` WHERE ( 1=1 AND uid='1' ) LIMIT 1   [ RunTime:0.0586s ]
SQL: SHOW COLUMNS FROM `hm_user_bind` [ RunTime:0.0816s ]
SQL: SELECT * FROM `hm_user_bind` WHERE ( 1=1 AND uid='1' )  [ RunTime:0.0540s ]
NOTIC: [8192] preg_replace(): The /e modifier is deprecated, use preg_replace_callback instead /Applications/MAMP/htdocs/HealthManager/Application/Common/Common/function.php 第 196 行.
INFO: [ app_end ] --START--
INFO: Run Behavior\ShowPageTraceBehavior [ RunTime:0.000255s ]
INFO: [ app_end ] --END-- [ RunTime:0.000497s ]

