[ 2016-12-21T11:19:42+08:00 ] ::1 /favicon.ico
INFO: [ app_init ] --START--
INFO: Run Behavior\BuildLiteBehavior [ RunTime:0.000021s ]
INFO: [ app_init ] --END-- [ RunTime:0.000433s ]
ERR: 无法加载模块:Favicon

[ 2016-12-21T13:58:32+08:00 ] ::1 /Public/AdminLTE/bootstrap/css/less/normalize.less
INFO: [ app_init ] --START--
INFO: Run Behavior\BuildLiteBehavior [ RunTime:0.000095s ]
INFO: [ app_init ] --END-- [ RunTime:0.003143s ]
ERR: 无法加载模块:Public

[ 2016-12-21T13:58:32+08:00 ] ::1 /Public/AdminLTE/bootstrap/css/less/print.less
INFO: [ app_init ] --START--
INFO: Run Behavior\BuildLiteBehavior [ RunTime:0.000017s ]
INFO: [ app_init ] --END-- [ RunTime:0.000415s ]
ERR: 无法加载模块:Public

[ 2016-12-21T13:58:33+08:00 ] ::1 /Public/AdminLTE/bootstrap/css/dist/css/bootstrap.css
INFO: [ app_init ] --START--
INFO: Run Behavior\BuildLiteBehavior [ RunTime:0.000073s ]
INFO: [ app_init ] --END-- [ RunTime:0.001423s ]
ERR: 无法加载模块:Public

[ 2016-12-21T13:58:33+08:00 ] ::1 /Public/AdminLTE/bootstrap/css/less/glyphicons.less
INFO: [ app_init ] --START--
INFO: Run Behavior\BuildLiteBehavior [ RunTime:0.000019s ]
INFO: [ app_init ] --END-- [ RunTime:0.000496s ]
ERR: 无法加载模块:Public

[ 2016-12-21T13:58:33+08:00 ] ::1 /Public/AdminLTE/bootstrap/css/less/scaffolding.less
INFO: [ app_init ] --START--
INFO: Run Behavior\BuildLiteBehavior [ RunTime:0.000026s ]
INFO: [ app_init ] --END-- [ RunTime:0.000585s ]
ERR: 无法加载模块:Public

[ 2016-12-21T13:58:33+08:00 ] ::1 /Public/AdminLTE/bootstrap/css/less/mixins/vendor-prefixes.less
INFO: [ app_init ] --START--
INFO: Run Behavior\BuildLiteBehavior [ RunTime:0.000023s ]
INFO: [ app_init ] --END-- [ RunTime:0.000935s ]
ERR: 无法加载模块:Public

[ 2016-12-21T13:58:33+08:00 ] ::1 /Public/AdminLTE/bootstrap/css/less/mixins/tab-focus.less
INFO: [ app_init ] --START--
INFO: Run Behavior\BuildLiteBehavior [ RunTime:0.000066s ]
INFO: [ app_init ] --END-- [ RunTime:0.000841s ]
ERR: 无法加载模块:Public

[ 2016-12-21T13:58:33+08:00 ] ::1 /Public/AdminLTE/bootstrap/css/less/mixins/image.less
INFO: [ app_init ] --START--
INFO: Run Behavior\BuildLiteBehavior [ RunTime:0.000055s ]
INFO: [ app_init ] --END-- [ RunTime:0.001329s ]
ERR: 无法加载模块:Public

[ 2016-12-21T13:58:34+08:00 ] ::1 /Public/AdminLTE/bootstrap/css/less/type.less
INFO: [ app_init ] --START--
INFO: Run Behavior\BuildLiteBehavior [ RunTime:0.000017s ]
INFO: [ app_init ] --END-- [ RunTime:0.000392s ]
ERR: 无法加载模块:Public

[ 2016-12-21T13:58:34+08:00 ] ::1 /Public/AdminLTE/bootstrap/css/less/mixins/text-emphasis.less
INFO: [ app_init ] --START--
INFO: Run Behavior\BuildLiteBehavior [ RunTime:0.000017s ]
INFO: [ app_init ] --END-- [ RunTime:0.000388s ]
ERR: 无法加载模块:Public

[ 2016-12-21T13:58:34+08:00 ] ::1 /Public/AdminLTE/bootstrap/css/less/mixins/background-variant.less
INFO: [ app_init ] --START--
INFO: Run Behavior\BuildLiteBehavior [ RunTime:0.000017s ]
INFO: [ app_init ] --END-- [ RunTime:0.000358s ]
ERR: 无法加载模块:Public

[ 2016-12-21T13:58:34+08:00 ] ::1 /Public/AdminLTE/bootstrap/css/less/mixins/text-overflow.less
INFO: [ app_init ] --START--
INFO: Run Behavior\BuildLiteBehavior [ RunTime:0.000019s ]
INFO: [ app_init ] --END-- [ RunTime:0.000410s ]
ERR: 无法加载模块:Public

[ 2016-12-21T13:58:34+08:00 ] ::1 /Public/AdminLTE/bootstrap/css/less/code.less
INFO: [ app_init ] --START--
INFO: Run Behavior\BuildLiteBehavior [ RunTime:0.000098s ]
INFO: [ app_init ] --END-- [ RunTime:0.002056s ]
ERR: 无法加载模块:Public

[ 2016-12-21T13:58:34+08:00 ] ::1 /Public/AdminLTE/bootstrap/css/less/grid.less
INFO: [ app_init ] --START--
INFO: Run Behavior\BuildLiteBehavior [ RunTime:0.000017s ]
INFO: [ app_init ] --END-- [ RunTime:0.000381s ]
ERR: 无法加载模块:Public

[ 2016-12-21T13:58:35+08:00 ] ::1 /Public/AdminLTE/bootstrap/css/less/mixins/grid.less
INFO: [ app_init ] --START--
INFO: Run Behavior\BuildLiteBehavior [ RunTime:0.000025s ]
INFO: [ app_init ] --END-- [ RunTime:0.000551s ]
ERR: 无法加载模块:Public

[ 2016-12-21T13:58:35+08:00 ] ::1 /Public/AdminLTE/bootstrap/css/less/mixins/grid-framework.less
INFO: [ app_init ] --START--
INFO: Run Behavior\BuildLiteBehavior [ RunTime:0.000107s ]
INFO: [ app_init ] --END-- [ RunTime:0.001628s ]
ERR: 无法加载模块:Public

[ 2016-12-21T13:58:35+08:00 ] ::1 /Public/AdminLTE/bootstrap/css/less/tables.less
INFO: [ app_init ] --START--
INFO: Run Behavior\BuildLiteBehavior [ RunTime:0.000020s ]
INFO: [ app_init ] --END-- [ RunTime:0.000507s ]
ERR: 无法加载模块:Public

[ 2016-12-21T13:58:35+08:00 ] ::1 /Public/AdminLTE/bootstrap/css/less/mixins/table-row.less
INFO: [ app_init ] --START--
INFO: Run Behavior\BuildLiteBehavior [ RunTime:0.000104s ]
INFO: [ app_init ] --END-- [ RunTime:0.002303s ]
ERR: 无法加载模块:Public

[ 2016-12-21T13:58:36+08:00 ] ::1 /Public/AdminLTE/bootstrap/css/less/forms.less
INFO: [ app_init ] --START--
INFO: Run Behavior\BuildLiteBehavior [ RunTime:0.000016s ]
INFO: [ app_init ] --END-- [ RunTime:0.000347s ]
ERR: 无法加载模块:Public

[ 2016-12-21T13:58:36+08:00 ] ::1 /Public/AdminLTE/bootstrap/css/less/mixins/forms.less
INFO: [ app_init ] --START--
INFO: Run Behavior\BuildLiteBehavior [ RunTime:0.000026s ]
INFO: [ app_init ] --END-- [ RunTime:0.000595s ]
ERR: 无法加载模块:Public

[ 2016-12-21T13:58:36+08:00 ] ::1 /Public/AdminLTE/bootstrap/css/less/buttons.less
INFO: [ app_init ] --START--
INFO: Run Behavior\BuildLiteBehavior [ RunTime:0.000016s ]
INFO: [ app_init ] --END-- [ RunTime:0.000365s ]
ERR: 无法加载模块:Public

[ 2016-12-21T13:58:36+08:00 ] ::1 /Public/AdminLTE/bootstrap/css/less/mixins/buttons.less
INFO: [ app_init ] --START--
INFO: Run Behavior\BuildLiteBehavior [ RunTime:0.000035s ]
INFO: [ app_init ] --END-- [ RunTime:0.001139s ]
ERR: 无法加载模块:Public

[ 2016-12-21T13:58:36+08:00 ] ::1 /Public/AdminLTE/bootstrap/css/less/mixins/opacity.less
INFO: [ app_init ] --START--
INFO: Run Behavior\BuildLiteBehavior [ RunTime:0.000285s ]
INFO: [ app_init ] --END-- [ RunTime:0.001311s ]
ERR: 无法加载模块:Public

[ 2016-12-21T13:58:36+08:00 ] ::1 /Public/AdminLTE/bootstrap/css/less/component-animations.less
INFO: [ app_init ] --START--
INFO: Run Behavior\BuildLiteBehavior [ RunTime:0.000015s ]
INFO: [ app_init ] --END-- [ RunTime:0.000380s ]
ERR: 无法加载模块:Public

[ 2016-12-21T13:58:36+08:00 ] ::1 /Public/AdminLTE/bootstrap/css/less/dropdowns.less
INFO: [ app_init ] --START--
INFO: Run Behavior\BuildLiteBehavior [ RunTime:0.000078s ]
INFO: [ app_init ] --END-- [ RunTime:0.001245s ]
ERR: 无法加载模块:Public

[ 2016-12-21T13:58:36+08:00 ] ::1 /Public/AdminLTE/bootstrap/css/less/mixins/nav-divider.less
INFO: [ app_init ] --START--
INFO: Run Behavior\BuildLiteBehavior [ RunTime:0.000059s ]
INFO: [ app_init ] --END-- [ RunTime:0.001319s ]
ERR: 无法加载模块:Public

[ 2016-12-21T13:58:36+08:00 ] ::1 /Public/AdminLTE/bootstrap/css/less/mixins/reset-filter.less
INFO: [ app_init ] --START--
INFO: Run Behavior\BuildLiteBehavior [ RunTime:0.000041s ]
INFO: [ app_init ] --END-- [ RunTime:0.000768s ]
ERR: 无法加载模块:Public

[ 2016-12-21T13:58:37+08:00 ] ::1 /Public/AdminLTE/bootstrap/css/less/button-groups.less
INFO: [ app_init ] --START--
INFO: Run Behavior\BuildLiteBehavior [ RunTime:0.000038s ]
INFO: [ app_init ] --END-- [ RunTime:0.000402s ]
ERR: 无法加载模块:Public

[ 2016-12-21T13:58:37+08:00 ] ::1 /Public/AdminLTE/bootstrap/css/less/mixins/border-radius.less
INFO: [ app_init ] --START--
INFO: Run Behavior\BuildLiteBehavior [ RunTime:0.000016s ]
INFO: [ app_init ] --END-- [ RunTime:0.000358s ]
ERR: 无法加载模块:Public

[ 2016-12-21T13:58:37+08:00 ] ::1 /Public/AdminLTE/bootstrap/css/less/input-groups.less
INFO: [ app_init ] --START--
INFO: Run Behavior\BuildLiteBehavior [ RunTime:0.000019s ]
INFO: [ app_init ] --END-- [ RunTime:0.000383s ]
ERR: 无法加载模块:Public

[ 2016-12-21T13:58:37+08:00 ] ::1 /Public/AdminLTE/bootstrap/css/less/navs.less
INFO: [ app_init ] --START--
INFO: Run Behavior\BuildLiteBehavior [ RunTime:0.000016s ]
INFO: [ app_init ] --END-- [ RunTime:0.000355s ]
ERR: 无法加载模块:Public

[ 2016-12-21T13:58:37+08:00 ] ::1 /Public/AdminLTE/bootstrap/css/less/navbar.less
INFO: [ app_init ] --START--
INFO: Run Behavior\BuildLiteBehavior [ RunTime:0.000071s ]
INFO: [ app_init ] --END-- [ RunTime:0.001585s ]
ERR: 无法加载模块:Public

[ 2016-12-21T13:58:37+08:00 ] ::1 /Public/AdminLTE/bootstrap/css/less/mixins/nav-vertical-align.less
INFO: [ app_init ] --START--
INFO: Run Behavior\BuildLiteBehavior [ RunTime:0.000017s ]
INFO: [ app_init ] --END-- [ RunTime:0.000359s ]
ERR: 无法加载模块:Public

[ 2016-12-21T13:58:37+08:00 ] ::1 /Public/AdminLTE/bootstrap/css/less/utilities.less
INFO: [ app_init ] --START--
INFO: Run Behavior\BuildLiteBehavior [ RunTime:0.000016s ]
INFO: [ app_init ] --END-- [ RunTime:0.000378s ]
ERR: 无法加载模块:Public

[ 2016-12-21T13:58:37+08:00 ] ::1 /Public/AdminLTE/bootstrap/css/less/breadcrumbs.less
INFO: [ app_init ] --START--
INFO: Run Behavior\BuildLiteBehavior [ RunTime:0.000017s ]
INFO: [ app_init ] --END-- [ RunTime:0.000376s ]
ERR: 无法加载模块:Public

[ 2016-12-21T13:58:38+08:00 ] ::1 /Public/AdminLTE/bootstrap/css/less/pagination.less
INFO: [ app_init ] --START--
INFO: Run Behavior\BuildLiteBehavior [ RunTime:0.000017s ]
INFO: [ app_init ] --END-- [ RunTime:0.000354s ]
ERR: 无法加载模块:Public

[ 2016-12-21T13:58:38+08:00 ] ::1 /Public/AdminLTE/bootstrap/css/less/mixins/pagination.less
INFO: [ app_init ] --START--
INFO: Run Behavior\BuildLiteBehavior [ RunTime:0.000057s ]
INFO: [ app_init ] --END-- [ RunTime:0.001886s ]
ERR: 无法加载模块:Public

[ 2016-12-21T13:58:38+08:00 ] ::1 /Public/AdminLTE/bootstrap/css/less/pager.less
INFO: [ app_init ] --START--
INFO: Run Behavior\BuildLiteBehavior [ RunTime:0.000016s ]
INFO: [ app_init ] --END-- [ RunTime:0.000358s ]
ERR: 无法加载模块:Public

[ 2016-12-21T13:58:38+08:00 ] ::1 /Public/AdminLTE/bootstrap/css/less/labels.less
INFO: [ app_init ] --START--
INFO: Run Behavior\BuildLiteBehavior [ RunTime:0.000017s ]
INFO: [ app_init ] --END-- [ RunTime:0.000364s ]
ERR: 无法加载模块:Public

[ 2016-12-21T13:58:38+08:00 ] ::1 /Public/AdminLTE/bootstrap/css/less/mixins/labels.less
INFO: [ app_init ] --START--
INFO: Run Behavior\BuildLiteBehavior [ RunTime:0.000020s ]
INFO: [ app_init ] --END-- [ RunTime:0.001056s ]
ERR: 无法加载模块:Public

[ 2016-12-21T13:58:38+08:00 ] ::1 /Public/AdminLTE/bootstrap/css/less/badges.less
INFO: [ app_init ] --START--
INFO: Run Behavior\BuildLiteBehavior [ RunTime:0.000020s ]
INFO: [ app_init ] --END-- [ RunTime:0.000424s ]
ERR: 无法加载模块:Public

[ 2016-12-21T13:58:38+08:00 ] ::1 /Public/AdminLTE/bootstrap/css/less/jumbotron.less
INFO: [ app_init ] --START--
INFO: Run Behavior\BuildLiteBehavior [ RunTime:0.000028s ]
INFO: [ app_init ] --END-- [ RunTime:0.000544s ]
ERR: 无法加载模块:Public

[ 2016-12-21T13:58:39+08:00 ] ::1 /Public/AdminLTE/bootstrap/css/less/thumbnails.less
INFO: [ app_init ] --START--
INFO: Run Behavior\BuildLiteBehavior [ RunTime:0.000024s ]
INFO: [ app_init ] --END-- [ RunTime:0.000542s ]
ERR: 无法加载模块:Public

[ 2016-12-21T13:58:39+08:00 ] ::1 /Public/AdminLTE/bootstrap/css/less/alerts.less
INFO: [ app_init ] --START--
INFO: Run Behavior\BuildLiteBehavior [ RunTime:0.000016s ]
INFO: [ app_init ] --END-- [ RunTime:0.000341s ]
ERR: 无法加载模块:Public

[ 2016-12-21T13:58:39+08:00 ] ::1 /Public/AdminLTE/bootstrap/css/less/mixins/alerts.less
INFO: [ app_init ] --START--
INFO: Run Behavior\BuildLiteBehavior [ RunTime:0.000019s ]
INFO: [ app_init ] --END-- [ RunTime:0.000526s ]
ERR: 无法加载模块:Public

[ 2016-12-21T13:58:39+08:00 ] ::1 /Public/AdminLTE/bootstrap/css/less/progress-bars.less
INFO: [ app_init ] --START--
INFO: Run Behavior\BuildLiteBehavior [ RunTime:0.000016s ]
INFO: [ app_init ] --END-- [ RunTime:0.000369s ]
ERR: 无法加载模块:Public

[ 2016-12-21T13:58:39+08:00 ] ::1 /Public/AdminLTE/bootstrap/css/less/mixins/gradients.less
INFO: [ app_init ] --START--
INFO: Run Behavior\BuildLiteBehavior [ RunTime:0.000017s ]
INFO: [ app_init ] --END-- [ RunTime:0.000353s ]
ERR: 无法加载模块:Public

[ 2016-12-21T13:58:39+08:00 ] ::1 /Public/AdminLTE/bootstrap/css/less/mixins/progress-bar.less
INFO: [ app_init ] --START--
INFO: Run Behavior\BuildLiteBehavior [ RunTime:0.000017s ]
INFO: [ app_init ] --END-- [ RunTime:0.000355s ]
ERR: 无法加载模块:Public

[ 2016-12-21T13:58:39+08:00 ] ::1 /Public/AdminLTE/bootstrap/css/less/media.less
INFO: [ app_init ] --START--
INFO: Run Behavior\BuildLiteBehavior [ RunTime:0.000016s ]
INFO: [ app_init ] --END-- [ RunTime:0.000353s ]
ERR: 无法加载模块:Public

[ 2016-12-21T13:58:40+08:00 ] ::1 /Public/AdminLTE/bootstrap/css/less/list-group.less
INFO: [ app_init ] --START--
INFO: Run Behavior\BuildLiteBehavior [ RunTime:0.000099s ]
INFO: [ app_init ] --END-- [ RunTime:0.001143s ]
ERR: 无法加载模块:Public

[ 2016-12-21T13:58:40+08:00 ] ::1 /Public/AdminLTE/bootstrap/css/less/mixins/list-group.less
INFO: [ app_init ] --START--
INFO: Run Behavior\BuildLiteBehavior [ RunTime:0.000019s ]
INFO: [ app_init ] --END-- [ RunTime:0.000461s ]
ERR: 无法加载模块:Public

[ 2016-12-21T13:58:40+08:00 ] ::1 /Public/AdminLTE/bootstrap/css/less/panels.less
INFO: [ app_init ] --START--
INFO: Run Behavior\BuildLiteBehavior [ RunTime:0.000031s ]
INFO: [ app_init ] --END-- [ RunTime:0.000593s ]
ERR: 无法加载模块:Public

[ 2016-12-21T13:58:40+08:00 ] ::1 /Public/AdminLTE/bootstrap/css/less/mixins/panels.less
INFO: [ app_init ] --START--
INFO: Run Behavior\BuildLiteBehavior [ RunTime:0.000017s ]
INFO: [ app_init ] --END-- [ RunTime:0.000358s ]
ERR: 无法加载模块:Public

[ 2016-12-21T13:58:40+08:00 ] ::1 /Public/AdminLTE/bootstrap/css/less/responsive-embed.less
INFO: [ app_init ] --START--
INFO: Run Behavior\BuildLiteBehavior [ RunTime:0.000016s ]
INFO: [ app_init ] --END-- [ RunTime:0.000364s ]
ERR: 无法加载模块:Public

[ 2016-12-21T13:58:40+08:00 ] ::1 /Public/AdminLTE/bootstrap/css/less/wells.less
INFO: [ app_init ] --START--
INFO: Run Behavior\BuildLiteBehavior [ RunTime:0.000036s ]
INFO: [ app_init ] --END-- [ RunTime:0.000710s ]
ERR: 无法加载模块:Public

[ 2016-12-21T13:58:40+08:00 ] ::1 /Public/AdminLTE/bootstrap/css/less/close.less
INFO: [ app_init ] --START--
INFO: Run Behavior\BuildLiteBehavior [ RunTime:0.000019s ]
INFO: [ app_init ] --END-- [ RunTime:0.000443s ]
ERR: 无法加载模块:Public

[ 2016-12-21T13:58:41+08:00 ] ::1 /Public/AdminLTE/bootstrap/css/less/modals.less
INFO: [ app_init ] --START--
INFO: Run Behavior\BuildLiteBehavior [ RunTime:0.000021s ]
INFO: [ app_init ] --END-- [ RunTime:0.000412s ]
ERR: 无法加载模块:Public

[ 2016-12-21T13:58:41+08:00 ] ::1 /Public/AdminLTE/bootstrap/css/less/tooltip.less
INFO: [ app_init ] --START--
INFO: Run Behavior\BuildLiteBehavior [ RunTime:0.000016s ]
INFO: [ app_init ] --END-- [ RunTime:0.000356s ]
ERR: 无法加载模块:Public

[ 2016-12-21T13:58:41+08:00 ] ::1 /Public/AdminLTE/bootstrap/css/less/mixins/reset-text.less
INFO: [ app_init ] --START--
INFO: Run Behavior\BuildLiteBehavior [ RunTime:0.000017s ]
INFO: [ app_init ] --END-- [ RunTime:0.000369s ]
ERR: 无法加载模块:Public

[ 2016-12-21T13:58:41+08:00 ] ::1 /Public/AdminLTE/bootstrap/css/less/popovers.less
INFO: [ app_init ] --START--
INFO: Run Behavior\BuildLiteBehavior [ RunTime:0.000018s ]
INFO: [ app_init ] --END-- [ RunTime:0.000360s ]
ERR: 无法加载模块:Public

[ 2016-12-21T13:58:41+08:00 ] ::1 /Public/AdminLTE/bootstrap/css/less/carousel.less
INFO: [ app_init ] --START--
INFO: Run Behavior\BuildLiteBehavior [ RunTime:0.000018s ]
INFO: [ app_init ] --END-- [ RunTime:0.000361s ]
ERR: 无法加载模块:Public

[ 2016-12-21T13:58:41+08:00 ] ::1 /Public/AdminLTE/bootstrap/css/less/mixins/clearfix.less
INFO: [ app_init ] --START--
INFO: Run Behavior\BuildLiteBehavior [ RunTime:0.000018s ]
INFO: [ app_init ] --END-- [ RunTime:0.000393s ]
ERR: 无法加载模块:Public

[ 2016-12-21T13:58:41+08:00 ] ::1 /Public/AdminLTE/bootstrap/css/less/mixins/center-block.less
INFO: [ app_init ] --START--
INFO: Run Behavior\BuildLiteBehavior [ RunTime:0.000026s ]
INFO: [ app_init ] --END-- [ RunTime:0.000610s ]
ERR: 无法加载模块:Public

[ 2016-12-21T13:58:42+08:00 ] ::1 /Public/AdminLTE/bootstrap/css/less/mixins/hide-text.less
INFO: [ app_init ] --START--
INFO: Run Behavior\BuildLiteBehavior [ RunTime:0.000017s ]
INFO: [ app_init ] --END-- [ RunTime:0.000379s ]
ERR: 无法加载模块:Public

[ 2016-12-21T13:58:42+08:00 ] ::1 /Public/AdminLTE/bootstrap/css/less/responsive-utilities.less
INFO: [ app_init ] --START--
INFO: Run Behavior\BuildLiteBehavior [ RunTime:0.000016s ]
INFO: [ app_init ] --END-- [ RunTime:0.000356s ]
ERR: 无法加载模块:Public

[ 2016-12-21T13:58:42+08:00 ] ::1 /Public/AdminLTE/bootstrap/css/less/mixins/responsive-visibility.less
INFO: [ app_init ] --START--
INFO: Run Behavior\BuildLiteBehavior [ RunTime:0.000018s ]
INFO: [ app_init ] --END-- [ RunTime:0.000392s ]
ERR: 无法加载模块:Public

[ 2016-12-21T13:58:47+08:00 ] ::1 /Public/AdminLTE/bootstrap/css/less/normalize.less
INFO: [ app_init ] --START--
INFO: Run Behavior\BuildLiteBehavior [ RunTime:0.000020s ]
INFO: [ app_init ] --END-- [ RunTime:0.000560s ]
ERR: 无法加载模块:Public

[ 2016-12-21T13:58:47+08:00 ] ::1 /Public/AdminLTE/bootstrap/css/less/print.less
INFO: [ app_init ] --START--
INFO: Run Behavior\BuildLiteBehavior [ RunTime:0.000027s ]
INFO: [ app_init ] --END-- [ RunTime:0.000760s ]
ERR: 无法加载模块:Public

[ 2016-12-21T13:58:48+08:00 ] ::1 /Public/AdminLTE/bootstrap/css/dist/css/bootstrap.css
INFO: [ app_init ] --START--
INFO: Run Behavior\BuildLiteBehavior [ RunTime:0.000017s ]
INFO: [ app_init ] --END-- [ RunTime:0.000351s ]
ERR: 无法加载模块:Public

[ 2016-12-21T13:58:48+08:00 ] ::1 /Public/AdminLTE/bootstrap/css/less/glyphicons.less
INFO: [ app_init ] --START--
INFO: Run Behavior\BuildLiteBehavior [ RunTime:0.000026s ]
INFO: [ app_init ] --END-- [ RunTime:0.000554s ]
ERR: 无法加载模块:Public

[ 2016-12-21T13:58:48+08:00 ] ::1 /Public/AdminLTE/bootstrap/css/less/scaffolding.less
INFO: [ app_init ] --START--
INFO: Run Behavior\BuildLiteBehavior [ RunTime:0.000019s ]
INFO: [ app_init ] --END-- [ RunTime:0.000522s ]
ERR: 无法加载模块:Public

[ 2016-12-21T13:58:48+08:00 ] ::1 /Public/AdminLTE/bootstrap/css/less/mixins/vendor-prefixes.less
INFO: [ app_init ] --START--
INFO: Run Behavior\BuildLiteBehavior [ RunTime:0.000028s ]
INFO: [ app_init ] --END-- [ RunTime:0.000668s ]
ERR: 无法加载模块:Public

[ 2016-12-21T13:58:48+08:00 ] ::1 /Public/AdminLTE/bootstrap/css/less/mixins/tab-focus.less
INFO: [ app_init ] --START--
INFO: Run Behavior\BuildLiteBehavior [ RunTime:0.000016s ]
INFO: [ app_init ] --END-- [ RunTime:0.000338s ]
ERR: 无法加载模块:Public

[ 2016-12-21T13:58:48+08:00 ] ::1 /Public/AdminLTE/bootstrap/css/less/mixins/image.less
INFO: [ app_init ] --START--
INFO: Run Behavior\BuildLiteBehavior [ RunTime:0.000015s ]
INFO: [ app_init ] --END-- [ RunTime:0.000339s ]
ERR: 无法加载模块:Public

[ 2016-12-21T13:58:48+08:00 ] ::1 /Public/AdminLTE/bootstrap/css/less/type.less
INFO: [ app_init ] --START--
INFO: Run Behavior\BuildLiteBehavior [ RunTime:0.000016s ]
INFO: [ app_init ] --END-- [ RunTime:0.000348s ]
ERR: 无法加载模块:Public

[ 2016-12-21T13:58:48+08:00 ] ::1 /Public/AdminLTE/bootstrap/css/less/mixins/text-emphasis.less
INFO: [ app_init ] --START--
INFO: Run Behavior\BuildLiteBehavior [ RunTime:0.000015s ]
INFO: [ app_init ] --END-- [ RunTime:0.000330s ]
ERR: 无法加载模块:Public

[ 2016-12-21T13:58:48+08:00 ] ::1 /Public/AdminLTE/bootstrap/css/less/mixins/background-variant.less
INFO: [ app_init ] --START--
INFO: Run Behavior\BuildLiteBehavior [ RunTime:0.000016s ]
INFO: [ app_init ] --END-- [ RunTime:0.000336s ]
ERR: 无法加载模块:Public

[ 2016-12-21T13:58:49+08:00 ] ::1 /Public/AdminLTE/bootstrap/css/less/mixins/text-overflow.less
INFO: [ app_init ] --START--
INFO: Run Behavior\BuildLiteBehavior [ RunTime:0.000053s ]
INFO: [ app_init ] --END-- [ RunTime:0.001397s ]
ERR: 无法加载模块:Public

[ 2016-12-21T13:58:49+08:00 ] ::1 /Public/AdminLTE/bootstrap/css/less/code.less
INFO: [ app_init ] --START--
INFO: Run Behavior\BuildLiteBehavior [ RunTime:0.000016s ]
INFO: [ app_init ] --END-- [ RunTime:0.000358s ]
ERR: 无法加载模块:Public

[ 2016-12-21T13:58:49+08:00 ] ::1 /Public/AdminLTE/bootstrap/css/less/grid.less
INFO: [ app_init ] --START--
INFO: Run Behavior\BuildLiteBehavior [ RunTime:0.000016s ]
INFO: [ app_init ] --END-- [ RunTime:0.000350s ]
ERR: 无法加载模块:Public

[ 2016-12-21T13:58:49+08:00 ] ::1 /Public/AdminLTE/bootstrap/css/less/mixins/grid.less
INFO: [ app_init ] --START--
INFO: Run Behavior\BuildLiteBehavior [ RunTime:0.000019s ]
INFO: [ app_init ] --END-- [ RunTime:0.000393s ]
ERR: 无法加载模块:Public

[ 2016-12-21T13:58:49+08:00 ] ::1 /Public/AdminLTE/bootstrap/css/less/mixins/grid-framework.less
INFO: [ app_init ] --START--
INFO: Run Behavior\BuildLiteBehavior [ RunTime:0.000057s ]
INFO: [ app_init ] --END-- [ RunTime:0.001513s ]
ERR: 无法加载模块:Public

[ 2016-12-21T13:58:49+08:00 ] ::1 /Public/AdminLTE/bootstrap/css/less/tables.less
INFO: [ app_init ] --START--
INFO: Run Behavior\BuildLiteBehavior [ RunTime:0.000016s ]
INFO: [ app_init ] --END-- [ RunTime:0.000363s ]
ERR: 无法加载模块:Public

[ 2016-12-21T13:58:49+08:00 ] ::1 /Public/AdminLTE/bootstrap/css/less/mixins/table-row.less
INFO: [ app_init ] --START--
INFO: Run Behavior\BuildLiteBehavior [ RunTime:0.000015s ]
INFO: [ app_init ] --END-- [ RunTime:0.000349s ]
ERR: 无法加载模块:Public

[ 2016-12-21T13:58:49+08:00 ] ::1 /Public/AdminLTE/bootstrap/css/less/forms.less
INFO: [ app_init ] --START--
INFO: Run Behavior\BuildLiteBehavior [ RunTime:0.000017s ]
INFO: [ app_init ] --END-- [ RunTime:0.000381s ]
ERR: 无法加载模块:Public

[ 2016-12-21T13:58:49+08:00 ] ::1 /Public/AdminLTE/bootstrap/css/less/mixins/forms.less
INFO: [ app_init ] --START--
INFO: Run Behavior\BuildLiteBehavior [ RunTime:0.000016s ]
INFO: [ app_init ] --END-- [ RunTime:0.000346s ]
ERR: 无法加载模块:Public

[ 2016-12-21T13:58:50+08:00 ] ::1 /Public/AdminLTE/bootstrap/css/less/buttons.less
INFO: [ app_init ] --START--
INFO: Run Behavior\BuildLiteBehavior [ RunTime:0.000024s ]
INFO: [ app_init ] --END-- [ RunTime:0.000547s ]
ERR: 无法加载模块:Public

[ 2016-12-21T13:58:50+08:00 ] ::1 /Public/AdminLTE/bootstrap/css/less/mixins/buttons.less
INFO: [ app_init ] --START--
INFO: Run Behavior\BuildLiteBehavior [ RunTime:0.000017s ]
INFO: [ app_init ] --END-- [ RunTime:0.000370s ]
ERR: 无法加载模块:Public

[ 2016-12-21T13:58:50+08:00 ] ::1 /Public/AdminLTE/bootstrap/css/less/mixins/opacity.less
INFO: [ app_init ] --START--
INFO: Run Behavior\BuildLiteBehavior [ RunTime:0.000052s ]
INFO: [ app_init ] --END-- [ RunTime:0.000710s ]
ERR: 无法加载模块:Public

[ 2016-12-21T13:58:50+08:00 ] ::1 /Public/AdminLTE/bootstrap/css/less/component-animations.less
INFO: [ app_init ] --START--
INFO: Run Behavior\BuildLiteBehavior [ RunTime:0.000025s ]
INFO: [ app_init ] --END-- [ RunTime:0.000571s ]
ERR: 无法加载模块:Public

[ 2016-12-21T13:58:50+08:00 ] ::1 /Public/AdminLTE/bootstrap/css/less/dropdowns.less
INFO: [ app_init ] --START--
INFO: Run Behavior\BuildLiteBehavior [ RunTime:0.000017s ]
INFO: [ app_init ] --END-- [ RunTime:0.000359s ]
ERR: 无法加载模块:Public

[ 2016-12-21T13:58:50+08:00 ] ::1 /Public/AdminLTE/bootstrap/css/less/mixins/nav-divider.less
INFO: [ app_init ] --START--
INFO: Run Behavior\BuildLiteBehavior [ RunTime:0.000014s ]
INFO: [ app_init ] --END-- [ RunTime:0.000328s ]
ERR: 无法加载模块:Public

[ 2016-12-21T13:58:50+08:00 ] ::1 /Public/AdminLTE/bootstrap/css/less/mixins/reset-filter.less
INFO: [ app_init ] --START--
INFO: Run Behavior\BuildLiteBehavior [ RunTime:0.000055s ]
INFO: [ app_init ] --END-- [ RunTime:0.001141s ]
ERR: 无法加载模块:Public

[ 2016-12-21T13:58:50+08:00 ] ::1 /Public/AdminLTE/bootstrap/css/less/button-groups.less
INFO: [ app_init ] --START--
INFO: Run Behavior\BuildLiteBehavior [ RunTime:0.000018s ]
INFO: [ app_init ] --END-- [ RunTime:0.000404s ]
ERR: 无法加载模块:Public

[ 2016-12-21T13:58:51+08:00 ] ::1 /Public/AdminLTE/bootstrap/css/less/mixins/border-radius.less
INFO: [ app_init ] --START--
INFO: Run Behavior\BuildLiteBehavior [ RunTime:0.000016s ]
INFO: [ app_init ] --END-- [ RunTime:0.000332s ]
ERR: 无法加载模块:Public

[ 2016-12-21T13:58:51+08:00 ] ::1 /Public/AdminLTE/bootstrap/css/less/input-groups.less
INFO: [ app_init ] --START--
INFO: Run Behavior\BuildLiteBehavior [ RunTime:0.000016s ]
INFO: [ app_init ] --END-- [ RunTime:0.000355s ]
ERR: 无法加载模块:Public

[ 2016-12-21T13:58:51+08:00 ] ::1 /Public/AdminLTE/bootstrap/css/less/navs.less
INFO: [ app_init ] --START--
INFO: Run Behavior\BuildLiteBehavior [ RunTime:0.000017s ]
INFO: [ app_init ] --END-- [ RunTime:0.000390s ]
ERR: 无法加载模块:Public

[ 2016-12-21T13:58:52+08:00 ] ::1 /Public/AdminLTE/bootstrap/css/less/navbar.less
INFO: [ app_init ] --START--
INFO: Run Behavior\BuildLiteBehavior [ RunTime:0.000016s ]
INFO: [ app_init ] --END-- [ RunTime:0.000361s ]
ERR: 无法加载模块:Public

[ 2016-12-21T13:58:52+08:00 ] ::1 /Public/AdminLTE/bootstrap/css/less/mixins/nav-vertical-align.less
INFO: [ app_init ] --START--
INFO: Run Behavior\BuildLiteBehavior [ RunTime:0.000016s ]
INFO: [ app_init ] --END-- [ RunTime:0.000353s ]
ERR: 无法加载模块:Public

[ 2016-12-21T13:58:52+08:00 ] ::1 /Public/AdminLTE/bootstrap/css/less/utilities.less
INFO: [ app_init ] --START--
INFO: Run Behavior\BuildLiteBehavior [ RunTime:0.000017s ]
INFO: [ app_init ] --END-- [ RunTime:0.000354s ]
ERR: 无法加载模块:Public

[ 2016-12-21T13:58:52+08:00 ] ::1 /Public/AdminLTE/bootstrap/css/less/breadcrumbs.less
INFO: [ app_init ] --START--
INFO: Run Behavior\BuildLiteBehavior [ RunTime:0.000027s ]
INFO: [ app_init ] --END-- [ RunTime:0.000501s ]
ERR: 无法加载模块:Public

[ 2016-12-21T13:58:52+08:00 ] ::1 /Public/AdminLTE/bootstrap/css/less/pagination.less
INFO: [ app_init ] --START--
INFO: Run Behavior\BuildLiteBehavior [ RunTime:0.000015s ]
INFO: [ app_init ] --END-- [ RunTime:0.000367s ]
ERR: 无法加载模块:Public

[ 2016-12-21T13:58:52+08:00 ] ::1 /Public/AdminLTE/bootstrap/css/less/mixins/pagination.less
INFO: [ app_init ] --START--
INFO: Run Behavior\BuildLiteBehavior [ RunTime:0.000027s ]
INFO: [ app_init ] --END-- [ RunTime:0.000447s ]
ERR: 无法加载模块:Public

[ 2016-12-21T13:58:52+08:00 ] ::1 /Public/AdminLTE/bootstrap/css/less/pager.less
INFO: [ app_init ] --START--
INFO: Run Behavior\BuildLiteBehavior [ RunTime:0.000051s ]
INFO: [ app_init ] --END-- [ RunTime:0.000433s ]
ERR: 无法加载模块:Public

[ 2016-12-21T13:58:52+08:00 ] ::1 /Public/AdminLTE/bootstrap/css/less/labels.less
INFO: [ app_init ] --START--
INFO: Run Behavior\BuildLiteBehavior [ RunTime:0.000018s ]
INFO: [ app_init ] --END-- [ RunTime:0.000393s ]
ERR: 无法加载模块:Public

[ 2016-12-21T13:58:53+08:00 ] ::1 /Public/AdminLTE/bootstrap/css/less/mixins/labels.less
INFO: [ app_init ] --START--
INFO: Run Behavior\BuildLiteBehavior [ RunTime:0.000016s ]
INFO: [ app_init ] --END-- [ RunTime:0.000347s ]
ERR: 无法加载模块:Public

[ 2016-12-21T13:58:53+08:00 ] ::1 /Public/AdminLTE/bootstrap/css/less/badges.less
INFO: [ app_init ] --START--
INFO: Run Behavior\BuildLiteBehavior [ RunTime:0.000017s ]
INFO: [ app_init ] --END-- [ RunTime:0.000354s ]
ERR: 无法加载模块:Public

[ 2016-12-21T13:58:53+08:00 ] ::1 /Public/AdminLTE/bootstrap/css/less/jumbotron.less
INFO: [ app_init ] --START--
INFO: Run Behavior\BuildLiteBehavior [ RunTime:0.000016s ]
INFO: [ app_init ] --END-- [ RunTime:0.000342s ]
ERR: 无法加载模块:Public

[ 2016-12-21T13:58:53+08:00 ] ::1 /Public/AdminLTE/bootstrap/css/less/thumbnails.less
INFO: [ app_init ] --START--
INFO: Run Behavior\BuildLiteBehavior [ RunTime:0.000023s ]
INFO: [ app_init ] --END-- [ RunTime:0.000440s ]
ERR: 无法加载模块:Public

[ 2016-12-21T13:58:53+08:00 ] ::1 /Public/AdminLTE/bootstrap/css/less/alerts.less
INFO: [ app_init ] --START--
INFO: Run Behavior\BuildLiteBehavior [ RunTime:0.000015s ]
INFO: [ app_init ] --END-- [ RunTime:0.000340s ]
ERR: 无法加载模块:Public

[ 2016-12-21T13:58:53+08:00 ] ::1 /Public/AdminLTE/bootstrap/css/less/mixins/alerts.less
INFO: [ app_init ] --START--
INFO: Run Behavior\BuildLiteBehavior [ RunTime:0.000025s ]
INFO: [ app_init ] --END-- [ RunTime:0.000551s ]
ERR: 无法加载模块:Public

[ 2016-12-21T13:58:54+08:00 ] ::1 /Public/AdminLTE/bootstrap/css/less/progress-bars.less
INFO: [ app_init ] --START--
INFO: Run Behavior\BuildLiteBehavior [ RunTime:0.000127s ]
INFO: [ app_init ] --END-- [ RunTime:0.003317s ]
ERR: 无法加载模块:Public

[ 2016-12-21T13:58:54+08:00 ] ::1 /Public/AdminLTE/bootstrap/css/less/mixins/gradients.less
INFO: [ app_init ] --START--
INFO: Run Behavior\BuildLiteBehavior [ RunTime:0.000018s ]
INFO: [ app_init ] --END-- [ RunTime:0.000380s ]
ERR: 无法加载模块:Public

[ 2016-12-21T13:58:54+08:00 ] ::1 /Public/AdminLTE/bootstrap/css/less/mixins/progress-bar.less
INFO: [ app_init ] --START--
INFO: Run Behavior\BuildLiteBehavior [ RunTime:0.000029s ]
INFO: [ app_init ] --END-- [ RunTime:0.000658s ]
ERR: 无法加载模块:Public

[ 2016-12-21T13:58:55+08:00 ] ::1 /Public/AdminLTE/bootstrap/css/less/media.less
INFO: [ app_init ] --START--
INFO: Run Behavior\BuildLiteBehavior [ RunTime:0.000023s ]
INFO: [ app_init ] --END-- [ RunTime:0.000862s ]
ERR: 无法加载模块:Public

[ 2016-12-21T13:58:55+08:00 ] ::1 /Public/AdminLTE/bootstrap/css/less/list-group.less
INFO: [ app_init ] --START--
INFO: Run Behavior\BuildLiteBehavior [ RunTime:0.000017s ]
INFO: [ app_init ] --END-- [ RunTime:0.000370s ]
ERR: 无法加载模块:Public

[ 2016-12-21T13:58:55+08:00 ] ::1 /Public/AdminLTE/bootstrap/css/less/mixins/list-group.less
INFO: [ app_init ] --START--
INFO: Run Behavior\BuildLiteBehavior [ RunTime:0.000017s ]
INFO: [ app_init ] --END-- [ RunTime:0.000357s ]
ERR: 无法加载模块:Public

[ 2016-12-21T13:58:55+08:00 ] ::1 /Public/AdminLTE/bootstrap/css/less/panels.less
INFO: [ app_init ] --START--
INFO: Run Behavior\BuildLiteBehavior [ RunTime:0.000021s ]
INFO: [ app_init ] --END-- [ RunTime:0.000433s ]
ERR: 无法加载模块:Public

[ 2016-12-21T13:58:55+08:00 ] ::1 /Public/AdminLTE/bootstrap/css/less/mixins/panels.less
INFO: [ app_init ] --START--
INFO: Run Behavior\BuildLiteBehavior [ RunTime:0.000028s ]
INFO: [ app_init ] --END-- [ RunTime:0.000701s ]
ERR: 无法加载模块:Public

[ 2016-12-21T13:58:56+08:00 ] ::1 /Public/AdminLTE/bootstrap/css/less/responsive-embed.less
INFO: [ app_init ] --START--
INFO: Run Behavior\BuildLiteBehavior [ RunTime:0.000016s ]
INFO: [ app_init ] --END-- [ RunTime:0.000358s ]
ERR: 无法加载模块:Public

[ 2016-12-21T13:58:56+08:00 ] ::1 /Public/AdminLTE/bootstrap/css/less/wells.less
INFO: [ app_init ] --START--
INFO: Run Behavior\BuildLiteBehavior [ RunTime:0.000067s ]
INFO: [ app_init ] --END-- [ RunTime:0.001378s ]
ERR: 无法加载模块:Public

[ 2016-12-21T13:58:56+08:00 ] ::1 /Public/AdminLTE/bootstrap/css/less/close.less
INFO: [ app_init ] --START--
INFO: Run Behavior\BuildLiteBehavior [ RunTime:0.000018s ]
INFO: [ app_init ] --END-- [ RunTime:0.000413s ]
ERR: 无法加载模块:Public

[ 2016-12-21T13:58:57+08:00 ] ::1 /Public/AdminLTE/bootstrap/css/less/modals.less
INFO: [ app_init ] --START--
INFO: Run Behavior\BuildLiteBehavior [ RunTime:0.000018s ]
INFO: [ app_init ] --END-- [ RunTime:0.000409s ]
ERR: 无法加载模块:Public

[ 2016-12-21T13:58:57+08:00 ] ::1 /Public/AdminLTE/bootstrap/css/less/tooltip.less
INFO: [ app_init ] --START--
INFO: Run Behavior\BuildLiteBehavior [ RunTime:0.000017s ]
INFO: [ app_init ] --END-- [ RunTime:0.000363s ]
ERR: 无法加载模块:Public

[ 2016-12-21T13:58:57+08:00 ] ::1 /Public/AdminLTE/bootstrap/css/less/mixins/reset-text.less
INFO: [ app_init ] --START--
INFO: Run Behavior\BuildLiteBehavior [ RunTime:0.000025s ]
INFO: [ app_init ] --END-- [ RunTime:0.000549s ]
ERR: 无法加载模块:Public

[ 2016-12-21T13:58:57+08:00 ] ::1 /Public/AdminLTE/bootstrap/css/less/popovers.less
INFO: [ app_init ] --START--
INFO: Run Behavior\BuildLiteBehavior [ RunTime:0.000019s ]
INFO: [ app_init ] --END-- [ RunTime:0.000374s ]
ERR: 无法加载模块:Public

[ 2016-12-21T13:58:57+08:00 ] ::1 /Public/AdminLTE/bootstrap/css/less/carousel.less
INFO: [ app_init ] --START--
INFO: Run Behavior\BuildLiteBehavior [ RunTime:0.000053s ]
INFO: [ app_init ] --END-- [ RunTime:0.001133s ]
ERR: 无法加载模块:Public

[ 2016-12-21T13:58:58+08:00 ] ::1 /Public/AdminLTE/bootstrap/css/less/mixins/clearfix.less
INFO: [ app_init ] --START--
INFO: Run Behavior\BuildLiteBehavior [ RunTime:0.000017s ]
INFO: [ app_init ] --END-- [ RunTime:0.000368s ]
ERR: 无法加载模块:Public

[ 2016-12-21T13:58:58+08:00 ] ::1 /Public/AdminLTE/bootstrap/css/less/mixins/center-block.less
INFO: [ app_init ] --START--
INFO: Run Behavior\BuildLiteBehavior [ RunTime:0.000025s ]
INFO: [ app_init ] --END-- [ RunTime:0.003198s ]
ERR: 无法加载模块:Public

[ 2016-12-21T13:58:58+08:00 ] ::1 /Public/AdminLTE/bootstrap/css/less/mixins/hide-text.less
INFO: [ app_init ] --START--
INFO: Run Behavior\BuildLiteBehavior [ RunTime:0.000019s ]
INFO: [ app_init ] --END-- [ RunTime:0.000453s ]
ERR: 无法加载模块:Public

[ 2016-12-21T13:58:58+08:00 ] ::1 /Public/AdminLTE/bootstrap/css/less/responsive-utilities.less
INFO: [ app_init ] --START--
INFO: Run Behavior\BuildLiteBehavior [ RunTime:0.000027s ]
INFO: [ app_init ] --END-- [ RunTime:0.000686s ]
ERR: 无法加载模块:Public

[ 2016-12-21T13:58:58+08:00 ] ::1 /Public/AdminLTE/bootstrap/css/less/mixins/responsive-visibility.less
INFO: [ app_init ] --START--
INFO: Run Behavior\BuildLiteBehavior [ RunTime:0.000019s ]
INFO: [ app_init ] --END-- [ RunTime:0.000552s ]
ERR: 无法加载模块:Public

[ 2016-12-21T13:59:17+08:00 ] ::1 /Public/AdminLTE/bootstrap/css/less/normalize.less
INFO: [ app_init ] --START--
INFO: Run Behavior\BuildLiteBehavior [ RunTime:0.000023s ]
INFO: [ app_init ] --END-- [ RunTime:0.002544s ]
ERR: 无法加载模块:Public

[ 2016-12-21T13:59:17+08:00 ] ::1 /Public/AdminLTE/bootstrap/css/less/print.less
INFO: [ app_init ] --START--
INFO: Run Behavior\BuildLiteBehavior [ RunTime:0.000015s ]
INFO: [ app_init ] --END-- [ RunTime:0.000329s ]
ERR: 无法加载模块:Public

[ 2016-12-21T13:59:17+08:00 ] ::1 /Public/AdminLTE/bootstrap/css/dist/css/bootstrap.css
INFO: [ app_init ] --START--
INFO: Run Behavior\BuildLiteBehavior [ RunTime:0.000017s ]
INFO: [ app_init ] --END-- [ RunTime:0.000380s ]
ERR: 无法加载模块:Public

[ 2016-12-21T13:59:17+08:00 ] ::1 /Public/AdminLTE/bootstrap/css/less/glyphicons.less
INFO: [ app_init ] --START--
INFO: Run Behavior\BuildLiteBehavior [ RunTime:0.000027s ]
INFO: [ app_init ] --END-- [ RunTime:0.000603s ]
ERR: 无法加载模块:Public

[ 2016-12-21T13:59:17+08:00 ] ::1 /Public/AdminLTE/bootstrap/css/less/scaffolding.less
INFO: [ app_init ] --START--
INFO: Run Behavior\BuildLiteBehavior [ RunTime:0.000025s ]
INFO: [ app_init ] --END-- [ RunTime:0.000664s ]
ERR: 无法加载模块:Public

[ 2016-12-21T13:59:17+08:00 ] ::1 /Public/AdminLTE/bootstrap/css/less/mixins/vendor-prefixes.less
INFO: [ app_init ] --START--
INFO: Run Behavior\BuildLiteBehavior [ RunTime:0.000029s ]
INFO: [ app_init ] --END-- [ RunTime:0.000794s ]
ERR: 无法加载模块:Public

[ 2016-12-21T13:59:18+08:00 ] ::1 /Public/AdminLTE/bootstrap/css/less/mixins/tab-focus.less
INFO: [ app_init ] --START--
INFO: Run Behavior\BuildLiteBehavior [ RunTime:0.000082s ]
INFO: [ app_init ] --END-- [ RunTime:0.001465s ]
ERR: 无法加载模块:Public

[ 2016-12-21T13:59:18+08:00 ] ::1 /Public/AdminLTE/bootstrap/css/less/mixins/image.less
INFO: [ app_init ] --START--
INFO: Run Behavior\BuildLiteBehavior [ RunTime:0.000018s ]
INFO: [ app_init ] --END-- [ RunTime:0.000443s ]
ERR: 无法加载模块:Public

[ 2016-12-21T13:59:18+08:00 ] ::1 /Public/AdminLTE/bootstrap/css/less/type.less
INFO: [ app_init ] --START--
INFO: Run Behavior\BuildLiteBehavior [ RunTime:0.000029s ]
INFO: [ app_init ] --END-- [ RunTime:0.001892s ]
ERR: 无法加载模块:Public

[ 2016-12-21T13:59:19+08:00 ] ::1 /Public/AdminLTE/bootstrap/css/less/mixins/text-emphasis.less
INFO: [ app_init ] --START--
INFO: Run Behavior\BuildLiteBehavior [ RunTime:0.000026s ]
INFO: [ app_init ] --END-- [ RunTime:0.000567s ]
ERR: 无法加载模块:Public

[ 2016-12-21T13:59:19+08:00 ] ::1 /Public/AdminLTE/bootstrap/css/less/mixins/background-variant.less
INFO: [ app_init ] --START--
INFO: Run Behavior\BuildLiteBehavior [ RunTime:0.000102s ]
INFO: [ app_init ] --END-- [ RunTime:0.001646s ]
ERR: 无法加载模块:Public

[ 2016-12-21T13:59:19+08:00 ] ::1 /Public/AdminLTE/bootstrap/css/less/mixins/text-overflow.less
INFO: [ app_init ] --START--
INFO: Run Behavior\BuildLiteBehavior [ RunTime:0.000025s ]
INFO: [ app_init ] --END-- [ RunTime:0.000552s ]
ERR: 无法加载模块:Public

[ 2016-12-21T13:59:19+08:00 ] ::1 /Public/AdminLTE/bootstrap/css/less/code.less
INFO: [ app_init ] --START--
INFO: Run Behavior\BuildLiteBehavior [ RunTime:0.000145s ]
INFO: [ app_init ] --END-- [ RunTime:0.003229s ]
ERR: 无法加载模块:Public

[ 2016-12-21T13:59:19+08:00 ] ::1 /Public/AdminLTE/bootstrap/css/less/grid.less
INFO: [ app_init ] --START--
INFO: Run Behavior\BuildLiteBehavior [ RunTime:0.000027s ]
INFO: [ app_init ] --END-- [ RunTime:0.000614s ]
ERR: 无法加载模块:Public

[ 2016-12-21T13:59:19+08:00 ] ::1 /Public/AdminLTE/bootstrap/css/less/mixins/grid.less
INFO: [ app_init ] --START--
INFO: Run Behavior\BuildLiteBehavior [ RunTime:0.000034s ]
INFO: [ app_init ] --END-- [ RunTime:0.000670s ]
ERR: 无法加载模块:Public

[ 2016-12-21T13:59:19+08:00 ] ::1 /Public/AdminLTE/bootstrap/css/less/mixins/grid-framework.less
INFO: [ app_init ] --START--
INFO: Run Behavior\BuildLiteBehavior [ RunTime:0.000024s ]
INFO: [ app_init ] --END-- [ RunTime:0.000781s ]
ERR: 无法加载模块:Public

[ 2016-12-21T13:59:19+08:00 ] ::1 /Public/AdminLTE/bootstrap/css/less/tables.less
INFO: [ app_init ] --START--
INFO: Run Behavior\BuildLiteBehavior [ RunTime:0.000018s ]
INFO: [ app_init ] --END-- [ RunTime:0.000385s ]
ERR: 无法加载模块:Public

[ 2016-12-21T13:59:20+08:00 ] ::1 /Public/AdminLTE/bootstrap/css/less/mixins/table-row.less
INFO: [ app_init ] --START--
INFO: Run Behavior\BuildLiteBehavior [ RunTime:0.000056s ]
INFO: [ app_init ] --END-- [ RunTime:0.000728s ]
ERR: 无法加载模块:Public

[ 2016-12-21T13:59:20+08:00 ] ::1 /Public/AdminLTE/bootstrap/css/less/forms.less
INFO: [ app_init ] --START--
INFO: Run Behavior\BuildLiteBehavior [ RunTime:0.000017s ]
INFO: [ app_init ] --END-- [ RunTime:0.000361s ]
ERR: 无法加载模块:Public

[ 2016-12-21T13:59:20+08:00 ] ::1 /Public/AdminLTE/bootstrap/css/less/mixins/forms.less
INFO: [ app_init ] --START--
INFO: Run Behavior\BuildLiteBehavior [ RunTime:0.000016s ]
INFO: [ app_init ] --END-- [ RunTime:0.000380s ]
ERR: 无法加载模块:Public

[ 2016-12-21T13:59:20+08:00 ] ::1 /Public/AdminLTE/bootstrap/css/less/buttons.less
INFO: [ app_init ] --START--
INFO: Run Behavior\BuildLiteBehavior [ RunTime:0.000026s ]
INFO: [ app_init ] --END-- [ RunTime:0.000602s ]
ERR: 无法加载模块:Public

[ 2016-12-21T13:59:20+08:00 ] ::1 /Public/AdminLTE/bootstrap/css/less/mixins/buttons.less
INFO: [ app_init ] --START--
INFO: Run Behavior\BuildLiteBehavior [ RunTime:0.000027s ]
INFO: [ app_init ] --END-- [ RunTime:0.000526s ]
ERR: 无法加载模块:Public

[ 2016-12-21T13:59:20+08:00 ] ::1 /Public/AdminLTE/bootstrap/css/less/mixins/opacity.less
INFO: [ app_init ] --START--
INFO: Run Behavior\BuildLiteBehavior [ RunTime:0.000041s ]
INFO: [ app_init ] --END-- [ RunTime:0.000599s ]
ERR: 无法加载模块:Public

[ 2016-12-21T13:59:20+08:00 ] ::1 /Public/AdminLTE/bootstrap/css/less/component-animations.less
INFO: [ app_init ] --START--
INFO: Run Behavior\BuildLiteBehavior [ RunTime:0.000037s ]
INFO: [ app_init ] --END-- [ RunTime:0.000675s ]
ERR: 无法加载模块:Public

[ 2016-12-21T13:59:21+08:00 ] ::1 /Public/AdminLTE/bootstrap/css/less/dropdowns.less
INFO: [ app_init ] --START--
INFO: Run Behavior\BuildLiteBehavior [ RunTime:0.000028s ]
INFO: [ app_init ] --END-- [ RunTime:0.000645s ]
ERR: 无法加载模块:Public

[ 2016-12-21T13:59:21+08:00 ] ::1 /Public/AdminLTE/bootstrap/css/less/mixins/nav-divider.less
INFO: [ app_init ] --START--
INFO: Run Behavior\BuildLiteBehavior [ RunTime:0.000030s ]
INFO: [ app_init ] --END-- [ RunTime:0.000611s ]
ERR: 无法加载模块:Public

[ 2016-12-21T13:59:21+08:00 ] ::1 /Public/AdminLTE/bootstrap/css/less/mixins/reset-filter.less
INFO: [ app_init ] --START--
INFO: Run Behavior\BuildLiteBehavior [ RunTime:0.000016s ]
INFO: [ app_init ] --END-- [ RunTime:0.000361s ]
ERR: 无法加载模块:Public

[ 2016-12-21T13:59:22+08:00 ] ::1 /Public/AdminLTE/bootstrap/css/less/button-groups.less
INFO: [ app_init ] --START--
INFO: Run Behavior\BuildLiteBehavior [ RunTime:0.000021s ]
INFO: [ app_init ] --END-- [ RunTime:0.000465s ]
ERR: 无法加载模块:Public

[ 2016-12-21T13:59:22+08:00 ] ::1 /Public/AdminLTE/bootstrap/css/less/mixins/border-radius.less
INFO: [ app_init ] --START--
INFO: Run Behavior\BuildLiteBehavior [ RunTime:0.000039s ]
INFO: [ app_init ] --END-- [ RunTime:0.000702s ]
ERR: 无法加载模块:Public

[ 2016-12-21T13:59:22+08:00 ] ::1 /Public/AdminLTE/bootstrap/css/less/input-groups.less
INFO: [ app_init ] --START--
INFO: Run Behavior\BuildLiteBehavior [ RunTime:0.000020s ]
INFO: [ app_init ] --END-- [ RunTime:0.000448s ]
ERR: 无法加载模块:Public

[ 2016-12-21T13:59:22+08:00 ] ::1 /Public/AdminLTE/bootstrap/css/less/navs.less
INFO: [ app_init ] --START--
INFO: Run Behavior\BuildLiteBehavior [ RunTime:0.000016s ]
INFO: [ app_init ] --END-- [ RunTime:0.000396s ]
ERR: 无法加载模块:Public

[ 2016-12-21T13:59:22+08:00 ] ::1 /Public/AdminLTE/bootstrap/css/less/navbar.less
INFO: [ app_init ] --START--
INFO: Run Behavior\BuildLiteBehavior [ RunTime:0.000016s ]
INFO: [ app_init ] --END-- [ RunTime:0.000393s ]
ERR: 无法加载模块:Public

[ 2016-12-21T13:59:23+08:00 ] ::1 /Public/AdminLTE/bootstrap/css/less/mixins/nav-vertical-align.less
INFO: [ app_init ] --START--
INFO: Run Behavior\BuildLiteBehavior [ RunTime:0.000077s ]
INFO: [ app_init ] --END-- [ RunTime:0.002275s ]
ERR: 无法加载模块:Public

[ 2016-12-21T13:59:23+08:00 ] ::1 /Public/AdminLTE/bootstrap/css/less/utilities.less
INFO: [ app_init ] --START--
INFO: Run Behavior\BuildLiteBehavior [ RunTime:0.000108s ]
INFO: [ app_init ] --END-- [ RunTime:0.001376s ]
ERR: 无法加载模块:Public

[ 2016-12-21T13:59:23+08:00 ] ::1 /Public/AdminLTE/bootstrap/css/less/breadcrumbs.less
INFO: [ app_init ] --START--
INFO: Run Behavior\BuildLiteBehavior [ RunTime:0.000021s ]
INFO: [ app_init ] --END-- [ RunTime:0.000441s ]
ERR: 无法加载模块:Public

[ 2016-12-21T13:59:23+08:00 ] ::1 /Public/AdminLTE/bootstrap/css/less/pagination.less
INFO: [ app_init ] --START--
INFO: Run Behavior\BuildLiteBehavior [ RunTime:0.000057s ]
INFO: [ app_init ] --END-- [ RunTime:0.000906s ]
ERR: 无法加载模块:Public

[ 2016-12-21T13:59:23+08:00 ] ::1 /Public/AdminLTE/bootstrap/css/less/mixins/pagination.less
INFO: [ app_init ] --START--
INFO: Run Behavior\BuildLiteBehavior [ RunTime:0.000029s ]
INFO: [ app_init ] --END-- [ RunTime:0.000617s ]
ERR: 无法加载模块:Public

[ 2016-12-21T13:59:24+08:00 ] ::1 /Public/AdminLTE/bootstrap/css/less/pager.less
INFO: [ app_init ] --START--
INFO: Run Behavior\BuildLiteBehavior [ RunTime:0.000025s ]
INFO: [ app_init ] --END-- [ RunTime:0.000621s ]
ERR: 无法加载模块:Public

[ 2016-12-21T14:04:28+08:00 ] ::1 /favicon.ico
INFO: [ app_init ] --START--
INFO: Run Behavior\BuildLiteBehavior [ RunTime:0.000024s ]
INFO: [ app_init ] --END-- [ RunTime:0.000554s ]
ERR: 无法加载模块:Favicon

[ 2016-12-21T14:04:28+08:00 ] ::1 /favicon.ico
INFO: [ app_init ] --START--
INFO: Run Behavior\BuildLiteBehavior [ RunTime:0.000022s ]
INFO: [ app_init ] --END-- [ RunTime:0.000455s ]
ERR: 无法加载模块:Favicon

