[ 2017-01-10T10:31:10+08:00 ] ::1 /DefaultPage/show404.html
INFO: [ app_init ] --START--
INFO: Run Behavior\BuildLiteBehavior [ RunTime:0.000014s ]
INFO: [ app_init ] --END-- [ RunTime:0.000168s ]
ERR: 无法加载模块:DefaultPage

[ 2017-01-10T10:32:10+08:00 ] ::1 /DefaultPage/show404.html
INFO: [ app_init ] --START--
INFO: Run Behavior\BuildLiteBehavior [ RunTime:0.000022s ]
INFO: [ app_init ] --END-- [ RunTime:0.000165s ]
ERR: 无法加载模块:DefaultPage

[ 2017-01-10T10:33:27+08:00 ] ::1 /DefaultPage/show404.html
INFO: [ app_init ] --START--
INFO: Run Behavior\BuildLiteBehavior [ RunTime:0.000025s ]
INFO: [ app_init ] --END-- [ RunTime:0.000191s ]
ERR: 无法加载模块:DefaultPage

[ 2017-01-10T10:54:34+08:00 ] ::1 /DefaultPage/show404.html
INFO: [ app_init ] --START--
INFO: Run Behavior\BuildLiteBehavior [ RunTime:0.000030s ]
INFO: [ app_init ] --END-- [ RunTime:0.000231s ]
ERR: 无法加载模块:DefaultPage

[ 2017-01-10T10:54:39+08:00 ] ::1 /DefaultPage/show404.html
INFO: [ app_init ] --START--
INFO: Run Behavior\BuildLiteBehavior [ RunTime:0.000016s ]
INFO: [ app_init ] --END-- [ RunTime:0.000127s ]
ERR: 无法加载模块:DefaultPage

[ 2017-01-10T10:55:34+08:00 ] ::1 /DefaultPage/show404.html
INFO: [ app_init ] --START--
INFO: Run Behavior\BuildLiteBehavior [ RunTime:0.000062s ]
INFO: [ app_init ] --END-- [ RunTime:0.000667s ]
ERR: 无法加载模块:DefaultPage

[ 2017-01-10T11:10:46+08:00 ] ::1 /DefaultPage/show404.html
INFO: [ app_init ] --START--
INFO: Run Behavior\BuildLiteBehavior [ RunTime:0.000028s ]
INFO: [ app_init ] --END-- [ RunTime:0.000260s ]
ERR: 无法加载模块:DefaultPage

[ 2017-01-10T11:10:59+08:00 ] ::1 /DefaultPage/show404.html
INFO: [ app_init ] --START--
INFO: Run Behavior\BuildLiteBehavior [ RunTime:0.000019s ]
INFO: [ app_init ] --END-- [ RunTime:0.000173s ]
ERR: 无法加载模块:DefaultPage

[ 2017-01-10T11:11:17+08:00 ] ::1 /DefaultPage/show404.html
INFO: [ app_init ] --START--
INFO: Run Behavior\BuildLiteBehavior [ RunTime:0.000018s ]
INFO: [ app_init ] --END-- [ RunTime:0.000172s ]
ERR: 无法加载模块:DefaultPage

[ 2017-01-10T11:18:06+08:00 ] ::1 /DefaultPage/show404.html
INFO: [ app_init ] --START--
INFO: Run Behavior\BuildLiteBehavior [ RunTime:0.000032s ]
INFO: [ app_init ] --END-- [ RunTime:0.000305s ]
ERR: 无法加载模块:DefaultPage

[ 2017-01-10T11:21:38+08:00 ] ::1 /DefaultPage/show404.html
INFO: [ app_init ] --START--
INFO: Run Behavior\BuildLiteBehavior [ RunTime:0.000031s ]
INFO: [ app_init ] --END-- [ RunTime:0.000204s ]
ERR: 无法加载模块:DefaultPage

