[ 2016-12-17T17:45:21+08:00 ] ::1 /index.php/HealthManager/
INFO: [ app_init ] --START--
INFO: Run Behavior\BuildLiteBehavior [ RunTime:0.000019s ]
INFO: [ app_init ] --END-- [ RunTime:0.000796s ]
INFO: [ app_begin ] --START--
INFO: Run Behavior\ReadHtmlCacheBehavior [ RunTime:0.001067s ]
INFO: [ app_begin ] --END-- [ RunTime:0.001188s ]
NOTIC: [8192] mysql_connect(): The mysql extension is deprecated and will be removed in the future: use mysqli or PDO instead /Applications/MAMP/htdocs/HealthManager/ThinkPHP/Library/Think/Session/Driver/Db.class.php 第 95 行.
INFO: [ view_begin ] --START--
INFO: Run HealthManager\Behavior\CheckAccessBehavior [ RunTime:0.000698s ]
INFO: [ view_begin ] --END-- [ RunTime:0.000819s ]
INFO: [ view_parse ] --START--
INFO: [ template_filter ] --START--
INFO: Run Behavior\ContentReplaceBehavior [ RunTime:0.000067s ]
INFO: [ template_filter ] --END-- [ RunTime:0.000149s ]
NOTIC: [8] Use of undefined constant signIn - assumed 'signIn' /Applications/MAMP/htdocs/HealthManager/Application/Runtime/Cache/HealthManager/23c8f7904e7df14c8a5356875c906312.php 第 37 行.
INFO: Run Behavior\ParseTemplateBehavior [ RunTime:0.012359s ]
INFO: [ view_parse ] --END-- [ RunTime:0.012422s ]
INFO: [ view_filter ] --START--
INFO: Run Behavior\WriteHtmlCacheBehavior [ RunTime:0.000523s ]
INFO: [ view_filter ] --END-- [ RunTime:0.000592s ]
INFO: [ app_end ] --START--
INFO: Run Behavior\ShowPageTraceBehavior [ RunTime:0.001032s ]
INFO: [ app_end ] --END-- [ RunTime:0.001115s ]

[ 2016-12-17T17:46:26+08:00 ] ::1 /HealthManager/Member/ajax_signIn
INFO: [ app_init ] --START--
INFO: Run Behavior\BuildLiteBehavior [ RunTime:0.000017s ]
INFO: [ app_init ] --END-- [ RunTime:0.000481s ]
INFO: [ app_begin ] --START--
INFO: Run Behavior\ReadHtmlCacheBehavior [ RunTime:0.000744s ]
INFO: [ app_begin ] --END-- [ RunTime:0.000878s ]
NOTIC: [8192] mysql_connect(): The mysql extension is deprecated and will be removed in the future: use mysqli or PDO instead /Applications/MAMP/htdocs/HealthManager/ThinkPHP/Library/Think/Session/Driver/Db.class.php 第 95 行.
NOTIC: [8] curl_setopt(): CURLOPT_SSL_VERIFYHOST no longer accepts the value 1, value 2 will be used instead /Applications/MAMP/htdocs/HealthManager/Application/Common/Common/function.php 第 66 行.

[ 2016-12-17T17:46:26+08:00 ] ::1 /HealthManager/Member/dashboard
INFO: [ app_init ] --START--
INFO: Run Behavior\BuildLiteBehavior [ RunTime:0.000015s ]
INFO: [ app_init ] --END-- [ RunTime:0.000346s ]
INFO: [ app_begin ] --START--
INFO: Run Behavior\ReadHtmlCacheBehavior [ RunTime:0.000458s ]
INFO: [ app_begin ] --END-- [ RunTime:0.000519s ]
NOTIC: [8192] mysql_connect(): The mysql extension is deprecated and will be removed in the future: use mysqli or PDO instead /Applications/MAMP/htdocs/HealthManager/ThinkPHP/Library/Think/Session/Driver/Db.class.php 第 95 行.
SQL: SHOW COLUMNS FROM `hm_menu` [ RunTime:0.0050s ]
SQL: SELECT * FROM `hm_menu` WHERE ( role=1 )  [ RunTime:0.0243s ]
SQL: SHOW COLUMNS FROM `hm_result_report` [ RunTime:0.0140s ]
SQL: SELECT * FROM `hm_result_report` WHERE ( uid=11 ) GROUP BY report_type ORDER BY add_time DESC  [ RunTime:0.0369s ]
SQL: SHOW COLUMNS FROM `hm_data_tempe_rature` [ RunTime:0.0147s ]
SQL: SELECT * FROM `hm_data_tempe_rature` WHERE ( tempe_rature_id=1 ) LIMIT 1   [ RunTime:0.0188s ]
SQL: SHOW COLUMNS FROM `hm_data_sst` [ RunTime:0.0164s ]
SQL: SELECT * FROM `hm_data_sst` WHERE ( id=1391 ) LIMIT 1   [ RunTime:0.0270s ]
SQL: SHOW COLUMNS FROM `hm_data_dynamic_bp` [ RunTime:0.0258s ]
SQL: SELECT * FROM `hm_data_dynamic_bp` WHERE ( detect_id=336 ) LIMIT 1   [ RunTime:0.0528s ]
SQL: SHOW COLUMNS FROM `hm_data_blood_oxygen` [ RunTime:0.0159s ]
SQL: SELECT * FROM `hm_data_blood_oxygen` WHERE ( blood_oxygen_id=1 ) LIMIT 1   [ RunTime:0.0185s ]
SQL: SHOW COLUMNS FROM `hm_data_blood_sugar` [ RunTime:0.0146s ]
SQL: SELECT * FROM `hm_data_blood_sugar` WHERE ( blood_sugar_id=8 ) LIMIT 1   [ RunTime:0.0216s ]
INFO: [ view_begin ] --START--
SQL: SHOW COLUMNS FROM `hm_user_info_base` [ RunTime:0.0089s ]
SQL: SELECT `uid`,`username`,`email`,`mobile`,`email_verify`,`reg_time`,`user_type` FROM `hm_user_info_base` WHERE ( uid=11 ) LIMIT 1   [ RunTime:0.0112s ]
SQL: SHOW COLUMNS FROM `hm_user_info_details` [ RunTime:0.0156s ]
SQL: SELECT * FROM `hm_user_info_details` WHERE ( 1=1 AND uid='11' ) LIMIT 1   [ RunTime:0.0178s ]
SQL: SHOW COLUMNS FROM `hm_user_info_extra` [ RunTime:0.0154s ]
SQL: SELECT * FROM `hm_user_info_extra` WHERE ( 1=1 AND uid='11' ) LIMIT 1   [ RunTime:0.0134s ]
SQL: SHOW COLUMNS FROM `hm_user_info_certification` [ RunTime:0.0120s ]
SQL: SELECT * FROM `hm_user_info_certification` WHERE ( 1=1 AND uid='11' ) LIMIT 1   [ RunTime:0.0147s ]
SQL: SHOW COLUMNS FROM `hm_user_bind` [ RunTime:0.0091s ]
SQL: SELECT * FROM `hm_user_bind` WHERE ( 1=1 AND uid='11' )  [ RunTime:0.0063s ]
SQL: SHOW COLUMNS FROM `hm_auth_group_access` [ RunTime:0.0111s ]
SQL: SELECT `uid`,`group_id`,`title`,`rules` FROM hm_auth_group_access a INNER JOIN hm_auth_group g on a.group_id=g.id  WHERE ( a.uid='11' and g.status='1' )  [ RunTime:0.0048s ]
SQL: SHOW COLUMNS FROM `hm_auth_rule` [ RunTime:0.0106s ]
SQL: SELECT `condition`,`name` FROM `hm_auth_rule` WHERE `id` IN ('1','2','3','4','5','6','7','8','9','10','11','12','13','14','15','16','17','18','19','20','21','22') AND `type` = 1 AND `status` = 1  [ RunTime:0.0192s ]
INFO: Run HealthManager\Behavior\CheckAccessBehavior [ RunTime:0.181427s ]
INFO: [ view_begin ] --END-- [ RunTime:0.181618s ]
INFO: [ view_parse ] --START--
INFO: [ template_filter ] --START--
INFO: Run Behavior\ContentReplaceBehavior [ RunTime:0.000131s ]
INFO: [ template_filter ] --END-- [ RunTime:0.000200s ]
NOTIC: [8] Undefined variable: noReadMessageCount /Applications/MAMP/htdocs/HealthManager/Application/Runtime/Cache/HealthManager/66e2f712b0113a25d6a1722f3691af31.php 第 180 行.
NOTIC: [8] Undefined variable: discription /Applications/MAMP/htdocs/HealthManager/Application/Runtime/Cache/HealthManager/66e2f712b0113a25d6a1722f3691af31.php 第 327 行.
NOTIC: [8] Undefined variable: message /Applications/MAMP/htdocs/HealthManager/Application/Runtime/Cache/HealthManager/66e2f712b0113a25d6a1722f3691af31.php 第 359 行.
NOTIC: [8] Undefined index: data /Applications/MAMP/htdocs/HealthManager/Application/Runtime/Cache/HealthManager/66e2f712b0113a25d6a1722f3691af31.php 第 361 行.
NOTIC: [8] Undefined variable: message /Applications/MAMP/htdocs/HealthManager/Application/Runtime/Cache/HealthManager/66e2f712b0113a25d6a1722f3691af31.php 第 359 行.
NOTIC: [8] Undefined variable: message /Applications/MAMP/htdocs/HealthManager/Application/Runtime/Cache/HealthManager/66e2f712b0113a25d6a1722f3691af31.php 第 359 行.
NOTIC: [8] Undefined index: data /Applications/MAMP/htdocs/HealthManager/Application/Runtime/Cache/HealthManager/66e2f712b0113a25d6a1722f3691af31.php 第 361 行.
NOTIC: [8] Undefined variable: message /Applications/MAMP/htdocs/HealthManager/Application/Runtime/Cache/HealthManager/66e2f712b0113a25d6a1722f3691af31.php 第 359 行.
NOTIC: [8] Undefined index: data /Applications/MAMP/htdocs/HealthManager/Application/Runtime/Cache/HealthManager/66e2f712b0113a25d6a1722f3691af31.php 第 361 行.
NOTIC: [8] Undefined variable: message /Applications/MAMP/htdocs/HealthManager/Application/Runtime/Cache/HealthManager/66e2f712b0113a25d6a1722f3691af31.php 第 359 行.
NOTIC: [8] Undefined index: data /Applications/MAMP/htdocs/HealthManager/Application/Runtime/Cache/HealthManager/66e2f712b0113a25d6a1722f3691af31.php 第 361 行.
NOTIC: [8] Undefined variable: message /Applications/MAMP/htdocs/HealthManager/Application/Runtime/Cache/HealthManager/66e2f712b0113a25d6a1722f3691af31.php 第 359 行.
NOTIC: [8] Undefined variable: message /Applications/MAMP/htdocs/HealthManager/Application/Runtime/Cache/HealthManager/66e2f712b0113a25d6a1722f3691af31.php 第 359 行.
INFO: Run Behavior\ParseTemplateBehavior [ RunTime:0.034780s ]
INFO: [ view_parse ] --END-- [ RunTime:0.034844s ]
INFO: [ view_filter ] --START--
INFO: Run Behavior\WriteHtmlCacheBehavior [ RunTime:0.000173s ]
INFO: [ view_filter ] --END-- [ RunTime:0.000220s ]
INFO: [ app_end ] --START--
INFO: Run Behavior\ShowPageTraceBehavior [ RunTime:0.000529s ]
INFO: [ app_end ] --END-- [ RunTime:0.000587s ]

[ 2016-12-17T17:47:13+08:00 ] ::1 /HealthManager/Member/dashboard
INFO: [ app_init ] --START--
INFO: Run Behavior\BuildLiteBehavior [ RunTime:0.000028s ]
INFO: [ app_init ] --END-- [ RunTime:0.000856s ]
INFO: [ app_begin ] --START--
INFO: Run Behavior\ReadHtmlCacheBehavior [ RunTime:0.002022s ]
INFO: [ app_begin ] --END-- [ RunTime:0.002279s ]
NOTIC: [8192] mysql_connect(): The mysql extension is deprecated and will be removed in the future: use mysqli or PDO instead /Applications/MAMP/htdocs/HealthManager/ThinkPHP/Library/Think/Session/Driver/Db.class.php 第 95 行.
SQL: SHOW COLUMNS FROM `hm_menu` [ RunTime:0.6128s ]
SQL: SELECT * FROM `hm_menu` WHERE ( role=1 )  [ RunTime:0.0169s ]
SQL: SHOW COLUMNS FROM `hm_result_report` [ RunTime:0.0143s ]
SQL: SELECT * FROM `hm_result_report` WHERE ( uid=11 ) GROUP BY report_type ORDER BY add_time DESC  [ RunTime:0.0377s ]
SQL: SHOW COLUMNS FROM `hm_data_tempe_rature` [ RunTime:0.0146s ]
SQL: SELECT * FROM `hm_data_tempe_rature` WHERE ( tempe_rature_id=1 ) LIMIT 1   [ RunTime:0.0186s ]
SQL: SHOW COLUMNS FROM `hm_data_sst` [ RunTime:0.0167s ]
SQL: SELECT * FROM `hm_data_sst` WHERE ( id=1391 ) LIMIT 1   [ RunTime:0.0257s ]
SQL: SHOW COLUMNS FROM `hm_data_dynamic_bp` [ RunTime:0.0261s ]
SQL: SELECT * FROM `hm_data_dynamic_bp` WHERE ( detect_id=336 ) LIMIT 1   [ RunTime:0.0540s ]
SQL: SHOW COLUMNS FROM `hm_data_blood_oxygen` [ RunTime:0.0159s ]
SQL: SELECT * FROM `hm_data_blood_oxygen` WHERE ( blood_oxygen_id=1 ) LIMIT 1   [ RunTime:0.0178s ]
SQL: SHOW COLUMNS FROM `hm_data_blood_sugar` [ RunTime:0.0142s ]
SQL: SELECT * FROM `hm_data_blood_sugar` WHERE ( blood_sugar_id=8 ) LIMIT 1   [ RunTime:0.0222s ]
INFO: [ view_begin ] --START--
SQL: SHOW COLUMNS FROM `hm_user_info_base` [ RunTime:0.0081s ]
SQL: SELECT `uid`,`username`,`email`,`mobile`,`email_verify`,`reg_time`,`user_type` FROM `hm_user_info_base` WHERE ( uid=11 ) LIMIT 1   [ RunTime:0.0116s ]
SQL: SHOW COLUMNS FROM `hm_user_info_details` [ RunTime:0.0156s ]
SQL: SELECT * FROM `hm_user_info_details` WHERE ( 1=1 AND uid='11' ) LIMIT 1   [ RunTime:0.0179s ]
SQL: SHOW COLUMNS FROM `hm_user_info_extra` [ RunTime:0.0153s ]
SQL: SELECT * FROM `hm_user_info_extra` WHERE ( 1=1 AND uid='11' ) LIMIT 1   [ RunTime:0.0137s ]
SQL: SHOW COLUMNS FROM `hm_user_info_certification` [ RunTime:0.0113s ]
SQL: SELECT * FROM `hm_user_info_certification` WHERE ( 1=1 AND uid='11' ) LIMIT 1   [ RunTime:0.0151s ]
SQL: SHOW COLUMNS FROM `hm_user_bind` [ RunTime:0.0092s ]
SQL: SELECT * FROM `hm_user_bind` WHERE ( 1=1 AND uid='11' )  [ RunTime:0.0065s ]
SQL: SHOW COLUMNS FROM `hm_auth_group_access` [ RunTime:0.0109s ]
SQL: SELECT `uid`,`group_id`,`title`,`rules` FROM hm_auth_group_access a INNER JOIN hm_auth_group g on a.group_id=g.id  WHERE ( a.uid='11' and g.status='1' )  [ RunTime:0.0058s ]
SQL: SHOW COLUMNS FROM `hm_auth_rule` [ RunTime:0.0094s ]
SQL: SELECT `condition`,`name` FROM `hm_auth_rule` WHERE `id` IN ('1','2','3','4','5','6','7','8','9','10','11','12','13','14','15','16','17','18','19','20','21','22') AND `type` = 1 AND `status` = 1  [ RunTime:0.0187s ]
INFO: Run HealthManager\Behavior\CheckAccessBehavior [ RunTime:0.181354s ]
INFO: [ view_begin ] --END-- [ RunTime:0.181447s ]
INFO: [ view_parse ] --START--
INFO: [ template_filter ] --START--
INFO: Run Behavior\ContentReplaceBehavior [ RunTime:0.000160s ]
INFO: [ template_filter ] --END-- [ RunTime:0.000241s ]
NOTIC: [8] Undefined variable: noReadMessageCount /Applications/MAMP/htdocs/HealthManager/Application/Runtime/Cache/HealthManager/66e2f712b0113a25d6a1722f3691af31.php 第 180 行.
NOTIC: [8] Undefined variable: discription /Applications/MAMP/htdocs/HealthManager/Application/Runtime/Cache/HealthManager/66e2f712b0113a25d6a1722f3691af31.php 第 327 行.
NOTIC: [8] Undefined variable: message /Applications/MAMP/htdocs/HealthManager/Application/Runtime/Cache/HealthManager/66e2f712b0113a25d6a1722f3691af31.php 第 359 行.
NOTIC: [8] Undefined index: data /Applications/MAMP/htdocs/HealthManager/Application/Runtime/Cache/HealthManager/66e2f712b0113a25d6a1722f3691af31.php 第 361 行.
NOTIC: [8] Undefined variable: message /Applications/MAMP/htdocs/HealthManager/Application/Runtime/Cache/HealthManager/66e2f712b0113a25d6a1722f3691af31.php 第 359 行.
NOTIC: [8] Undefined variable: message /Applications/MAMP/htdocs/HealthManager/Application/Runtime/Cache/HealthManager/66e2f712b0113a25d6a1722f3691af31.php 第 359 行.
NOTIC: [8] Undefined index: data /Applications/MAMP/htdocs/HealthManager/Application/Runtime/Cache/HealthManager/66e2f712b0113a25d6a1722f3691af31.php 第 361 行.
NOTIC: [8] Undefined variable: message /Applications/MAMP/htdocs/HealthManager/Application/Runtime/Cache/HealthManager/66e2f712b0113a25d6a1722f3691af31.php 第 359 行.
NOTIC: [8] Undefined index: data /Applications/MAMP/htdocs/HealthManager/Application/Runtime/Cache/HealthManager/66e2f712b0113a25d6a1722f3691af31.php 第 361 行.
NOTIC: [8] Undefined variable: message /Applications/MAMP/htdocs/HealthManager/Application/Runtime/Cache/HealthManager/66e2f712b0113a25d6a1722f3691af31.php 第 359 行.
NOTIC: [8] Undefined index: data /Applications/MAMP/htdocs/HealthManager/Application/Runtime/Cache/HealthManager/66e2f712b0113a25d6a1722f3691af31.php 第 361 行.
NOTIC: [8] Undefined variable: message /Applications/MAMP/htdocs/HealthManager/Application/Runtime/Cache/HealthManager/66e2f712b0113a25d6a1722f3691af31.php 第 359 行.
NOTIC: [8] Undefined variable: message /Applications/MAMP/htdocs/HealthManager/Application/Runtime/Cache/HealthManager/66e2f712b0113a25d6a1722f3691af31.php 第 359 行.
INFO: Run Behavior\ParseTemplateBehavior [ RunTime:0.043096s ]
INFO: [ view_parse ] --END-- [ RunTime:0.043170s ]
INFO: [ view_filter ] --START--
INFO: Run Behavior\WriteHtmlCacheBehavior [ RunTime:0.000453s ]
INFO: [ view_filter ] --END-- [ RunTime:0.000519s ]
INFO: [ app_end ] --START--
INFO: Run Behavior\ShowPageTraceBehavior [ RunTime:0.000964s ]
INFO: [ app_end ] --END-- [ RunTime:0.001065s ]

[ 2016-12-17T17:47:21+08:00 ] ::1 /Index.php/HealthManager/Member/accountBaseInfo
INFO: [ app_init ] --START--
INFO: Run Behavior\BuildLiteBehavior [ RunTime:0.000016s ]
INFO: [ app_init ] --END-- [ RunTime:0.000364s ]
INFO: [ app_begin ] --START--
INFO: Run Behavior\ReadHtmlCacheBehavior [ RunTime:0.000435s ]
INFO: [ app_begin ] --END-- [ RunTime:0.000488s ]
NOTIC: [8192] mysql_connect(): The mysql extension is deprecated and will be removed in the future: use mysqli or PDO instead /Applications/MAMP/htdocs/HealthManager/ThinkPHP/Library/Think/Session/Driver/Db.class.php 第 95 行.
SQL: SHOW COLUMNS FROM `hm_menu` [ RunTime:0.0048s ]
SQL: SELECT * FROM `hm_menu` WHERE ( role=1 )  [ RunTime:0.0243s ]
SQL: SHOW COLUMNS FROM `hm_user_info_base` [ RunTime:0.0082s ]
SQL: SELECT `uid`,`username`,`email`,`mobile`,`email_verify`,`reg_time`,`user_type` FROM `hm_user_info_base` WHERE `uid` = 11 LIMIT 1   [ RunTime:0.0114s ]
SQL: SHOW COLUMNS FROM `hm_user_info_details` [ RunTime:0.0159s ]
SQL: SELECT * FROM `hm_user_info_details` WHERE ( 1=1 AND uid='11' ) LIMIT 1   [ RunTime:0.0177s ]
SQL: SHOW COLUMNS FROM `hm_user_info_extra` [ RunTime:0.0143s ]
SQL: SELECT * FROM `hm_user_info_extra` WHERE ( 1=1 AND uid='11' ) LIMIT 1   [ RunTime:0.0138s ]
SQL: SHOW COLUMNS FROM `hm_user_info_certification` [ RunTime:0.0120s ]
SQL: SELECT * FROM `hm_user_info_certification` WHERE ( 1=1 AND uid='11' ) LIMIT 1   [ RunTime:0.0144s ]
SQL: SHOW COLUMNS FROM `hm_user_bind` [ RunTime:0.0088s ]
SQL: SELECT * FROM `hm_user_bind` WHERE ( 1=1 AND uid='11' )  [ RunTime:0.0066s ]
INFO: [ view_begin ] --START--
SQL: SELECT `uid`,`username`,`email`,`mobile`,`email_verify`,`reg_time`,`user_type` FROM `hm_user_info_base` WHERE ( uid=11 ) LIMIT 1   [ RunTime:0.0104s ]
SQL: SELECT * FROM `hm_user_info_details` WHERE ( 1=1 AND uid='11' ) LIMIT 1   [ RunTime:0.0198s ]
SQL: SELECT * FROM `hm_user_info_extra` WHERE ( 1=1 AND uid='11' ) LIMIT 1   [ RunTime:0.0173s ]
SQL: SELECT * FROM `hm_user_info_certification` WHERE ( 1=1 AND uid='11' ) LIMIT 1   [ RunTime:0.0134s ]
SQL: SELECT * FROM `hm_user_bind` WHERE ( 1=1 AND uid='11' )  [ RunTime:0.0078s ]
SQL: SHOW COLUMNS FROM `hm_auth_group_access` [ RunTime:0.0081s ]
SQL: SELECT `uid`,`group_id`,`title`,`rules` FROM hm_auth_group_access a INNER JOIN hm_auth_group g on a.group_id=g.id  WHERE ( a.uid='11' and g.status='1' )  [ RunTime:0.0049s ]
SQL: SHOW COLUMNS FROM `hm_auth_rule` [ RunTime:0.0113s ]
SQL: SELECT `condition`,`name` FROM `hm_auth_rule` WHERE `id` IN ('1','2','3','4','5','6','7','8','9','10','11','12','13','14','15','16','17','18','19','20','21','22') AND `type` = 1 AND `status` = 1  [ RunTime:0.0570s ]
INFO: Run HealthManager\Behavior\CheckAccessBehavior [ RunTime:0.156045s ]
INFO: [ view_begin ] --END-- [ RunTime:0.156129s ]
INFO: [ view_parse ] --START--
INFO: [ template_filter ] --START--
INFO: Run Behavior\ContentReplaceBehavior [ RunTime:0.000103s ]
INFO: [ template_filter ] --END-- [ RunTime:0.000173s ]
NOTIC: [8] Undefined variable: noReadMessageCount /Applications/MAMP/htdocs/HealthManager/Application/Runtime/Cache/HealthManager/ce4578bfeb06f86afd964bc7f8b281b7.php 第 180 行.
NOTIC: [8] Undefined index: idno /Applications/MAMP/htdocs/HealthManager/Application/Runtime/Cache/HealthManager/ce4578bfeb06f86afd964bc7f8b281b7.php 第 388 行.
NOTIC: [8] Undefined index: stature /Applications/MAMP/htdocs/HealthManager/Application/Runtime/Cache/HealthManager/ce4578bfeb06f86afd964bc7f8b281b7.php 第 392 行.
NOTIC: [8] Undefined index: weight /Applications/MAMP/htdocs/HealthManager/Application/Runtime/Cache/HealthManager/ce4578bfeb06f86afd964bc7f8b281b7.php 第 396 行.
INFO: Run Behavior\ParseTemplateBehavior [ RunTime:0.036222s ]
INFO: [ view_parse ] --END-- [ RunTime:0.036292s ]
INFO: [ view_filter ] --START--
INFO: Run Behavior\WriteHtmlCacheBehavior [ RunTime:0.000165s ]
INFO: [ view_filter ] --END-- [ RunTime:0.000214s ]
INFO: [ app_end ] --START--
INFO: Run Behavior\ShowPageTraceBehavior [ RunTime:0.000727s ]
INFO: [ app_end ] --END-- [ RunTime:0.000811s ]

