[ 2016-12-30T11:32:16+08:00 ] ::1 /index.php/HealthManager/Member/dashboard
INFO: [ app_init ] --START--
INFO: Run Behavior\BuildLiteBehavior [ RunTime:0.000030s ]
INFO: [ app_init ] --END-- [ RunTime:0.003279s ]
INFO: [ app_begin ] --START--
INFO: Run Behavior\ReadHtmlCacheBehavior [ RunTime:0.000560s ]
INFO: [ app_begin ] --END-- [ RunTime:0.000652s ]
NOTIC: [8192] mysql_connect(): The mysql extension is deprecated and will be removed in the future: use mysqli or PDO instead /Applications/MAMP/htdocs/HealthManager/ThinkPHP/Library/Think/Session/Driver/Db.class.php 第 95 行.
SQL: SHOW COLUMNS FROM `hm_menu` [ RunTime:0.0732s ]
SQL: SELECT * FROM `hm_menu` WHERE ( role=1 )  [ RunTime:0.0404s ]
SQL: SHOW COLUMNS FROM `hm_result_report` [ RunTime:0.0247s ]
ERR: 1064:You have an error in your SQL syntax; check the manual that corresponds to your MySQL server version for the right syntax to use near ') GROUP BY report_type ORDER BY add_time DESC' at line 1
 [ SQL语句 ] : SELECT * FROM `hm_result_report` WHERE ( uid= ) GROUP BY report_type ORDER BY add_time DESC 
ERR: 1064:You have an error in your SQL syntax; check the manual that corresponds to your MySQL server version for the right syntax to use near ') GROUP BY report_type ORDER BY add_time DESC' at line 1
 [ SQL语句 ] : SELECT * FROM `hm_result_report` WHERE ( uid= ) GROUP BY report_type ORDER BY add_time DESC 

[ 2016-12-30T11:32:22+08:00 ] ::1 /HealthManager/Member/signOut.html
INFO: [ app_init ] --START--
INFO: Run Behavior\BuildLiteBehavior [ RunTime:0.000083s ]
INFO: [ app_init ] --END-- [ RunTime:0.000572s ]
INFO: [ app_begin ] --START--
INFO: Run Behavior\ReadHtmlCacheBehavior [ RunTime:0.000133s ]
INFO: [ app_begin ] --END-- [ RunTime:0.000229s ]
NOTIC: [8192] mysql_connect(): The mysql extension is deprecated and will be removed in the future: use mysqli or PDO instead /Applications/MAMP/htdocs/HealthManager/ThinkPHP/Library/Think/Session/Driver/Db.class.php 第 95 行.

[ 2016-12-30T11:32:22+08:00 ] ::1 /HealthManager/Member/signIn.html
INFO: [ app_init ] --START--
INFO: Run Behavior\BuildLiteBehavior [ RunTime:0.000013s ]
INFO: [ app_init ] --END-- [ RunTime:0.000108s ]
INFO: [ app_begin ] --START--
INFO: Run Behavior\ReadHtmlCacheBehavior [ RunTime:0.000055s ]
INFO: [ app_begin ] --END-- [ RunTime:0.000105s ]
NOTIC: [8192] mysql_connect(): The mysql extension is deprecated and will be removed in the future: use mysqli or PDO instead /Applications/MAMP/htdocs/HealthManager/ThinkPHP/Library/Think/Session/Driver/Db.class.php 第 95 行.
INFO: [ view_begin ] --START--
INFO: Run HealthManager\Behavior\CheckAccessBehavior [ RunTime:0.005167s ]
INFO: [ view_begin ] --END-- [ RunTime:0.005269s ]
INFO: [ view_parse ] --START--
INFO: [ template_filter ] --START--
INFO: Run Behavior\ContentReplaceBehavior [ RunTime:0.000103s ]
INFO: [ template_filter ] --END-- [ RunTime:0.000196s ]
NOTIC: [8] Use of undefined constant signIn - assumed 'signIn' /Applications/MAMP/htdocs/HealthManager/Application/Runtime/Cache/HealthManager/23c8f7904e7df14c8a5356875c906312.php 第 37 行.
INFO: Run Behavior\ParseTemplateBehavior [ RunTime:0.025781s ]
INFO: [ view_parse ] --END-- [ RunTime:0.025841s ]
INFO: [ view_filter ] --START--
INFO: Run Behavior\WriteHtmlCacheBehavior [ RunTime:0.002592s ]
INFO: [ view_filter ] --END-- [ RunTime:0.002667s ]
INFO: [ app_end ] --START--
INFO: Run Behavior\ShowPageTraceBehavior [ RunTime:0.003442s ]
INFO: [ app_end ] --END-- [ RunTime:0.003527s ]

[ 2016-12-30T11:32:37+08:00 ] ::1 /HealthManager/Member/ajax_signIn
INFO: [ app_init ] --START--
INFO: Run Behavior\BuildLiteBehavior [ RunTime:0.000025s ]
INFO: [ app_init ] --END-- [ RunTime:0.000213s ]
INFO: [ app_begin ] --START--
INFO: Run Behavior\ReadHtmlCacheBehavior [ RunTime:0.000093s ]
INFO: [ app_begin ] --END-- [ RunTime:0.000155s ]
NOTIC: [8192] mysql_connect(): The mysql extension is deprecated and will be removed in the future: use mysqli or PDO instead /Applications/MAMP/htdocs/HealthManager/ThinkPHP/Library/Think/Session/Driver/Db.class.php 第 95 行.
NOTIC: [8] curl_setopt(): CURLOPT_SSL_VERIFYHOST no longer accepts the value 1, value 2 will be used instead /Applications/MAMP/htdocs/HealthManager/Application/Common/Common/function.php 第 66 行.

[ 2016-12-30T11:32:37+08:00 ] ::1 /HealthManager/Member/ajax_signIn
INFO: [ app_init ] --START--
INFO: Run Behavior\BuildLiteBehavior [ RunTime:0.000027s ]
INFO: [ app_init ] --END-- [ RunTime:0.000233s ]
INFO: [ app_begin ] --START--
INFO: Run Behavior\ReadHtmlCacheBehavior [ RunTime:0.000094s ]
INFO: [ app_begin ] --END-- [ RunTime:0.000157s ]
NOTIC: [8192] mysql_connect(): The mysql extension is deprecated and will be removed in the future: use mysqli or PDO instead /Applications/MAMP/htdocs/HealthManager/ThinkPHP/Library/Think/Session/Driver/Db.class.php 第 95 行.
NOTIC: [8] curl_setopt(): CURLOPT_SSL_VERIFYHOST no longer accepts the value 1, value 2 will be used instead /Applications/MAMP/htdocs/HealthManager/Application/Common/Common/function.php 第 66 行.

[ 2016-12-30T11:32:39+08:00 ] ::1 /HealthManager/Member/ajax_signIn
INFO: [ app_init ] --START--
INFO: Run Behavior\BuildLiteBehavior [ RunTime:0.000016s ]
INFO: [ app_init ] --END-- [ RunTime:0.000182s ]
INFO: [ app_begin ] --START--
INFO: Run Behavior\ReadHtmlCacheBehavior [ RunTime:0.000081s ]
INFO: [ app_begin ] --END-- [ RunTime:0.000152s ]
NOTIC: [8192] mysql_connect(): The mysql extension is deprecated and will be removed in the future: use mysqli or PDO instead /Applications/MAMP/htdocs/HealthManager/ThinkPHP/Library/Think/Session/Driver/Db.class.php 第 95 行.
NOTIC: [8] curl_setopt(): CURLOPT_SSL_VERIFYHOST no longer accepts the value 1, value 2 will be used instead /Applications/MAMP/htdocs/HealthManager/Application/Common/Common/function.php 第 66 行.

[ 2016-12-30T11:32:40+08:00 ] ::1 /HealthManager/Member/dashboard
INFO: [ app_init ] --START--
INFO: Run Behavior\BuildLiteBehavior [ RunTime:0.000021s ]
INFO: [ app_init ] --END-- [ RunTime:0.000167s ]
INFO: [ app_begin ] --START--
INFO: Run Behavior\ReadHtmlCacheBehavior [ RunTime:0.000105s ]
INFO: [ app_begin ] --END-- [ RunTime:0.000193s ]
NOTIC: [8192] mysql_connect(): The mysql extension is deprecated and will be removed in the future: use mysqli or PDO instead /Applications/MAMP/htdocs/HealthManager/ThinkPHP/Library/Think/Session/Driver/Db.class.php 第 95 行.
SQL: SHOW COLUMNS FROM `hm_menu` [ RunTime:0.0232s ]
SQL: SELECT * FROM `hm_menu` WHERE ( role=1 )  [ RunTime:0.0315s ]
SQL: SHOW COLUMNS FROM `hm_result_report` [ RunTime:0.0258s ]
SQL: SELECT * FROM `hm_result_report` WHERE ( uid=12 ) GROUP BY report_type ORDER BY add_time DESC  [ RunTime:0.0247s ]
NOTIC: [8] Undefined variable: reportArray /Applications/MAMP/htdocs/HealthManager/Application/HealthManager/Controller/MemberController.class.php 第 104 行.
INFO: [ view_begin ] --START--
SQL: SHOW COLUMNS FROM `hm_user_info_base` [ RunTime:0.0234s ]
SQL: SELECT `uid`,`username`,`email`,`mobile`,`email_verify`,`reg_time`,`user_type` FROM `hm_user_info_base` WHERE ( uid=12 ) LIMIT 1   [ RunTime:0.0258s ]
SQL: SHOW COLUMNS FROM `hm_user_info_details` [ RunTime:0.0254s ]
SQL: SELECT * FROM `hm_user_info_details` WHERE ( 1=1 AND uid='12' ) LIMIT 1   [ RunTime:0.0381s ]
SQL: SHOW COLUMNS FROM `hm_user_info_extra` [ RunTime:0.0357s ]
SQL: SELECT * FROM `hm_user_info_extra` WHERE ( 1=1 AND uid='12' ) LIMIT 1   [ RunTime:0.0533s ]
SQL: SHOW COLUMNS FROM `hm_user_info_certification` [ RunTime:0.1320s ]
SQL: SELECT * FROM `hm_user_info_certification` WHERE ( 1=1 AND uid='12' ) LIMIT 1   [ RunTime:0.2998s ]
SQL: SHOW COLUMNS FROM `hm_user_bind` [ RunTime:0.7029s ]
SQL: SELECT * FROM `hm_user_bind` WHERE ( 1=1 AND uid='12' )  [ RunTime:0.0260s ]
SQL: SHOW COLUMNS FROM `hm_auth_group_access` [ RunTime:0.0250s ]
SQL: SELECT `uid`,`group_id`,`title`,`rules` FROM hm_auth_group_access a INNER JOIN hm_auth_group g on a.group_id=g.id  WHERE ( a.uid='12' and g.status='1' )  [ RunTime:0.0242s ]
SQL: SHOW COLUMNS FROM `hm_auth_rule` [ RunTime:0.0228s ]
SQL: SELECT `condition`,`name` FROM `hm_auth_rule` WHERE `id` IN ('1','2','3','4','5','6','7','8','9','10','11','12','13','14','15','16','17','18','19','20','21','22') AND `type` = 1 AND `status` = 1  [ RunTime:0.0882s ]
INFO: Run HealthManager\Behavior\CheckAccessBehavior [ RunTime:1.530851s ]
INFO: [ view_begin ] --END-- [ RunTime:1.530914s ]
INFO: [ view_parse ] --START--
INFO: [ template_filter ] --START--
INFO: Run Behavior\ContentReplaceBehavior [ RunTime:0.000130s ]
INFO: [ template_filter ] --END-- [ RunTime:0.000228s ]
NOTIC: [8] Undefined variable: noReadMessageCount /Applications/MAMP/htdocs/HealthManager/Application/Runtime/Cache/HealthManager/66e2f712b0113a25d6a1722f3691af31.php 第 183 行.
NOTIC: [8] Undefined variable: discription /Applications/MAMP/htdocs/HealthManager/Application/Runtime/Cache/HealthManager/66e2f712b0113a25d6a1722f3691af31.php 第 330 行.
INFO: Run Behavior\ParseTemplateBehavior [ RunTime:0.036607s ]
INFO: [ view_parse ] --END-- [ RunTime:0.036675s ]
INFO: [ view_filter ] --START--
INFO: Run Behavior\WriteHtmlCacheBehavior [ RunTime:0.000083s ]
INFO: [ view_filter ] --END-- [ RunTime:0.000134s ]
INFO: [ app_end ] --START--
INFO: Run Behavior\ShowPageTraceBehavior [ RunTime:0.000104s ]
INFO: [ app_end ] --END-- [ RunTime:0.000164s ]

[ 2016-12-30T11:32:46+08:00 ] ::1 /index.php/HealthManager/Member/accountBaseInfo
INFO: [ app_init ] --START--
INFO: Run Behavior\BuildLiteBehavior [ RunTime:0.000013s ]
INFO: [ app_init ] --END-- [ RunTime:0.000107s ]
INFO: [ app_begin ] --START--
INFO: Run Behavior\ReadHtmlCacheBehavior [ RunTime:0.000052s ]
INFO: [ app_begin ] --END-- [ RunTime:0.000100s ]
NOTIC: [8192] mysql_connect(): The mysql extension is deprecated and will be removed in the future: use mysqli or PDO instead /Applications/MAMP/htdocs/HealthManager/ThinkPHP/Library/Think/Session/Driver/Db.class.php 第 95 行.
SQL: SHOW COLUMNS FROM `hm_menu` [ RunTime:0.0239s ]
SQL: SELECT * FROM `hm_menu` WHERE ( role=1 )  [ RunTime:0.0259s ]
SQL: SHOW COLUMNS FROM `hm_user_info_base` [ RunTime:0.0252s ]
SQL: SELECT `uid`,`username`,`email`,`mobile`,`email_verify`,`reg_time`,`user_type` FROM `hm_user_info_base` WHERE `uid` = 12 LIMIT 1   [ RunTime:0.0238s ]
SQL: SHOW COLUMNS FROM `hm_user_info_details` [ RunTime:0.0332s ]
SQL: SELECT * FROM `hm_user_info_details` WHERE ( 1=1 AND uid='12' ) LIMIT 1   [ RunTime:0.0250s ]
SQL: SHOW COLUMNS FROM `hm_user_info_extra` [ RunTime:0.0231s ]
SQL: SELECT * FROM `hm_user_info_extra` WHERE ( 1=1 AND uid='12' ) LIMIT 1   [ RunTime:0.0249s ]
SQL: SHOW COLUMNS FROM `hm_user_info_certification` [ RunTime:0.0240s ]
SQL: SELECT * FROM `hm_user_info_certification` WHERE ( 1=1 AND uid='12' ) LIMIT 1   [ RunTime:0.0248s ]
SQL: SHOW COLUMNS FROM `hm_user_bind` [ RunTime:0.0267s ]
SQL: SELECT * FROM `hm_user_bind` WHERE ( 1=1 AND uid='12' )  [ RunTime:0.0245s ]
INFO: [ view_begin ] --START--
SQL: SELECT `uid`,`username`,`email`,`mobile`,`email_verify`,`reg_time`,`user_type` FROM `hm_user_info_base` WHERE ( uid=12 ) LIMIT 1   [ RunTime:0.0345s ]
SQL: SELECT * FROM `hm_user_info_details` WHERE ( 1=1 AND uid='12' ) LIMIT 1   [ RunTime:0.0529s ]
SQL: SELECT * FROM `hm_user_info_extra` WHERE ( 1=1 AND uid='12' ) LIMIT 1   [ RunTime:0.0794s ]
SQL: SELECT * FROM `hm_user_info_certification` WHERE ( 1=1 AND uid='12' ) LIMIT 1   [ RunTime:0.0734s ]
SQL: SELECT * FROM `hm_user_bind` WHERE ( 1=1 AND uid='12' )  [ RunTime:0.0879s ]
SQL: SHOW COLUMNS FROM `hm_auth_group_access` [ RunTime:0.0936s ]
SQL: SELECT `uid`,`group_id`,`title`,`rules` FROM hm_auth_group_access a INNER JOIN hm_auth_group g on a.group_id=g.id  WHERE ( a.uid='12' and g.status='1' )  [ RunTime:0.1189s ]
SQL: SHOW COLUMNS FROM `hm_auth_rule` [ RunTime:0.1399s ]
SQL: SELECT `condition`,`name` FROM `hm_auth_rule` WHERE `id` IN ('1','2','3','4','5','6','7','8','9','10','11','12','13','14','15','16','17','18','19','20','21','22') AND `type` = 1 AND `status` = 1  [ RunTime:0.0811s ]
INFO: Run HealthManager\Behavior\CheckAccessBehavior [ RunTime:0.765782s ]
INFO: [ view_begin ] --END-- [ RunTime:0.765883s ]
INFO: [ view_parse ] --START--
INFO: [ template_filter ] --START--
INFO: Run Behavior\ContentReplaceBehavior [ RunTime:0.000243s ]
INFO: [ template_filter ] --END-- [ RunTime:0.000387s ]
NOTIC: [8] Undefined variable: noReadMessageCount /Applications/MAMP/htdocs/HealthManager/Application/Runtime/Cache/HealthManager/ce4578bfeb06f86afd964bc7f8b281b7.php 第 183 行.
NOTIC: [8] Undefined index: idno /Applications/MAMP/htdocs/HealthManager/Application/Runtime/Cache/HealthManager/ce4578bfeb06f86afd964bc7f8b281b7.php 第 391 行.
NOTIC: [8] Undefined index: stature /Applications/MAMP/htdocs/HealthManager/Application/Runtime/Cache/HealthManager/ce4578bfeb06f86afd964bc7f8b281b7.php 第 395 行.
NOTIC: [8] Undefined index: weight /Applications/MAMP/htdocs/HealthManager/Application/Runtime/Cache/HealthManager/ce4578bfeb06f86afd964bc7f8b281b7.php 第 399 行.
INFO: Run Behavior\ParseTemplateBehavior [ RunTime:0.041235s ]
INFO: [ view_parse ] --END-- [ RunTime:0.041313s ]
INFO: [ view_filter ] --START--
INFO: Run Behavior\WriteHtmlCacheBehavior [ RunTime:0.000077s ]
INFO: [ view_filter ] --END-- [ RunTime:0.000125s ]
INFO: [ app_end ] --START--
INFO: Run Behavior\ShowPageTraceBehavior [ RunTime:0.000123s ]
INFO: [ app_end ] --END-- [ RunTime:0.000218s ]

[ 2016-12-30T11:32:54+08:00 ] ::1 /index.php/HealthManager/Member/safeCenter
INFO: [ app_init ] --START--
INFO: Run Behavior\BuildLiteBehavior [ RunTime:0.000030s ]
INFO: [ app_init ] --END-- [ RunTime:0.000293s ]
INFO: [ app_begin ] --START--
INFO: Run Behavior\ReadHtmlCacheBehavior [ RunTime:0.000090s ]
INFO: [ app_begin ] --END-- [ RunTime:0.000148s ]
NOTIC: [8192] mysql_connect(): The mysql extension is deprecated and will be removed in the future: use mysqli or PDO instead /Applications/MAMP/htdocs/HealthManager/ThinkPHP/Library/Think/Session/Driver/Db.class.php 第 95 行.
SQL: SHOW COLUMNS FROM `hm_menu` [ RunTime:0.0272s ]
SQL: SELECT * FROM `hm_menu` WHERE ( role=1 )  [ RunTime:0.0263s ]
INFO: [ view_begin ] --START--
SQL: SHOW COLUMNS FROM `hm_user_info_base` [ RunTime:0.0235s ]
SQL: SELECT `uid`,`username`,`email`,`mobile`,`email_verify`,`reg_time`,`user_type` FROM `hm_user_info_base` WHERE ( uid=12 ) LIMIT 1   [ RunTime:0.0227s ]
SQL: SHOW COLUMNS FROM `hm_user_info_details` [ RunTime:0.0221s ]
SQL: SELECT * FROM `hm_user_info_details` WHERE ( 1=1 AND uid='12' ) LIMIT 1   [ RunTime:0.0248s ]
SQL: SHOW COLUMNS FROM `hm_user_info_extra` [ RunTime:0.0249s ]
SQL: SELECT * FROM `hm_user_info_extra` WHERE ( 1=1 AND uid='12' ) LIMIT 1   [ RunTime:0.0426s ]
SQL: SHOW COLUMNS FROM `hm_user_info_certification` [ RunTime:0.0216s ]
SQL: SELECT * FROM `hm_user_info_certification` WHERE ( 1=1 AND uid='12' ) LIMIT 1   [ RunTime:0.0271s ]
SQL: SHOW COLUMNS FROM `hm_user_bind` [ RunTime:0.0250s ]
SQL: SELECT * FROM `hm_user_bind` WHERE ( 1=1 AND uid='12' )  [ RunTime:0.0236s ]
SQL: SHOW COLUMNS FROM `hm_auth_group_access` [ RunTime:0.0219s ]
SQL: SELECT `uid`,`group_id`,`title`,`rules` FROM hm_auth_group_access a INNER JOIN hm_auth_group g on a.group_id=g.id  WHERE ( a.uid='12' and g.status='1' )  [ RunTime:0.0246s ]
SQL: SHOW COLUMNS FROM `hm_auth_rule` [ RunTime:0.0221s ]
SQL: SELECT `condition`,`name` FROM `hm_auth_rule` WHERE `id` IN ('1','2','3','4','5','6','7','8','9','10','11','12','13','14','15','16','17','18','19','20','21','22') AND `type` = 1 AND `status` = 1  [ RunTime:0.0249s ]
INFO: Run HealthManager\Behavior\CheckAccessBehavior [ RunTime:0.358095s ]
INFO: [ view_begin ] --END-- [ RunTime:0.358192s ]
INFO: [ view_parse ] --START--
INFO: [ template_filter ] --START--
INFO: Run Behavior\ContentReplaceBehavior [ RunTime:0.000132s ]
INFO: [ template_filter ] --END-- [ RunTime:0.000225s ]
NOTIC: [8] Undefined variable: noReadMessageCount /Applications/MAMP/htdocs/HealthManager/Application/Runtime/Cache/HealthManager/10f56442b11be3cc9765e6a267f4b774.php 第 183 行.
INFO: Run Behavior\ParseTemplateBehavior [ RunTime:0.033404s ]
INFO: [ view_parse ] --END-- [ RunTime:0.033468s ]
INFO: [ view_filter ] --START--
INFO: Run Behavior\WriteHtmlCacheBehavior [ RunTime:0.000077s ]
INFO: [ view_filter ] --END-- [ RunTime:0.000119s ]
INFO: [ app_end ] --START--
INFO: Run Behavior\ShowPageTraceBehavior [ RunTime:0.000078s ]
INFO: [ app_end ] --END-- [ RunTime:0.000129s ]

[ 2016-12-30T11:33:12+08:00 ] ::1 /index.php/HealthManager/Member/accountVerifyInfo
INFO: [ app_init ] --START--
INFO: Run Behavior\BuildLiteBehavior [ RunTime:0.000033s ]
INFO: [ app_init ] --END-- [ RunTime:0.000260s ]
INFO: [ app_begin ] --START--
INFO: Run Behavior\ReadHtmlCacheBehavior [ RunTime:0.000138s ]
INFO: [ app_begin ] --END-- [ RunTime:0.000238s ]
NOTIC: [8192] mysql_connect(): The mysql extension is deprecated and will be removed in the future: use mysqli or PDO instead /Applications/MAMP/htdocs/HealthManager/ThinkPHP/Library/Think/Session/Driver/Db.class.php 第 95 行.
SQL: SHOW COLUMNS FROM `hm_menu` [ RunTime:0.0240s ]
SQL: SELECT * FROM `hm_menu` WHERE ( role=1 )  [ RunTime:0.0268s ]
INFO: [ view_begin ] --START--

[ 2016-12-30T11:33:13+08:00 ] ::1 /index.php/HealthManager/Member/signIn.html
INFO: [ app_init ] --START--
INFO: Run Behavior\BuildLiteBehavior [ RunTime:0.000014s ]
INFO: [ app_init ] --END-- [ RunTime:0.000110s ]
INFO: [ app_begin ] --START--
INFO: Run Behavior\ReadHtmlCacheBehavior [ RunTime:0.000092s ]
INFO: [ app_begin ] --END-- [ RunTime:0.000169s ]
NOTIC: [8192] mysql_connect(): The mysql extension is deprecated and will be removed in the future: use mysqli or PDO instead /Applications/MAMP/htdocs/HealthManager/ThinkPHP/Library/Think/Session/Driver/Db.class.php 第 95 行.
INFO: [ view_begin ] --START--
INFO: Run HealthManager\Behavior\CheckAccessBehavior [ RunTime:0.000106s ]
INFO: [ view_begin ] --END-- [ RunTime:0.000184s ]
INFO: [ view_parse ] --START--
INFO: [ template_filter ] --START--
INFO: Run Behavior\ContentReplaceBehavior [ RunTime:0.000065s ]
INFO: [ template_filter ] --END-- [ RunTime:0.000144s ]
NOTIC: [8] Use of undefined constant signIn - assumed 'signIn' /Applications/MAMP/htdocs/HealthManager/Application/Runtime/Cache/HealthManager/23c8f7904e7df14c8a5356875c906312.php 第 37 行.
INFO: Run Behavior\ParseTemplateBehavior [ RunTime:0.005088s ]
INFO: [ view_parse ] --END-- [ RunTime:0.005147s ]
INFO: [ view_filter ] --START--
INFO: Run Behavior\WriteHtmlCacheBehavior [ RunTime:0.000067s ]
INFO: [ view_filter ] --END-- [ RunTime:0.000117s ]
INFO: [ app_end ] --START--
INFO: Run Behavior\ShowPageTraceBehavior [ RunTime:0.000057s ]
INFO: [ app_end ] --END-- [ RunTime:0.000107s ]

[ 2016-12-30T11:33:38+08:00 ] ::1 /HealthManager/Member/ajax_signIn
INFO: [ app_init ] --START--
INFO: Run Behavior\BuildLiteBehavior [ RunTime:0.000022s ]
INFO: [ app_init ] --END-- [ RunTime:0.000171s ]
INFO: [ app_begin ] --START--
INFO: Run Behavior\ReadHtmlCacheBehavior [ RunTime:0.000109s ]
INFO: [ app_begin ] --END-- [ RunTime:0.000189s ]
NOTIC: [8192] mysql_connect(): The mysql extension is deprecated and will be removed in the future: use mysqli or PDO instead /Applications/MAMP/htdocs/HealthManager/ThinkPHP/Library/Think/Session/Driver/Db.class.php 第 95 行.
NOTIC: [8] curl_setopt(): CURLOPT_SSL_VERIFYHOST no longer accepts the value 1, value 2 will be used instead /Applications/MAMP/htdocs/HealthManager/Application/Common/Common/function.php 第 66 行.

[ 2016-12-30T11:33:39+08:00 ] ::1 /HealthManager/Member/dashboard
INFO: [ app_init ] --START--
INFO: Run Behavior\BuildLiteBehavior [ RunTime:0.000015s ]
INFO: [ app_init ] --END-- [ RunTime:0.000118s ]
INFO: [ app_begin ] --START--
INFO: Run Behavior\ReadHtmlCacheBehavior [ RunTime:0.000061s ]
INFO: [ app_begin ] --END-- [ RunTime:0.000122s ]
NOTIC: [8192] mysql_connect(): The mysql extension is deprecated and will be removed in the future: use mysqli or PDO instead /Applications/MAMP/htdocs/HealthManager/ThinkPHP/Library/Think/Session/Driver/Db.class.php 第 95 行.
SQL: SHOW COLUMNS FROM `hm_menu` [ RunTime:0.0492s ]
SQL: SELECT * FROM `hm_menu` WHERE ( role=1 )  [ RunTime:0.0280s ]
SQL: SHOW COLUMNS FROM `hm_result_report` [ RunTime:0.0258s ]
SQL: SELECT * FROM `hm_result_report` WHERE ( uid=12 ) GROUP BY report_type ORDER BY add_time DESC  [ RunTime:0.0286s ]
NOTIC: [8] Undefined variable: reportArray /Applications/MAMP/htdocs/HealthManager/Application/HealthManager/Controller/MemberController.class.php 第 104 行.
INFO: [ view_begin ] --START--
SQL: SHOW COLUMNS FROM `hm_user_info_base` [ RunTime:0.0368s ]
SQL: SELECT `uid`,`username`,`email`,`mobile`,`email_verify`,`reg_time`,`user_type` FROM `hm_user_info_base` WHERE ( uid=12 ) LIMIT 1   [ RunTime:0.0245s ]
SQL: SHOW COLUMNS FROM `hm_user_info_details` [ RunTime:0.0364s ]
SQL: SELECT * FROM `hm_user_info_details` WHERE ( 1=1 AND uid='12' ) LIMIT 1   [ RunTime:0.0247s ]
SQL: SHOW COLUMNS FROM `hm_user_info_extra` [ RunTime:0.0240s ]
SQL: SELECT * FROM `hm_user_info_extra` WHERE ( 1=1 AND uid='12' ) LIMIT 1   [ RunTime:0.0247s ]
SQL: SHOW COLUMNS FROM `hm_user_info_certification` [ RunTime:0.0247s ]
SQL: SELECT * FROM `hm_user_info_certification` WHERE ( 1=1 AND uid='12' ) LIMIT 1   [ RunTime:0.0235s ]
SQL: SHOW COLUMNS FROM `hm_user_bind` [ RunTime:0.0328s ]
SQL: SELECT * FROM `hm_user_bind` WHERE ( 1=1 AND uid='12' )  [ RunTime:0.0239s ]
SQL: SHOW COLUMNS FROM `hm_auth_group_access` [ RunTime:0.0256s ]
SQL: SELECT `uid`,`group_id`,`title`,`rules` FROM hm_auth_group_access a INNER JOIN hm_auth_group g on a.group_id=g.id  WHERE ( a.uid='12' and g.status='1' )  [ RunTime:0.0261s ]
SQL: SHOW COLUMNS FROM `hm_auth_rule` [ RunTime:0.0392s ]
SQL: SELECT `condition`,`name` FROM `hm_auth_rule` WHERE `id` IN ('1','2','3','4','5','6','7','8','9','10','11','12','13','14','15','16','17','18','19','20','21','22') AND `type` = 1 AND `status` = 1  [ RunTime:0.0275s ]
INFO: Run HealthManager\Behavior\CheckAccessBehavior [ RunTime:0.400764s ]
INFO: [ view_begin ] --END-- [ RunTime:0.400831s ]
INFO: [ view_parse ] --START--
INFO: [ template_filter ] --START--
INFO: Run Behavior\ContentReplaceBehavior [ RunTime:0.000117s ]
INFO: [ template_filter ] --END-- [ RunTime:0.000190s ]
NOTIC: [8] Undefined variable: noReadMessageCount /Applications/MAMP/htdocs/HealthManager/Application/Runtime/Cache/HealthManager/66e2f712b0113a25d6a1722f3691af31.php 第 183 行.
NOTIC: [8] Undefined variable: discription /Applications/MAMP/htdocs/HealthManager/Application/Runtime/Cache/HealthManager/66e2f712b0113a25d6a1722f3691af31.php 第 330 行.
INFO: Run Behavior\ParseTemplateBehavior [ RunTime:0.032985s ]
INFO: [ view_parse ] --END-- [ RunTime:0.033045s ]
INFO: [ view_filter ] --START--
INFO: Run Behavior\WriteHtmlCacheBehavior [ RunTime:0.000074s ]
INFO: [ view_filter ] --END-- [ RunTime:0.000116s ]
INFO: [ app_end ] --START--
INFO: Run Behavior\ShowPageTraceBehavior [ RunTime:0.000076s ]
INFO: [ app_end ] --END-- [ RunTime:0.000126s ]

[ 2016-12-30T11:33:44+08:00 ] ::1 /index.php/HealthManager/Member/accountVerifyInfo
INFO: [ app_init ] --START--
INFO: Run Behavior\BuildLiteBehavior [ RunTime:0.000016s ]
INFO: [ app_init ] --END-- [ RunTime:0.000120s ]
INFO: [ app_begin ] --START--
INFO: Run Behavior\ReadHtmlCacheBehavior [ RunTime:0.000061s ]
INFO: [ app_begin ] --END-- [ RunTime:0.000115s ]
NOTIC: [8192] mysql_connect(): The mysql extension is deprecated and will be removed in the future: use mysqli or PDO instead /Applications/MAMP/htdocs/HealthManager/ThinkPHP/Library/Think/Session/Driver/Db.class.php 第 95 行.
SQL: SHOW COLUMNS FROM `hm_menu` [ RunTime:0.0238s ]
SQL: SELECT * FROM `hm_menu` WHERE ( role=1 )  [ RunTime:0.0258s ]
INFO: [ view_begin ] --START--
SQL: SHOW COLUMNS FROM `hm_user_info_base` [ RunTime:0.0252s ]
SQL: SELECT `uid`,`username`,`email`,`mobile`,`email_verify`,`reg_time`,`user_type` FROM `hm_user_info_base` WHERE ( uid=12 ) LIMIT 1   [ RunTime:0.0238s ]
SQL: SHOW COLUMNS FROM `hm_user_info_details` [ RunTime:0.0245s ]
SQL: SELECT * FROM `hm_user_info_details` WHERE ( 1=1 AND uid='12' ) LIMIT 1   [ RunTime:0.0241s ]
SQL: SHOW COLUMNS FROM `hm_user_info_extra` [ RunTime:0.0242s ]
SQL: SELECT * FROM `hm_user_info_extra` WHERE ( 1=1 AND uid='12' ) LIMIT 1   [ RunTime:0.0233s ]
SQL: SHOW COLUMNS FROM `hm_user_info_certification` [ RunTime:0.0216s ]
SQL: SELECT * FROM `hm_user_info_certification` WHERE ( 1=1 AND uid='12' ) LIMIT 1   [ RunTime:0.0249s ]
SQL: SHOW COLUMNS FROM `hm_user_bind` [ RunTime:0.0242s ]
SQL: SELECT * FROM `hm_user_bind` WHERE ( 1=1 AND uid='12' )  [ RunTime:0.0318s ]
SQL: SHOW COLUMNS FROM `hm_auth_group_access` [ RunTime:0.0252s ]
SQL: SELECT `uid`,`group_id`,`title`,`rules` FROM hm_auth_group_access a INNER JOIN hm_auth_group g on a.group_id=g.id  WHERE ( a.uid='12' and g.status='1' )  [ RunTime:0.0239s ]
SQL: SHOW COLUMNS FROM `hm_auth_rule` [ RunTime:0.0229s ]
SQL: SELECT `condition`,`name` FROM `hm_auth_rule` WHERE `id` IN ('1','2','3','4','5','6','7','8','9','10','11','12','13','14','15','16','17','18','19','20','21','22') AND `type` = 1 AND `status` = 1  [ RunTime:0.0269s ]
INFO: Run HealthManager\Behavior\CheckAccessBehavior [ RunTime:0.353432s ]
INFO: [ view_begin ] --END-- [ RunTime:0.353495s ]
INFO: [ view_parse ] --START--
INFO: [ template_filter ] --START--
INFO: Run Behavior\ContentReplaceBehavior [ RunTime:0.000176s ]
INFO: [ template_filter ] --END-- [ RunTime:0.000326s ]
NOTIC: [8] Undefined variable: noReadMessageCount /Applications/MAMP/htdocs/HealthManager/Application/Runtime/Cache/HealthManager/29b5d5934748282fe6da6ec3f14cb4c5.php 第 186 行.
INFO: Run Behavior\ParseTemplateBehavior [ RunTime:0.025581s ]
INFO: [ view_parse ] --END-- [ RunTime:0.025642s ]
INFO: [ view_filter ] --START--
INFO: Run Behavior\WriteHtmlCacheBehavior [ RunTime:0.000075s ]
INFO: [ view_filter ] --END-- [ RunTime:0.000123s ]
INFO: [ app_end ] --START--
INFO: Run Behavior\ShowPageTraceBehavior [ RunTime:0.000061s ]
INFO: [ app_end ] --END-- [ RunTime:0.000117s ]

[ 2016-12-30T11:34:12+08:00 ] ::1 /index.php/HealthManager/Member/safeCenter
INFO: [ app_init ] --START--
INFO: Run Behavior\BuildLiteBehavior [ RunTime:0.000014s ]
INFO: [ app_init ] --END-- [ RunTime:0.000122s ]
INFO: [ app_begin ] --START--
INFO: Run Behavior\ReadHtmlCacheBehavior [ RunTime:0.000057s ]
INFO: [ app_begin ] --END-- [ RunTime:0.000111s ]
NOTIC: [8192] mysql_connect(): The mysql extension is deprecated and will be removed in the future: use mysqli or PDO instead /Applications/MAMP/htdocs/HealthManager/ThinkPHP/Library/Think/Session/Driver/Db.class.php 第 95 行.
SQL: SHOW COLUMNS FROM `hm_menu` [ RunTime:0.0316s ]
SQL: SELECT * FROM `hm_menu` WHERE ( role=1 )  [ RunTime:0.1600s ]
INFO: [ view_begin ] --START--
SQL: SHOW COLUMNS FROM `hm_user_info_base` [ RunTime:0.0617s ]
SQL: SELECT `uid`,`username`,`email`,`mobile`,`email_verify`,`reg_time`,`user_type` FROM `hm_user_info_base` WHERE ( uid=12 ) LIMIT 1   [ RunTime:0.1065s ]
SQL: SHOW COLUMNS FROM `hm_user_info_details` [ RunTime:0.0956s ]
SQL: SELECT * FROM `hm_user_info_details` WHERE ( 1=1 AND uid='12' ) LIMIT 1   [ RunTime:0.1070s ]
SQL: SHOW COLUMNS FROM `hm_user_info_extra` [ RunTime:0.0440s ]
SQL: SELECT * FROM `hm_user_info_extra` WHERE ( 1=1 AND uid='12' ) LIMIT 1   [ RunTime:0.1832s ]
SQL: SHOW COLUMNS FROM `hm_user_info_certification` [ RunTime:0.0894s ]
SQL: SELECT * FROM `hm_user_info_certification` WHERE ( 1=1 AND uid='12' ) LIMIT 1   [ RunTime:0.0719s ]
SQL: SHOW COLUMNS FROM `hm_user_bind` [ RunTime:0.9295s ]
SQL: SELECT * FROM `hm_user_bind` WHERE ( 1=1 AND uid='12' )  [ RunTime:0.0252s ]
SQL: SHOW COLUMNS FROM `hm_auth_group_access` [ RunTime:0.0245s ]
SQL: SELECT `uid`,`group_id`,`title`,`rules` FROM hm_auth_group_access a INNER JOIN hm_auth_group g on a.group_id=g.id  WHERE ( a.uid='12' and g.status='1' )  [ RunTime:0.0257s ]
SQL: SHOW COLUMNS FROM `hm_auth_rule` [ RunTime:0.0226s ]
SQL: SELECT `condition`,`name` FROM `hm_auth_rule` WHERE `id` IN ('1','2','3','4','5','6','7','8','9','10','11','12','13','14','15','16','17','18','19','20','21','22') AND `type` = 1 AND `status` = 1  [ RunTime:0.0250s ]
INFO: Run HealthManager\Behavior\CheckAccessBehavior [ RunTime:1.819246s ]
INFO: [ view_begin ] --END-- [ RunTime:1.819327s ]
INFO: [ view_parse ] --START--
INFO: [ template_filter ] --START--
INFO: Run Behavior\ContentReplaceBehavior [ RunTime:0.000123s ]
INFO: [ template_filter ] --END-- [ RunTime:0.000195s ]
NOTIC: [8] Undefined variable: noReadMessageCount /Applications/MAMP/htdocs/HealthManager/Application/Runtime/Cache/HealthManager/10f56442b11be3cc9765e6a267f4b774.php 第 183 行.
INFO: Run Behavior\ParseTemplateBehavior [ RunTime:0.036997s ]
INFO: [ view_parse ] --END-- [ RunTime:0.037061s ]
INFO: [ view_filter ] --START--
INFO: Run Behavior\WriteHtmlCacheBehavior [ RunTime:0.000077s ]
INFO: [ view_filter ] --END-- [ RunTime:0.000121s ]
INFO: [ app_end ] --START--
INFO: Run Behavior\ShowPageTraceBehavior [ RunTime:0.000074s ]
INFO: [ app_end ] --END-- [ RunTime:0.000126s ]

[ 2016-12-30T11:34:18+08:00 ] ::1 /index.php/HealthManager/Member/accountVerifyInfo
INFO: [ app_init ] --START--
INFO: Run Behavior\BuildLiteBehavior [ RunTime:0.000015s ]
INFO: [ app_init ] --END-- [ RunTime:0.000115s ]
INFO: [ app_begin ] --START--
INFO: Run Behavior\ReadHtmlCacheBehavior [ RunTime:0.000062s ]
INFO: [ app_begin ] --END-- [ RunTime:0.000116s ]
NOTIC: [8192] mysql_connect(): The mysql extension is deprecated and will be removed in the future: use mysqli or PDO instead /Applications/MAMP/htdocs/HealthManager/ThinkPHP/Library/Think/Session/Driver/Db.class.php 第 95 行.
SQL: SHOW COLUMNS FROM `hm_menu` [ RunTime:0.0253s ]
SQL: SELECT * FROM `hm_menu` WHERE ( role=1 )  [ RunTime:0.0263s ]
INFO: [ view_begin ] --START--
SQL: SHOW COLUMNS FROM `hm_user_info_base` [ RunTime:0.0244s ]
SQL: SELECT `uid`,`username`,`email`,`mobile`,`email_verify`,`reg_time`,`user_type` FROM `hm_user_info_base` WHERE ( uid=12 ) LIMIT 1   [ RunTime:0.1038s ]
SQL: SHOW COLUMNS FROM `hm_user_info_details` [ RunTime:0.2666s ]
SQL: SELECT * FROM `hm_user_info_details` WHERE ( 1=1 AND uid='12' ) LIMIT 1   [ RunTime:0.0608s ]
SQL: SHOW COLUMNS FROM `hm_user_info_extra` [ RunTime:0.0416s ]
SQL: SELECT * FROM `hm_user_info_extra` WHERE ( 1=1 AND uid='12' ) LIMIT 1   [ RunTime:0.0417s ]
SQL: SHOW COLUMNS FROM `hm_user_info_certification` [ RunTime:0.0898s ]
SQL: SELECT * FROM `hm_user_info_certification` WHERE ( 1=1 AND uid='12' ) LIMIT 1   [ RunTime:0.0777s ]
SQL: SHOW COLUMNS FROM `hm_user_bind` [ RunTime:0.0719s ]
SQL: SELECT * FROM `hm_user_bind` WHERE ( 1=1 AND uid='12' )  [ RunTime:0.0655s ]
SQL: SHOW COLUMNS FROM `hm_auth_group_access` [ RunTime:0.2207s ]
SQL: SELECT `uid`,`group_id`,`title`,`rules` FROM hm_auth_group_access a INNER JOIN hm_auth_group g on a.group_id=g.id  WHERE ( a.uid='12' and g.status='1' )  [ RunTime:0.0419s ]
SQL: SHOW COLUMNS FROM `hm_auth_rule` [ RunTime:0.0633s ]
SQL: SELECT `condition`,`name` FROM `hm_auth_rule` WHERE `id` IN ('1','2','3','4','5','6','7','8','9','10','11','12','13','14','15','16','17','18','19','20','21','22') AND `type` = 1 AND `status` = 1  [ RunTime:0.0384s ]
INFO: Run HealthManager\Behavior\CheckAccessBehavior [ RunTime:1.215054s ]
INFO: [ view_begin ] --END-- [ RunTime:1.215127s ]
INFO: [ view_parse ] --START--
INFO: [ template_filter ] --START--
INFO: Run Behavior\ContentReplaceBehavior [ RunTime:0.000108s ]
INFO: [ template_filter ] --END-- [ RunTime:0.000182s ]
NOTIC: [8] Undefined variable: noReadMessageCount /Applications/MAMP/htdocs/HealthManager/Application/Runtime/Cache/HealthManager/29b5d5934748282fe6da6ec3f14cb4c5.php 第 186 行.
INFO: Run Behavior\ParseTemplateBehavior [ RunTime:0.028881s ]
INFO: [ view_parse ] --END-- [ RunTime:0.028971s ]
INFO: [ view_filter ] --START--
INFO: Run Behavior\WriteHtmlCacheBehavior [ RunTime:0.000128s ]
INFO: [ view_filter ] --END-- [ RunTime:0.000200s ]
INFO: [ app_end ] --START--
INFO: Run Behavior\ShowPageTraceBehavior [ RunTime:0.000095s ]
INFO: [ app_end ] --END-- [ RunTime:0.000163s ]

[ 2016-12-30T11:34:42+08:00 ] ::1 /index.php/HealthManager/Member/userSendConsultingInfo
INFO: [ app_init ] --START--
INFO: Run Behavior\BuildLiteBehavior [ RunTime:0.000021s ]
INFO: [ app_init ] --END-- [ RunTime:0.000178s ]
INFO: [ app_begin ] --START--
INFO: Run Behavior\ReadHtmlCacheBehavior [ RunTime:0.000062s ]
INFO: [ app_begin ] --END-- [ RunTime:0.000117s ]
NOTIC: [8192] mysql_connect(): The mysql extension is deprecated and will be removed in the future: use mysqli or PDO instead /Applications/MAMP/htdocs/HealthManager/ThinkPHP/Library/Think/Session/Driver/Db.class.php 第 95 行.
SQL: SHOW COLUMNS FROM `hm_menu` [ RunTime:0.0444s ]
SQL: SELECT * FROM `hm_menu` WHERE ( role=1 )  [ RunTime:0.2352s ]
SQL: SHOW COLUMNS FROM `hm_info_hospital_department` [ RunTime:0.3093s ]
SQL: SELECT * FROM `hm_info_hospital_department`  [ RunTime:0.0520s ]
SQL: SHOW COLUMNS FROM `hm_user_info_base` [ RunTime:0.0386s ]
SQL: SELECT `uid`,`username`,`email`,`mobile`,`email_verify`,`reg_time`,`user_type` FROM `hm_user_info_base` WHERE `user_type` = 2  [ RunTime:0.0247s ]
SQL: SHOW COLUMNS FROM `hm_user_info_details` [ RunTime:0.0250s ]
SQL: SELECT * FROM `hm_user_info_details` WHERE ( 1=1 AND uid='1' ) LIMIT 1   [ RunTime:0.0268s ]
SQL: SHOW COLUMNS FROM `hm_user_info_extra` [ RunTime:0.0309s ]
SQL: SELECT * FROM `hm_user_info_extra` WHERE ( 1=1 AND uid='1' ) LIMIT 1   [ RunTime:0.0269s ]
SQL: SHOW COLUMNS FROM `hm_user_info_certification` [ RunTime:0.0336s ]
SQL: SELECT * FROM `hm_user_info_certification` WHERE ( 1=1 AND uid='1' ) LIMIT 1   [ RunTime:0.0385s ]
SQL: SHOW COLUMNS FROM `hm_user_bind` [ RunTime:0.0244s ]
SQL: SELECT * FROM `hm_user_bind` WHERE ( 1=1 AND uid='1' )  [ RunTime:0.0237s ]
SQL: SELECT * FROM `hm_user_info_details` WHERE ( 1=1 AND uid='14' ) LIMIT 1   [ RunTime:0.0288s ]
SQL: SELECT * FROM `hm_user_info_extra` WHERE ( 1=1 AND uid='14' ) LIMIT 1   [ RunTime:0.0388s ]
SQL: SELECT * FROM `hm_user_info_certification` WHERE ( 1=1 AND uid='14' ) LIMIT 1   [ RunTime:0.0245s ]
SQL: SELECT * FROM `hm_user_bind` WHERE ( 1=1 AND uid='14' )  [ RunTime:0.0283s ]
SQL: SELECT * FROM `hm_user_info_details` WHERE ( 1=1 AND uid='16' ) LIMIT 1   [ RunTime:0.0257s ]
SQL: SELECT * FROM `hm_user_info_extra` WHERE ( 1=1 AND uid='16' ) LIMIT 1   [ RunTime:0.0286s ]
SQL: SELECT * FROM `hm_user_info_certification` WHERE ( 1=1 AND uid='16' ) LIMIT 1   [ RunTime:0.0244s ]
SQL: SELECT * FROM `hm_user_bind` WHERE ( 1=1 AND uid='16' )  [ RunTime:0.0429s ]
SQL: SHOW COLUMNS FROM `hm_user_info_extra` [ RunTime:0.0666s ]
SQL: SELECT * FROM `hm_user_info_extra` WHERE ( uid=1 ) LIMIT 1   [ RunTime:0.0371s ]
SQL: SHOW COLUMNS FROM `hm_info_hospital` [ RunTime:0.0265s ]
SQL: SELECT * FROM `hm_info_hospital` WHERE ( id=6 ) LIMIT 1   [ RunTime:0.0236s ]
SQL: SELECT * FROM `hm_info_hospital_department` WHERE ( department_id=1 ) LIMIT 1   [ RunTime:0.0234s ]
SQL: SHOW COLUMNS FROM `hm_info_hospital_subdiscipline` [ RunTime:0.0914s ]
SQL: SELECT * FROM `hm_info_hospital_subdiscipline` WHERE ( subdiscipline_id=6 ) LIMIT 1   [ RunTime:0.0538s ]
SQL: SHOW COLUMNS FROM `hm_info_hospital_position` [ RunTime:0.0311s ]
SQL: SELECT * FROM `hm_info_hospital_position` WHERE ( position_id=2 ) LIMIT 1   [ RunTime:0.0243s ]
SQL: SELECT * FROM `hm_user_info_extra` WHERE ( uid=14 ) LIMIT 1   [ RunTime:0.0262s ]
SQL: SELECT * FROM `hm_info_hospital` WHERE ( id=6 ) LIMIT 1   [ RunTime:0.0233s ]
SQL: SELECT * FROM `hm_info_hospital_department` WHERE ( department_id=1 ) LIMIT 1   [ RunTime:0.0252s ]
SQL: SELECT * FROM `hm_info_hospital_subdiscipline` WHERE ( subdiscipline_id=6 ) LIMIT 1   [ RunTime:0.0248s ]
SQL: SELECT * FROM `hm_info_hospital_position` WHERE ( position_id=2 ) LIMIT 1   [ RunTime:0.0245s ]
SQL: SELECT * FROM `hm_user_info_extra` WHERE ( uid=16 ) LIMIT 1   [ RunTime:0.0331s ]
SQL: SELECT * FROM `hm_info_hospital` WHERE ( id=6 ) LIMIT 1   [ RunTime:0.0250s ]
SQL: SELECT * FROM `hm_info_hospital_department` WHERE ( department_id=1 ) LIMIT 1   [ RunTime:0.0264s ]
SQL: SELECT * FROM `hm_info_hospital_subdiscipline` WHERE ( subdiscipline_id=6 ) LIMIT 1   [ RunTime:0.0245s ]
SQL: SELECT * FROM `hm_info_hospital_position` WHERE ( position_id=2 ) LIMIT 1   [ RunTime:0.0414s ]
INFO: [ view_begin ] --START--

[ 2016-12-30T11:34:42+08:00 ] ::1 /index.php/HealthManager/Member/signIn.html
INFO: [ app_init ] --START--
INFO: Run Behavior\BuildLiteBehavior [ RunTime:0.000072s ]
INFO: [ app_init ] --END-- [ RunTime:0.000636s ]
INFO: [ app_begin ] --START--
INFO: Run Behavior\ReadHtmlCacheBehavior [ RunTime:0.000250s ]
INFO: [ app_begin ] --END-- [ RunTime:0.000389s ]
NOTIC: [8192] mysql_connect(): The mysql extension is deprecated and will be removed in the future: use mysqli or PDO instead /Applications/MAMP/htdocs/HealthManager/ThinkPHP/Library/Think/Session/Driver/Db.class.php 第 95 行.
INFO: [ view_begin ] --START--
INFO: Run HealthManager\Behavior\CheckAccessBehavior [ RunTime:0.000210s ]
INFO: [ view_begin ] --END-- [ RunTime:0.000362s ]
INFO: [ view_parse ] --START--
INFO: [ template_filter ] --START--
INFO: Run Behavior\ContentReplaceBehavior [ RunTime:0.000068s ]
INFO: [ template_filter ] --END-- [ RunTime:0.000140s ]
NOTIC: [8] Use of undefined constant signIn - assumed 'signIn' /Applications/MAMP/htdocs/HealthManager/Application/Runtime/Cache/HealthManager/23c8f7904e7df14c8a5356875c906312.php 第 37 行.
INFO: Run Behavior\ParseTemplateBehavior [ RunTime:0.005569s ]
INFO: [ view_parse ] --END-- [ RunTime:0.005645s ]
INFO: [ view_filter ] --START--
INFO: Run Behavior\WriteHtmlCacheBehavior [ RunTime:0.000062s ]
INFO: [ view_filter ] --END-- [ RunTime:0.000105s ]
INFO: [ app_end ] --START--
INFO: Run Behavior\ShowPageTraceBehavior [ RunTime:0.000067s ]
INFO: [ app_end ] --END-- [ RunTime:0.000110s ]

[ 2016-12-30T14:19:05+08:00 ] ::1 /HealthManager/Member/ajax_signIn
INFO: [ app_init ] --START--
INFO: Run Behavior\BuildLiteBehavior [ RunTime:0.000023s ]
INFO: [ app_init ] --END-- [ RunTime:0.000210s ]
INFO: [ app_begin ] --START--
INFO: Run Behavior\ReadHtmlCacheBehavior [ RunTime:0.000080s ]
INFO: [ app_begin ] --END-- [ RunTime:0.000132s ]
NOTIC: [8192] mysql_connect(): The mysql extension is deprecated and will be removed in the future: use mysqli or PDO instead /Applications/MAMP/htdocs/HealthManager/ThinkPHP/Library/Think/Session/Driver/Db.class.php 第 95 行.
NOTIC: [8] curl_setopt(): CURLOPT_SSL_VERIFYHOST no longer accepts the value 1, value 2 will be used instead /Applications/MAMP/htdocs/HealthManager/Application/Common/Common/function.php 第 66 行.

[ 2016-12-30T14:19:06+08:00 ] ::1 /HealthManager/Member/ajax_signIn
INFO: [ app_init ] --START--
INFO: Run Behavior\BuildLiteBehavior [ RunTime:0.000016s ]
INFO: [ app_init ] --END-- [ RunTime:0.000144s ]
INFO: [ app_begin ] --START--
INFO: Run Behavior\ReadHtmlCacheBehavior [ RunTime:0.000067s ]
INFO: [ app_begin ] --END-- [ RunTime:0.000157s ]
NOTIC: [8192] mysql_connect(): The mysql extension is deprecated and will be removed in the future: use mysqli or PDO instead /Applications/MAMP/htdocs/HealthManager/ThinkPHP/Library/Think/Session/Driver/Db.class.php 第 95 行.
NOTIC: [8] curl_setopt(): CURLOPT_SSL_VERIFYHOST no longer accepts the value 1, value 2 will be used instead /Applications/MAMP/htdocs/HealthManager/Application/Common/Common/function.php 第 66 行.

[ 2016-12-30T14:19:07+08:00 ] ::1 /HealthManager/Member/dashboard
INFO: [ app_init ] --START--
INFO: Run Behavior\BuildLiteBehavior [ RunTime:0.000019s ]
INFO: [ app_init ] --END-- [ RunTime:0.000148s ]
INFO: [ app_begin ] --START--
INFO: Run Behavior\ReadHtmlCacheBehavior [ RunTime:0.000066s ]
INFO: [ app_begin ] --END-- [ RunTime:0.000128s ]
NOTIC: [8192] mysql_connect(): The mysql extension is deprecated and will be removed in the future: use mysqli or PDO instead /Applications/MAMP/htdocs/HealthManager/ThinkPHP/Library/Think/Session/Driver/Db.class.php 第 95 行.
SQL: SHOW COLUMNS FROM `hm_menu` [ RunTime:0.0851s ]
SQL: SELECT * FROM `hm_menu` WHERE ( role=1 )  [ RunTime:0.0884s ]
SQL: SHOW COLUMNS FROM `hm_result_report` [ RunTime:0.0963s ]
SQL: SELECT * FROM `hm_result_report` WHERE ( uid=12 ) GROUP BY report_type ORDER BY add_time DESC  [ RunTime:0.1009s ]
NOTIC: [8] Undefined variable: reportArray /Applications/MAMP/htdocs/HealthManager/Application/HealthManager/Controller/MemberController.class.php 第 104 行.
INFO: [ view_begin ] --START--
SQL: SHOW COLUMNS FROM `hm_user_info_base` [ RunTime:0.0522s ]
SQL: SELECT `uid`,`username`,`email`,`mobile`,`email_verify`,`reg_time`,`user_type` FROM `hm_user_info_base` WHERE ( uid=12 ) LIMIT 1   [ RunTime:0.0310s ]
SQL: SHOW COLUMNS FROM `hm_user_info_details` [ RunTime:0.0362s ]
SQL: SELECT * FROM `hm_user_info_details` WHERE ( 1=1 AND uid='12' ) LIMIT 1   [ RunTime:0.0248s ]
SQL: SHOW COLUMNS FROM `hm_user_info_extra` [ RunTime:0.0268s ]
SQL: SELECT * FROM `hm_user_info_extra` WHERE ( 1=1 AND uid='12' ) LIMIT 1   [ RunTime:0.0302s ]
SQL: SHOW COLUMNS FROM `hm_user_info_certification` [ RunTime:0.0235s ]
SQL: SELECT * FROM `hm_user_info_certification` WHERE ( 1=1 AND uid='12' ) LIMIT 1   [ RunTime:0.0234s ]
SQL: SHOW COLUMNS FROM `hm_user_bind` [ RunTime:0.0247s ]
SQL: SELECT * FROM `hm_user_bind` WHERE ( 1=1 AND uid='12' )  [ RunTime:0.0229s ]
SQL: SHOW COLUMNS FROM `hm_auth_group_access` [ RunTime:0.0261s ]
SQL: SELECT `uid`,`group_id`,`title`,`rules` FROM hm_auth_group_access a INNER JOIN hm_auth_group g on a.group_id=g.id  WHERE ( a.uid='12' and g.status='1' )  [ RunTime:0.0268s ]
SQL: SHOW COLUMNS FROM `hm_auth_rule` [ RunTime:0.0521s ]
SQL: SELECT `condition`,`name` FROM `hm_auth_rule` WHERE `id` IN ('1','2','3','4','5','6','7','8','9','10','11','12','13','14','15','16','17','18','19','20','21','22') AND `type` = 1 AND `status` = 1  [ RunTime:0.0274s ]
INFO: Run HealthManager\Behavior\CheckAccessBehavior [ RunTime:0.435962s ]
INFO: [ view_begin ] --END-- [ RunTime:0.436024s ]
INFO: [ view_parse ] --START--
INFO: [ template_filter ] --START--
INFO: Run Behavior\ContentReplaceBehavior [ RunTime:0.000115s ]
INFO: [ template_filter ] --END-- [ RunTime:0.000188s ]
NOTIC: [8] Undefined variable: noReadMessageCount /Applications/MAMP/htdocs/HealthManager/Application/Runtime/Cache/HealthManager/66e2f712b0113a25d6a1722f3691af31.php 第 183 行.
NOTIC: [8] Undefined variable: discription /Applications/MAMP/htdocs/HealthManager/Application/Runtime/Cache/HealthManager/66e2f712b0113a25d6a1722f3691af31.php 第 330 行.
INFO: Run Behavior\ParseTemplateBehavior [ RunTime:0.036947s ]
INFO: [ view_parse ] --END-- [ RunTime:0.037020s ]
INFO: [ view_filter ] --START--
INFO: Run Behavior\WriteHtmlCacheBehavior [ RunTime:0.000082s ]
INFO: [ view_filter ] --END-- [ RunTime:0.000130s ]
INFO: [ app_end ] --START--
INFO: Run Behavior\ShowPageTraceBehavior [ RunTime:0.000134s ]
INFO: [ app_end ] --END-- [ RunTime:0.000228s ]

