[ 2017-02-03T09:45:50+08:00 ] ::1 /index.php/HealthManager/Member/userSendConsultingInfo
INFO: [ app_init ] --START--
INFO: Run Behavior\BuildLiteBehavior [ RunTime:0.000026s ]
INFO: [ app_init ] --END-- [ RunTime:0.001014s ]
INFO: [ app_begin ] --START--
INFO: Run Behavior\ReadHtmlCacheBehavior [ RunTime:0.000689s ]
INFO: [ app_begin ] --END-- [ RunTime:0.000744s ]
NOTIC: [8192] mysql_connect(): The mysql extension is deprecated and will be removed in the future: use mysqli or PDO instead /Applications/MAMP/htdocs/HealthManager/ThinkPHP/Library/Think/Session/Driver/Db.class.php 第 95 行.
SQL: SHOW COLUMNS FROM `hm_menu` [ RunTime:0.0240s ]
SQL: SELECT * FROM `hm_menu` WHERE ( role=1 )  [ RunTime:0.0232s ]
SQL: SHOW COLUMNS FROM `hm_info_hospital_department` [ RunTime:0.0213s ]
SQL: SELECT * FROM `hm_info_hospital_department`  [ RunTime:0.0221s ]
SQL: SHOW COLUMNS FROM `hm_user_info_base` [ RunTime:0.0233s ]
SQL: SELECT `uid`,`username`,`email`,`mobile`,`email_verify`,`reg_time`,`user_type` FROM `hm_user_info_base` WHERE `user_type` = 2  [ RunTime:0.0236s ]
SQL: SHOW COLUMNS FROM `hm_user_info_details` [ RunTime:0.0210s ]
SQL: SELECT * FROM `hm_user_info_details` WHERE ( 1=1 AND uid='1' ) LIMIT 1   [ RunTime:0.0252s ]
SQL: SHOW COLUMNS FROM `hm_user_info_extra` [ RunTime:0.0235s ]
SQL: SELECT * FROM `hm_user_info_extra` WHERE ( 1=1 AND uid='1' ) LIMIT 1   [ RunTime:0.0254s ]
SQL: SHOW COLUMNS FROM `hm_user_info_certification` [ RunTime:0.0236s ]
SQL: SELECT * FROM `hm_user_info_certification` WHERE ( 1=1 AND uid='1' ) LIMIT 1   [ RunTime:0.0250s ]
SQL: SHOW COLUMNS FROM `hm_user_bind` [ RunTime:0.0226s ]
SQL: SELECT * FROM `hm_user_bind` WHERE ( 1=1 AND uid='1' )  [ RunTime:0.0208s ]
SQL: SELECT * FROM `hm_user_info_details` WHERE ( 1=1 AND uid='14' ) LIMIT 1   [ RunTime:0.0266s ]
SQL: SELECT * FROM `hm_user_info_extra` WHERE ( 1=1 AND uid='14' ) LIMIT 1   [ RunTime:0.0244s ]
SQL: SELECT * FROM `hm_user_info_certification` WHERE ( 1=1 AND uid='14' ) LIMIT 1   [ RunTime:0.0244s ]
SQL: SELECT * FROM `hm_user_bind` WHERE ( 1=1 AND uid='14' )  [ RunTime:0.0223s ]
SQL: SELECT * FROM `hm_user_info_details` WHERE ( 1=1 AND uid='16' ) LIMIT 1   [ RunTime:0.0235s ]
SQL: SELECT * FROM `hm_user_info_extra` WHERE ( 1=1 AND uid='16' ) LIMIT 1   [ RunTime:0.0248s ]
SQL: SELECT * FROM `hm_user_info_certification` WHERE ( 1=1 AND uid='16' ) LIMIT 1   [ RunTime:0.0242s ]
SQL: SELECT * FROM `hm_user_bind` WHERE ( 1=1 AND uid='16' )  [ RunTime:0.0225s ]
SQL: SHOW COLUMNS FROM `hm_user_info_extra` [ RunTime:0.0253s ]
SQL: SELECT * FROM `hm_user_info_extra` WHERE ( uid=1 ) LIMIT 1   [ RunTime:0.0338s ]
SQL: SHOW COLUMNS FROM `hm_info_hospital` [ RunTime:0.0234s ]
SQL: SELECT * FROM `hm_info_hospital` WHERE ( id=6 ) LIMIT 1   [ RunTime:0.0240s ]
SQL: SELECT * FROM `hm_info_hospital_department` WHERE ( department_id=1 ) LIMIT 1   [ RunTime:0.0344s ]
SQL: SHOW COLUMNS FROM `hm_info_hospital_subdiscipline` [ RunTime:0.0285s ]
SQL: SELECT * FROM `hm_info_hospital_subdiscipline` WHERE ( subdiscipline_id=6 ) LIMIT 1   [ RunTime:0.0235s ]
SQL: SHOW COLUMNS FROM `hm_info_hospital_position` [ RunTime:0.0229s ]
SQL: SELECT * FROM `hm_info_hospital_position` WHERE ( position_id=2 ) LIMIT 1   [ RunTime:0.0319s ]
SQL: SELECT * FROM `hm_user_info_extra` WHERE ( uid=14 ) LIMIT 1   [ RunTime:0.0353s ]
SQL: SELECT * FROM `hm_info_hospital` WHERE ( id=6 ) LIMIT 1   [ RunTime:0.0235s ]
SQL: SELECT * FROM `hm_info_hospital_department` WHERE ( department_id=1 ) LIMIT 1   [ RunTime:0.0249s ]
SQL: SELECT * FROM `hm_info_hospital_subdiscipline` WHERE ( subdiscipline_id=6 ) LIMIT 1   [ RunTime:0.0235s ]
SQL: SELECT * FROM `hm_info_hospital_position` WHERE ( position_id=2 ) LIMIT 1   [ RunTime:0.0214s ]
SQL: SELECT * FROM `hm_user_info_extra` WHERE ( uid=16 ) LIMIT 1   [ RunTime:0.0244s ]
SQL: SELECT * FROM `hm_info_hospital` WHERE ( id=6 ) LIMIT 1   [ RunTime:0.0374s ]
SQL: SELECT * FROM `hm_info_hospital_department` WHERE ( department_id=1 ) LIMIT 1   [ RunTime:0.0231s ]
SQL: SELECT * FROM `hm_info_hospital_subdiscipline` WHERE ( subdiscipline_id=6 ) LIMIT 1   [ RunTime:0.0223s ]
SQL: SELECT * FROM `hm_info_hospital_position` WHERE ( position_id=2 ) LIMIT 1   [ RunTime:0.0216s ]
INFO: [ view_begin ] --START--

[ 2017-02-03T09:45:50+08:00 ] ::1 /index.php/HealthManager/Doctor/signIn.html
INFO: [ app_init ] --START--
INFO: Run Behavior\BuildLiteBehavior [ RunTime:0.000010s ]
INFO: [ app_init ] --END-- [ RunTime:0.000243s ]
INFO: [ app_begin ] --START--
INFO: Run Behavior\ReadHtmlCacheBehavior [ RunTime:0.000317s ]
INFO: [ app_begin ] --END-- [ RunTime:0.000357s ]
NOTIC: [8192] mysql_connect(): The mysql extension is deprecated and will be removed in the future: use mysqli or PDO instead /Applications/MAMP/htdocs/HealthManager/ThinkPHP/Library/Think/Session/Driver/Db.class.php 第 95 行.
INFO: [ view_begin ] --START--
INFO: Run HealthManager\Behavior\CheckAccessBehavior [ RunTime:0.000201s ]
INFO: [ view_begin ] --END-- [ RunTime:0.000253s ]
INFO: [ view_parse ] --START--
INFO: [ template_filter ] --START--
INFO: Run Behavior\ContentReplaceBehavior [ RunTime:0.000062s ]
INFO: [ template_filter ] --END-- [ RunTime:0.000117s ]
NOTIC: [8] Use of undefined constant signIn - assumed 'signIn' /Applications/MAMP/htdocs/HealthManager/Application/Runtime/Cache/HealthManager/65312c2d74527fbaa42566f0ac1c2b07.php 第 37 行.
INFO: Run Behavior\ParseTemplateBehavior [ RunTime:0.007664s ]
INFO: [ view_parse ] --END-- [ RunTime:0.007700s ]
INFO: [ view_filter ] --START--
INFO: Run Behavior\WriteHtmlCacheBehavior [ RunTime:0.000394s ]
INFO: [ view_filter ] --END-- [ RunTime:0.000432s ]
INFO: [ app_end ] --START--
INFO: Run Behavior\ShowPageTraceBehavior [ RunTime:0.000635s ]
INFO: [ app_end ] --END-- [ RunTime:0.000676s ]

[ 2017-02-03T09:45:55+08:00 ] ::1 /index.php/HealthManager/Doctor/ajax_signIn
INFO: [ app_init ] --START--
INFO: Run Behavior\BuildLiteBehavior [ RunTime:0.000011s ]
INFO: [ app_init ] --END-- [ RunTime:0.000315s ]
INFO: [ app_begin ] --START--
INFO: Run Behavior\ReadHtmlCacheBehavior [ RunTime:0.000447s ]
INFO: [ app_begin ] --END-- [ RunTime:0.000493s ]
NOTIC: [8192] mysql_connect(): The mysql extension is deprecated and will be removed in the future: use mysqli or PDO instead /Applications/MAMP/htdocs/HealthManager/ThinkPHP/Library/Think/Session/Driver/Db.class.php 第 95 行.
NOTIC: [8] curl_setopt(): CURLOPT_SSL_VERIFYHOST no longer accepts the value 1, value 2 will be used instead /Applications/MAMP/htdocs/HealthManager/Application/Common/Common/function.php 第 66 行.

[ 2017-02-03T09:45:55+08:00 ] ::1 /index.php/HealthManager/Doctor/ajax_signIn
INFO: [ app_init ] --START--
INFO: Run Behavior\BuildLiteBehavior [ RunTime:0.000011s ]
INFO: [ app_init ] --END-- [ RunTime:0.000248s ]
INFO: [ app_begin ] --START--
INFO: Run Behavior\ReadHtmlCacheBehavior [ RunTime:0.000320s ]
INFO: [ app_begin ] --END-- [ RunTime:0.000357s ]
NOTIC: [8192] mysql_connect(): The mysql extension is deprecated and will be removed in the future: use mysqli or PDO instead /Applications/MAMP/htdocs/HealthManager/ThinkPHP/Library/Think/Session/Driver/Db.class.php 第 95 行.
NOTIC: [8] curl_setopt(): CURLOPT_SSL_VERIFYHOST no longer accepts the value 1, value 2 will be used instead /Applications/MAMP/htdocs/HealthManager/Application/Common/Common/function.php 第 66 行.

[ 2017-02-03T09:45:56+08:00 ] ::1 /index.php/HealthManager/Doctor/ajax_signIn
INFO: [ app_init ] --START--
INFO: Run Behavior\BuildLiteBehavior [ RunTime:0.000016s ]
INFO: [ app_init ] --END-- [ RunTime:0.000377s ]
INFO: [ app_begin ] --START--
INFO: Run Behavior\ReadHtmlCacheBehavior [ RunTime:0.000390s ]
INFO: [ app_begin ] --END-- [ RunTime:0.000467s ]
NOTIC: [8192] mysql_connect(): The mysql extension is deprecated and will be removed in the future: use mysqli or PDO instead /Applications/MAMP/htdocs/HealthManager/ThinkPHP/Library/Think/Session/Driver/Db.class.php 第 95 行.
NOTIC: [8] curl_setopt(): CURLOPT_SSL_VERIFYHOST no longer accepts the value 1, value 2 will be used instead /Applications/MAMP/htdocs/HealthManager/Application/Common/Common/function.php 第 66 行.

[ 2017-02-03T09:45:56+08:00 ] ::1 /index.php/HealthManager/Doctor/ajax_signIn
INFO: [ app_init ] --START--
INFO: Run Behavior\BuildLiteBehavior [ RunTime:0.000016s ]
INFO: [ app_init ] --END-- [ RunTime:0.000431s ]
INFO: [ app_begin ] --START--
INFO: Run Behavior\ReadHtmlCacheBehavior [ RunTime:0.000514s ]
INFO: [ app_begin ] --END-- [ RunTime:0.000585s ]
NOTIC: [8192] mysql_connect(): The mysql extension is deprecated and will be removed in the future: use mysqli or PDO instead /Applications/MAMP/htdocs/HealthManager/ThinkPHP/Library/Think/Session/Driver/Db.class.php 第 95 行.
NOTIC: [8] curl_setopt(): CURLOPT_SSL_VERIFYHOST no longer accepts the value 1, value 2 will be used instead /Applications/MAMP/htdocs/HealthManager/Application/Common/Common/function.php 第 66 行.

[ 2017-02-03T09:45:56+08:00 ] ::1 /index.php/HealthManager/Doctor/ajax_signIn
INFO: [ app_init ] --START--
INFO: Run Behavior\BuildLiteBehavior [ RunTime:0.000017s ]
INFO: [ app_init ] --END-- [ RunTime:0.000523s ]
INFO: [ app_begin ] --START--
INFO: Run Behavior\ReadHtmlCacheBehavior [ RunTime:0.000385s ]
INFO: [ app_begin ] --END-- [ RunTime:0.000428s ]
NOTIC: [8192] mysql_connect(): The mysql extension is deprecated and will be removed in the future: use mysqli or PDO instead /Applications/MAMP/htdocs/HealthManager/ThinkPHP/Library/Think/Session/Driver/Db.class.php 第 95 行.
NOTIC: [8] curl_setopt(): CURLOPT_SSL_VERIFYHOST no longer accepts the value 1, value 2 will be used instead /Applications/MAMP/htdocs/HealthManager/Application/Common/Common/function.php 第 66 行.

[ 2017-02-03T09:45:56+08:00 ] ::1 /index.php/HealthManager/Doctor/ajax_signIn
INFO: [ app_init ] --START--
INFO: Run Behavior\BuildLiteBehavior [ RunTime:0.000016s ]
INFO: [ app_init ] --END-- [ RunTime:0.000343s ]
INFO: [ app_begin ] --START--
INFO: Run Behavior\ReadHtmlCacheBehavior [ RunTime:0.000376s ]
INFO: [ app_begin ] --END-- [ RunTime:0.000422s ]
NOTIC: [8192] mysql_connect(): The mysql extension is deprecated and will be removed in the future: use mysqli or PDO instead /Applications/MAMP/htdocs/HealthManager/ThinkPHP/Library/Think/Session/Driver/Db.class.php 第 95 行.
NOTIC: [8] curl_setopt(): CURLOPT_SSL_VERIFYHOST no longer accepts the value 1, value 2 will be used instead /Applications/MAMP/htdocs/HealthManager/Application/Common/Common/function.php 第 66 行.

[ 2017-02-03T09:45:57+08:00 ] ::1 /index.php/HealthManager/Doctor/ajax_signIn
INFO: [ app_init ] --START--
INFO: Run Behavior\BuildLiteBehavior [ RunTime:0.000012s ]
INFO: [ app_init ] --END-- [ RunTime:0.000323s ]
INFO: [ app_begin ] --START--
INFO: Run Behavior\ReadHtmlCacheBehavior [ RunTime:0.000384s ]
INFO: [ app_begin ] --END-- [ RunTime:0.000428s ]
NOTIC: [8192] mysql_connect(): The mysql extension is deprecated and will be removed in the future: use mysqli or PDO instead /Applications/MAMP/htdocs/HealthManager/ThinkPHP/Library/Think/Session/Driver/Db.class.php 第 95 行.
NOTIC: [8] curl_setopt(): CURLOPT_SSL_VERIFYHOST no longer accepts the value 1, value 2 will be used instead /Applications/MAMP/htdocs/HealthManager/Application/Common/Common/function.php 第 66 行.

[ 2017-02-03T09:45:57+08:00 ] ::1 /HealthManager/Doctor/dashboard
INFO: [ app_init ] --START--
INFO: Run Behavior\BuildLiteBehavior [ RunTime:0.000011s ]
INFO: [ app_init ] --END-- [ RunTime:0.000251s ]
INFO: [ app_begin ] --START--
INFO: Run Behavior\ReadHtmlCacheBehavior [ RunTime:0.000342s ]
INFO: [ app_begin ] --END-- [ RunTime:0.000384s ]
NOTIC: [8192] mysql_connect(): The mysql extension is deprecated and will be removed in the future: use mysqli or PDO instead /Applications/MAMP/htdocs/HealthManager/ThinkPHP/Library/Think/Session/Driver/Db.class.php 第 95 行.
SQL: SHOW COLUMNS FROM `hm_menu` [ RunTime:0.0238s ]
SQL: SELECT * FROM `hm_menu` WHERE ( role=2 )  [ RunTime:0.0305s ]
SQL: SHOW COLUMNS FROM `hm_info_ask` [ RunTime:0.0332s ]
SQL: SELECT * FROM `hm_info_ask` WHERE `doctor_id` = 11 LIMIT 10   [ RunTime:0.0242s ]
NOTIC: [8] Undefined variable: consultationArray /Applications/MAMP/htdocs/HealthManager/Application/HealthManager/Controller/DoctorController.class.php 第 70 行.
INFO: [ view_begin ] --START--
SQL: SHOW COLUMNS FROM `hm_user_info_base` [ RunTime:0.0255s ]
SQL: SELECT `uid`,`username`,`email`,`mobile`,`email_verify`,`reg_time`,`user_type` FROM `hm_user_info_base` WHERE ( uid=11 ) LIMIT 1   [ RunTime:0.0261s ]
SQL: SHOW COLUMNS FROM `hm_user_info_details` [ RunTime:0.0325s ]
SQL: SELECT * FROM `hm_user_info_details` WHERE ( 1=1 AND uid='11' ) LIMIT 1   [ RunTime:0.0392s ]
SQL: SHOW COLUMNS FROM `hm_user_info_extra` [ RunTime:0.0377s ]
SQL: SELECT * FROM `hm_user_info_extra` WHERE ( 1=1 AND uid='11' ) LIMIT 1   [ RunTime:0.0435s ]
SQL: SHOW COLUMNS FROM `hm_user_info_certification` [ RunTime:0.0352s ]
SQL: SELECT * FROM `hm_user_info_certification` WHERE ( 1=1 AND uid='11' ) LIMIT 1   [ RunTime:0.0285s ]
SQL: SHOW COLUMNS FROM `hm_user_bind` [ RunTime:0.0223s ]
SQL: SELECT * FROM `hm_user_bind` WHERE ( 1=1 AND uid='11' )  [ RunTime:0.0210s ]
SQL: SHOW COLUMNS FROM `hm_info_message` [ RunTime:0.0229s ]
SQL: SELECT COUNT(*) AS tp_count FROM `hm_info_message` WHERE `to_user_id` = 'all' AND `status` = 0 LIMIT 1   [ RunTime:0.0296s ]
SQL: SHOW COLUMNS FROM `hm_auth_group_access` [ RunTime:0.0260s ]
SQL: SELECT `uid`,`group_id`,`title`,`rules` FROM hm_auth_group_access a INNER JOIN hm_auth_group g on a.group_id=g.id  WHERE ( a.uid='11' and g.status='1' )  [ RunTime:0.0518s ]
SQL: SHOW COLUMNS FROM `hm_auth_rule` [ RunTime:0.0279s ]
SQL: SELECT `condition`,`name` FROM `hm_auth_rule` WHERE `id` IN ('1','2','3','4','5','6','7','8','9','10','11','12','13','14','15','16','17','18','19','20','21','22') AND `type` = 2 AND `status` = 1  [ RunTime:0.0314s ]

[ 2017-02-03T09:45:58+08:00 ] ::1 /HealthManager/Doctor/dashboard
INFO: [ app_init ] --START--
INFO: Run Behavior\BuildLiteBehavior [ RunTime:0.000011s ]
INFO: [ app_init ] --END-- [ RunTime:0.000251s ]
INFO: [ app_begin ] --START--
INFO: Run Behavior\ReadHtmlCacheBehavior [ RunTime:0.000393s ]
INFO: [ app_begin ] --END-- [ RunTime:0.000440s ]
NOTIC: [8192] mysql_connect(): The mysql extension is deprecated and will be removed in the future: use mysqli or PDO instead /Applications/MAMP/htdocs/HealthManager/ThinkPHP/Library/Think/Session/Driver/Db.class.php 第 95 行.
SQL: SHOW COLUMNS FROM `hm_menu` [ RunTime:0.0264s ]
SQL: SELECT * FROM `hm_menu` WHERE ( role=2 )  [ RunTime:0.0287s ]
SQL: SHOW COLUMNS FROM `hm_info_ask` [ RunTime:0.0216s ]
SQL: SELECT * FROM `hm_info_ask` WHERE `doctor_id` = 11 LIMIT 10   [ RunTime:0.0237s ]
NOTIC: [8] Undefined variable: consultationArray /Applications/MAMP/htdocs/HealthManager/Application/HealthManager/Controller/DoctorController.class.php 第 70 行.
INFO: [ view_begin ] --START--
SQL: SHOW COLUMNS FROM `hm_user_info_base` [ RunTime:0.0226s ]
SQL: SELECT `uid`,`username`,`email`,`mobile`,`email_verify`,`reg_time`,`user_type` FROM `hm_user_info_base` WHERE ( uid=11 ) LIMIT 1   [ RunTime:0.0259s ]
SQL: SHOW COLUMNS FROM `hm_user_info_details` [ RunTime:0.0417s ]
SQL: SELECT * FROM `hm_user_info_details` WHERE ( 1=1 AND uid='11' ) LIMIT 1   [ RunTime:0.0435s ]
SQL: SHOW COLUMNS FROM `hm_user_info_extra` [ RunTime:0.0240s ]
SQL: SELECT * FROM `hm_user_info_extra` WHERE ( 1=1 AND uid='11' ) LIMIT 1   [ RunTime:0.0324s ]
SQL: SHOW COLUMNS FROM `hm_user_info_certification` [ RunTime:0.0880s ]
SQL: SELECT * FROM `hm_user_info_certification` WHERE ( 1=1 AND uid='11' ) LIMIT 1   [ RunTime:0.0387s ]
SQL: SHOW COLUMNS FROM `hm_user_bind` [ RunTime:0.0226s ]
SQL: SELECT * FROM `hm_user_bind` WHERE ( 1=1 AND uid='11' )  [ RunTime:0.0240s ]
SQL: SHOW COLUMNS FROM `hm_info_message` [ RunTime:0.0249s ]
SQL: SELECT COUNT(*) AS tp_count FROM `hm_info_message` WHERE `to_user_id` = 'all' AND `status` = 0 LIMIT 1   [ RunTime:0.0230s ]
SQL: SHOW COLUMNS FROM `hm_auth_group_access` [ RunTime:0.0396s ]
SQL: SELECT `uid`,`group_id`,`title`,`rules` FROM hm_auth_group_access a INNER JOIN hm_auth_group g on a.group_id=g.id  WHERE ( a.uid='11' and g.status='1' )  [ RunTime:0.0239s ]
SQL: SHOW COLUMNS FROM `hm_auth_rule` [ RunTime:0.0307s ]
SQL: SELECT `condition`,`name` FROM `hm_auth_rule` WHERE `id` IN ('1','2','3','4','5','6','7','8','9','10','11','12','13','14','15','16','17','18','19','20','21','22') AND `type` = 2 AND `status` = 1  [ RunTime:0.0260s ]

[ 2017-02-03T09:45:58+08:00 ] ::1 /HealthManager/Doctor/dashboard
INFO: [ app_init ] --START--
INFO: Run Behavior\BuildLiteBehavior [ RunTime:0.000012s ]
INFO: [ app_init ] --END-- [ RunTime:0.000341s ]
INFO: [ app_begin ] --START--
INFO: Run Behavior\ReadHtmlCacheBehavior [ RunTime:0.000386s ]
INFO: [ app_begin ] --END-- [ RunTime:0.000433s ]
NOTIC: [8192] mysql_connect(): The mysql extension is deprecated and will be removed in the future: use mysqli or PDO instead /Applications/MAMP/htdocs/HealthManager/ThinkPHP/Library/Think/Session/Driver/Db.class.php 第 95 行.
SQL: SHOW COLUMNS FROM `hm_menu` [ RunTime:0.0270s ]
SQL: SELECT * FROM `hm_menu` WHERE ( role=2 )  [ RunTime:0.0303s ]
SQL: SHOW COLUMNS FROM `hm_info_ask` [ RunTime:0.0260s ]
SQL: SELECT * FROM `hm_info_ask` WHERE `doctor_id` = 11 LIMIT 10   [ RunTime:0.0233s ]
NOTIC: [8] Undefined variable: consultationArray /Applications/MAMP/htdocs/HealthManager/Application/HealthManager/Controller/DoctorController.class.php 第 70 行.
INFO: [ view_begin ] --START--
SQL: SHOW COLUMNS FROM `hm_user_info_base` [ RunTime:0.0290s ]
SQL: SELECT `uid`,`username`,`email`,`mobile`,`email_verify`,`reg_time`,`user_type` FROM `hm_user_info_base` WHERE ( uid=11 ) LIMIT 1   [ RunTime:0.0312s ]
SQL: SHOW COLUMNS FROM `hm_user_info_details` [ RunTime:0.0502s ]
SQL: SELECT * FROM `hm_user_info_details` WHERE ( 1=1 AND uid='11' ) LIMIT 1   [ RunTime:0.0302s ]
SQL: SHOW COLUMNS FROM `hm_user_info_extra` [ RunTime:0.0262s ]
SQL: SELECT * FROM `hm_user_info_extra` WHERE ( 1=1 AND uid='11' ) LIMIT 1   [ RunTime:0.0274s ]
SQL: SHOW COLUMNS FROM `hm_user_info_certification` [ RunTime:0.0881s ]
SQL: SELECT * FROM `hm_user_info_certification` WHERE ( 1=1 AND uid='11' ) LIMIT 1   [ RunTime:0.0443s ]
SQL: SHOW COLUMNS FROM `hm_user_bind` [ RunTime:0.0230s ]
SQL: SELECT * FROM `hm_user_bind` WHERE ( 1=1 AND uid='11' )  [ RunTime:0.0265s ]
SQL: SHOW COLUMNS FROM `hm_info_message` [ RunTime:0.0253s ]
SQL: SELECT COUNT(*) AS tp_count FROM `hm_info_message` WHERE `to_user_id` = 'all' AND `status` = 0 LIMIT 1   [ RunTime:0.0365s ]
SQL: SHOW COLUMNS FROM `hm_auth_group_access` [ RunTime:0.0256s ]
SQL: SELECT `uid`,`group_id`,`title`,`rules` FROM hm_auth_group_access a INNER JOIN hm_auth_group g on a.group_id=g.id  WHERE ( a.uid='11' and g.status='1' )  [ RunTime:0.0298s ]
SQL: SHOW COLUMNS FROM `hm_auth_rule` [ RunTime:0.0221s ]
SQL: SELECT `condition`,`name` FROM `hm_auth_rule` WHERE `id` IN ('1','2','3','4','5','6','7','8','9','10','11','12','13','14','15','16','17','18','19','20','21','22') AND `type` = 2 AND `status` = 1  [ RunTime:0.0285s ]

[ 2017-02-03T09:45:58+08:00 ] ::1 /HealthManager/Doctor/dashboard
INFO: [ app_init ] --START--
INFO: Run Behavior\BuildLiteBehavior [ RunTime:0.000012s ]
INFO: [ app_init ] --END-- [ RunTime:0.000334s ]
INFO: [ app_begin ] --START--
INFO: Run Behavior\ReadHtmlCacheBehavior [ RunTime:0.000376s ]
INFO: [ app_begin ] --END-- [ RunTime:0.000435s ]
NOTIC: [8192] mysql_connect(): The mysql extension is deprecated and will be removed in the future: use mysqli or PDO instead /Applications/MAMP/htdocs/HealthManager/ThinkPHP/Library/Think/Session/Driver/Db.class.php 第 95 行.
SQL: SHOW COLUMNS FROM `hm_menu` [ RunTime:0.0212s ]
SQL: SELECT * FROM `hm_menu` WHERE ( role=2 )  [ RunTime:0.0370s ]
SQL: SHOW COLUMNS FROM `hm_info_ask` [ RunTime:0.0876s ]
SQL: SELECT * FROM `hm_info_ask` WHERE `doctor_id` = 11 LIMIT 10   [ RunTime:0.0411s ]
NOTIC: [8] Undefined variable: consultationArray /Applications/MAMP/htdocs/HealthManager/Application/HealthManager/Controller/DoctorController.class.php 第 70 行.
INFO: [ view_begin ] --START--
SQL: SHOW COLUMNS FROM `hm_user_info_base` [ RunTime:0.0209s ]
SQL: SELECT `uid`,`username`,`email`,`mobile`,`email_verify`,`reg_time`,`user_type` FROM `hm_user_info_base` WHERE ( uid=11 ) LIMIT 1   [ RunTime:0.0229s ]
SQL: SHOW COLUMNS FROM `hm_user_info_details` [ RunTime:0.0223s ]
SQL: SELECT * FROM `hm_user_info_details` WHERE ( 1=1 AND uid='11' ) LIMIT 1   [ RunTime:0.0282s ]
SQL: SHOW COLUMNS FROM `hm_user_info_extra` [ RunTime:0.0340s ]
SQL: SELECT * FROM `hm_user_info_extra` WHERE ( 1=1 AND uid='11' ) LIMIT 1   [ RunTime:0.0245s ]
SQL: SHOW COLUMNS FROM `hm_user_info_certification` [ RunTime:0.0271s ]
SQL: SELECT * FROM `hm_user_info_certification` WHERE ( 1=1 AND uid='11' ) LIMIT 1   [ RunTime:0.0302s ]
SQL: SHOW COLUMNS FROM `hm_user_bind` [ RunTime:0.0893s ]
SQL: SELECT * FROM `hm_user_bind` WHERE ( 1=1 AND uid='11' )  [ RunTime:0.0950s ]
SQL: SHOW COLUMNS FROM `hm_info_message` [ RunTime:0.0403s ]
SQL: SELECT COUNT(*) AS tp_count FROM `hm_info_message` WHERE `to_user_id` = 'all' AND `status` = 0 LIMIT 1   [ RunTime:0.0244s ]
SQL: SHOW COLUMNS FROM `hm_auth_group_access` [ RunTime:0.0232s ]
SQL: SELECT `uid`,`group_id`,`title`,`rules` FROM hm_auth_group_access a INNER JOIN hm_auth_group g on a.group_id=g.id  WHERE ( a.uid='11' and g.status='1' )  [ RunTime:0.0238s ]
SQL: SHOW COLUMNS FROM `hm_auth_rule` [ RunTime:0.0250s ]
SQL: SELECT `condition`,`name` FROM `hm_auth_rule` WHERE `id` IN ('1','2','3','4','5','6','7','8','9','10','11','12','13','14','15','16','17','18','19','20','21','22') AND `type` = 2 AND `status` = 1  [ RunTime:0.0312s ]

[ 2017-02-03T09:45:58+08:00 ] ::1 /HealthManager/Doctor/dashboard
INFO: [ app_init ] --START--
INFO: Run Behavior\BuildLiteBehavior [ RunTime:0.000010s ]
INFO: [ app_init ] --END-- [ RunTime:0.000236s ]
INFO: [ app_begin ] --START--
INFO: Run Behavior\ReadHtmlCacheBehavior [ RunTime:0.000319s ]
INFO: [ app_begin ] --END-- [ RunTime:0.000359s ]
NOTIC: [8192] mysql_connect(): The mysql extension is deprecated and will be removed in the future: use mysqli or PDO instead /Applications/MAMP/htdocs/HealthManager/ThinkPHP/Library/Think/Session/Driver/Db.class.php 第 95 行.
SQL: SHOW COLUMNS FROM `hm_menu` [ RunTime:0.0875s ]
SQL: SELECT * FROM `hm_menu` WHERE ( role=2 )  [ RunTime:0.0415s ]
SQL: SHOW COLUMNS FROM `hm_info_ask` [ RunTime:0.0260s ]
SQL: SELECT * FROM `hm_info_ask` WHERE `doctor_id` = 11 LIMIT 10   [ RunTime:0.0256s ]
NOTIC: [8] Undefined variable: consultationArray /Applications/MAMP/htdocs/HealthManager/Application/HealthManager/Controller/DoctorController.class.php 第 70 行.
INFO: [ view_begin ] --START--
SQL: SHOW COLUMNS FROM `hm_user_info_base` [ RunTime:0.0231s ]
SQL: SELECT `uid`,`username`,`email`,`mobile`,`email_verify`,`reg_time`,`user_type` FROM `hm_user_info_base` WHERE ( uid=11 ) LIMIT 1   [ RunTime:0.0374s ]
SQL: SHOW COLUMNS FROM `hm_user_info_details` [ RunTime:0.0248s ]
SQL: SELECT * FROM `hm_user_info_details` WHERE ( 1=1 AND uid='11' ) LIMIT 1   [ RunTime:0.0278s ]
SQL: SHOW COLUMNS FROM `hm_user_info_extra` [ RunTime:0.0235s ]
SQL: SELECT * FROM `hm_user_info_extra` WHERE ( 1=1 AND uid='11' ) LIMIT 1   [ RunTime:0.0271s ]
SQL: SHOW COLUMNS FROM `hm_user_info_certification` [ RunTime:0.0881s ]
SQL: SELECT * FROM `hm_user_info_certification` WHERE ( 1=1 AND uid='11' ) LIMIT 1   [ RunTime:0.0994s ]
SQL: SHOW COLUMNS FROM `hm_user_bind` [ RunTime:0.0339s ]
SQL: SELECT * FROM `hm_user_bind` WHERE ( 1=1 AND uid='11' )  [ RunTime:0.0259s ]
SQL: SHOW COLUMNS FROM `hm_info_message` [ RunTime:0.0261s ]
SQL: SELECT COUNT(*) AS tp_count FROM `hm_info_message` WHERE `to_user_id` = 'all' AND `status` = 0 LIMIT 1   [ RunTime:0.0221s ]
SQL: SHOW COLUMNS FROM `hm_auth_group_access` [ RunTime:0.0396s ]
SQL: SELECT `uid`,`group_id`,`title`,`rules` FROM hm_auth_group_access a INNER JOIN hm_auth_group g on a.group_id=g.id  WHERE ( a.uid='11' and g.status='1' )  [ RunTime:0.0239s ]
SQL: SHOW COLUMNS FROM `hm_auth_rule` [ RunTime:0.0389s ]
SQL: SELECT `condition`,`name` FROM `hm_auth_rule` WHERE `id` IN ('1','2','3','4','5','6','7','8','9','10','11','12','13','14','15','16','17','18','19','20','21','22') AND `type` = 2 AND `status` = 1  [ RunTime:0.0671s ]

[ 2017-02-03T09:45:58+08:00 ] ::1 /HealthManager/Doctor/dashboard
INFO: [ app_init ] --START--
INFO: Run Behavior\BuildLiteBehavior [ RunTime:0.000025s ]
INFO: [ app_init ] --END-- [ RunTime:0.000435s ]
INFO: [ app_begin ] --START--
INFO: Run Behavior\ReadHtmlCacheBehavior [ RunTime:0.000345s ]
INFO: [ app_begin ] --END-- [ RunTime:0.000385s ]
NOTIC: [8192] mysql_connect(): The mysql extension is deprecated and will be removed in the future: use mysqli or PDO instead /Applications/MAMP/htdocs/HealthManager/ThinkPHP/Library/Think/Session/Driver/Db.class.php 第 95 行.
SQL: SHOW COLUMNS FROM `hm_menu` [ RunTime:0.0879s ]
SQL: SELECT * FROM `hm_menu` WHERE ( role=2 )  [ RunTime:0.0441s ]
SQL: SHOW COLUMNS FROM `hm_info_ask` [ RunTime:0.0237s ]
SQL: SELECT * FROM `hm_info_ask` WHERE `doctor_id` = 11 LIMIT 10   [ RunTime:0.0264s ]
NOTIC: [8] Undefined variable: consultationArray /Applications/MAMP/htdocs/HealthManager/Application/HealthManager/Controller/DoctorController.class.php 第 70 行.
INFO: [ view_begin ] --START--
SQL: SHOW COLUMNS FROM `hm_user_info_base` [ RunTime:0.0283s ]
SQL: SELECT `uid`,`username`,`email`,`mobile`,`email_verify`,`reg_time`,`user_type` FROM `hm_user_info_base` WHERE ( uid=11 ) LIMIT 1   [ RunTime:0.0363s ]
SQL: SHOW COLUMNS FROM `hm_user_info_details` [ RunTime:0.0277s ]
SQL: SELECT * FROM `hm_user_info_details` WHERE ( 1=1 AND uid='11' ) LIMIT 1   [ RunTime:0.0276s ]
SQL: SHOW COLUMNS FROM `hm_user_info_extra` [ RunTime:0.0261s ]
SQL: SELECT * FROM `hm_user_info_extra` WHERE ( 1=1 AND uid='11' ) LIMIT 1   [ RunTime:0.0935s ]
SQL: SHOW COLUMNS FROM `hm_user_info_certification` [ RunTime:0.0932s ]
SQL: SELECT * FROM `hm_user_info_certification` WHERE ( 1=1 AND uid='11' ) LIMIT 1   [ RunTime:0.0419s ]
SQL: SHOW COLUMNS FROM `hm_user_bind` [ RunTime:0.0226s ]
SQL: SELECT * FROM `hm_user_bind` WHERE ( 1=1 AND uid='11' )  [ RunTime:0.0235s ]
SQL: SHOW COLUMNS FROM `hm_info_message` [ RunTime:0.0258s ]
SQL: SELECT COUNT(*) AS tp_count FROM `hm_info_message` WHERE `to_user_id` = 'all' AND `status` = 0 LIMIT 1   [ RunTime:0.0229s ]
SQL: SHOW COLUMNS FROM `hm_auth_group_access` [ RunTime:0.0306s ]
SQL: SELECT `uid`,`group_id`,`title`,`rules` FROM hm_auth_group_access a INNER JOIN hm_auth_group g on a.group_id=g.id  WHERE ( a.uid='11' and g.status='1' )  [ RunTime:0.0241s ]
SQL: SHOW COLUMNS FROM `hm_auth_rule` [ RunTime:0.0331s ]
SQL: SELECT `condition`,`name` FROM `hm_auth_rule` WHERE `id` IN ('1','2','3','4','5','6','7','8','9','10','11','12','13','14','15','16','17','18','19','20','21','22') AND `type` = 2 AND `status` = 1  [ RunTime:0.0701s ]

[ 2017-02-03T09:46:09+08:00 ] ::1 /index.php/HealthManager/Doctor/ajax_signIn
INFO: [ app_init ] --START--
INFO: Run Behavior\BuildLiteBehavior [ RunTime:0.000016s ]
INFO: [ app_init ] --END-- [ RunTime:0.000362s ]
INFO: [ app_begin ] --START--
INFO: Run Behavior\ReadHtmlCacheBehavior [ RunTime:0.000393s ]
INFO: [ app_begin ] --END-- [ RunTime:0.000437s ]
NOTIC: [8192] mysql_connect(): The mysql extension is deprecated and will be removed in the future: use mysqli or PDO instead /Applications/MAMP/htdocs/HealthManager/ThinkPHP/Library/Think/Session/Driver/Db.class.php 第 95 行.
NOTIC: [8] curl_setopt(): CURLOPT_SSL_VERIFYHOST no longer accepts the value 1, value 2 will be used instead /Applications/MAMP/htdocs/HealthManager/Application/Common/Common/function.php 第 66 行.

[ 2017-02-03T09:46:11+08:00 ] ::1 /HealthManager/Doctor/dashboard
INFO: [ app_init ] --START--
INFO: Run Behavior\BuildLiteBehavior [ RunTime:0.000012s ]
INFO: [ app_init ] --END-- [ RunTime:0.000323s ]
INFO: [ app_begin ] --START--
INFO: Run Behavior\ReadHtmlCacheBehavior [ RunTime:0.000346s ]
INFO: [ app_begin ] --END-- [ RunTime:0.000392s ]
NOTIC: [8192] mysql_connect(): The mysql extension is deprecated and will be removed in the future: use mysqli or PDO instead /Applications/MAMP/htdocs/HealthManager/ThinkPHP/Library/Think/Session/Driver/Db.class.php 第 95 行.
SQL: SHOW COLUMNS FROM `hm_menu` [ RunTime:0.0350s ]
SQL: SELECT * FROM `hm_menu` WHERE ( role=2 )  [ RunTime:0.0223s ]
SQL: SHOW COLUMNS FROM `hm_info_ask` [ RunTime:0.0220s ]
SQL: SELECT * FROM `hm_info_ask` WHERE `doctor_id` = 1 LIMIT 10   [ RunTime:0.0325s ]
SQL: SHOW COLUMNS FROM `hm_user_info_base` [ RunTime:0.0207s ]
SQL: SHOW COLUMNS FROM `hm_user_info_base` [ RunTime:0.0206s ]
SQL: SELECT `uid`,`username`,`email`,`mobile`,`email_verify`,`reg_time`,`user_type` FROM `hm_user_info_base` WHERE ( uid=11 ) LIMIT 1   [ RunTime:0.0233s ]
SQL: SHOW COLUMNS FROM `hm_user_info_details` [ RunTime:0.0421s ]
SQL: SELECT * FROM `hm_user_info_details` WHERE ( 1=1 AND uid='11' ) LIMIT 1   [ RunTime:0.0374s ]
SQL: SHOW COLUMNS FROM `hm_user_info_extra` [ RunTime:0.0210s ]
SQL: SELECT * FROM `hm_user_info_extra` WHERE ( 1=1 AND uid='11' ) LIMIT 1   [ RunTime:0.0313s ]
SQL: SHOW COLUMNS FROM `hm_user_info_certification` [ RunTime:0.0229s ]
SQL: SELECT * FROM `hm_user_info_certification` WHERE ( 1=1 AND uid='11' ) LIMIT 1   [ RunTime:0.0304s ]
SQL: SHOW COLUMNS FROM `hm_user_bind` [ RunTime:0.0198s ]
SQL: SELECT * FROM `hm_user_bind` WHERE ( 1=1 AND uid='11' )  [ RunTime:0.0210s ]
SQL: SELECT `uid`,`username`,`email`,`mobile`,`email_verify`,`reg_time`,`user_type` FROM `hm_user_info_base` WHERE ( uid=1 ) LIMIT 1   [ RunTime:0.0222s ]
SQL: SELECT * FROM `hm_user_info_details` WHERE ( 1=1 AND uid='1' ) LIMIT 1   [ RunTime:0.0227s ]
SQL: SELECT * FROM `hm_user_info_extra` WHERE ( 1=1 AND uid='1' ) LIMIT 1   [ RunTime:0.0252s ]
SQL: SELECT * FROM `hm_user_info_certification` WHERE ( 1=1 AND uid='1' ) LIMIT 1   [ RunTime:0.0242s ]
SQL: SELECT * FROM `hm_user_bind` WHERE ( 1=1 AND uid='1' )  [ RunTime:0.0220s ]
SQL: SELECT `uid`,`username`,`email`,`mobile`,`email_verify`,`reg_time`,`user_type` FROM `hm_user_info_base` WHERE ( uid=12 ) LIMIT 1   [ RunTime:0.0222s ]
SQL: SELECT * FROM `hm_user_info_details` WHERE ( 1=1 AND uid='12' ) LIMIT 1   [ RunTime:0.0223s ]
SQL: SELECT * FROM `hm_user_info_extra` WHERE ( 1=1 AND uid='12' ) LIMIT 1   [ RunTime:0.0216s ]
SQL: SELECT * FROM `hm_user_info_certification` WHERE ( 1=1 AND uid='12' ) LIMIT 1   [ RunTime:0.0529s ]
SQL: SELECT * FROM `hm_user_bind` WHERE ( 1=1 AND uid='12' )  [ RunTime:0.0248s ]
SQL: SELECT `uid`,`username`,`email`,`mobile`,`email_verify`,`reg_time`,`user_type` FROM `hm_user_info_base` WHERE ( uid=1 ) LIMIT 1   [ RunTime:0.0330s ]
SQL: SELECT * FROM `hm_user_info_details` WHERE ( 1=1 AND uid='1' ) LIMIT 1   [ RunTime:0.0255s ]
SQL: SELECT * FROM `hm_user_info_extra` WHERE ( 1=1 AND uid='1' ) LIMIT 1   [ RunTime:0.0249s ]
SQL: SELECT * FROM `hm_user_info_certification` WHERE ( 1=1 AND uid='1' ) LIMIT 1   [ RunTime:0.0245s ]
SQL: SELECT * FROM `hm_user_bind` WHERE ( 1=1 AND uid='1' )  [ RunTime:0.0306s ]
SQL: SELECT `uid`,`username`,`email`,`mobile`,`email_verify`,`reg_time`,`user_type` FROM `hm_user_info_base` WHERE ( uid=12 ) LIMIT 1   [ RunTime:0.0274s ]
SQL: SELECT * FROM `hm_user_info_details` WHERE ( 1=1 AND uid='12' ) LIMIT 1   [ RunTime:0.0259s ]
SQL: SELECT * FROM `hm_user_info_extra` WHERE ( 1=1 AND uid='12' ) LIMIT 1   [ RunTime:0.0235s ]
SQL: SELECT * FROM `hm_user_info_certification` WHERE ( 1=1 AND uid='12' ) LIMIT 1   [ RunTime:0.0254s ]
SQL: SELECT * FROM `hm_user_bind` WHERE ( 1=1 AND uid='12' )  [ RunTime:0.0220s ]
SQL: SELECT `uid`,`username`,`email`,`mobile`,`email_verify`,`reg_time`,`user_type` FROM `hm_user_info_base` WHERE ( uid=1 ) LIMIT 1   [ RunTime:0.0219s ]
SQL: SELECT * FROM `hm_user_info_details` WHERE ( 1=1 AND uid='1' ) LIMIT 1   [ RunTime:0.0230s ]
SQL: SELECT * FROM `hm_user_info_extra` WHERE ( 1=1 AND uid='1' ) LIMIT 1   [ RunTime:0.0249s ]
SQL: SELECT * FROM `hm_user_info_certification` WHERE ( 1=1 AND uid='1' ) LIMIT 1   [ RunTime:0.0242s ]
SQL: SELECT * FROM `hm_user_bind` WHERE ( 1=1 AND uid='1' )  [ RunTime:0.0223s ]
INFO: [ view_begin ] --START--
SQL: SELECT `uid`,`username`,`email`,`mobile`,`email_verify`,`reg_time`,`user_type` FROM `hm_user_info_base` WHERE ( uid=1 ) LIMIT 1   [ RunTime:0.0212s ]
SQL: SELECT * FROM `hm_user_info_details` WHERE ( 1=1 AND uid='1' ) LIMIT 1   [ RunTime:0.0227s ]
SQL: SELECT * FROM `hm_user_info_extra` WHERE ( 1=1 AND uid='1' ) LIMIT 1   [ RunTime:0.0247s ]
SQL: SELECT * FROM `hm_user_info_certification` WHERE ( 1=1 AND uid='1' ) LIMIT 1   [ RunTime:0.0247s ]
SQL: SELECT * FROM `hm_user_bind` WHERE ( 1=1 AND uid='1' )  [ RunTime:0.0223s ]
SQL: SHOW COLUMNS FROM `hm_info_message` [ RunTime:0.0224s ]
SQL: SELECT COUNT(*) AS tp_count FROM `hm_info_message` WHERE `to_user_id` = 'all' AND `status` = 0 LIMIT 1   [ RunTime:0.0230s ]
SQL: SHOW COLUMNS FROM `hm_auth_group_access` [ RunTime:0.0226s ]
SQL: SELECT `uid`,`group_id`,`title`,`rules` FROM hm_auth_group_access a INNER JOIN hm_auth_group g on a.group_id=g.id  WHERE ( a.uid='1' and g.status='1' )  [ RunTime:0.0238s ]
SQL: SHOW COLUMNS FROM `hm_auth_rule` [ RunTime:0.0229s ]
SQL: SELECT `condition`,`name` FROM `hm_auth_rule` WHERE `id` IN ('23','24','25','26','27','28','29','30','31','32','33') AND `type` = 2 AND `status` = 1  [ RunTime:0.0234s ]
INFO: Run HealthManager\Behavior\CheckAccessBehavior [ RunTime:0.259784s ]
INFO: [ view_begin ] --END-- [ RunTime:0.259896s ]
INFO: [ view_parse ] --START--
INFO: [ template_filter ] --START--
INFO: Run Behavior\ContentReplaceBehavior [ RunTime:0.000099s ]
INFO: [ template_filter ] --END-- [ RunTime:0.000145s ]
NOTIC: [8] Undefined variable: title /Applications/MAMP/htdocs/HealthManager/Application/Runtime/Cache/HealthManager/6e38b27d2c3ef5d91350e753dd96db84.php 第 321 行.
NOTIC: [8] Undefined variable: discription /Applications/MAMP/htdocs/HealthManager/Application/Runtime/Cache/HealthManager/6e38b27d2c3ef5d91350e753dd96db84.php 第 321 行.
NOTIC: [8] Undefined variable: parentUrl /Applications/MAMP/htdocs/HealthManager/Application/Runtime/Cache/HealthManager/6e38b27d2c3ef5d91350e753dd96db84.php 第 324 行.
NOTIC: [8] Undefined variable: parentIcon /Applications/MAMP/htdocs/HealthManager/Application/Runtime/Cache/HealthManager/6e38b27d2c3ef5d91350e753dd96db84.php 第 324 行.
NOTIC: [8] Undefined variable: parentTitle /Applications/MAMP/htdocs/HealthManager/Application/Runtime/Cache/HealthManager/6e38b27d2c3ef5d91350e753dd96db84.php 第 325 行.
NOTIC: [8] Undefined variable: title /Applications/MAMP/htdocs/HealthManager/Application/Runtime/Cache/HealthManager/6e38b27d2c3ef5d91350e753dd96db84.php 第 326 行.
INFO: Run Behavior\ParseTemplateBehavior [ RunTime:0.036748s ]
INFO: [ view_parse ] --END-- [ RunTime:0.036821s ]
INFO: [ view_filter ] --START--
INFO: Run Behavior\WriteHtmlCacheBehavior [ RunTime:0.000105s ]
INFO: [ view_filter ] --END-- [ RunTime:0.000138s ]
INFO: [ app_end ] --START--
INFO: Run Behavior\ShowPageTraceBehavior [ RunTime:0.000589s ]
INFO: [ app_end ] --END-- [ RunTime:0.000667s ]

[ 2017-02-03T09:49:01+08:00 ] ::1 /index.php/HealthManager/Doctor/userList
INFO: [ app_init ] --START--
INFO: Run Behavior\BuildLiteBehavior [ RunTime:0.000010s ]
INFO: [ app_init ] --END-- [ RunTime:0.000244s ]
INFO: [ app_begin ] --START--
INFO: Run Behavior\ReadHtmlCacheBehavior [ RunTime:0.000327s ]
INFO: [ app_begin ] --END-- [ RunTime:0.000367s ]
NOTIC: [8192] mysql_connect(): The mysql extension is deprecated and will be removed in the future: use mysqli or PDO instead /Applications/MAMP/htdocs/HealthManager/ThinkPHP/Library/Think/Session/Driver/Db.class.php 第 95 行.
INFO: [ view_begin ] --START--
SQL: SHOW COLUMNS FROM `hm_user_info_base` [ RunTime:0.0246s ]
SQL: SELECT `uid`,`username`,`email`,`mobile`,`email_verify`,`reg_time`,`user_type` FROM `hm_user_info_base` WHERE ( uid=1 ) LIMIT 1   [ RunTime:0.0226s ]
SQL: SHOW COLUMNS FROM `hm_user_info_details` [ RunTime:0.0223s ]
SQL: SELECT * FROM `hm_user_info_details` WHERE ( 1=1 AND uid='1' ) LIMIT 1   [ RunTime:0.0248s ]
SQL: SHOW COLUMNS FROM `hm_user_info_extra` [ RunTime:0.0239s ]
SQL: SELECT * FROM `hm_user_info_extra` WHERE ( 1=1 AND uid='1' ) LIMIT 1   [ RunTime:0.0281s ]
SQL: SHOW COLUMNS FROM `hm_user_info_certification` [ RunTime:0.0236s ]
SQL: SELECT * FROM `hm_user_info_certification` WHERE ( 1=1 AND uid='1' ) LIMIT 1   [ RunTime:0.0553s ]
SQL: SHOW COLUMNS FROM `hm_user_bind` [ RunTime:0.0312s ]
SQL: SELECT * FROM `hm_user_bind` WHERE ( 1=1 AND uid='1' )  [ RunTime:0.0232s ]
SQL: SHOW COLUMNS FROM `hm_info_message` [ RunTime:0.0258s ]
SQL: SELECT COUNT(*) AS tp_count FROM `hm_info_message` WHERE `to_user_id` = 'all' AND `status` = 0 LIMIT 1   [ RunTime:0.0342s ]
SQL: SHOW COLUMNS FROM `hm_auth_group_access` [ RunTime:0.0364s ]
SQL: SELECT `uid`,`group_id`,`title`,`rules` FROM hm_auth_group_access a INNER JOIN hm_auth_group g on a.group_id=g.id  WHERE ( a.uid='1' and g.status='1' )  [ RunTime:0.0404s ]
SQL: SHOW COLUMNS FROM `hm_auth_rule` [ RunTime:0.0228s ]
SQL: SELECT `condition`,`name` FROM `hm_auth_rule` WHERE `id` IN ('23','24','25','26','27','28','29','30','31','32','33') AND `type` = 2 AND `status` = 1  [ RunTime:0.0234s ]
INFO: Run HealthManager\Behavior\CheckAccessBehavior [ RunTime:0.561692s ]
INFO: [ view_begin ] --END-- [ RunTime:0.561779s ]
INFO: [ view_parse ] --START--
INFO: [ template_filter ] --START--
INFO: Run Behavior\ContentReplaceBehavior [ RunTime:0.000126s ]
INFO: [ template_filter ] --END-- [ RunTime:0.000182s ]
NOTIC: [8] Undefined variable: page /Applications/MAMP/htdocs/HealthManager/Application/Runtime/Cache/HealthManager/a82ced51e05b54b8e4d7deba43b79ea6.php 第 388 行.
INFO: Run Behavior\ParseTemplateBehavior [ RunTime:0.030481s ]
INFO: [ view_parse ] --END-- [ RunTime:0.030546s ]
INFO: [ view_filter ] --START--
INFO: Run Behavior\WriteHtmlCacheBehavior [ RunTime:0.000111s ]
INFO: [ view_filter ] --END-- [ RunTime:0.000145s ]
INFO: [ app_end ] --START--
INFO: Run Behavior\ShowPageTraceBehavior [ RunTime:0.000557s ]
INFO: [ app_end ] --END-- [ RunTime:0.000612s ]

[ 2017-02-03T09:49:16+08:00 ] ::1 /index.php/HealthManager/Doctor/userAskList
INFO: [ app_init ] --START--
INFO: Run Behavior\BuildLiteBehavior [ RunTime:0.000010s ]
INFO: [ app_init ] --END-- [ RunTime:0.000254s ]
INFO: [ app_begin ] --START--
INFO: Run Behavior\ReadHtmlCacheBehavior [ RunTime:0.000331s ]
INFO: [ app_begin ] --END-- [ RunTime:0.000372s ]
NOTIC: [8192] mysql_connect(): The mysql extension is deprecated and will be removed in the future: use mysqli or PDO instead /Applications/MAMP/htdocs/HealthManager/ThinkPHP/Library/Think/Session/Driver/Db.class.php 第 95 行.
INFO: [ view_begin ] --START--
SQL: SHOW COLUMNS FROM `hm_user_info_base` [ RunTime:0.0249s ]
SQL: SELECT `uid`,`username`,`email`,`mobile`,`email_verify`,`reg_time`,`user_type` FROM `hm_user_info_base` WHERE ( uid=1 ) LIMIT 1   [ RunTime:0.0254s ]
SQL: SHOW COLUMNS FROM `hm_user_info_details` [ RunTime:0.0221s ]
SQL: SELECT * FROM `hm_user_info_details` WHERE ( 1=1 AND uid='1' ) LIMIT 1   [ RunTime:0.0387s ]
SQL: SHOW COLUMNS FROM `hm_user_info_extra` [ RunTime:0.0236s ]
SQL: SELECT * FROM `hm_user_info_extra` WHERE ( 1=1 AND uid='1' ) LIMIT 1   [ RunTime:0.0367s ]
SQL: SHOW COLUMNS FROM `hm_user_info_certification` [ RunTime:0.0233s ]
SQL: SELECT * FROM `hm_user_info_certification` WHERE ( 1=1 AND uid='1' ) LIMIT 1   [ RunTime:0.0391s ]
SQL: SHOW COLUMNS FROM `hm_user_bind` [ RunTime:0.0224s ]
SQL: SELECT * FROM `hm_user_bind` WHERE ( 1=1 AND uid='1' )  [ RunTime:0.0348s ]
SQL: SHOW COLUMNS FROM `hm_info_message` [ RunTime:0.0232s ]
SQL: SELECT COUNT(*) AS tp_count FROM `hm_info_message` WHERE `to_user_id` = 'all' AND `status` = 0 LIMIT 1   [ RunTime:0.0220s ]
SQL: SHOW COLUMNS FROM `hm_auth_group_access` [ RunTime:0.0232s ]
SQL: SELECT `uid`,`group_id`,`title`,`rules` FROM hm_auth_group_access a INNER JOIN hm_auth_group g on a.group_id=g.id  WHERE ( a.uid='1' and g.status='1' )  [ RunTime:0.0595s ]
SQL: SHOW COLUMNS FROM `hm_auth_rule` [ RunTime:0.0337s ]
SQL: SELECT `condition`,`name` FROM `hm_auth_rule` WHERE `id` IN ('23','24','25','26','27','28','29','30','31','32','33') AND `type` = 2 AND `status` = 1  [ RunTime:0.0244s ]
INFO: Run HealthManager\Behavior\CheckAccessBehavior [ RunTime:0.591629s ]
INFO: [ view_begin ] --END-- [ RunTime:0.591720s ]
INFO: [ view_parse ] --START--
INFO: [ template_filter ] --START--
INFO: Run Behavior\ContentReplaceBehavior [ RunTime:0.000066s ]
INFO: [ template_filter ] --END-- [ RunTime:0.000113s ]
NOTIC: [8] Undefined variable: page /Applications/MAMP/htdocs/HealthManager/Application/Runtime/Cache/HealthManager/04db2138e76ec54947b6ba56d7147dee.php 第 368 行.
INFO: Run Behavior\ParseTemplateBehavior [ RunTime:0.025265s ]
INFO: [ view_parse ] --END-- [ RunTime:0.025327s ]
INFO: [ view_filter ] --START--
INFO: Run Behavior\WriteHtmlCacheBehavior [ RunTime:0.000103s ]
INFO: [ view_filter ] --END-- [ RunTime:0.000136s ]
INFO: [ app_end ] --START--
INFO: Run Behavior\ShowPageTraceBehavior [ RunTime:0.000545s ]
INFO: [ app_end ] --END-- [ RunTime:0.000613s ]

[ 2017-02-03T09:49:26+08:00 ] ::1 /index.php/HealthManager/Doctor/archivesList
INFO: [ app_init ] --START--
INFO: Run Behavior\BuildLiteBehavior [ RunTime:0.000013s ]
INFO: [ app_init ] --END-- [ RunTime:0.000257s ]
INFO: [ app_begin ] --START--
INFO: Run Behavior\ReadHtmlCacheBehavior [ RunTime:0.000336s ]
INFO: [ app_begin ] --END-- [ RunTime:0.000376s ]
NOTIC: [8192] mysql_connect(): The mysql extension is deprecated and will be removed in the future: use mysqli or PDO instead /Applications/MAMP/htdocs/HealthManager/ThinkPHP/Library/Think/Session/Driver/Db.class.php 第 95 行.
SQL: SHOW COLUMNS FROM `hm_info_health_record` [ RunTime:0.0240s ]
SQL: SELECT * FROM `hm_info_health_record` WHERE `doctor_id` = 1 LIMIT 1   [ RunTime:0.0217s ]
SQL: SELECT DocumentBase.uid AS uid,DocumentBase.tiny_name AS tiny_name,DocumentBase.certification_url AS certification_url,DocumentBase.certification_status AS certification_status,DocumentBase.update_time AS update_time,DocumentBase.idno AS idno,DocumentContent.id AS id,DocumentContent.uid AS uid,DocumentContent.number AS number,DocumentContent.doctor_id AS doctor_id,DocumentContent.create_time AS create_time FROM hm_user_info_certification DocumentBase  JOIN hm_info_health_record DocumentContent ON DocumentBase.uid=DocumentContent.uid WHERE DocumentBase.uid = '11'  [ RunTime:0.0307s ]
INFO: [ view_begin ] --START--
SQL: SHOW COLUMNS FROM `hm_user_info_base` [ RunTime:0.0658s ]
SQL: SELECT `uid`,`username`,`email`,`mobile`,`email_verify`,`reg_time`,`user_type` FROM `hm_user_info_base` WHERE ( uid=1 ) LIMIT 1   [ RunTime:0.0235s ]
SQL: SHOW COLUMNS FROM `hm_user_info_details` [ RunTime:0.0223s ]
SQL: SELECT * FROM `hm_user_info_details` WHERE ( 1=1 AND uid='1' ) LIMIT 1   [ RunTime:0.0243s ]
SQL: SHOW COLUMNS FROM `hm_user_info_extra` [ RunTime:0.0294s ]
SQL: SELECT * FROM `hm_user_info_extra` WHERE ( 1=1 AND uid='1' ) LIMIT 1   [ RunTime:0.0256s ]
SQL: SHOW COLUMNS FROM `hm_user_info_certification` [ RunTime:0.0376s ]
SQL: SELECT * FROM `hm_user_info_certification` WHERE ( 1=1 AND uid='1' ) LIMIT 1   [ RunTime:0.0244s ]
SQL: SHOW COLUMNS FROM `hm_user_bind` [ RunTime:0.0256s ]
SQL: SELECT * FROM `hm_user_bind` WHERE ( 1=1 AND uid='1' )  [ RunTime:0.0210s ]
SQL: SHOW COLUMNS FROM `hm_info_message` [ RunTime:0.0231s ]
SQL: SELECT COUNT(*) AS tp_count FROM `hm_info_message` WHERE `to_user_id` = 'all' AND `status` = 0 LIMIT 1   [ RunTime:0.0225s ]
SQL: SHOW COLUMNS FROM `hm_auth_group_access` [ RunTime:0.0312s ]
SQL: SELECT `uid`,`group_id`,`title`,`rules` FROM hm_auth_group_access a INNER JOIN hm_auth_group g on a.group_id=g.id  WHERE ( a.uid='1' and g.status='1' )  [ RunTime:0.0234s ]
SQL: SHOW COLUMNS FROM `hm_auth_rule` [ RunTime:0.0240s ]
SQL: SELECT `condition`,`name` FROM `hm_auth_rule` WHERE `id` IN ('23','24','25','26','27','28','29','30','31','32','33') AND `type` = 2 AND `status` = 1  [ RunTime:0.0255s ]
INFO: Run HealthManager\Behavior\CheckAccessBehavior [ RunTime:0.461907s ]
INFO: [ view_begin ] --END-- [ RunTime:0.462018s ]
INFO: [ view_parse ] --START--
INFO: [ template_filter ] --START--
INFO: Run Behavior\ContentReplaceBehavior [ RunTime:0.000076s ]
INFO: [ template_filter ] --END-- [ RunTime:0.000129s ]
NOTIC: [8] Undefined variable: page /Applications/MAMP/htdocs/HealthManager/Application/Runtime/Cache/HealthManager/c0332e31a9aeef51159707223faae14a.php 第 360 行.
INFO: Run Behavior\ParseTemplateBehavior [ RunTime:0.029767s ]
INFO: [ view_parse ] --END-- [ RunTime:0.029854s ]
INFO: [ view_filter ] --START--
INFO: Run Behavior\WriteHtmlCacheBehavior [ RunTime:0.000112s ]
INFO: [ view_filter ] --END-- [ RunTime:0.000149s ]
INFO: [ app_end ] --START--
INFO: Run Behavior\ShowPageTraceBehavior [ RunTime:0.000453s ]
INFO: [ app_end ] --END-- [ RunTime:0.000494s ]

[ 2017-02-03T09:49:28+08:00 ] ::1 /index.php/HealthManager/Doctor/editArchives/id/61
INFO: [ app_init ] --START--
INFO: Run Behavior\BuildLiteBehavior [ RunTime:0.000011s ]
INFO: [ app_init ] --END-- [ RunTime:0.000255s ]
INFO: [ app_begin ] --START--
INFO: Run Behavior\ReadHtmlCacheBehavior [ RunTime:0.000331s ]
INFO: [ app_begin ] --END-- [ RunTime:0.000371s ]
NOTIC: [8192] mysql_connect(): The mysql extension is deprecated and will be removed in the future: use mysqli or PDO instead /Applications/MAMP/htdocs/HealthManager/ThinkPHP/Library/Think/Session/Driver/Db.class.php 第 95 行.
INFO: [ view_begin ] --START--
SQL: SHOW COLUMNS FROM `hm_user_info_base` [ RunTime:0.0246s ]
SQL: SELECT `uid`,`username`,`email`,`mobile`,`email_verify`,`reg_time`,`user_type` FROM `hm_user_info_base` WHERE ( uid=1 ) LIMIT 1   [ RunTime:0.0256s ]
SQL: SHOW COLUMNS FROM `hm_user_info_details` [ RunTime:0.0219s ]
SQL: SELECT * FROM `hm_user_info_details` WHERE ( 1=1 AND uid='1' ) LIMIT 1   [ RunTime:0.0251s ]
SQL: SHOW COLUMNS FROM `hm_user_info_extra` [ RunTime:0.0232s ]
SQL: SELECT * FROM `hm_user_info_extra` WHERE ( 1=1 AND uid='1' ) LIMIT 1   [ RunTime:0.0394s ]
SQL: SHOW COLUMNS FROM `hm_user_info_certification` [ RunTime:0.0234s ]
SQL: SELECT * FROM `hm_user_info_certification` WHERE ( 1=1 AND uid='1' ) LIMIT 1   [ RunTime:0.0250s ]
SQL: SHOW COLUMNS FROM `hm_user_bind` [ RunTime:0.0280s ]
SQL: SELECT * FROM `hm_user_bind` WHERE ( 1=1 AND uid='1' )  [ RunTime:0.0318s ]
SQL: SHOW COLUMNS FROM `hm_info_message` [ RunTime:0.0232s ]
SQL: SELECT COUNT(*) AS tp_count FROM `hm_info_message` WHERE `to_user_id` = 'all' AND `status` = 0 LIMIT 1   [ RunTime:0.0303s ]
SQL: SHOW COLUMNS FROM `hm_auth_group_access` [ RunTime:0.0231s ]
SQL: SELECT `uid`,`group_id`,`title`,`rules` FROM hm_auth_group_access a INNER JOIN hm_auth_group g on a.group_id=g.id  WHERE ( a.uid='1' and g.status='1' )  [ RunTime:0.0236s ]
SQL: SHOW COLUMNS FROM `hm_auth_rule` [ RunTime:0.0228s ]
SQL: SELECT `condition`,`name` FROM `hm_auth_rule` WHERE `id` IN ('23','24','25','26','27','28','29','30','31','32','33') AND `type` = 2 AND `status` = 1  [ RunTime:0.0239s ]
INFO: Run HealthManager\Behavior\CheckAccessBehavior [ RunTime:0.527645s ]
INFO: [ view_begin ] --END-- [ RunTime:0.527735s ]
INFO: [ view_parse ] --START--
INFO: [ template_filter ] --START--
INFO: Run Behavior\ContentReplaceBehavior [ RunTime:0.000088s ]
INFO: [ template_filter ] --END-- [ RunTime:0.000138s ]
INFO: Run Behavior\ParseTemplateBehavior [ RunTime:0.039147s ]
INFO: [ view_parse ] --END-- [ RunTime:0.039212s ]
INFO: [ view_filter ] --START--
INFO: Run Behavior\WriteHtmlCacheBehavior [ RunTime:0.000104s ]
INFO: [ view_filter ] --END-- [ RunTime:0.000139s ]
INFO: [ app_end ] --START--
INFO: Run Behavior\ShowPageTraceBehavior [ RunTime:0.000540s ]
INFO: [ app_end ] --END-- [ RunTime:0.000579s ]

[ 2017-02-03T09:49:38+08:00 ] ::1 /HealthManager/Doctor/addArchives.html
INFO: [ app_init ] --START--
INFO: Run Behavior\BuildLiteBehavior [ RunTime:0.000019s ]
INFO: [ app_init ] --END-- [ RunTime:0.000487s ]
INFO: [ app_begin ] --START--
INFO: Run Behavior\ReadHtmlCacheBehavior [ RunTime:0.000454s ]
INFO: [ app_begin ] --END-- [ RunTime:0.000507s ]
NOTIC: [8192] mysql_connect(): The mysql extension is deprecated and will be removed in the future: use mysqli or PDO instead /Applications/MAMP/htdocs/HealthManager/ThinkPHP/Library/Think/Session/Driver/Db.class.php 第 95 行.
INFO: [ view_begin ] --START--
SQL: SHOW COLUMNS FROM `hm_user_info_base` [ RunTime:0.0220s ]
SQL: SELECT `uid`,`username`,`email`,`mobile`,`email_verify`,`reg_time`,`user_type` FROM `hm_user_info_base` WHERE ( uid=1 ) LIMIT 1   [ RunTime:0.0231s ]
SQL: SHOW COLUMNS FROM `hm_user_info_details` [ RunTime:0.0218s ]
SQL: SELECT * FROM `hm_user_info_details` WHERE ( 1=1 AND uid='1' ) LIMIT 1   [ RunTime:0.0219s ]
SQL: SHOW COLUMNS FROM `hm_user_info_extra` [ RunTime:0.0216s ]
SQL: SELECT * FROM `hm_user_info_extra` WHERE ( 1=1 AND uid='1' ) LIMIT 1   [ RunTime:0.0389s ]
SQL: SHOW COLUMNS FROM `hm_user_info_certification` [ RunTime:0.0204s ]
SQL: SELECT * FROM `hm_user_info_certification` WHERE ( 1=1 AND uid='1' ) LIMIT 1   [ RunTime:0.0225s ]
SQL: SHOW COLUMNS FROM `hm_user_bind` [ RunTime:0.0308s ]
SQL: SELECT * FROM `hm_user_bind` WHERE ( 1=1 AND uid='1' )  [ RunTime:0.0651s ]
SQL: SHOW COLUMNS FROM `hm_info_message` [ RunTime:0.0258s ]
SQL: SELECT COUNT(*) AS tp_count FROM `hm_info_message` WHERE `to_user_id` = 'all' AND `status` = 0 LIMIT 1   [ RunTime:0.0222s ]
SQL: SHOW COLUMNS FROM `hm_auth_group_access` [ RunTime:0.0285s ]
SQL: SELECT `uid`,`group_id`,`title`,`rules` FROM hm_auth_group_access a INNER JOIN hm_auth_group g on a.group_id=g.id  WHERE ( a.uid='1' and g.status='1' )  [ RunTime:0.1041s ]
SQL: SHOW COLUMNS FROM `hm_auth_rule` [ RunTime:0.0551s ]
SQL: SELECT `condition`,`name` FROM `hm_auth_rule` WHERE `id` IN ('23','24','25','26','27','28','29','30','31','32','33') AND `type` = 2 AND `status` = 1  [ RunTime:0.0435s ]
INFO: Run HealthManager\Behavior\CheckAccessBehavior [ RunTime:0.666919s ]
INFO: [ view_begin ] --END-- [ RunTime:0.667012s ]
INFO: [ view_parse ] --START--
INFO: [ template_filter ] --START--
INFO: Run Behavior\ContentReplaceBehavior [ RunTime:0.000146s ]
INFO: [ template_filter ] --END-- [ RunTime:0.000204s ]
INFO: Run Behavior\ParseTemplateBehavior [ RunTime:0.040278s ]
INFO: [ view_parse ] --END-- [ RunTime:0.040352s ]
INFO: [ view_filter ] --START--
INFO: Run Behavior\WriteHtmlCacheBehavior [ RunTime:0.000111s ]
INFO: [ view_filter ] --END-- [ RunTime:0.000148s ]
INFO: [ app_end ] --START--
INFO: Run Behavior\ShowPageTraceBehavior [ RunTime:0.000673s ]
INFO: [ app_end ] --END-- [ RunTime:0.000727s ]

[ 2017-02-03T11:33:28+08:00 ] ::1 /index.php/HealthManager/Doctor/userList
INFO: [ app_init ] --START--
INFO: Run Behavior\BuildLiteBehavior [ RunTime:0.000010s ]
INFO: [ app_init ] --END-- [ RunTime:0.000271s ]
INFO: [ app_begin ] --START--
INFO: Run Behavior\ReadHtmlCacheBehavior [ RunTime:0.000357s ]
INFO: [ app_begin ] --END-- [ RunTime:0.000402s ]
NOTIC: [8192] mysql_connect(): The mysql extension is deprecated and will be removed in the future: use mysqli or PDO instead /Applications/MAMP/htdocs/HealthManager/ThinkPHP/Library/Think/Session/Driver/Db.class.php 第 95 行.
INFO: [ view_begin ] --START--

[ 2017-02-03T11:33:28+08:00 ] ::1 /index.php/HealthManager/Doctor/signIn.html
INFO: [ app_init ] --START--
INFO: Run Behavior\BuildLiteBehavior [ RunTime:0.000009s ]
INFO: [ app_init ] --END-- [ RunTime:0.000244s ]
INFO: [ app_begin ] --START--
INFO: Run Behavior\ReadHtmlCacheBehavior [ RunTime:0.000332s ]
INFO: [ app_begin ] --END-- [ RunTime:0.000373s ]
NOTIC: [8192] mysql_connect(): The mysql extension is deprecated and will be removed in the future: use mysqli or PDO instead /Applications/MAMP/htdocs/HealthManager/ThinkPHP/Library/Think/Session/Driver/Db.class.php 第 95 行.
INFO: [ view_begin ] --START--
INFO: Run HealthManager\Behavior\CheckAccessBehavior [ RunTime:0.000194s ]
INFO: [ view_begin ] --END-- [ RunTime:0.000240s ]
INFO: [ view_parse ] --START--
INFO: [ template_filter ] --START--
INFO: Run Behavior\ContentReplaceBehavior [ RunTime:0.000110s ]
INFO: [ template_filter ] --END-- [ RunTime:0.000198s ]
NOTIC: [8] Use of undefined constant signIn - assumed 'signIn' /Applications/MAMP/htdocs/HealthManager/Application/Runtime/Cache/HealthManager/65312c2d74527fbaa42566f0ac1c2b07.php 第 37 行.
INFO: Run Behavior\ParseTemplateBehavior [ RunTime:0.009347s ]
INFO: [ view_parse ] --END-- [ RunTime:0.009386s ]
INFO: [ view_filter ] --START--
INFO: Run Behavior\WriteHtmlCacheBehavior [ RunTime:0.000100s ]
INFO: [ view_filter ] --END-- [ RunTime:0.000139s ]
INFO: [ app_end ] --START--
INFO: Run Behavior\ShowPageTraceBehavior [ RunTime:0.000386s ]
INFO: [ app_end ] --END-- [ RunTime:0.000427s ]

[ 2017-02-03T11:33:30+08:00 ] ::1 /index.php/HealthManager/Doctor/ajax_signIn
INFO: [ app_init ] --START--
INFO: Run Behavior\BuildLiteBehavior [ RunTime:0.000011s ]
INFO: [ app_init ] --END-- [ RunTime:0.000252s ]
INFO: [ app_begin ] --START--
INFO: Run Behavior\ReadHtmlCacheBehavior [ RunTime:0.000328s ]
INFO: [ app_begin ] --END-- [ RunTime:0.000365s ]
NOTIC: [8192] mysql_connect(): The mysql extension is deprecated and will be removed in the future: use mysqli or PDO instead /Applications/MAMP/htdocs/HealthManager/ThinkPHP/Library/Think/Session/Driver/Db.class.php 第 95 行.
NOTIC: [8] curl_setopt(): CURLOPT_SSL_VERIFYHOST no longer accepts the value 1, value 2 will be used instead /Applications/MAMP/htdocs/HealthManager/Application/Common/Common/function.php 第 66 行.

[ 2017-02-03T11:33:30+08:00 ] ::1 /HealthManager/Doctor/dashboard
INFO: [ app_init ] --START--
INFO: Run Behavior\BuildLiteBehavior [ RunTime:0.000011s ]
INFO: [ app_init ] --END-- [ RunTime:0.000251s ]
INFO: [ app_begin ] --START--
INFO: Run Behavior\ReadHtmlCacheBehavior [ RunTime:0.000328s ]
INFO: [ app_begin ] --END-- [ RunTime:0.000369s ]
NOTIC: [8192] mysql_connect(): The mysql extension is deprecated and will be removed in the future: use mysqli or PDO instead /Applications/MAMP/htdocs/HealthManager/ThinkPHP/Library/Think/Session/Driver/Db.class.php 第 95 行.
SQL: SHOW COLUMNS FROM `hm_menu` [ RunTime:0.0040s ]
SQL: SELECT * FROM `hm_menu` WHERE ( role=2 )  [ RunTime:0.0041s ]
SQL: SHOW COLUMNS FROM `hm_info_ask` [ RunTime:0.0040s ]
SQL: SELECT * FROM `hm_info_ask` WHERE `doctor_id` = 1 LIMIT 10   [ RunTime:0.0040s ]
SQL: SHOW COLUMNS FROM `hm_user_info_base` [ RunTime:0.0040s ]
SQL: SHOW COLUMNS FROM `hm_user_info_base` [ RunTime:0.0040s ]
SQL: SELECT `uid`,`username`,`email`,`mobile`,`email_verify`,`reg_time`,`user_type` FROM `hm_user_info_base` WHERE ( uid=11 ) LIMIT 1   [ RunTime:0.0036s ]
SQL: SHOW COLUMNS FROM `hm_user_info_details` [ RunTime:0.0039s ]
SQL: SELECT * FROM `hm_user_info_details` WHERE ( 1=1 AND uid='11' ) LIMIT 1   [ RunTime:0.0039s ]
SQL: SHOW COLUMNS FROM `hm_user_info_extra` [ RunTime:0.0038s ]
SQL: SELECT * FROM `hm_user_info_extra` WHERE ( 1=1 AND uid='11' ) LIMIT 1   [ RunTime:0.0037s ]
SQL: SHOW COLUMNS FROM `hm_user_info_certification` [ RunTime:0.0040s ]
SQL: SELECT * FROM `hm_user_info_certification` WHERE ( 1=1 AND uid='11' ) LIMIT 1   [ RunTime:0.0041s ]
SQL: SHOW COLUMNS FROM `hm_user_bind` [ RunTime:0.0037s ]
SQL: SELECT * FROM `hm_user_bind` WHERE ( 1=1 AND uid='11' )  [ RunTime:0.0034s ]
SQL: SELECT `uid`,`username`,`email`,`mobile`,`email_verify`,`reg_time`,`user_type` FROM `hm_user_info_base` WHERE ( uid=1 ) LIMIT 1   [ RunTime:0.0036s ]
SQL: SELECT * FROM `hm_user_info_details` WHERE ( 1=1 AND uid='1' ) LIMIT 1   [ RunTime:0.0039s ]
SQL: SELECT * FROM `hm_user_info_extra` WHERE ( 1=1 AND uid='1' ) LIMIT 1   [ RunTime:0.0041s ]
SQL: SELECT * FROM `hm_user_info_certification` WHERE ( 1=1 AND uid='1' ) LIMIT 1   [ RunTime:0.0041s ]
SQL: SELECT * FROM `hm_user_bind` WHERE ( 1=1 AND uid='1' )  [ RunTime:0.0034s ]
SQL: SELECT `uid`,`username`,`email`,`mobile`,`email_verify`,`reg_time`,`user_type` FROM `hm_user_info_base` WHERE ( uid=12 ) LIMIT 1   [ RunTime:0.0037s ]
SQL: SELECT * FROM `hm_user_info_details` WHERE ( 1=1 AND uid='12' ) LIMIT 1   [ RunTime:0.0038s ]
SQL: SELECT * FROM `hm_user_info_extra` WHERE ( 1=1 AND uid='12' ) LIMIT 1   [ RunTime:0.0037s ]
SQL: SELECT * FROM `hm_user_info_certification` WHERE ( 1=1 AND uid='12' ) LIMIT 1   [ RunTime:0.0041s ]
SQL: SELECT * FROM `hm_user_bind` WHERE ( 1=1 AND uid='12' )  [ RunTime:0.0033s ]
SQL: SELECT `uid`,`username`,`email`,`mobile`,`email_verify`,`reg_time`,`user_type` FROM `hm_user_info_base` WHERE ( uid=1 ) LIMIT 1   [ RunTime:0.0036s ]
SQL: SELECT * FROM `hm_user_info_details` WHERE ( 1=1 AND uid='1' ) LIMIT 1   [ RunTime:0.0039s ]
SQL: SELECT * FROM `hm_user_info_extra` WHERE ( 1=1 AND uid='1' ) LIMIT 1   [ RunTime:0.0042s ]
SQL: SELECT * FROM `hm_user_info_certification` WHERE ( 1=1 AND uid='1' ) LIMIT 1   [ RunTime:0.0041s ]
SQL: SELECT * FROM `hm_user_bind` WHERE ( 1=1 AND uid='1' )  [ RunTime:0.0034s ]
SQL: SELECT `uid`,`username`,`email`,`mobile`,`email_verify`,`reg_time`,`user_type` FROM `hm_user_info_base` WHERE ( uid=12 ) LIMIT 1   [ RunTime:0.0036s ]
SQL: SELECT * FROM `hm_user_info_details` WHERE ( 1=1 AND uid='12' ) LIMIT 1   [ RunTime:0.0039s ]
SQL: SELECT * FROM `hm_user_info_extra` WHERE ( 1=1 AND uid='12' ) LIMIT 1   [ RunTime:0.0037s ]
SQL: SELECT * FROM `hm_user_info_certification` WHERE ( 1=1 AND uid='12' ) LIMIT 1   [ RunTime:0.0040s ]
SQL: SELECT * FROM `hm_user_bind` WHERE ( 1=1 AND uid='12' )  [ RunTime:0.0034s ]
SQL: SELECT `uid`,`username`,`email`,`mobile`,`email_verify`,`reg_time`,`user_type` FROM `hm_user_info_base` WHERE ( uid=1 ) LIMIT 1   [ RunTime:0.0036s ]
SQL: SELECT * FROM `hm_user_info_details` WHERE ( 1=1 AND uid='1' ) LIMIT 1   [ RunTime:0.0038s ]
SQL: SELECT * FROM `hm_user_info_extra` WHERE ( 1=1 AND uid='1' ) LIMIT 1   [ RunTime:0.0040s ]
SQL: SELECT * FROM `hm_user_info_certification` WHERE ( 1=1 AND uid='1' ) LIMIT 1   [ RunTime:0.0041s ]
SQL: SELECT * FROM `hm_user_bind` WHERE ( 1=1 AND uid='1' )  [ RunTime:0.0033s ]
INFO: [ view_begin ] --START--
SQL: SELECT `uid`,`username`,`email`,`mobile`,`email_verify`,`reg_time`,`user_type` FROM `hm_user_info_base` WHERE ( uid=1 ) LIMIT 1   [ RunTime:0.0036s ]
SQL: SELECT * FROM `hm_user_info_details` WHERE ( 1=1 AND uid='1' ) LIMIT 1   [ RunTime:0.0039s ]
SQL: SELECT * FROM `hm_user_info_extra` WHERE ( 1=1 AND uid='1' ) LIMIT 1   [ RunTime:0.0041s ]
SQL: SELECT * FROM `hm_user_info_certification` WHERE ( 1=1 AND uid='1' ) LIMIT 1   [ RunTime:0.0042s ]
SQL: SELECT * FROM `hm_user_bind` WHERE ( 1=1 AND uid='1' )  [ RunTime:0.0035s ]
SQL: SHOW COLUMNS FROM `hm_info_message` [ RunTime:0.0039s ]
SQL: SELECT COUNT(*) AS tp_count FROM `hm_info_message` WHERE `to_user_id` = 'all' AND `status` = 0 LIMIT 1   [ RunTime:0.0034s ]
SQL: SHOW COLUMNS FROM `hm_auth_group_access` [ RunTime:0.0038s ]
SQL: SELECT `uid`,`group_id`,`title`,`rules` FROM hm_auth_group_access a INNER JOIN hm_auth_group g on a.group_id=g.id  WHERE ( a.uid='1' and g.status='1' )  [ RunTime:0.0036s ]
SQL: SHOW COLUMNS FROM `hm_auth_rule` [ RunTime:0.0040s ]
SQL: SELECT `condition`,`name` FROM `hm_auth_rule` WHERE `id` IN ('23','24','25','26','27','28','29','30','31','32','33') AND `type` = 2 AND `status` = 1  [ RunTime:0.0038s ]
INFO: Run HealthManager\Behavior\CheckAccessBehavior [ RunTime:0.045820s ]
INFO: [ view_begin ] --END-- [ RunTime:0.045902s ]
INFO: [ view_parse ] --START--
INFO: [ template_filter ] --START--
INFO: Run Behavior\ContentReplaceBehavior [ RunTime:0.000095s ]
INFO: [ template_filter ] --END-- [ RunTime:0.000142s ]
NOTIC: [8] Undefined variable: title /Applications/MAMP/htdocs/HealthManager/Application/Runtime/Cache/HealthManager/6e38b27d2c3ef5d91350e753dd96db84.php 第 321 行.
NOTIC: [8] Undefined variable: discription /Applications/MAMP/htdocs/HealthManager/Application/Runtime/Cache/HealthManager/6e38b27d2c3ef5d91350e753dd96db84.php 第 321 行.
NOTIC: [8] Undefined variable: parentUrl /Applications/MAMP/htdocs/HealthManager/Application/Runtime/Cache/HealthManager/6e38b27d2c3ef5d91350e753dd96db84.php 第 324 行.
NOTIC: [8] Undefined variable: parentIcon /Applications/MAMP/htdocs/HealthManager/Application/Runtime/Cache/HealthManager/6e38b27d2c3ef5d91350e753dd96db84.php 第 324 行.
NOTIC: [8] Undefined variable: parentTitle /Applications/MAMP/htdocs/HealthManager/Application/Runtime/Cache/HealthManager/6e38b27d2c3ef5d91350e753dd96db84.php 第 325 行.
NOTIC: [8] Undefined variable: title /Applications/MAMP/htdocs/HealthManager/Application/Runtime/Cache/HealthManager/6e38b27d2c3ef5d91350e753dd96db84.php 第 326 行.
INFO: Run Behavior\ParseTemplateBehavior [ RunTime:0.033364s ]
INFO: [ view_parse ] --END-- [ RunTime:0.033435s ]
INFO: [ view_filter ] --START--
INFO: Run Behavior\WriteHtmlCacheBehavior [ RunTime:0.000100s ]
INFO: [ view_filter ] --END-- [ RunTime:0.000133s ]
INFO: [ app_end ] --START--
INFO: Run Behavior\ShowPageTraceBehavior [ RunTime:0.000490s ]
INFO: [ app_end ] --END-- [ RunTime:0.000542s ]

[ 2017-02-03T11:58:54+08:00 ] ::1 /HealthManager/Doctor/dashboard
INFO: [ app_init ] --START--
INFO: Run Behavior\BuildLiteBehavior [ RunTime:0.000016s ]
INFO: [ app_init ] --END-- [ RunTime:0.000597s ]
INFO: [ app_begin ] --START--
INFO: Run Behavior\ReadHtmlCacheBehavior [ RunTime:0.000669s ]
INFO: [ app_begin ] --END-- [ RunTime:0.000722s ]
NOTIC: [8192] mysql_connect(): The mysql extension is deprecated and will be removed in the future: use mysqli or PDO instead /Applications/MAMP/htdocs/HealthManager/ThinkPHP/Library/Think/Session/Driver/Db.class.php 第 95 行.
SQL: SHOW COLUMNS FROM `hm_menu` [ RunTime:0.0033s ]
SQL: SELECT * FROM `hm_menu` WHERE ( role=2 )  [ RunTime:0.0035s ]
SQL: SHOW COLUMNS FROM `hm_info_ask` [ RunTime:0.0033s ]
SQL: SELECT * FROM `hm_info_ask` WHERE `doctor_id` = 1 LIMIT 10   [ RunTime:0.0033s ]
SQL: SHOW COLUMNS FROM `hm_user_info_base` [ RunTime:0.0032s ]
SQL: SHOW COLUMNS FROM `hm_user_info_base` [ RunTime:0.0032s ]
SQL: SELECT `uid`,`username`,`email`,`mobile`,`email_verify`,`reg_time`,`user_type` FROM `hm_user_info_base` WHERE ( uid=11 ) LIMIT 1   [ RunTime:0.0029s ]
SQL: SHOW COLUMNS FROM `hm_user_info_details` [ RunTime:0.0030s ]
SQL: SELECT * FROM `hm_user_info_details` WHERE ( 1=1 AND uid='11' ) LIMIT 1   [ RunTime:0.0033s ]
SQL: SHOW COLUMNS FROM `hm_user_info_extra` [ RunTime:0.0032s ]
SQL: SELECT * FROM `hm_user_info_extra` WHERE ( 1=1 AND uid='11' ) LIMIT 1   [ RunTime:0.0029s ]
SQL: SHOW COLUMNS FROM `hm_user_info_certification` [ RunTime:0.0032s ]
SQL: SELECT * FROM `hm_user_info_certification` WHERE ( 1=1 AND uid='11' ) LIMIT 1   [ RunTime:0.0034s ]
SQL: SHOW COLUMNS FROM `hm_user_bind` [ RunTime:0.0029s ]
SQL: SELECT * FROM `hm_user_bind` WHERE ( 1=1 AND uid='11' )  [ RunTime:0.0025s ]
SQL: SELECT `uid`,`username`,`email`,`mobile`,`email_verify`,`reg_time`,`user_type` FROM `hm_user_info_base` WHERE ( uid=1 ) LIMIT 1   [ RunTime:0.0030s ]
SQL: SELECT * FROM `hm_user_info_details` WHERE ( 1=1 AND uid='1' ) LIMIT 1   [ RunTime:0.0031s ]
SQL: SELECT * FROM `hm_user_info_extra` WHERE ( 1=1 AND uid='1' ) LIMIT 1   [ RunTime:0.0033s ]
SQL: SELECT * FROM `hm_user_info_certification` WHERE ( 1=1 AND uid='1' ) LIMIT 1   [ RunTime:0.0035s ]
SQL: SELECT * FROM `hm_user_bind` WHERE ( 1=1 AND uid='1' )  [ RunTime:0.0028s ]
SQL: SELECT `uid`,`username`,`email`,`mobile`,`email_verify`,`reg_time`,`user_type` FROM `hm_user_info_base` WHERE ( uid=12 ) LIMIT 1   [ RunTime:0.0028s ]
SQL: SELECT * FROM `hm_user_info_details` WHERE ( 1=1 AND uid='12' ) LIMIT 1   [ RunTime:0.0030s ]
SQL: SELECT * FROM `hm_user_info_extra` WHERE ( 1=1 AND uid='12' ) LIMIT 1   [ RunTime:0.0028s ]
SQL: SELECT * FROM `hm_user_info_certification` WHERE ( 1=1 AND uid='12' ) LIMIT 1   [ RunTime:0.0033s ]
SQL: SELECT * FROM `hm_user_bind` WHERE ( 1=1 AND uid='12' )  [ RunTime:0.0025s ]
SQL: SELECT `uid`,`username`,`email`,`mobile`,`email_verify`,`reg_time`,`user_type` FROM `hm_user_info_base` WHERE ( uid=1 ) LIMIT 1   [ RunTime:0.0027s ]
SQL: SELECT * FROM `hm_user_info_details` WHERE ( 1=1 AND uid='1' ) LIMIT 1   [ RunTime:0.0032s ]
SQL: SELECT * FROM `hm_user_info_extra` WHERE ( 1=1 AND uid='1' ) LIMIT 1   [ RunTime:0.0034s ]
SQL: SELECT * FROM `hm_user_info_certification` WHERE ( 1=1 AND uid='1' ) LIMIT 1   [ RunTime:0.0033s ]
SQL: SELECT * FROM `hm_user_bind` WHERE ( 1=1 AND uid='1' )  [ RunTime:0.0026s ]
SQL: SELECT `uid`,`username`,`email`,`mobile`,`email_verify`,`reg_time`,`user_type` FROM `hm_user_info_base` WHERE ( uid=12 ) LIMIT 1   [ RunTime:0.0027s ]
SQL: SELECT * FROM `hm_user_info_details` WHERE ( 1=1 AND uid='12' ) LIMIT 1   [ RunTime:0.0029s ]
SQL: SELECT * FROM `hm_user_info_extra` WHERE ( 1=1 AND uid='12' ) LIMIT 1   [ RunTime:0.0029s ]
SQL: SELECT * FROM `hm_user_info_certification` WHERE ( 1=1 AND uid='12' ) LIMIT 1   [ RunTime:0.0033s ]
SQL: SELECT * FROM `hm_user_bind` WHERE ( 1=1 AND uid='12' )  [ RunTime:0.0023s ]
SQL: SELECT `uid`,`username`,`email`,`mobile`,`email_verify`,`reg_time`,`user_type` FROM `hm_user_info_base` WHERE ( uid=1 ) LIMIT 1   [ RunTime:0.0026s ]
SQL: SELECT * FROM `hm_user_info_details` WHERE ( 1=1 AND uid='1' ) LIMIT 1   [ RunTime:0.0028s ]
SQL: SELECT * FROM `hm_user_info_extra` WHERE ( 1=1 AND uid='1' ) LIMIT 1   [ RunTime:0.0031s ]
SQL: SELECT * FROM `hm_user_info_certification` WHERE ( 1=1 AND uid='1' ) LIMIT 1   [ RunTime:0.0034s ]
SQL: SELECT * FROM `hm_user_bind` WHERE ( 1=1 AND uid='1' )  [ RunTime:0.0023s ]
INFO: [ view_begin ] --START--
SQL: SELECT `uid`,`username`,`email`,`mobile`,`email_verify`,`reg_time`,`user_type` FROM `hm_user_info_base` WHERE ( uid=1 ) LIMIT 1   [ RunTime:0.0037s ]
SQL: SELECT * FROM `hm_user_info_details` WHERE ( 1=1 AND uid='1' ) LIMIT 1   [ RunTime:0.0030s ]
SQL: SELECT * FROM `hm_user_info_extra` WHERE ( 1=1 AND uid='1' ) LIMIT 1   [ RunTime:0.0032s ]
SQL: SELECT * FROM `hm_user_info_certification` WHERE ( 1=1 AND uid='1' ) LIMIT 1   [ RunTime:0.0032s ]
SQL: SELECT * FROM `hm_user_bind` WHERE ( 1=1 AND uid='1' )  [ RunTime:0.0024s ]
SQL: SHOW COLUMNS FROM `hm_info_message` [ RunTime:0.0029s ]
SQL: SELECT COUNT(*) AS tp_count FROM `hm_info_message` WHERE `to_user_id` = 'all' AND `status` = 0 LIMIT 1   [ RunTime:0.0022s ]
SQL: SHOW COLUMNS FROM `hm_auth_group_access` [ RunTime:0.0028s ]
SQL: SELECT `uid`,`group_id`,`title`,`rules` FROM hm_auth_group_access a INNER JOIN hm_auth_group g on a.group_id=g.id  WHERE ( a.uid='1' and g.status='1' )  [ RunTime:0.0026s ]
SQL: SHOW COLUMNS FROM `hm_auth_rule` [ RunTime:0.0029s ]
SQL: SELECT `condition`,`name` FROM `hm_auth_rule` WHERE `id` IN ('23','24','25','26','27','28','29','30','31','32','33') AND `type` = 2 AND `status` = 1  [ RunTime:0.0030s ]
INFO: Run HealthManager\Behavior\CheckAccessBehavior [ RunTime:0.036475s ]
INFO: [ view_begin ] --END-- [ RunTime:0.036560s ]
INFO: [ view_parse ] --START--
INFO: [ template_filter ] --START--
INFO: Run Behavior\ContentReplaceBehavior [ RunTime:0.000118s ]
INFO: [ template_filter ] --END-- [ RunTime:0.000174s ]
NOTIC: [8] Undefined variable: title /Applications/MAMP/htdocs/HealthManager/Application/Runtime/Cache/HealthManager/6e38b27d2c3ef5d91350e753dd96db84.php 第 321 行.
NOTIC: [8] Undefined variable: discription /Applications/MAMP/htdocs/HealthManager/Application/Runtime/Cache/HealthManager/6e38b27d2c3ef5d91350e753dd96db84.php 第 321 行.
NOTIC: [8] Undefined variable: parentUrl /Applications/MAMP/htdocs/HealthManager/Application/Runtime/Cache/HealthManager/6e38b27d2c3ef5d91350e753dd96db84.php 第 324 行.
NOTIC: [8] Undefined variable: parentIcon /Applications/MAMP/htdocs/HealthManager/Application/Runtime/Cache/HealthManager/6e38b27d2c3ef5d91350e753dd96db84.php 第 324 行.
NOTIC: [8] Undefined variable: parentTitle /Applications/MAMP/htdocs/HealthManager/Application/Runtime/Cache/HealthManager/6e38b27d2c3ef5d91350e753dd96db84.php 第 325 行.
NOTIC: [8] Undefined variable: title /Applications/MAMP/htdocs/HealthManager/Application/Runtime/Cache/HealthManager/6e38b27d2c3ef5d91350e753dd96db84.php 第 326 行.
INFO: Run Behavior\ParseTemplateBehavior [ RunTime:0.034692s ]
INFO: [ view_parse ] --END-- [ RunTime:0.034765s ]
INFO: [ view_filter ] --START--
INFO: Run Behavior\WriteHtmlCacheBehavior [ RunTime:0.000401s ]
INFO: [ view_filter ] --END-- [ RunTime:0.000443s ]
INFO: [ app_end ] --START--
INFO: Run Behavior\ShowPageTraceBehavior [ RunTime:0.000776s ]
INFO: [ app_end ] --END-- [ RunTime:0.000852s ]

[ 2017-02-03T12:01:39+08:00 ] ::1 /index.php/HealthManager/Doctor/dashboard
INFO: [ app_init ] --START--
INFO: Run Behavior\BuildLiteBehavior [ RunTime:0.000014s ]
INFO: [ app_init ] --END-- [ RunTime:0.000336s ]
INFO: [ app_begin ] --START--
INFO: Run Behavior\ReadHtmlCacheBehavior [ RunTime:0.000369s ]
INFO: [ app_begin ] --END-- [ RunTime:0.000415s ]
NOTIC: [8192] mysql_connect(): The mysql extension is deprecated and will be removed in the future: use mysqli or PDO instead /Applications/MAMP/htdocs/HealthManager/ThinkPHP/Library/Think/Session/Driver/Db.class.php 第 95 行.
SQL: SHOW COLUMNS FROM `hm_menu` [ RunTime:0.0035s ]
SQL: SELECT * FROM `hm_menu` WHERE ( role=2 )  [ RunTime:0.0035s ]
SQL: SHOW COLUMNS FROM `hm_info_ask` [ RunTime:0.0034s ]
SQL: SELECT * FROM `hm_info_ask` WHERE `doctor_id` = 1 LIMIT 10   [ RunTime:0.0036s ]
SQL: SHOW COLUMNS FROM `hm_user_info_base` [ RunTime:0.0033s ]
SQL: SHOW COLUMNS FROM `hm_user_info_base` [ RunTime:0.0035s ]
SQL: SELECT `uid`,`username`,`email`,`mobile`,`email_verify`,`reg_time`,`user_type` FROM `hm_user_info_base` WHERE ( uid=11 ) LIMIT 1   [ RunTime:0.0029s ]
SQL: SHOW COLUMNS FROM `hm_user_info_details` [ RunTime:0.0033s ]
SQL: SELECT * FROM `hm_user_info_details` WHERE ( 1=1 AND uid='11' ) LIMIT 1   [ RunTime:0.0033s ]
SQL: SHOW COLUMNS FROM `hm_user_info_extra` [ RunTime:0.0032s ]
SQL: SELECT * FROM `hm_user_info_extra` WHERE ( 1=1 AND uid='11' ) LIMIT 1   [ RunTime:0.0030s ]
SQL: SHOW COLUMNS FROM `hm_user_info_certification` [ RunTime:0.0033s ]
SQL: SELECT * FROM `hm_user_info_certification` WHERE ( 1=1 AND uid='11' ) LIMIT 1   [ RunTime:0.0035s ]
SQL: SHOW COLUMNS FROM `hm_user_bind` [ RunTime:0.0031s ]
SQL: SELECT * FROM `hm_user_bind` WHERE ( 1=1 AND uid='11' )  [ RunTime:0.0028s ]
SQL: SELECT `uid`,`username`,`email`,`mobile`,`email_verify`,`reg_time`,`user_type` FROM `hm_user_info_base` WHERE ( uid=1 ) LIMIT 1   [ RunTime:0.0029s ]
SQL: SELECT * FROM `hm_user_info_details` WHERE ( 1=1 AND uid='1' ) LIMIT 1   [ RunTime:0.0032s ]
SQL: SELECT * FROM `hm_user_info_extra` WHERE ( 1=1 AND uid='1' ) LIMIT 1   [ RunTime:0.0034s ]
SQL: SELECT * FROM `hm_user_info_certification` WHERE ( 1=1 AND uid='1' ) LIMIT 1   [ RunTime:0.0034s ]
SQL: SELECT * FROM `hm_user_bind` WHERE ( 1=1 AND uid='1' )  [ RunTime:0.0028s ]
SQL: SELECT `uid`,`username`,`email`,`mobile`,`email_verify`,`reg_time`,`user_type` FROM `hm_user_info_base` WHERE ( uid=12 ) LIMIT 1   [ RunTime:0.0029s ]
SQL: SELECT * FROM `hm_user_info_details` WHERE ( 1=1 AND uid='12' ) LIMIT 1   [ RunTime:0.0032s ]
SQL: SELECT * FROM `hm_user_info_extra` WHERE ( 1=1 AND uid='12' ) LIMIT 1   [ RunTime:0.0030s ]
SQL: SELECT * FROM `hm_user_info_certification` WHERE ( 1=1 AND uid='12' ) LIMIT 1   [ RunTime:0.0034s ]
SQL: SELECT * FROM `hm_user_bind` WHERE ( 1=1 AND uid='12' )  [ RunTime:0.0026s ]
SQL: SELECT `uid`,`username`,`email`,`mobile`,`email_verify`,`reg_time`,`user_type` FROM `hm_user_info_base` WHERE ( uid=1 ) LIMIT 1   [ RunTime:0.0029s ]
SQL: SELECT * FROM `hm_user_info_details` WHERE ( 1=1 AND uid='1' ) LIMIT 1   [ RunTime:0.0031s ]
SQL: SELECT * FROM `hm_user_info_extra` WHERE ( 1=1 AND uid='1' ) LIMIT 1   [ RunTime:0.0034s ]
SQL: SELECT * FROM `hm_user_info_certification` WHERE ( 1=1 AND uid='1' ) LIMIT 1   [ RunTime:0.0033s ]
SQL: SELECT * FROM `hm_user_bind` WHERE ( 1=1 AND uid='1' )  [ RunTime:0.0026s ]
SQL: SELECT `uid`,`username`,`email`,`mobile`,`email_verify`,`reg_time`,`user_type` FROM `hm_user_info_base` WHERE ( uid=12 ) LIMIT 1   [ RunTime:0.0028s ]
SQL: SELECT * FROM `hm_user_info_details` WHERE ( 1=1 AND uid='12' ) LIMIT 1   [ RunTime:0.0032s ]
SQL: SELECT * FROM `hm_user_info_extra` WHERE ( 1=1 AND uid='12' ) LIMIT 1   [ RunTime:0.0031s ]
SQL: SELECT * FROM `hm_user_info_certification` WHERE ( 1=1 AND uid='12' ) LIMIT 1   [ RunTime:0.0034s ]
SQL: SELECT * FROM `hm_user_bind` WHERE ( 1=1 AND uid='12' )  [ RunTime:0.0026s ]
SQL: SELECT `uid`,`username`,`email`,`mobile`,`email_verify`,`reg_time`,`user_type` FROM `hm_user_info_base` WHERE ( uid=1 ) LIMIT 1   [ RunTime:0.0028s ]
SQL: SELECT * FROM `hm_user_info_details` WHERE ( 1=1 AND uid='1' ) LIMIT 1   [ RunTime:0.0035s ]
SQL: SELECT * FROM `hm_user_info_extra` WHERE ( 1=1 AND uid='1' ) LIMIT 1   [ RunTime:0.0033s ]
SQL: SELECT * FROM `hm_user_info_certification` WHERE ( 1=1 AND uid='1' ) LIMIT 1   [ RunTime:0.0034s ]
SQL: SELECT * FROM `hm_user_bind` WHERE ( 1=1 AND uid='1' )  [ RunTime:0.0026s ]
INFO: [ view_begin ] --START--
SQL: SELECT `uid`,`username`,`email`,`mobile`,`email_verify`,`reg_time`,`user_type` FROM `hm_user_info_base` WHERE ( uid=1 ) LIMIT 1   [ RunTime:0.0045s ]
SQL: SELECT * FROM `hm_user_info_details` WHERE ( 1=1 AND uid='1' ) LIMIT 1   [ RunTime:0.0032s ]
SQL: SELECT * FROM `hm_user_info_extra` WHERE ( 1=1 AND uid='1' ) LIMIT 1   [ RunTime:0.0033s ]
SQL: SELECT * FROM `hm_user_info_certification` WHERE ( 1=1 AND uid='1' ) LIMIT 1   [ RunTime:0.0034s ]
SQL: SELECT * FROM `hm_user_bind` WHERE ( 1=1 AND uid='1' )  [ RunTime:0.0027s ]
SQL: SHOW COLUMNS FROM `hm_info_message` [ RunTime:0.0031s ]
SQL: SELECT COUNT(*) AS tp_count FROM `hm_info_message` WHERE `to_user_id` = 'all' AND `status` = 0 LIMIT 1   [ RunTime:0.0025s ]
SQL: SHOW COLUMNS FROM `hm_auth_group_access` [ RunTime:0.0030s ]
SQL: SELECT `uid`,`group_id`,`title`,`rules` FROM hm_auth_group_access a INNER JOIN hm_auth_group g on a.group_id=g.id  WHERE ( a.uid='1' and g.status='1' )  [ RunTime:0.0027s ]
SQL: SHOW COLUMNS FROM `hm_auth_rule` [ RunTime:0.0031s ]
SQL: SELECT `condition`,`name` FROM `hm_auth_rule` WHERE `id` IN ('23','24','25','26','27','28','29','30','31','32','33') AND `type` = 2 AND `status` = 1  [ RunTime:0.0029s ]
INFO: Run HealthManager\Behavior\CheckAccessBehavior [ RunTime:0.040430s ]
INFO: [ view_begin ] --END-- [ RunTime:0.040544s ]
INFO: [ view_parse ] --START--
INFO: [ template_filter ] --START--
INFO: Run Behavior\ContentReplaceBehavior [ RunTime:0.000113s ]
INFO: [ template_filter ] --END-- [ RunTime:0.000166s ]
NOTIC: [8] Undefined variable: title /Applications/MAMP/htdocs/HealthManager/Application/Runtime/Cache/HealthManager/6e38b27d2c3ef5d91350e753dd96db84.php 第 321 行.
NOTIC: [8] Undefined variable: discription /Applications/MAMP/htdocs/HealthManager/Application/Runtime/Cache/HealthManager/6e38b27d2c3ef5d91350e753dd96db84.php 第 321 行.
NOTIC: [8] Undefined variable: parentUrl /Applications/MAMP/htdocs/HealthManager/Application/Runtime/Cache/HealthManager/6e38b27d2c3ef5d91350e753dd96db84.php 第 324 行.
NOTIC: [8] Undefined variable: parentIcon /Applications/MAMP/htdocs/HealthManager/Application/Runtime/Cache/HealthManager/6e38b27d2c3ef5d91350e753dd96db84.php 第 324 行.
NOTIC: [8] Undefined variable: parentTitle /Applications/MAMP/htdocs/HealthManager/Application/Runtime/Cache/HealthManager/6e38b27d2c3ef5d91350e753dd96db84.php 第 325 行.
NOTIC: [8] Undefined variable: title /Applications/MAMP/htdocs/HealthManager/Application/Runtime/Cache/HealthManager/6e38b27d2c3ef5d91350e753dd96db84.php 第 326 行.
INFO: Run Behavior\ParseTemplateBehavior [ RunTime:0.038341s ]
INFO: [ view_parse ] --END-- [ RunTime:0.038414s ]
INFO: [ view_filter ] --START--
INFO: Run Behavior\WriteHtmlCacheBehavior [ RunTime:0.000111s ]
INFO: [ view_filter ] --END-- [ RunTime:0.000146s ]
INFO: [ app_end ] --START--
INFO: Run Behavior\ShowPageTraceBehavior [ RunTime:0.000568s ]
INFO: [ app_end ] --END-- [ RunTime:0.000628s ]

[ 2017-02-03T12:02:53+08:00 ] ::1 /index.php/HealthManager/Doctor/safeCenter
INFO: [ app_init ] --START--
INFO: Run Behavior\BuildLiteBehavior [ RunTime:0.000012s ]
INFO: [ app_init ] --END-- [ RunTime:0.000256s ]
INFO: [ app_begin ] --START--
INFO: Run Behavior\ReadHtmlCacheBehavior [ RunTime:0.000347s ]
INFO: [ app_begin ] --END-- [ RunTime:0.000388s ]
NOTIC: [8192] mysql_connect(): The mysql extension is deprecated and will be removed in the future: use mysqli or PDO instead /Applications/MAMP/htdocs/HealthManager/ThinkPHP/Library/Think/Session/Driver/Db.class.php 第 95 行.
INFO: [ view_begin ] --START--
SQL: SHOW COLUMNS FROM `hm_user_info_base` [ RunTime:0.0026s ]
SQL: SELECT `uid`,`username`,`email`,`mobile`,`email_verify`,`reg_time`,`user_type` FROM `hm_user_info_base` WHERE ( uid=1 ) LIMIT 1   [ RunTime:0.0021s ]
SQL: SHOW COLUMNS FROM `hm_user_info_details` [ RunTime:0.0026s ]
SQL: SELECT * FROM `hm_user_info_details` WHERE ( 1=1 AND uid='1' ) LIMIT 1   [ RunTime:0.0022s ]
SQL: SHOW COLUMNS FROM `hm_user_info_extra` [ RunTime:0.0026s ]
SQL: SELECT * FROM `hm_user_info_extra` WHERE ( 1=1 AND uid='1' ) LIMIT 1   [ RunTime:0.0027s ]
SQL: SHOW COLUMNS FROM `hm_user_info_certification` [ RunTime:0.0024s ]
SQL: SELECT * FROM `hm_user_info_certification` WHERE ( 1=1 AND uid='1' ) LIMIT 1   [ RunTime:0.0026s ]
SQL: SHOW COLUMNS FROM `hm_user_bind` [ RunTime:0.0022s ]
SQL: SELECT * FROM `hm_user_bind` WHERE ( 1=1 AND uid='1' )  [ RunTime:0.0018s ]
SQL: SHOW COLUMNS FROM `hm_info_message` [ RunTime:0.0023s ]
SQL: SELECT COUNT(*) AS tp_count FROM `hm_info_message` WHERE `to_user_id` = 'all' AND `status` = 0 LIMIT 1   [ RunTime:0.0018s ]
SQL: SHOW COLUMNS FROM `hm_auth_group_access` [ RunTime:0.0022s ]
SQL: SELECT `uid`,`group_id`,`title`,`rules` FROM hm_auth_group_access a INNER JOIN hm_auth_group g on a.group_id=g.id  WHERE ( a.uid='1' and g.status='1' )  [ RunTime:0.0021s ]
SQL: SHOW COLUMNS FROM `hm_auth_rule` [ RunTime:0.0025s ]
SQL: SELECT `condition`,`name` FROM `hm_auth_rule` WHERE `id` IN ('23','24','25','26','27','28','29','30','31','32','33') AND `type` = 2 AND `status` = 1  [ RunTime:0.0022s ]
INFO: Run HealthManager\Behavior\CheckAccessBehavior [ RunTime:0.057499s ]
INFO: [ view_begin ] --END-- [ RunTime:0.057589s ]
INFO: [ view_parse ] --START--
INFO: [ template_filter ] --START--
INFO: Run Behavior\ContentReplaceBehavior [ RunTime:0.000078s ]
INFO: [ template_filter ] --END-- [ RunTime:0.000131s ]
INFO: Run Behavior\ParseTemplateBehavior [ RunTime:0.027726s ]
INFO: [ view_parse ] --END-- [ RunTime:0.027795s ]
INFO: [ view_filter ] --START--
INFO: Run Behavior\WriteHtmlCacheBehavior [ RunTime:0.000123s ]
INFO: [ view_filter ] --END-- [ RunTime:0.000160s ]
INFO: [ app_end ] --START--
INFO: Run Behavior\ShowPageTraceBehavior [ RunTime:0.000465s ]
INFO: [ app_end ] --END-- [ RunTime:0.000520s ]

[ 2017-02-03T12:02:58+08:00 ] ::1 /index.php/HealthManager/Doctor/userList
INFO: [ app_init ] --START--
INFO: Run Behavior\BuildLiteBehavior [ RunTime:0.000011s ]
INFO: [ app_init ] --END-- [ RunTime:0.000260s ]
INFO: [ app_begin ] --START--
INFO: Run Behavior\ReadHtmlCacheBehavior [ RunTime:0.000335s ]
INFO: [ app_begin ] --END-- [ RunTime:0.000377s ]
NOTIC: [8192] mysql_connect(): The mysql extension is deprecated and will be removed in the future: use mysqli or PDO instead /Applications/MAMP/htdocs/HealthManager/ThinkPHP/Library/Think/Session/Driver/Db.class.php 第 95 行.
INFO: [ view_begin ] --START--
SQL: SHOW COLUMNS FROM `hm_user_info_base` [ RunTime:0.0054s ]
SQL: SELECT `uid`,`username`,`email`,`mobile`,`email_verify`,`reg_time`,`user_type` FROM `hm_user_info_base` WHERE ( uid=1 ) LIMIT 1   [ RunTime:0.0030s ]
SQL: SHOW COLUMNS FROM `hm_user_info_details` [ RunTime:0.0036s ]
SQL: SELECT * FROM `hm_user_info_details` WHERE ( 1=1 AND uid='1' ) LIMIT 1   [ RunTime:0.0032s ]
SQL: SHOW COLUMNS FROM `hm_user_info_extra` [ RunTime:0.0032s ]
SQL: SELECT * FROM `hm_user_info_extra` WHERE ( 1=1 AND uid='1' ) LIMIT 1   [ RunTime:0.0056s ]
SQL: SHOW COLUMNS FROM `hm_user_info_certification` [ RunTime:0.0034s ]
SQL: SELECT * FROM `hm_user_info_certification` WHERE ( 1=1 AND uid='1' ) LIMIT 1   [ RunTime:0.0035s ]
SQL: SHOW COLUMNS FROM `hm_user_bind` [ RunTime:0.0032s ]
SQL: SELECT * FROM `hm_user_bind` WHERE ( 1=1 AND uid='1' )  [ RunTime:0.0028s ]
SQL: SHOW COLUMNS FROM `hm_info_message` [ RunTime:0.0032s ]
SQL: SELECT COUNT(*) AS tp_count FROM `hm_info_message` WHERE `to_user_id` = 'all' AND `status` = 0 LIMIT 1   [ RunTime:0.0025s ]
SQL: SHOW COLUMNS FROM `hm_auth_group_access` [ RunTime:0.0030s ]
SQL: SELECT `uid`,`group_id`,`title`,`rules` FROM hm_auth_group_access a INNER JOIN hm_auth_group g on a.group_id=g.id  WHERE ( a.uid='1' and g.status='1' )  [ RunTime:0.0028s ]
SQL: SHOW COLUMNS FROM `hm_auth_rule` [ RunTime:0.0031s ]
SQL: SELECT `condition`,`name` FROM `hm_auth_rule` WHERE `id` IN ('23','24','25','26','27','28','29','30','31','32','33') AND `type` = 2 AND `status` = 1  [ RunTime:0.0031s ]
INFO: Run HealthManager\Behavior\CheckAccessBehavior [ RunTime:0.081880s ]
INFO: [ view_begin ] --END-- [ RunTime:0.081989s ]
INFO: [ view_parse ] --START--
INFO: [ template_filter ] --START--
INFO: Run Behavior\ContentReplaceBehavior [ RunTime:0.000077s ]
INFO: [ template_filter ] --END-- [ RunTime:0.000132s ]
NOTIC: [8] Undefined variable: page /Applications/MAMP/htdocs/HealthManager/Application/Runtime/Cache/HealthManager/a82ced51e05b54b8e4d7deba43b79ea6.php 第 388 行.
INFO: Run Behavior\ParseTemplateBehavior [ RunTime:0.026485s ]
INFO: [ view_parse ] --END-- [ RunTime:0.026552s ]
INFO: [ view_filter ] --START--
INFO: Run Behavior\WriteHtmlCacheBehavior [ RunTime:0.000115s ]
INFO: [ view_filter ] --END-- [ RunTime:0.000150s ]
INFO: [ app_end ] --START--
INFO: Run Behavior\ShowPageTraceBehavior [ RunTime:0.000497s ]
INFO: [ app_end ] --END-- [ RunTime:0.000552s ]

[ 2017-02-03T12:03:04+08:00 ] ::1 /index.php/HealthManager/Doctor/archivesList
INFO: [ app_init ] --START--
INFO: Run Behavior\BuildLiteBehavior [ RunTime:0.000011s ]
INFO: [ app_init ] --END-- [ RunTime:0.000269s ]
INFO: [ app_begin ] --START--
INFO: Run Behavior\ReadHtmlCacheBehavior [ RunTime:0.000393s ]
INFO: [ app_begin ] --END-- [ RunTime:0.000436s ]
NOTIC: [8192] mysql_connect(): The mysql extension is deprecated and will be removed in the future: use mysqli or PDO instead /Applications/MAMP/htdocs/HealthManager/ThinkPHP/Library/Think/Session/Driver/Db.class.php 第 95 行.
SQL: SHOW COLUMNS FROM `hm_info_health_record` [ RunTime:0.0031s ]
SQL: SELECT * FROM `hm_info_health_record` WHERE `doctor_id` = 1 LIMIT 1   [ RunTime:0.0030s ]
SQL: SELECT DocumentBase.uid AS uid,DocumentBase.tiny_name AS tiny_name,DocumentBase.certification_url AS certification_url,DocumentBase.certification_status AS certification_status,DocumentBase.update_time AS update_time,DocumentBase.idno AS idno,DocumentContent.id AS id,DocumentContent.uid AS uid,DocumentContent.number AS number,DocumentContent.doctor_id AS doctor_id,DocumentContent.create_time AS create_time FROM hm_user_info_certification DocumentBase  JOIN hm_info_health_record DocumentContent ON DocumentBase.uid=DocumentContent.uid WHERE DocumentBase.uid = '11'  [ RunTime:0.0036s ]
INFO: [ view_begin ] --START--
SQL: SHOW COLUMNS FROM `hm_user_info_base` [ RunTime:0.0032s ]
SQL: SELECT `uid`,`username`,`email`,`mobile`,`email_verify`,`reg_time`,`user_type` FROM `hm_user_info_base` WHERE ( uid=1 ) LIMIT 1   [ RunTime:0.0029s ]
SQL: SHOW COLUMNS FROM `hm_user_info_details` [ RunTime:0.0032s ]
SQL: SELECT * FROM `hm_user_info_details` WHERE ( 1=1 AND uid='1' ) LIMIT 1   [ RunTime:0.0031s ]
SQL: SHOW COLUMNS FROM `hm_user_info_extra` [ RunTime:0.0031s ]
SQL: SELECT * FROM `hm_user_info_extra` WHERE ( 1=1 AND uid='1' ) LIMIT 1   [ RunTime:0.0034s ]
SQL: SHOW COLUMNS FROM `hm_user_info_certification` [ RunTime:0.0032s ]
SQL: SELECT * FROM `hm_user_info_certification` WHERE ( 1=1 AND uid='1' ) LIMIT 1   [ RunTime:0.0034s ]
SQL: SHOW COLUMNS FROM `hm_user_bind` [ RunTime:0.0030s ]
SQL: SELECT * FROM `hm_user_bind` WHERE ( 1=1 AND uid='1' )  [ RunTime:0.0026s ]
SQL: SHOW COLUMNS FROM `hm_info_message` [ RunTime:0.0030s ]
SQL: SELECT COUNT(*) AS tp_count FROM `hm_info_message` WHERE `to_user_id` = 'all' AND `status` = 0 LIMIT 1   [ RunTime:0.0025s ]
SQL: SHOW COLUMNS FROM `hm_auth_group_access` [ RunTime:0.0029s ]
SQL: SELECT `uid`,`group_id`,`title`,`rules` FROM hm_auth_group_access a INNER JOIN hm_auth_group g on a.group_id=g.id  WHERE ( a.uid='1' and g.status='1' )  [ RunTime:0.0026s ]
SQL: SHOW COLUMNS FROM `hm_auth_rule` [ RunTime:0.0031s ]
SQL: SELECT `condition`,`name` FROM `hm_auth_rule` WHERE `id` IN ('23','24','25','26','27','28','29','30','31','32','33') AND `type` = 2 AND `status` = 1  [ RunTime:0.0028s ]
INFO: Run HealthManager\Behavior\CheckAccessBehavior [ RunTime:0.058185s ]
INFO: [ view_begin ] --END-- [ RunTime:0.058271s ]
INFO: [ view_parse ] --START--
INFO: [ template_filter ] --START--
INFO: Run Behavior\ContentReplaceBehavior [ RunTime:0.000089s ]
INFO: [ template_filter ] --END-- [ RunTime:0.000151s ]
NOTIC: [8] Undefined variable: page /Applications/MAMP/htdocs/HealthManager/Application/Runtime/Cache/HealthManager/c0332e31a9aeef51159707223faae14a.php 第 360 行.
INFO: Run Behavior\ParseTemplateBehavior [ RunTime:0.026230s ]
INFO: [ view_parse ] --END-- [ RunTime:0.026309s ]
INFO: [ view_filter ] --START--
INFO: Run Behavior\WriteHtmlCacheBehavior [ RunTime:0.000121s ]
INFO: [ view_filter ] --END-- [ RunTime:0.000157s ]
INFO: [ app_end ] --START--
INFO: Run Behavior\ShowPageTraceBehavior [ RunTime:0.000504s ]
INFO: [ app_end ] --END-- [ RunTime:0.000560s ]

[ 2017-02-03T12:03:05+08:00 ] ::1 /index.php/HealthManager/Doctor/editArchives/id/61
INFO: [ app_init ] --START--
INFO: Run Behavior\BuildLiteBehavior [ RunTime:0.000011s ]
INFO: [ app_init ] --END-- [ RunTime:0.000270s ]
INFO: [ app_begin ] --START--
INFO: Run Behavior\ReadHtmlCacheBehavior [ RunTime:0.000341s ]
INFO: [ app_begin ] --END-- [ RunTime:0.000382s ]
NOTIC: [8192] mysql_connect(): The mysql extension is deprecated and will be removed in the future: use mysqli or PDO instead /Applications/MAMP/htdocs/HealthManager/ThinkPHP/Library/Think/Session/Driver/Db.class.php 第 95 行.
INFO: [ view_begin ] --START--
SQL: SHOW COLUMNS FROM `hm_user_info_base` [ RunTime:0.0035s ]
SQL: SELECT `uid`,`username`,`email`,`mobile`,`email_verify`,`reg_time`,`user_type` FROM `hm_user_info_base` WHERE ( uid=1 ) LIMIT 1   [ RunTime:0.0029s ]
SQL: SHOW COLUMNS FROM `hm_user_info_details` [ RunTime:0.0032s ]
SQL: SELECT * FROM `hm_user_info_details` WHERE ( 1=1 AND uid='1' ) LIMIT 1   [ RunTime:0.0031s ]
SQL: SHOW COLUMNS FROM `hm_user_info_extra` [ RunTime:0.0031s ]
SQL: SELECT * FROM `hm_user_info_extra` WHERE ( 1=1 AND uid='1' ) LIMIT 1   [ RunTime:0.0042s ]
SQL: SHOW COLUMNS FROM `hm_user_info_certification` [ RunTime:0.0032s ]
SQL: SELECT * FROM `hm_user_info_certification` WHERE ( 1=1 AND uid='1' ) LIMIT 1   [ RunTime:0.0034s ]
SQL: SHOW COLUMNS FROM `hm_user_bind` [ RunTime:0.0029s ]
SQL: SELECT * FROM `hm_user_bind` WHERE ( 1=1 AND uid='1' )  [ RunTime:0.0026s ]
SQL: SHOW COLUMNS FROM `hm_info_message` [ RunTime:0.0031s ]
SQL: SELECT COUNT(*) AS tp_count FROM `hm_info_message` WHERE `to_user_id` = 'all' AND `status` = 0 LIMIT 1   [ RunTime:0.0024s ]
SQL: SHOW COLUMNS FROM `hm_auth_group_access` [ RunTime:0.0028s ]
SQL: SELECT `uid`,`group_id`,`title`,`rules` FROM hm_auth_group_access a INNER JOIN hm_auth_group g on a.group_id=g.id  WHERE ( a.uid='1' and g.status='1' )  [ RunTime:0.0028s ]
SQL: SHOW COLUMNS FROM `hm_auth_rule` [ RunTime:0.0029s ]
SQL: SELECT `condition`,`name` FROM `hm_auth_rule` WHERE `id` IN ('23','24','25','26','27','28','29','30','31','32','33') AND `type` = 2 AND `status` = 1  [ RunTime:0.0028s ]
INFO: Run HealthManager\Behavior\CheckAccessBehavior [ RunTime:0.073180s ]
INFO: [ view_begin ] --END-- [ RunTime:0.073270s ]
INFO: [ view_parse ] --START--
INFO: [ template_filter ] --START--
INFO: Run Behavior\ContentReplaceBehavior [ RunTime:0.000119s ]
INFO: [ template_filter ] --END-- [ RunTime:0.000213s ]
INFO: Run Behavior\ParseTemplateBehavior [ RunTime:0.039284s ]
INFO: [ view_parse ] --END-- [ RunTime:0.039359s ]
INFO: [ view_filter ] --START--
INFO: Run Behavior\WriteHtmlCacheBehavior [ RunTime:0.000125s ]
INFO: [ view_filter ] --END-- [ RunTime:0.000163s ]
INFO: [ app_end ] --START--
INFO: Run Behavior\ShowPageTraceBehavior [ RunTime:0.000498s ]
INFO: [ app_end ] --END-- [ RunTime:0.000566s ]

[ 2017-02-03T12:04:45+08:00 ] ::1 /index.php/HealthManager/Doctor/dashboard
INFO: [ app_init ] --START--
INFO: Run Behavior\BuildLiteBehavior [ RunTime:0.000027s ]
INFO: [ app_init ] --END-- [ RunTime:0.000387s ]
INFO: [ app_begin ] --START--
INFO: Run Behavior\ReadHtmlCacheBehavior [ RunTime:0.000344s ]
INFO: [ app_begin ] --END-- [ RunTime:0.000386s ]
NOTIC: [8192] mysql_connect(): The mysql extension is deprecated and will be removed in the future: use mysqli or PDO instead /Applications/MAMP/htdocs/HealthManager/ThinkPHP/Library/Think/Session/Driver/Db.class.php 第 95 行.
SQL: SHOW COLUMNS FROM `hm_menu` [ RunTime:0.0041s ]
SQL: SELECT * FROM `hm_menu` WHERE ( role=2 )  [ RunTime:0.0044s ]
SQL: SHOW COLUMNS FROM `hm_info_ask` [ RunTime:0.0042s ]
SQL: SELECT * FROM `hm_info_ask` WHERE `doctor_id` = 1 LIMIT 10   [ RunTime:0.0043s ]
SQL: SHOW COLUMNS FROM `hm_user_info_base` [ RunTime:0.0041s ]
SQL: SHOW COLUMNS FROM `hm_user_info_base` [ RunTime:0.0041s ]
SQL: SELECT `uid`,`username`,`email`,`mobile`,`email_verify`,`reg_time`,`user_type` FROM `hm_user_info_base` WHERE ( uid=11 ) LIMIT 1   [ RunTime:0.0038s ]
SQL: SHOW COLUMNS FROM `hm_user_info_details` [ RunTime:0.0040s ]
SQL: SELECT * FROM `hm_user_info_details` WHERE ( 1=1 AND uid='11' ) LIMIT 1   [ RunTime:0.0043s ]
SQL: SHOW COLUMNS FROM `hm_user_info_extra` [ RunTime:0.0045s ]
SQL: SELECT * FROM `hm_user_info_extra` WHERE ( 1=1 AND uid='11' ) LIMIT 1   [ RunTime:0.0040s ]
SQL: SHOW COLUMNS FROM `hm_user_info_certification` [ RunTime:0.0042s ]
SQL: SELECT * FROM `hm_user_info_certification` WHERE ( 1=1 AND uid='11' ) LIMIT 1   [ RunTime:0.0043s ]
SQL: SHOW COLUMNS FROM `hm_user_bind` [ RunTime:0.0039s ]
SQL: SELECT * FROM `hm_user_bind` WHERE ( 1=1 AND uid='11' )  [ RunTime:0.0035s ]
SQL: SELECT `uid`,`username`,`email`,`mobile`,`email_verify`,`reg_time`,`user_type` FROM `hm_user_info_base` WHERE ( uid=1 ) LIMIT 1   [ RunTime:0.0037s ]
SQL: SELECT * FROM `hm_user_info_details` WHERE ( 1=1 AND uid='1' ) LIMIT 1   [ RunTime:0.0039s ]
SQL: SELECT * FROM `hm_user_info_extra` WHERE ( 1=1 AND uid='1' ) LIMIT 1   [ RunTime:0.0042s ]
SQL: SELECT * FROM `hm_user_info_certification` WHERE ( 1=1 AND uid='1' ) LIMIT 1   [ RunTime:0.0065s ]
SQL: SELECT * FROM `hm_user_bind` WHERE ( 1=1 AND uid='1' )  [ RunTime:0.0036s ]
SQL: SELECT `uid`,`username`,`email`,`mobile`,`email_verify`,`reg_time`,`user_type` FROM `hm_user_info_base` WHERE ( uid=12 ) LIMIT 1   [ RunTime:0.0038s ]
SQL: SELECT * FROM `hm_user_info_details` WHERE ( 1=1 AND uid='12' ) LIMIT 1   [ RunTime:0.0039s ]
SQL: SELECT * FROM `hm_user_info_extra` WHERE ( 1=1 AND uid='12' ) LIMIT 1   [ RunTime:0.0038s ]
SQL: SELECT * FROM `hm_user_info_certification` WHERE ( 1=1 AND uid='12' ) LIMIT 1   [ RunTime:0.0048s ]
SQL: SELECT * FROM `hm_user_bind` WHERE ( 1=1 AND uid='12' )  [ RunTime:0.0036s ]
SQL: SELECT `uid`,`username`,`email`,`mobile`,`email_verify`,`reg_time`,`user_type` FROM `hm_user_info_base` WHERE ( uid=1 ) LIMIT 1   [ RunTime:0.0037s ]
SQL: SELECT * FROM `hm_user_info_details` WHERE ( 1=1 AND uid='1' ) LIMIT 1   [ RunTime:0.0040s ]
SQL: SELECT * FROM `hm_user_info_extra` WHERE ( 1=1 AND uid='1' ) LIMIT 1   [ RunTime:0.0042s ]
SQL: SELECT * FROM `hm_user_info_certification` WHERE ( 1=1 AND uid='1' ) LIMIT 1   [ RunTime:0.0043s ]
SQL: SELECT * FROM `hm_user_bind` WHERE ( 1=1 AND uid='1' )  [ RunTime:0.0034s ]
SQL: SELECT `uid`,`username`,`email`,`mobile`,`email_verify`,`reg_time`,`user_type` FROM `hm_user_info_base` WHERE ( uid=12 ) LIMIT 1   [ RunTime:0.0038s ]
SQL: SELECT * FROM `hm_user_info_details` WHERE ( 1=1 AND uid='12' ) LIMIT 1   [ RunTime:0.0041s ]
SQL: SELECT * FROM `hm_user_info_extra` WHERE ( 1=1 AND uid='12' ) LIMIT 1   [ RunTime:0.0039s ]
SQL: SELECT * FROM `hm_user_info_certification` WHERE ( 1=1 AND uid='12' ) LIMIT 1   [ RunTime:0.0043s ]
SQL: SELECT * FROM `hm_user_bind` WHERE ( 1=1 AND uid='12' )  [ RunTime:0.0036s ]
SQL: SELECT `uid`,`username`,`email`,`mobile`,`email_verify`,`reg_time`,`user_type` FROM `hm_user_info_base` WHERE ( uid=1 ) LIMIT 1   [ RunTime:0.0037s ]
SQL: SELECT * FROM `hm_user_info_details` WHERE ( 1=1 AND uid='1' ) LIMIT 1   [ RunTime:0.0040s ]
SQL: SELECT * FROM `hm_user_info_extra` WHERE ( 1=1 AND uid='1' ) LIMIT 1   [ RunTime:0.0042s ]
SQL: SELECT * FROM `hm_user_info_certification` WHERE ( 1=1 AND uid='1' ) LIMIT 1   [ RunTime:0.0043s ]
SQL: SELECT * FROM `hm_user_bind` WHERE ( 1=1 AND uid='1' )  [ RunTime:0.0036s ]
INFO: [ view_begin ] --START--
SQL: SELECT `uid`,`username`,`email`,`mobile`,`email_verify`,`reg_time`,`user_type` FROM `hm_user_info_base` WHERE ( uid=1 ) LIMIT 1   [ RunTime:0.0037s ]
SQL: SELECT * FROM `hm_user_info_details` WHERE ( 1=1 AND uid='1' ) LIMIT 1   [ RunTime:0.0042s ]
SQL: SELECT * FROM `hm_user_info_extra` WHERE ( 1=1 AND uid='1' ) LIMIT 1   [ RunTime:0.0042s ]
SQL: SELECT * FROM `hm_user_info_certification` WHERE ( 1=1 AND uid='1' ) LIMIT 1   [ RunTime:0.0042s ]
SQL: SELECT * FROM `hm_user_bind` WHERE ( 1=1 AND uid='1' )  [ RunTime:0.0035s ]
SQL: SHOW COLUMNS FROM `hm_info_message` [ RunTime:0.0040s ]
SQL: SELECT COUNT(*) AS tp_count FROM `hm_info_message` WHERE `to_user_id` = 'all' AND `status` = 0 LIMIT 1   [ RunTime:0.0034s ]
SQL: SHOW COLUMNS FROM `hm_auth_group_access` [ RunTime:0.0037s ]
SQL: SELECT `uid`,`group_id`,`title`,`rules` FROM hm_auth_group_access a INNER JOIN hm_auth_group g on a.group_id=g.id  WHERE ( a.uid='1' and g.status='1' )  [ RunTime:0.0036s ]
SQL: SHOW COLUMNS FROM `hm_auth_rule` [ RunTime:0.0038s ]
SQL: SELECT `condition`,`name` FROM `hm_auth_rule` WHERE `id` IN ('23','24','25','26','27','28','29','30','31','32','33') AND `type` = 2 AND `status` = 1  [ RunTime:0.0039s ]
INFO: Run HealthManager\Behavior\CheckAccessBehavior [ RunTime:0.047630s ]
INFO: [ view_begin ] --END-- [ RunTime:0.047739s ]
INFO: [ view_parse ] --START--
INFO: [ template_filter ] --START--
INFO: Run Behavior\ContentReplaceBehavior [ RunTime:0.000084s ]
INFO: [ template_filter ] --END-- [ RunTime:0.000131s ]
NOTIC: [8] Undefined variable: title /Applications/MAMP/htdocs/HealthManager/Application/Runtime/Cache/HealthManager/6e38b27d2c3ef5d91350e753dd96db84.php 第 321 行.
NOTIC: [8] Undefined variable: discription /Applications/MAMP/htdocs/HealthManager/Application/Runtime/Cache/HealthManager/6e38b27d2c3ef5d91350e753dd96db84.php 第 321 行.
NOTIC: [8] Undefined variable: parentUrl /Applications/MAMP/htdocs/HealthManager/Application/Runtime/Cache/HealthManager/6e38b27d2c3ef5d91350e753dd96db84.php 第 324 行.
NOTIC: [8] Undefined variable: parentIcon /Applications/MAMP/htdocs/HealthManager/Application/Runtime/Cache/HealthManager/6e38b27d2c3ef5d91350e753dd96db84.php 第 324 行.
NOTIC: [8] Undefined variable: parentTitle /Applications/MAMP/htdocs/HealthManager/Application/Runtime/Cache/HealthManager/6e38b27d2c3ef5d91350e753dd96db84.php 第 325 行.
NOTIC: [8] Undefined variable: title /Applications/MAMP/htdocs/HealthManager/Application/Runtime/Cache/HealthManager/6e38b27d2c3ef5d91350e753dd96db84.php 第 326 行.
INFO: Run Behavior\ParseTemplateBehavior [ RunTime:0.033421s ]
INFO: [ view_parse ] --END-- [ RunTime:0.033483s ]
INFO: [ view_filter ] --START--
INFO: Run Behavior\WriteHtmlCacheBehavior [ RunTime:0.000105s ]
INFO: [ view_filter ] --END-- [ RunTime:0.000138s ]
INFO: [ app_end ] --START--
INFO: Run Behavior\ShowPageTraceBehavior [ RunTime:0.000468s ]
INFO: [ app_end ] --END-- [ RunTime:0.000534s ]

