[ 2017-01-09T16:04:42+08:00 ] ::1 /HealthManager/Member/signOut.html
INFO: [ app_init ] --START--
INFO: Run Behavior\BuildLiteBehavior [ RunTime:0.000022s ]
INFO: [ app_init ] --END-- [ RunTime:0.003040s ]
INFO: [ app_begin ] --START--
INFO: Run Behavior\ReadHtmlCacheBehavior [ RunTime:0.000544s ]
INFO: [ app_begin ] --END-- [ RunTime:0.000627s ]
NOTIC: [8192] mysql_connect(): The mysql extension is deprecated and will be removed in the future: use mysqli or PDO instead /Applications/MAMP/htdocs/HealthManager/ThinkPHP/Library/Think/Session/Driver/Db.class.php 第 95 行.

[ 2017-01-09T16:04:42+08:00 ] ::1 /HealthManager/Member/signIn.html
INFO: [ app_init ] --START--
INFO: Run Behavior\BuildLiteBehavior [ RunTime:0.000016s ]
INFO: [ app_init ] --END-- [ RunTime:0.000174s ]
INFO: [ app_begin ] --START--
INFO: Run Behavior\ReadHtmlCacheBehavior [ RunTime:0.000062s ]
INFO: [ app_begin ] --END-- [ RunTime:0.000120s ]
NOTIC: [8192] mysql_connect(): The mysql extension is deprecated and will be removed in the future: use mysqli or PDO instead /Applications/MAMP/htdocs/HealthManager/ThinkPHP/Library/Think/Session/Driver/Db.class.php 第 95 行.
INFO: [ view_begin ] --START--

[ 2017-01-09T16:04:42+08:00 ] ::1 /index.php/HealthManager/Doctor/signIn.html
INFO: [ app_init ] --START--
INFO: Run Behavior\BuildLiteBehavior [ RunTime:0.000044s ]
INFO: [ app_init ] --END-- [ RunTime:0.000276s ]
INFO: [ app_begin ] --START--
INFO: Run Behavior\ReadHtmlCacheBehavior [ RunTime:0.000074s ]
INFO: [ app_begin ] --END-- [ RunTime:0.000143s ]
NOTIC: [8192] mysql_connect(): The mysql extension is deprecated and will be removed in the future: use mysqli or PDO instead /Applications/MAMP/htdocs/HealthManager/ThinkPHP/Library/Think/Session/Driver/Db.class.php 第 95 行.
INFO: [ view_begin ] --START--
INFO: Run HealthManager\Behavior\CheckAccessBehavior [ RunTime:0.000107s ]
INFO: [ view_begin ] --END-- [ RunTime:0.000183s ]
INFO: [ view_parse ] --START--
INFO: [ template_filter ] --START--
INFO: Run Behavior\ContentReplaceBehavior [ RunTime:0.000086s ]
INFO: [ template_filter ] --END-- [ RunTime:0.000168s ]
NOTIC: [8] Use of undefined constant signIn - assumed 'signIn' /Applications/MAMP/htdocs/HealthManager/Application/Runtime/Cache/HealthManager/65312c2d74527fbaa42566f0ac1c2b07.php 第 37 行.
INFO: Run Behavior\ParseTemplateBehavior [ RunTime:0.013138s ]
INFO: [ view_parse ] --END-- [ RunTime:0.013194s ]
INFO: [ view_filter ] --START--
INFO: Run Behavior\WriteHtmlCacheBehavior [ RunTime:0.002987s ]
INFO: [ view_filter ] --END-- [ RunTime:0.003063s ]
INFO: [ app_end ] --START--
INFO: Run Behavior\ShowPageTraceBehavior [ RunTime:0.000557s ]
INFO: [ app_end ] --END-- [ RunTime:0.000629s ]

[ 2017-01-09T16:04:48+08:00 ] ::1 /index.php/HealthManager/Doctor/ajax_signIn
INFO: [ app_init ] --START--
INFO: Run Behavior\BuildLiteBehavior [ RunTime:0.000017s ]
INFO: [ app_init ] --END-- [ RunTime:0.000152s ]
INFO: [ app_begin ] --START--
INFO: Run Behavior\ReadHtmlCacheBehavior [ RunTime:0.000069s ]
INFO: [ app_begin ] --END-- [ RunTime:0.000129s ]
NOTIC: [8192] mysql_connect(): The mysql extension is deprecated and will be removed in the future: use mysqli or PDO instead /Applications/MAMP/htdocs/HealthManager/ThinkPHP/Library/Think/Session/Driver/Db.class.php 第 95 行.
NOTIC: [8] curl_setopt(): CURLOPT_SSL_VERIFYHOST no longer accepts the value 1, value 2 will be used instead /Applications/MAMP/htdocs/HealthManager/Application/Common/Common/function.php 第 66 行.

[ 2017-01-09T16:04:48+08:00 ] ::1 /HealthManager/Doctor/dashboard
INFO: [ app_init ] --START--
INFO: Run Behavior\BuildLiteBehavior [ RunTime:0.000015s ]
INFO: [ app_init ] --END-- [ RunTime:0.000141s ]
INFO: [ app_begin ] --START--
INFO: Run Behavior\ReadHtmlCacheBehavior [ RunTime:0.000058s ]
INFO: [ app_begin ] --END-- [ RunTime:0.000110s ]
NOTIC: [8192] mysql_connect(): The mysql extension is deprecated and will be removed in the future: use mysqli or PDO instead /Applications/MAMP/htdocs/HealthManager/ThinkPHP/Library/Think/Session/Driver/Db.class.php 第 95 行.
SQL: SHOW COLUMNS FROM `hm_menu` [ RunTime:0.0048s ]
SQL: SELECT * FROM `hm_menu` WHERE ( role=2 )  [ RunTime:0.0056s ]
SQL: SHOW COLUMNS FROM `hm_info_ask` [ RunTime:0.0040s ]
SQL: SELECT * FROM `hm_info_ask` WHERE `doctor_id` = 11 LIMIT 10   [ RunTime:0.0037s ]
NOTIC: [8] Undefined variable: consultationArray /Applications/MAMP/htdocs/HealthManager/Application/HealthManager/Controller/DoctorController.class.php 第 70 行.
INFO: [ view_begin ] --START--
SQL: SHOW COLUMNS FROM `hm_user_info_base` [ RunTime:0.0049s ]
SQL: SELECT `uid`,`username`,`email`,`mobile`,`email_verify`,`reg_time`,`user_type` FROM `hm_user_info_base` WHERE ( uid=11 ) LIMIT 1   [ RunTime:0.0041s ]
SQL: SHOW COLUMNS FROM `hm_user_info_details` [ RunTime:0.0039s ]
SQL: SELECT * FROM `hm_user_info_details` WHERE ( 1=1 AND uid='11' ) LIMIT 1   [ RunTime:0.0045s ]
SQL: SHOW COLUMNS FROM `hm_user_info_extra` [ RunTime:0.0041s ]
SQL: SELECT * FROM `hm_user_info_extra` WHERE ( 1=1 AND uid='11' ) LIMIT 1   [ RunTime:0.0039s ]
SQL: SHOW COLUMNS FROM `hm_user_info_certification` [ RunTime:0.0042s ]
SQL: SELECT * FROM `hm_user_info_certification` WHERE ( 1=1 AND uid='11' ) LIMIT 1   [ RunTime:0.0037s ]
SQL: SHOW COLUMNS FROM `hm_user_bind` [ RunTime:0.0045s ]
SQL: SELECT * FROM `hm_user_bind` WHERE ( 1=1 AND uid='11' )  [ RunTime:0.0031s ]
SQL: SHOW COLUMNS FROM `hm_info_message` [ RunTime:0.0039s ]
SQL: SELECT COUNT(*) AS tp_count FROM `hm_info_message` WHERE `to_user_id` = 'all' AND `status` = 0 LIMIT 1   [ RunTime:0.0036s ]
SQL: SHOW COLUMNS FROM `hm_auth_group_access` [ RunTime:0.0035s ]
SQL: SELECT `uid`,`group_id`,`title`,`rules` FROM hm_auth_group_access a INNER JOIN hm_auth_group g on a.group_id=g.id  WHERE ( a.uid='11' and g.status='1' )  [ RunTime:0.0037s ]
SQL: SHOW COLUMNS FROM `hm_auth_rule` [ RunTime:0.0037s ]
SQL: SELECT `condition`,`name` FROM `hm_auth_rule` WHERE `id` IN ('1','2','3','4','5','6','7','8','9','10','11','12','13','14','15','16','17','18','19','20','21','22') AND `type` = 2 AND `status` = 1  [ RunTime:0.0038s ]

[ 2017-01-09T16:04:54+08:00 ] ::1 /index.php/HealthManager/Member/signIn.html
INFO: [ app_init ] --START--
INFO: Run Behavior\BuildLiteBehavior [ RunTime:0.000014s ]
INFO: [ app_init ] --END-- [ RunTime:0.000139s ]
INFO: [ app_begin ] --START--
INFO: Run Behavior\ReadHtmlCacheBehavior [ RunTime:0.000059s ]
INFO: [ app_begin ] --END-- [ RunTime:0.000110s ]
NOTIC: [8192] mysql_connect(): The mysql extension is deprecated and will be removed in the future: use mysqli or PDO instead /Applications/MAMP/htdocs/HealthManager/ThinkPHP/Library/Think/Session/Driver/Db.class.php 第 95 行.
INFO: [ view_begin ] --START--
SQL: SHOW COLUMNS FROM `hm_user_info_base` [ RunTime:0.0081s ]
SQL: SELECT `uid`,`username`,`email`,`mobile`,`email_verify`,`reg_time`,`user_type` FROM `hm_user_info_base` WHERE ( uid=11 ) LIMIT 1   [ RunTime:0.0062s ]
SQL: SHOW COLUMNS FROM `hm_user_info_details` [ RunTime:0.0047s ]
SQL: SELECT * FROM `hm_user_info_details` WHERE ( 1=1 AND uid='11' ) LIMIT 1   [ RunTime:0.0053s ]
SQL: SHOW COLUMNS FROM `hm_user_info_extra` [ RunTime:0.0042s ]
SQL: SELECT * FROM `hm_user_info_extra` WHERE ( 1=1 AND uid='11' ) LIMIT 1   [ RunTime:0.0038s ]
SQL: SHOW COLUMNS FROM `hm_user_info_certification` [ RunTime:0.0043s ]
SQL: SELECT * FROM `hm_user_info_certification` WHERE ( 1=1 AND uid='11' ) LIMIT 1   [ RunTime:0.0038s ]
SQL: SHOW COLUMNS FROM `hm_user_bind` [ RunTime:0.0038s ]
SQL: SELECT * FROM `hm_user_bind` WHERE ( 1=1 AND uid='11' )  [ RunTime:0.0037s ]
SQL: SHOW COLUMNS FROM `hm_info_message` [ RunTime:0.0045s ]
SQL: SELECT COUNT(*) AS tp_count FROM `hm_info_message` WHERE `to_user_id` = 'all' AND `status` = 0 LIMIT 1   [ RunTime:0.0035s ]
SQL: SHOW COLUMNS FROM `hm_auth_group_access` [ RunTime:0.0039s ]
SQL: SELECT `uid`,`group_id`,`title`,`rules` FROM hm_auth_group_access a INNER JOIN hm_auth_group g on a.group_id=g.id  WHERE ( a.uid='11' and g.status='1' )  [ RunTime:0.0034s ]
SQL: SHOW COLUMNS FROM `hm_auth_rule` [ RunTime:0.0043s ]
SQL: SELECT `condition`,`name` FROM `hm_auth_rule` WHERE `id` IN ('1','2','3','4','5','6','7','8','9','10','11','12','13','14','15','16','17','18','19','20','21','22') AND `type` = 2 AND `status` = 1  [ RunTime:0.0038s ]

[ 2017-01-09T16:05:34+08:00 ] ::1 /index.php/HealthManager/Member/signIn.html
INFO: [ app_init ] --START--
INFO: Run Behavior\BuildLiteBehavior [ RunTime:0.000013s ]
INFO: [ app_init ] --END-- [ RunTime:0.000120s ]
INFO: [ app_begin ] --START--
INFO: Run Behavior\ReadHtmlCacheBehavior [ RunTime:0.000056s ]
INFO: [ app_begin ] --END-- [ RunTime:0.000106s ]
NOTIC: [8192] mysql_connect(): The mysql extension is deprecated and will be removed in the future: use mysqli or PDO instead /Applications/MAMP/htdocs/HealthManager/ThinkPHP/Library/Think/Session/Driver/Db.class.php 第 95 行.
INFO: [ view_begin ] --START--
INFO: Run HealthManager\Behavior\CheckAccessBehavior [ RunTime:0.006046s ]
INFO: [ view_begin ] --END-- [ RunTime:0.006143s ]
INFO: [ view_parse ] --START--
INFO: [ template_filter ] --START--
INFO: Run Behavior\ContentReplaceBehavior [ RunTime:0.000072s ]
INFO: [ template_filter ] --END-- [ RunTime:0.000151s ]
NOTIC: [8] Use of undefined constant signIn - assumed 'signIn' /Applications/MAMP/htdocs/HealthManager/Application/Runtime/Cache/HealthManager/23c8f7904e7df14c8a5356875c906312.php 第 38 行.
INFO: Run Behavior\ParseTemplateBehavior [ RunTime:0.005237s ]
INFO: [ view_parse ] --END-- [ RunTime:0.005305s ]
INFO: [ view_filter ] --START--
INFO: Run Behavior\WriteHtmlCacheBehavior [ RunTime:0.000076s ]
INFO: [ view_filter ] --END-- [ RunTime:0.000125s ]
INFO: [ app_end ] --START--
INFO: Run Behavior\ShowPageTraceBehavior [ RunTime:0.000057s ]
INFO: [ app_end ] --END-- [ RunTime:0.000103s ]

[ 2017-01-09T16:05:45+08:00 ] ::1 /HealthManager/Member/ajax_signIn
INFO: [ app_init ] --START--
INFO: Run Behavior\BuildLiteBehavior [ RunTime:0.000024s ]
INFO: [ app_init ] --END-- [ RunTime:0.000161s ]
INFO: [ app_begin ] --START--
INFO: Run Behavior\ReadHtmlCacheBehavior [ RunTime:0.000055s ]
INFO: [ app_begin ] --END-- [ RunTime:0.000100s ]
NOTIC: [8192] mysql_connect(): The mysql extension is deprecated and will be removed in the future: use mysqli or PDO instead /Applications/MAMP/htdocs/HealthManager/ThinkPHP/Library/Think/Session/Driver/Db.class.php 第 95 行.
NOTIC: [8] curl_setopt(): CURLOPT_SSL_VERIFYHOST no longer accepts the value 1, value 2 will be used instead /Applications/MAMP/htdocs/HealthManager/Application/Common/Common/function.php 第 66 行.

[ 2017-01-09T16:05:46+08:00 ] ::1 /HealthManager/Member/dashboard
INFO: [ app_init ] --START--
INFO: Run Behavior\BuildLiteBehavior [ RunTime:0.000021s ]
INFO: [ app_init ] --END-- [ RunTime:0.000185s ]
INFO: [ app_begin ] --START--
INFO: Run Behavior\ReadHtmlCacheBehavior [ RunTime:0.000060s ]
INFO: [ app_begin ] --END-- [ RunTime:0.000114s ]
NOTIC: [8192] mysql_connect(): The mysql extension is deprecated and will be removed in the future: use mysqli or PDO instead /Applications/MAMP/htdocs/HealthManager/ThinkPHP/Library/Think/Session/Driver/Db.class.php 第 95 行.
SQL: SHOW COLUMNS FROM `hm_menu` [ RunTime:0.0035s ]
SQL: SELECT * FROM `hm_menu` WHERE ( role=1 )  [ RunTime:0.0035s ]
SQL: SHOW COLUMNS FROM `hm_result_report` [ RunTime:0.0033s ]
SQL: SELECT * FROM `hm_result_report` WHERE ( uid=11 ) GROUP BY report_type ORDER BY add_time DESC  [ RunTime:0.0037s ]
SQL: SHOW COLUMNS FROM `hm_data_tempe_rature` [ RunTime:0.0030s ]
SQL: SELECT * FROM `hm_data_tempe_rature` WHERE ( tempe_rature_id=1 ) LIMIT 1   [ RunTime:0.0031s ]
SQL: SHOW COLUMNS FROM `hm_data_blood_oxygen` [ RunTime:0.0033s ]
SQL: SELECT * FROM `hm_data_blood_oxygen` WHERE ( blood_oxygen_id=1 ) LIMIT 1   [ RunTime:0.0030s ]
SQL: SHOW COLUMNS FROM `hm_data_dynamic_bp` [ RunTime:0.0038s ]
SQL: SELECT * FROM `hm_data_dynamic_bp` WHERE ( detect_id=336 ) LIMIT 1   [ RunTime:0.0037s ]
SQL: SHOW COLUMNS FROM `hm_data_sst` [ RunTime:0.0034s ]
SQL: SELECT * FROM `hm_data_sst` WHERE ( id=1391 ) LIMIT 1   [ RunTime:0.0037s ]
SQL: SHOW COLUMNS FROM `hm_data_blood_sugar` [ RunTime:0.0031s ]
SQL: SELECT * FROM `hm_data_blood_sugar` WHERE ( blood_sugar_id=6 ) LIMIT 1   [ RunTime:0.0034s ]
INFO: [ view_begin ] --START--
SQL: SHOW COLUMNS FROM `hm_user_info_base` [ RunTime:0.0033s ]
SQL: SELECT `uid`,`username`,`email`,`mobile`,`email_verify`,`reg_time`,`user_type` FROM `hm_user_info_base` WHERE ( uid=11 ) LIMIT 1   [ RunTime:0.0029s ]
SQL: SHOW COLUMNS FROM `hm_user_info_details` [ RunTime:0.0032s ]
SQL: SELECT * FROM `hm_user_info_details` WHERE ( 1=1 AND uid='11' ) LIMIT 1   [ RunTime:0.0033s ]
SQL: SHOW COLUMNS FROM `hm_user_info_extra` [ RunTime:0.0031s ]
SQL: SELECT * FROM `hm_user_info_extra` WHERE ( 1=1 AND uid='11' ) LIMIT 1   [ RunTime:0.0030s ]
SQL: SHOW COLUMNS FROM `hm_user_info_certification` [ RunTime:0.0045s ]
SQL: SELECT * FROM `hm_user_info_certification` WHERE ( 1=1 AND uid='11' ) LIMIT 1   [ RunTime:0.0031s ]
SQL: SHOW COLUMNS FROM `hm_user_bind` [ RunTime:0.0033s ]
SQL: SELECT * FROM `hm_user_bind` WHERE ( 1=1 AND uid='11' )  [ RunTime:0.0027s ]
SQL: SHOW COLUMNS FROM `hm_auth_group_access` [ RunTime:0.0029s ]
SQL: SELECT `uid`,`group_id`,`title`,`rules` FROM hm_auth_group_access a INNER JOIN hm_auth_group g on a.group_id=g.id  WHERE ( a.uid='11' and g.status='1' )  [ RunTime:0.0025s ]
SQL: SHOW COLUMNS FROM `hm_auth_rule` [ RunTime:0.0031s ]
SQL: SELECT `condition`,`name` FROM `hm_auth_rule` WHERE `id` IN ('1','2','3','4','5','6','7','8','9','10','11','12','13','14','15','16','17','18','19','20','21','22') AND `type` = 1 AND `status` = 1  [ RunTime:0.0033s ]
INFO: Run HealthManager\Behavior\CheckAccessBehavior [ RunTime:0.049766s ]
INFO: [ view_begin ] --END-- [ RunTime:0.049834s ]
INFO: [ view_parse ] --START--
INFO: [ template_filter ] --START--
INFO: Run Behavior\ContentReplaceBehavior [ RunTime:0.000140s ]
INFO: [ template_filter ] --END-- [ RunTime:0.000250s ]
NOTIC: [8] Undefined variable: noReadMessageCount /Applications/MAMP/htdocs/HealthManager/Application/Runtime/Cache/HealthManager/66e2f712b0113a25d6a1722f3691af31.php 第 180 行.
NOTIC: [8] Undefined variable: discription /Applications/MAMP/htdocs/HealthManager/Application/Runtime/Cache/HealthManager/66e2f712b0113a25d6a1722f3691af31.php 第 327 行.
NOTIC: [8] Undefined variable: message /Applications/MAMP/htdocs/HealthManager/Application/Runtime/Cache/HealthManager/66e2f712b0113a25d6a1722f3691af31.php 第 359 行.
NOTIC: [8] Undefined index: data /Applications/MAMP/htdocs/HealthManager/Application/Runtime/Cache/HealthManager/66e2f712b0113a25d6a1722f3691af31.php 第 361 行.
NOTIC: [8] Undefined variable: message /Applications/MAMP/htdocs/HealthManager/Application/Runtime/Cache/HealthManager/66e2f712b0113a25d6a1722f3691af31.php 第 359 行.
NOTIC: [8] Undefined variable: message /Applications/MAMP/htdocs/HealthManager/Application/Runtime/Cache/HealthManager/66e2f712b0113a25d6a1722f3691af31.php 第 359 行.
NOTIC: [8] Undefined index: data /Applications/MAMP/htdocs/HealthManager/Application/Runtime/Cache/HealthManager/66e2f712b0113a25d6a1722f3691af31.php 第 361 行.
NOTIC: [8] Undefined variable: message /Applications/MAMP/htdocs/HealthManager/Application/Runtime/Cache/HealthManager/66e2f712b0113a25d6a1722f3691af31.php 第 359 行.
NOTIC: [8] Undefined variable: message /Applications/MAMP/htdocs/HealthManager/Application/Runtime/Cache/HealthManager/66e2f712b0113a25d6a1722f3691af31.php 第 359 行.
NOTIC: [8] Undefined index: data /Applications/MAMP/htdocs/HealthManager/Application/Runtime/Cache/HealthManager/66e2f712b0113a25d6a1722f3691af31.php 第 361 行.
NOTIC: [8] Undefined variable: message /Applications/MAMP/htdocs/HealthManager/Application/Runtime/Cache/HealthManager/66e2f712b0113a25d6a1722f3691af31.php 第 359 行.
NOTIC: [8] Undefined index: data /Applications/MAMP/htdocs/HealthManager/Application/Runtime/Cache/HealthManager/66e2f712b0113a25d6a1722f3691af31.php 第 361 行.
NOTIC: [8] Undefined variable: message /Applications/MAMP/htdocs/HealthManager/Application/Runtime/Cache/HealthManager/66e2f712b0113a25d6a1722f3691af31.php 第 359 行.
INFO: Run Behavior\ParseTemplateBehavior [ RunTime:0.031567s ]
INFO: [ view_parse ] --END-- [ RunTime:0.031633s ]
INFO: [ view_filter ] --START--
INFO: Run Behavior\WriteHtmlCacheBehavior [ RunTime:0.000084s ]
INFO: [ view_filter ] --END-- [ RunTime:0.000128s ]
INFO: [ app_end ] --START--
INFO: Run Behavior\ShowPageTraceBehavior [ RunTime:0.000096s ]
INFO: [ app_end ] --END-- [ RunTime:0.000292s ]

[ 2017-01-09T16:05:53+08:00 ] ::1 /index.php/HealthManager/Member/safeCenter
INFO: [ app_init ] --START--
INFO: Run Behavior\BuildLiteBehavior [ RunTime:0.000014s ]
INFO: [ app_init ] --END-- [ RunTime:0.000121s ]
INFO: [ app_begin ] --START--
INFO: Run Behavior\ReadHtmlCacheBehavior [ RunTime:0.000056s ]
INFO: [ app_begin ] --END-- [ RunTime:0.000107s ]
NOTIC: [8192] mysql_connect(): The mysql extension is deprecated and will be removed in the future: use mysqli or PDO instead /Applications/MAMP/htdocs/HealthManager/ThinkPHP/Library/Think/Session/Driver/Db.class.php 第 95 行.
SQL: SHOW COLUMNS FROM `hm_menu` [ RunTime:0.0049s ]
SQL: SELECT * FROM `hm_menu` WHERE ( role=1 )  [ RunTime:0.0049s ]
INFO: [ view_begin ] --START--
SQL: SHOW COLUMNS FROM `hm_user_info_base` [ RunTime:0.0048s ]
SQL: SELECT `uid`,`username`,`email`,`mobile`,`email_verify`,`reg_time`,`user_type` FROM `hm_user_info_base` WHERE ( uid=11 ) LIMIT 1   [ RunTime:0.0047s ]
SQL: SHOW COLUMNS FROM `hm_user_info_details` [ RunTime:0.0048s ]
SQL: SELECT * FROM `hm_user_info_details` WHERE ( 1=1 AND uid='11' ) LIMIT 1   [ RunTime:0.0059s ]
SQL: SHOW COLUMNS FROM `hm_user_info_extra` [ RunTime:0.0046s ]
SQL: SELECT * FROM `hm_user_info_extra` WHERE ( 1=1 AND uid='11' ) LIMIT 1   [ RunTime:0.0051s ]
SQL: SHOW COLUMNS FROM `hm_user_info_certification` [ RunTime:0.0044s ]
SQL: SELECT * FROM `hm_user_info_certification` WHERE ( 1=1 AND uid='11' ) LIMIT 1   [ RunTime:0.0045s ]
SQL: SHOW COLUMNS FROM `hm_user_bind` [ RunTime:0.0047s ]
SQL: SELECT * FROM `hm_user_bind` WHERE ( 1=1 AND uid='11' )  [ RunTime:0.0055s ]
SQL: SHOW COLUMNS FROM `hm_auth_group_access` [ RunTime:0.0046s ]
SQL: SELECT `uid`,`group_id`,`title`,`rules` FROM hm_auth_group_access a INNER JOIN hm_auth_group g on a.group_id=g.id  WHERE ( a.uid='11' and g.status='1' )  [ RunTime:0.0041s ]
SQL: SHOW COLUMNS FROM `hm_auth_rule` [ RunTime:0.0044s ]
SQL: SELECT `condition`,`name` FROM `hm_auth_rule` WHERE `id` IN ('1','2','3','4','5','6','7','8','9','10','11','12','13','14','15','16','17','18','19','20','21','22') AND `type` = 1 AND `status` = 1  [ RunTime:0.0048s ]
INFO: Run HealthManager\Behavior\CheckAccessBehavior [ RunTime:0.072695s ]
INFO: [ view_begin ] --END-- [ RunTime:0.072762s ]
INFO: [ view_parse ] --START--
INFO: [ template_filter ] --START--
INFO: Run Behavior\ContentReplaceBehavior [ RunTime:0.000122s ]
INFO: [ template_filter ] --END-- [ RunTime:0.000197s ]
NOTIC: [8] Undefined variable: noReadMessageCount /Applications/MAMP/htdocs/HealthManager/Application/Runtime/Cache/HealthManager/10f56442b11be3cc9765e6a267f4b774.php 第 180 行.
INFO: Run Behavior\ParseTemplateBehavior [ RunTime:0.032941s ]
INFO: [ view_parse ] --END-- [ RunTime:0.033009s ]
INFO: [ view_filter ] --START--
INFO: Run Behavior\WriteHtmlCacheBehavior [ RunTime:0.000065s ]
INFO: [ view_filter ] --END-- [ RunTime:0.000108s ]
INFO: [ app_end ] --START--
INFO: Run Behavior\ShowPageTraceBehavior [ RunTime:0.000056s ]
INFO: [ app_end ] --END-- [ RunTime:0.000107s ]

