[ 2017-01-16T10:40:23+08:00 ] ::1 /index.php/HealthManager/Member/userSendConsultingInfo
INFO: [ app_init ] --START--
INFO: Run Behavior\BuildLiteBehavior [ RunTime:0.000305s ]
INFO: [ app_init ] --END-- [ RunTime:0.001280s ]
INFO: [ app_begin ] --START--
INFO: Run Behavior\ReadHtmlCacheBehavior [ RunTime:0.000683s ]
INFO: [ app_begin ] --END-- [ RunTime:0.000742s ]
NOTIC: [8192] mysql_connect(): The mysql extension is deprecated and will be removed in the future: use mysqli or PDO instead /Applications/MAMP/htdocs/HealthManager/ThinkPHP/Library/Think/Session/Driver/Db.class.php 第 95 行.
SQL: SHOW COLUMNS FROM `hm_menu` [ RunTime:0.0033s ]
SQL: SELECT * FROM `hm_menu` WHERE ( role=1 )  [ RunTime:0.0038s ]
SQL: SHOW COLUMNS FROM `hm_info_hospital_department` [ RunTime:0.0029s ]
SQL: SELECT * FROM `hm_info_hospital_department`  [ RunTime:0.0027s ]
SQL: SHOW COLUMNS FROM `hm_user_info_base` [ RunTime:0.0034s ]
SQL: SELECT `uid`,`username`,`email`,`mobile`,`email_verify`,`reg_time`,`user_type` FROM `hm_user_info_base` WHERE `user_type` = 2  [ RunTime:0.0036s ]
SQL: SHOW COLUMNS FROM `hm_user_info_details` [ RunTime:0.0032s ]
SQL: SELECT * FROM `hm_user_info_details` WHERE ( 1=1 AND uid='1' ) LIMIT 1   [ RunTime:0.0031s ]
SQL: SHOW COLUMNS FROM `hm_user_info_extra` [ RunTime:0.0031s ]
SQL: SELECT * FROM `hm_user_info_extra` WHERE ( 1=1 AND uid='1' ) LIMIT 1   [ RunTime:0.0038s ]
SQL: SHOW COLUMNS FROM `hm_user_info_certification` [ RunTime:0.0035s ]
SQL: SELECT * FROM `hm_user_info_certification` WHERE ( 1=1 AND uid='1' ) LIMIT 1   [ RunTime:0.0034s ]
SQL: SHOW COLUMNS FROM `hm_user_bind` [ RunTime:0.0030s ]
SQL: SELECT * FROM `hm_user_bind` WHERE ( 1=1 AND uid='1' )  [ RunTime:0.0027s ]
SQL: SELECT * FROM `hm_user_info_details` WHERE ( 1=1 AND uid='14' ) LIMIT 1   [ RunTime:0.0031s ]
SQL: SELECT * FROM `hm_user_info_extra` WHERE ( 1=1 AND uid='14' ) LIMIT 1   [ RunTime:0.0033s ]
SQL: SELECT * FROM `hm_user_info_certification` WHERE ( 1=1 AND uid='14' ) LIMIT 1   [ RunTime:0.0033s ]
SQL: SELECT * FROM `hm_user_bind` WHERE ( 1=1 AND uid='14' )  [ RunTime:0.0027s ]
SQL: SELECT * FROM `hm_user_info_details` WHERE ( 1=1 AND uid='16' ) LIMIT 1   [ RunTime:0.0033s ]
SQL: SELECT * FROM `hm_user_info_extra` WHERE ( 1=1 AND uid='16' ) LIMIT 1   [ RunTime:0.0033s ]
SQL: SELECT * FROM `hm_user_info_certification` WHERE ( 1=1 AND uid='16' ) LIMIT 1   [ RunTime:0.0039s ]
SQL: SELECT * FROM `hm_user_bind` WHERE ( 1=1 AND uid='16' )  [ RunTime:0.0025s ]
SQL: SHOW COLUMNS FROM `hm_user_info_extra` [ RunTime:0.0032s ]
SQL: SELECT * FROM `hm_user_info_extra` WHERE ( uid=1 ) LIMIT 1   [ RunTime:0.0033s ]
SQL: SHOW COLUMNS FROM `hm_info_hospital` [ RunTime:0.0030s ]
SQL: SELECT * FROM `hm_info_hospital` WHERE ( id=6 ) LIMIT 1   [ RunTime:0.0029s ]
SQL: SELECT * FROM `hm_info_hospital_department` WHERE ( department_id=1 ) LIMIT 1   [ RunTime:0.0030s ]
SQL: SHOW COLUMNS FROM `hm_info_hospital_subdiscipline` [ RunTime:0.0030s ]
SQL: SELECT * FROM `hm_info_hospital_subdiscipline` WHERE ( subdiscipline_id=6 ) LIMIT 1   [ RunTime:0.0026s ]
SQL: SHOW COLUMNS FROM `hm_info_hospital_position` [ RunTime:0.0028s ]
SQL: SELECT * FROM `hm_info_hospital_position` WHERE ( position_id=2 ) LIMIT 1   [ RunTime:0.0025s ]
SQL: SELECT * FROM `hm_user_info_extra` WHERE ( uid=14 ) LIMIT 1   [ RunTime:0.0037s ]
SQL: SELECT * FROM `hm_info_hospital` WHERE ( id=6 ) LIMIT 1   [ RunTime:0.0028s ]
SQL: SELECT * FROM `hm_info_hospital_department` WHERE ( department_id=1 ) LIMIT 1   [ RunTime:0.0026s ]
SQL: SELECT * FROM `hm_info_hospital_subdiscipline` WHERE ( subdiscipline_id=6 ) LIMIT 1   [ RunTime:0.0026s ]
SQL: SELECT * FROM `hm_info_hospital_position` WHERE ( position_id=2 ) LIMIT 1   [ RunTime:0.0024s ]
SQL: SELECT * FROM `hm_user_info_extra` WHERE ( uid=16 ) LIMIT 1   [ RunTime:0.0037s ]
SQL: SELECT * FROM `hm_info_hospital` WHERE ( id=6 ) LIMIT 1   [ RunTime:0.0029s ]
SQL: SELECT * FROM `hm_info_hospital_department` WHERE ( department_id=1 ) LIMIT 1   [ RunTime:0.0025s ]
SQL: SELECT * FROM `hm_info_hospital_subdiscipline` WHERE ( subdiscipline_id=6 ) LIMIT 1   [ RunTime:0.0029s ]
SQL: SELECT * FROM `hm_info_hospital_position` WHERE ( position_id=2 ) LIMIT 1   [ RunTime:0.0024s ]
INFO: [ view_begin ] --START--

[ 2017-01-16T10:40:23+08:00 ] ::1 /index.php/HealthManager/Doctor/signIn.html
INFO: [ app_init ] --START--
INFO: Run Behavior\BuildLiteBehavior [ RunTime:0.000010s ]
INFO: [ app_init ] --END-- [ RunTime:0.000243s ]
INFO: [ app_begin ] --START--
INFO: Run Behavior\ReadHtmlCacheBehavior [ RunTime:0.000326s ]
INFO: [ app_begin ] --END-- [ RunTime:0.000366s ]
NOTIC: [8192] mysql_connect(): The mysql extension is deprecated and will be removed in the future: use mysqli or PDO instead /Applications/MAMP/htdocs/HealthManager/ThinkPHP/Library/Think/Session/Driver/Db.class.php 第 95 行.
INFO: [ view_begin ] --START--
INFO: Run HealthManager\Behavior\CheckAccessBehavior [ RunTime:0.000199s ]
INFO: [ view_begin ] --END-- [ RunTime:0.000248s ]
INFO: [ view_parse ] --START--
INFO: [ template_filter ] --START--
INFO: Run Behavior\ContentReplaceBehavior [ RunTime:0.000050s ]
INFO: [ template_filter ] --END-- [ RunTime:0.000092s ]
NOTIC: [8] Use of undefined constant signIn - assumed 'signIn' /Applications/MAMP/htdocs/HealthManager/Application/Runtime/Cache/HealthManager/65312c2d74527fbaa42566f0ac1c2b07.php 第 37 行.
INFO: Run Behavior\ParseTemplateBehavior [ RunTime:0.007495s ]
INFO: [ view_parse ] --END-- [ RunTime:0.007531s ]
INFO: [ view_filter ] --START--
INFO: Run Behavior\WriteHtmlCacheBehavior [ RunTime:0.000402s ]
INFO: [ view_filter ] --END-- [ RunTime:0.000441s ]
INFO: [ app_end ] --START--
INFO: Run Behavior\ShowPageTraceBehavior [ RunTime:0.000636s ]
INFO: [ app_end ] --END-- [ RunTime:0.000675s ]

[ 2017-01-16T10:40:26+08:00 ] ::1 /index.php/HealthManager/Doctor/ajax_signIn
INFO: [ app_init ] --START--
INFO: Run Behavior\BuildLiteBehavior [ RunTime:0.000010s ]
INFO: [ app_init ] --END-- [ RunTime:0.000247s ]
INFO: [ app_begin ] --START--
INFO: Run Behavior\ReadHtmlCacheBehavior [ RunTime:0.000362s ]
INFO: [ app_begin ] --END-- [ RunTime:0.000403s ]
NOTIC: [8192] mysql_connect(): The mysql extension is deprecated and will be removed in the future: use mysqli or PDO instead /Applications/MAMP/htdocs/HealthManager/ThinkPHP/Library/Think/Session/Driver/Db.class.php 第 95 行.
NOTIC: [8] curl_setopt(): CURLOPT_SSL_VERIFYHOST no longer accepts the value 1, value 2 will be used instead /Applications/MAMP/htdocs/HealthManager/Application/Common/Common/function.php 第 66 行.

[ 2017-01-16T10:40:26+08:00 ] ::1 /HealthManager/Doctor/dashboard
INFO: [ app_init ] --START--
INFO: Run Behavior\BuildLiteBehavior [ RunTime:0.000010s ]
INFO: [ app_init ] --END-- [ RunTime:0.000247s ]
INFO: [ app_begin ] --START--
INFO: Run Behavior\ReadHtmlCacheBehavior [ RunTime:0.000375s ]
INFO: [ app_begin ] --END-- [ RunTime:0.000417s ]
NOTIC: [8192] mysql_connect(): The mysql extension is deprecated and will be removed in the future: use mysqli or PDO instead /Applications/MAMP/htdocs/HealthManager/ThinkPHP/Library/Think/Session/Driver/Db.class.php 第 95 行.
SQL: SHOW COLUMNS FROM `hm_menu` [ RunTime:0.0043s ]
SQL: SELECT * FROM `hm_menu` WHERE ( role=2 )  [ RunTime:0.0044s ]
SQL: SHOW COLUMNS FROM `hm_info_ask` [ RunTime:0.0044s ]
SQL: SELECT * FROM `hm_info_ask` WHERE `doctor_id` = 1 LIMIT 10   [ RunTime:0.0044s ]
SQL: SHOW COLUMNS FROM `hm_user_info_base` [ RunTime:0.0044s ]
SQL: SHOW COLUMNS FROM `hm_user_info_base` [ RunTime:0.0050s ]
SQL: SELECT `uid`,`username`,`email`,`mobile`,`email_verify`,`reg_time`,`user_type` FROM `hm_user_info_base` WHERE ( uid=11 ) LIMIT 1   [ RunTime:0.0038s ]
SQL: SHOW COLUMNS FROM `hm_user_info_details` [ RunTime:0.0042s ]
SQL: SELECT * FROM `hm_user_info_details` WHERE ( 1=1 AND uid='11' ) LIMIT 1   [ RunTime:0.0043s ]
SQL: SHOW COLUMNS FROM `hm_user_info_extra` [ RunTime:0.0042s ]
SQL: SELECT * FROM `hm_user_info_extra` WHERE ( 1=1 AND uid='11' ) LIMIT 1   [ RunTime:0.0045s ]
SQL: SHOW COLUMNS FROM `hm_user_info_certification` [ RunTime:0.0043s ]
SQL: SELECT * FROM `hm_user_info_certification` WHERE ( 1=1 AND uid='11' ) LIMIT 1   [ RunTime:0.0044s ]
SQL: SHOW COLUMNS FROM `hm_user_bind` [ RunTime:0.0041s ]
SQL: SELECT * FROM `hm_user_bind` WHERE ( 1=1 AND uid='11' )  [ RunTime:0.0036s ]
SQL: SELECT `uid`,`username`,`email`,`mobile`,`email_verify`,`reg_time`,`user_type` FROM `hm_user_info_base` WHERE ( uid=1 ) LIMIT 1   [ RunTime:0.0040s ]
SQL: SELECT * FROM `hm_user_info_details` WHERE ( 1=1 AND uid='1' ) LIMIT 1   [ RunTime:0.0041s ]
SQL: SELECT * FROM `hm_user_info_extra` WHERE ( 1=1 AND uid='1' ) LIMIT 1   [ RunTime:0.0046s ]
SQL: SELECT * FROM `hm_user_info_certification` WHERE ( 1=1 AND uid='1' ) LIMIT 1   [ RunTime:0.0045s ]
SQL: SELECT * FROM `hm_user_bind` WHERE ( 1=1 AND uid='1' )  [ RunTime:0.0038s ]
SQL: SELECT `uid`,`username`,`email`,`mobile`,`email_verify`,`reg_time`,`user_type` FROM `hm_user_info_base` WHERE ( uid=12 ) LIMIT 1   [ RunTime:0.0039s ]
SQL: SELECT * FROM `hm_user_info_details` WHERE ( 1=1 AND uid='12' ) LIMIT 1   [ RunTime:0.0041s ]
SQL: SELECT * FROM `hm_user_info_extra` WHERE ( 1=1 AND uid='12' ) LIMIT 1   [ RunTime:0.0041s ]
SQL: SELECT * FROM `hm_user_info_certification` WHERE ( 1=1 AND uid='12' ) LIMIT 1   [ RunTime:0.0045s ]
SQL: SELECT * FROM `hm_user_bind` WHERE ( 1=1 AND uid='12' )  [ RunTime:0.0036s ]
SQL: SELECT `uid`,`username`,`email`,`mobile`,`email_verify`,`reg_time`,`user_type` FROM `hm_user_info_base` WHERE ( uid=1 ) LIMIT 1   [ RunTime:0.0042s ]
SQL: SELECT * FROM `hm_user_info_details` WHERE ( 1=1 AND uid='1' ) LIMIT 1   [ RunTime:0.0042s ]
SQL: SELECT * FROM `hm_user_info_extra` WHERE ( 1=1 AND uid='1' ) LIMIT 1   [ RunTime:0.0042s ]
SQL: SELECT * FROM `hm_user_info_certification` WHERE ( 1=1 AND uid='1' ) LIMIT 1   [ RunTime:0.0043s ]
SQL: SELECT * FROM `hm_user_bind` WHERE ( 1=1 AND uid='1' )  [ RunTime:0.0035s ]
SQL: SELECT `uid`,`username`,`email`,`mobile`,`email_verify`,`reg_time`,`user_type` FROM `hm_user_info_base` WHERE ( uid=12 ) LIMIT 1   [ RunTime:0.0041s ]
SQL: SELECT * FROM `hm_user_info_details` WHERE ( 1=1 AND uid='12' ) LIMIT 1   [ RunTime:0.0042s ]
SQL: SELECT * FROM `hm_user_info_extra` WHERE ( 1=1 AND uid='12' ) LIMIT 1   [ RunTime:0.0039s ]
SQL: SELECT * FROM `hm_user_info_certification` WHERE ( 1=1 AND uid='12' ) LIMIT 1   [ RunTime:0.0043s ]
SQL: SELECT * FROM `hm_user_bind` WHERE ( 1=1 AND uid='12' )  [ RunTime:0.0036s ]
SQL: SELECT `uid`,`username`,`email`,`mobile`,`email_verify`,`reg_time`,`user_type` FROM `hm_user_info_base` WHERE ( uid=1 ) LIMIT 1   [ RunTime:0.0039s ]
SQL: SELECT * FROM `hm_user_info_details` WHERE ( 1=1 AND uid='1' ) LIMIT 1   [ RunTime:0.0041s ]
SQL: SELECT * FROM `hm_user_info_extra` WHERE ( 1=1 AND uid='1' ) LIMIT 1   [ RunTime:0.0043s ]
SQL: SELECT * FROM `hm_user_info_certification` WHERE ( 1=1 AND uid='1' ) LIMIT 1   [ RunTime:0.0044s ]
SQL: SELECT * FROM `hm_user_bind` WHERE ( 1=1 AND uid='1' )  [ RunTime:0.0037s ]
INFO: [ view_begin ] --START--
SQL: SELECT `uid`,`username`,`email`,`mobile`,`email_verify`,`reg_time`,`user_type` FROM `hm_user_info_base` WHERE ( uid=1 ) LIMIT 1   [ RunTime:0.0041s ]
SQL: SELECT * FROM `hm_user_info_details` WHERE ( 1=1 AND uid='1' ) LIMIT 1   [ RunTime:0.0041s ]
SQL: SELECT * FROM `hm_user_info_extra` WHERE ( 1=1 AND uid='1' ) LIMIT 1   [ RunTime:0.0043s ]
SQL: SELECT * FROM `hm_user_info_certification` WHERE ( 1=1 AND uid='1' ) LIMIT 1   [ RunTime:0.0043s ]
SQL: SELECT * FROM `hm_user_bind` WHERE ( 1=1 AND uid='1' )  [ RunTime:0.0036s ]
SQL: SHOW COLUMNS FROM `hm_info_message` [ RunTime:0.0041s ]
SQL: SELECT COUNT(*) AS tp_count FROM `hm_info_message` WHERE `to_user_id` = 'all' AND `status` = 0 LIMIT 1   [ RunTime:0.0035s ]
SQL: SHOW COLUMNS FROM `hm_auth_group_access` [ RunTime:0.0039s ]
SQL: SELECT `uid`,`group_id`,`title`,`rules` FROM hm_auth_group_access a INNER JOIN hm_auth_group g on a.group_id=g.id  WHERE ( a.uid='1' and g.status='1' )  [ RunTime:0.0044s ]
SQL: SHOW COLUMNS FROM `hm_auth_rule` [ RunTime:0.0040s ]
SQL: SELECT `condition`,`name` FROM `hm_auth_rule` WHERE `id` IN ('23','24','25','26','27','28','29','30','31','32','33') AND `type` = 2 AND `status` = 1  [ RunTime:0.0038s ]
INFO: Run HealthManager\Behavior\CheckAccessBehavior [ RunTime:0.050065s ]
INFO: [ view_begin ] --END-- [ RunTime:0.050178s ]
INFO: [ view_parse ] --START--
INFO: [ template_filter ] --START--
INFO: Run Behavior\ContentReplaceBehavior [ RunTime:0.000104s ]
INFO: [ template_filter ] --END-- [ RunTime:0.000158s ]
NOTIC: [8] Undefined variable: title /Applications/MAMP/htdocs/HealthManager/Application/Runtime/Cache/HealthManager/6e38b27d2c3ef5d91350e753dd96db84.php 第 321 行.
NOTIC: [8] Undefined variable: discription /Applications/MAMP/htdocs/HealthManager/Application/Runtime/Cache/HealthManager/6e38b27d2c3ef5d91350e753dd96db84.php 第 321 行.
NOTIC: [8] Undefined variable: parentUrl /Applications/MAMP/htdocs/HealthManager/Application/Runtime/Cache/HealthManager/6e38b27d2c3ef5d91350e753dd96db84.php 第 324 行.
NOTIC: [8] Undefined variable: parentIcon /Applications/MAMP/htdocs/HealthManager/Application/Runtime/Cache/HealthManager/6e38b27d2c3ef5d91350e753dd96db84.php 第 324 行.
NOTIC: [8] Undefined variable: parentTitle /Applications/MAMP/htdocs/HealthManager/Application/Runtime/Cache/HealthManager/6e38b27d2c3ef5d91350e753dd96db84.php 第 325 行.
NOTIC: [8] Undefined variable: title /Applications/MAMP/htdocs/HealthManager/Application/Runtime/Cache/HealthManager/6e38b27d2c3ef5d91350e753dd96db84.php 第 326 行.
INFO: Run Behavior\ParseTemplateBehavior [ RunTime:0.039987s ]
INFO: [ view_parse ] --END-- [ RunTime:0.040060s ]
INFO: [ view_filter ] --START--
INFO: Run Behavior\WriteHtmlCacheBehavior [ RunTime:0.000113s ]
INFO: [ view_filter ] --END-- [ RunTime:0.000149s ]
INFO: [ app_end ] --START--
INFO: Run Behavior\ShowPageTraceBehavior [ RunTime:0.000458s ]
INFO: [ app_end ] --END-- [ RunTime:0.000497s ]

[ 2017-01-16T11:02:43+08:00 ] ::1 /index.php/HealthManager/Member/userSendConsultingInfo
INFO: [ app_init ] --START--
INFO: Run Behavior\BuildLiteBehavior [ RunTime:0.000016s ]
INFO: [ app_init ] --END-- [ RunTime:0.000345s ]
INFO: [ app_begin ] --START--
INFO: Run Behavior\ReadHtmlCacheBehavior [ RunTime:0.000385s ]
INFO: [ app_begin ] --END-- [ RunTime:0.000435s ]
NOTIC: [8192] mysql_connect(): The mysql extension is deprecated and will be removed in the future: use mysqli or PDO instead /Applications/MAMP/htdocs/HealthManager/ThinkPHP/Library/Think/Session/Driver/Db.class.php 第 95 行.
SQL: SHOW COLUMNS FROM `hm_menu` [ RunTime:0.0041s ]
SQL: SELECT * FROM `hm_menu` WHERE ( role=1 )  [ RunTime:0.0038s ]
SQL: SHOW COLUMNS FROM `hm_info_hospital_department` [ RunTime:0.0030s ]
SQL: SELECT * FROM `hm_info_hospital_department`  [ RunTime:0.0029s ]
SQL: SHOW COLUMNS FROM `hm_user_info_base` [ RunTime:0.0039s ]
SQL: SELECT `uid`,`username`,`email`,`mobile`,`email_verify`,`reg_time`,`user_type` FROM `hm_user_info_base` WHERE `user_type` = 2  [ RunTime:0.0032s ]
SQL: SHOW COLUMNS FROM `hm_user_info_details` [ RunTime:0.0033s ]
SQL: SELECT * FROM `hm_user_info_details` WHERE ( 1=1 AND uid='1' ) LIMIT 1   [ RunTime:0.0033s ]
SQL: SHOW COLUMNS FROM `hm_user_info_extra` [ RunTime:0.0032s ]
SQL: SELECT * FROM `hm_user_info_extra` WHERE ( 1=1 AND uid='1' ) LIMIT 1   [ RunTime:0.0046s ]
SQL: SHOW COLUMNS FROM `hm_user_info_certification` [ RunTime:0.0033s ]
SQL: SELECT * FROM `hm_user_info_certification` WHERE ( 1=1 AND uid='1' ) LIMIT 1   [ RunTime:0.0040s ]
SQL: SHOW COLUMNS FROM `hm_user_bind` [ RunTime:0.0031s ]
SQL: SELECT * FROM `hm_user_bind` WHERE ( 1=1 AND uid='1' )  [ RunTime:0.0034s ]
SQL: SELECT * FROM `hm_user_info_details` WHERE ( 1=1 AND uid='14' ) LIMIT 1   [ RunTime:0.0034s ]
SQL: SELECT * FROM `hm_user_info_extra` WHERE ( 1=1 AND uid='14' ) LIMIT 1   [ RunTime:0.0035s ]
SQL: SELECT * FROM `hm_user_info_certification` WHERE ( 1=1 AND uid='14' ) LIMIT 1   [ RunTime:0.0035s ]
SQL: SELECT * FROM `hm_user_bind` WHERE ( 1=1 AND uid='14' )  [ RunTime:0.0027s ]
SQL: SELECT * FROM `hm_user_info_details` WHERE ( 1=1 AND uid='16' ) LIMIT 1   [ RunTime:0.0035s ]
SQL: SELECT * FROM `hm_user_info_extra` WHERE ( 1=1 AND uid='16' ) LIMIT 1   [ RunTime:0.0035s ]
SQL: SELECT * FROM `hm_user_info_certification` WHERE ( 1=1 AND uid='16' ) LIMIT 1   [ RunTime:0.0038s ]
SQL: SELECT * FROM `hm_user_bind` WHERE ( 1=1 AND uid='16' )  [ RunTime:0.0029s ]
SQL: SHOW COLUMNS FROM `hm_user_info_extra` [ RunTime:0.0035s ]
SQL: SELECT * FROM `hm_user_info_extra` WHERE ( uid=1 ) LIMIT 1   [ RunTime:0.0036s ]
SQL: SHOW COLUMNS FROM `hm_info_hospital` [ RunTime:0.0032s ]
SQL: SELECT * FROM `hm_info_hospital` WHERE ( id=6 ) LIMIT 1   [ RunTime:0.0038s ]
SQL: SELECT * FROM `hm_info_hospital_department` WHERE ( department_id=1 ) LIMIT 1   [ RunTime:0.0028s ]
SQL: SHOW COLUMNS FROM `hm_info_hospital_subdiscipline` [ RunTime:0.0031s ]
SQL: SELECT * FROM `hm_info_hospital_subdiscipline` WHERE ( subdiscipline_id=6 ) LIMIT 1   [ RunTime:0.0031s ]
SQL: SHOW COLUMNS FROM `hm_info_hospital_position` [ RunTime:0.0030s ]
SQL: SELECT * FROM `hm_info_hospital_position` WHERE ( position_id=2 ) LIMIT 1   [ RunTime:0.0028s ]
SQL: SELECT * FROM `hm_user_info_extra` WHERE ( uid=14 ) LIMIT 1   [ RunTime:0.0035s ]
SQL: SELECT * FROM `hm_info_hospital` WHERE ( id=6 ) LIMIT 1   [ RunTime:0.0032s ]
SQL: SELECT * FROM `hm_info_hospital_department` WHERE ( department_id=1 ) LIMIT 1   [ RunTime:0.0041s ]
SQL: SELECT * FROM `hm_info_hospital_subdiscipline` WHERE ( subdiscipline_id=6 ) LIMIT 1   [ RunTime:0.0033s ]
SQL: SELECT * FROM `hm_info_hospital_position` WHERE ( position_id=2 ) LIMIT 1   [ RunTime:0.0028s ]
SQL: SELECT * FROM `hm_user_info_extra` WHERE ( uid=16 ) LIMIT 1   [ RunTime:0.0041s ]
SQL: SELECT * FROM `hm_info_hospital` WHERE ( id=6 ) LIMIT 1   [ RunTime:0.0033s ]
SQL: SELECT * FROM `hm_info_hospital_department` WHERE ( department_id=1 ) LIMIT 1   [ RunTime:0.0026s ]
SQL: SELECT * FROM `hm_info_hospital_subdiscipline` WHERE ( subdiscipline_id=6 ) LIMIT 1   [ RunTime:0.0032s ]
SQL: SELECT * FROM `hm_info_hospital_position` WHERE ( position_id=2 ) LIMIT 1   [ RunTime:0.0026s ]
INFO: [ view_begin ] --START--
SQL: SELECT `uid`,`username`,`email`,`mobile`,`email_verify`,`reg_time`,`user_type` FROM `hm_user_info_base` WHERE ( uid=1 ) LIMIT 1   [ RunTime:0.0031s ]
SQL: SELECT * FROM `hm_user_info_details` WHERE ( 1=1 AND uid='1' ) LIMIT 1   [ RunTime:0.0036s ]
SQL: SELECT * FROM `hm_user_info_extra` WHERE ( 1=1 AND uid='1' ) LIMIT 1   [ RunTime:0.0036s ]
SQL: SELECT * FROM `hm_user_info_certification` WHERE ( 1=1 AND uid='1' ) LIMIT 1   [ RunTime:0.0035s ]
SQL: SELECT * FROM `hm_user_bind` WHERE ( 1=1 AND uid='1' )  [ RunTime:0.0035s ]
SQL: SHOW COLUMNS FROM `hm_info_message` [ RunTime:0.0032s ]
SQL: SELECT COUNT(*) AS tp_count FROM `hm_info_message` WHERE `to_user_id` = 'all' AND `status` = 0 LIMIT 1   [ RunTime:0.0026s ]
SQL: SHOW COLUMNS FROM `hm_auth_group_access` [ RunTime:0.0030s ]
SQL: SELECT `uid`,`group_id`,`title`,`rules` FROM hm_auth_group_access a INNER JOIN hm_auth_group g on a.group_id=g.id  WHERE ( a.uid='1' and g.status='1' )  [ RunTime:0.0028s ]
SQL: SHOW COLUMNS FROM `hm_auth_rule` [ RunTime:0.0031s ]
SQL: SELECT `condition`,`name` FROM `hm_auth_rule` WHERE `id` IN ('23','24','25','26','27','28','29','30','31','32','33') AND `type` = 2 AND `status` = 1  [ RunTime:0.0030s ]

[ 2017-01-16T11:02:54+08:00 ] ::1 /index.php/HealthManager/Member/userSendConsultingInfo
INFO: [ app_init ] --START--
INFO: Run Behavior\BuildLiteBehavior [ RunTime:0.000015s ]
INFO: [ app_init ] --END-- [ RunTime:0.000335s ]
INFO: [ app_begin ] --START--
INFO: Run Behavior\ReadHtmlCacheBehavior [ RunTime:0.000376s ]
INFO: [ app_begin ] --END-- [ RunTime:0.000422s ]
NOTIC: [8192] mysql_connect(): The mysql extension is deprecated and will be removed in the future: use mysqli or PDO instead /Applications/MAMP/htdocs/HealthManager/ThinkPHP/Library/Think/Session/Driver/Db.class.php 第 95 行.
SQL: SHOW COLUMNS FROM `hm_menu` [ RunTime:0.0044s ]
SQL: SELECT * FROM `hm_menu` WHERE ( role=1 )  [ RunTime:0.0045s ]
SQL: SHOW COLUMNS FROM `hm_info_hospital_department` [ RunTime:0.0043s ]
SQL: SELECT * FROM `hm_info_hospital_department`  [ RunTime:0.0037s ]
SQL: SHOW COLUMNS FROM `hm_user_info_base` [ RunTime:0.0046s ]
SQL: SELECT `uid`,`username`,`email`,`mobile`,`email_verify`,`reg_time`,`user_type` FROM `hm_user_info_base` WHERE `user_type` = 2  [ RunTime:0.0040s ]
SQL: SHOW COLUMNS FROM `hm_user_info_details` [ RunTime:0.0040s ]
SQL: SELECT * FROM `hm_user_info_details` WHERE ( 1=1 AND uid='1' ) LIMIT 1   [ RunTime:0.0048s ]
SQL: SHOW COLUMNS FROM `hm_user_info_extra` [ RunTime:0.0045s ]
SQL: SELECT * FROM `hm_user_info_extra` WHERE ( 1=1 AND uid='1' ) LIMIT 1   [ RunTime:0.0043s ]
SQL: SHOW COLUMNS FROM `hm_user_info_certification` [ RunTime:0.0043s ]
SQL: SELECT * FROM `hm_user_info_certification` WHERE ( 1=1 AND uid='1' ) LIMIT 1   [ RunTime:0.0043s ]
SQL: SHOW COLUMNS FROM `hm_user_bind` [ RunTime:0.0040s ]
SQL: SELECT * FROM `hm_user_bind` WHERE ( 1=1 AND uid='1' )  [ RunTime:0.0035s ]
SQL: SELECT * FROM `hm_user_info_details` WHERE ( 1=1 AND uid='14' ) LIMIT 1   [ RunTime:0.0041s ]
SQL: SELECT * FROM `hm_user_info_extra` WHERE ( 1=1 AND uid='14' ) LIMIT 1   [ RunTime:0.0042s ]
SQL: SELECT * FROM `hm_user_info_certification` WHERE ( 1=1 AND uid='14' ) LIMIT 1   [ RunTime:0.0044s ]
SQL: SELECT * FROM `hm_user_bind` WHERE ( 1=1 AND uid='14' )  [ RunTime:0.0039s ]
SQL: SELECT * FROM `hm_user_info_details` WHERE ( 1=1 AND uid='16' ) LIMIT 1   [ RunTime:0.0041s ]
SQL: SELECT * FROM `hm_user_info_extra` WHERE ( 1=1 AND uid='16' ) LIMIT 1   [ RunTime:0.0043s ]
SQL: SELECT * FROM `hm_user_info_certification` WHERE ( 1=1 AND uid='16' ) LIMIT 1   [ RunTime:0.0042s ]
SQL: SELECT * FROM `hm_user_bind` WHERE ( 1=1 AND uid='16' )  [ RunTime:0.0034s ]
SQL: SHOW COLUMNS FROM `hm_user_info_extra` [ RunTime:0.0040s ]
SQL: SELECT * FROM `hm_user_info_extra` WHERE ( uid=1 ) LIMIT 1   [ RunTime:0.0045s ]
SQL: SHOW COLUMNS FROM `hm_info_hospital` [ RunTime:0.0039s ]
SQL: SELECT * FROM `hm_info_hospital` WHERE ( id=6 ) LIMIT 1   [ RunTime:0.0037s ]
SQL: SELECT * FROM `hm_info_hospital_department` WHERE ( department_id=1 ) LIMIT 1   [ RunTime:0.0035s ]
SQL: SHOW COLUMNS FROM `hm_info_hospital_subdiscipline` [ RunTime:0.0039s ]
SQL: SELECT * FROM `hm_info_hospital_subdiscipline` WHERE ( subdiscipline_id=6 ) LIMIT 1   [ RunTime:0.0035s ]
SQL: SHOW COLUMNS FROM `hm_info_hospital_position` [ RunTime:0.0037s ]
SQL: SELECT * FROM `hm_info_hospital_position` WHERE ( position_id=2 ) LIMIT 1   [ RunTime:0.0035s ]
SQL: SELECT * FROM `hm_user_info_extra` WHERE ( uid=14 ) LIMIT 1   [ RunTime:0.0043s ]
SQL: SELECT * FROM `hm_info_hospital` WHERE ( id=6 ) LIMIT 1   [ RunTime:0.0039s ]
SQL: SELECT * FROM `hm_info_hospital_department` WHERE ( department_id=1 ) LIMIT 1   [ RunTime:0.0037s ]
SQL: SELECT * FROM `hm_info_hospital_subdiscipline` WHERE ( subdiscipline_id=6 ) LIMIT 1   [ RunTime:0.0035s ]
SQL: SELECT * FROM `hm_info_hospital_position` WHERE ( position_id=2 ) LIMIT 1   [ RunTime:0.0035s ]
SQL: SELECT * FROM `hm_user_info_extra` WHERE ( uid=16 ) LIMIT 1   [ RunTime:0.0055s ]
SQL: SELECT * FROM `hm_info_hospital` WHERE ( id=6 ) LIMIT 1   [ RunTime:0.0059s ]
SQL: SELECT * FROM `hm_info_hospital_department` WHERE ( department_id=1 ) LIMIT 1   [ RunTime:0.0050s ]
SQL: SELECT * FROM `hm_info_hospital_subdiscipline` WHERE ( subdiscipline_id=6 ) LIMIT 1   [ RunTime:0.0035s ]
SQL: SELECT * FROM `hm_info_hospital_position` WHERE ( position_id=2 ) LIMIT 1   [ RunTime:0.0034s ]
INFO: [ view_begin ] --START--
SQL: SELECT `uid`,`username`,`email`,`mobile`,`email_verify`,`reg_time`,`user_type` FROM `hm_user_info_base` WHERE ( uid=1 ) LIMIT 1   [ RunTime:0.0037s ]
SQL: SELECT * FROM `hm_user_info_details` WHERE ( 1=1 AND uid='1' ) LIMIT 1   [ RunTime:0.0040s ]
SQL: SELECT * FROM `hm_user_info_extra` WHERE ( 1=1 AND uid='1' ) LIMIT 1   [ RunTime:0.0045s ]
SQL: SELECT * FROM `hm_user_info_certification` WHERE ( 1=1 AND uid='1' ) LIMIT 1   [ RunTime:0.0044s ]
SQL: SELECT * FROM `hm_user_bind` WHERE ( 1=1 AND uid='1' )  [ RunTime:0.0035s ]
SQL: SHOW COLUMNS FROM `hm_info_message` [ RunTime:0.0039s ]
SQL: SELECT COUNT(*) AS tp_count FROM `hm_info_message` WHERE `to_user_id` = 'all' AND `status` = 0 LIMIT 1   [ RunTime:0.0035s ]
SQL: SHOW COLUMNS FROM `hm_auth_group_access` [ RunTime:0.0039s ]
SQL: SELECT `uid`,`group_id`,`title`,`rules` FROM hm_auth_group_access a INNER JOIN hm_auth_group g on a.group_id=g.id  WHERE ( a.uid='1' and g.status='1' )  [ RunTime:0.0036s ]
SQL: SHOW COLUMNS FROM `hm_auth_rule` [ RunTime:0.0039s ]
SQL: SELECT `condition`,`name` FROM `hm_auth_rule` WHERE `id` IN ('23','24','25','26','27','28','29','30','31','32','33') AND `type` = 2 AND `status` = 1  [ RunTime:0.0038s ]

[ 2017-01-16T11:03:04+08:00 ] ::1 /index.php/HealthManager/Member/userSendConsultingInfo
INFO: [ app_init ] --START--
INFO: Run Behavior\BuildLiteBehavior [ RunTime:0.000014s ]
INFO: [ app_init ] --END-- [ RunTime:0.000332s ]
INFO: [ app_begin ] --START--
INFO: Run Behavior\ReadHtmlCacheBehavior [ RunTime:0.000370s ]
INFO: [ app_begin ] --END-- [ RunTime:0.000416s ]
NOTIC: [8192] mysql_connect(): The mysql extension is deprecated and will be removed in the future: use mysqli or PDO instead /Applications/MAMP/htdocs/HealthManager/ThinkPHP/Library/Think/Session/Driver/Db.class.php 第 95 行.
SQL: SHOW COLUMNS FROM `hm_menu` [ RunTime:0.0043s ]
SQL: SELECT * FROM `hm_menu` WHERE ( role=1 )  [ RunTime:0.0048s ]
SQL: SHOW COLUMNS FROM `hm_info_hospital_department` [ RunTime:0.0037s ]
SQL: SELECT * FROM `hm_info_hospital_department`  [ RunTime:0.0036s ]
SQL: SHOW COLUMNS FROM `hm_user_info_base` [ RunTime:0.0040s ]
SQL: SELECT `uid`,`username`,`email`,`mobile`,`email_verify`,`reg_time`,`user_type` FROM `hm_user_info_base` WHERE `user_type` = 2  [ RunTime:0.0036s ]
SQL: SHOW COLUMNS FROM `hm_user_info_details` [ RunTime:0.0039s ]
SQL: SELECT * FROM `hm_user_info_details` WHERE ( 1=1 AND uid='1' ) LIMIT 1   [ RunTime:0.0039s ]
SQL: SHOW COLUMNS FROM `hm_user_info_extra` [ RunTime:0.0039s ]
SQL: SELECT * FROM `hm_user_info_extra` WHERE ( 1=1 AND uid='1' ) LIMIT 1   [ RunTime:0.0042s ]
SQL: SHOW COLUMNS FROM `hm_user_info_certification` [ RunTime:0.0042s ]
SQL: SELECT * FROM `hm_user_info_certification` WHERE ( 1=1 AND uid='1' ) LIMIT 1   [ RunTime:0.0041s ]
SQL: SHOW COLUMNS FROM `hm_user_bind` [ RunTime:0.0036s ]
SQL: SELECT * FROM `hm_user_bind` WHERE ( 1=1 AND uid='1' )  [ RunTime:0.0034s ]
SQL: SELECT * FROM `hm_user_info_details` WHERE ( 1=1 AND uid='14' ) LIMIT 1   [ RunTime:0.0038s ]
SQL: SELECT * FROM `hm_user_info_extra` WHERE ( 1=1 AND uid='14' ) LIMIT 1   [ RunTime:0.0041s ]
SQL: SELECT * FROM `hm_user_info_certification` WHERE ( 1=1 AND uid='14' ) LIMIT 1   [ RunTime:0.0040s ]
SQL: SELECT * FROM `hm_user_bind` WHERE ( 1=1 AND uid='14' )  [ RunTime:0.0033s ]
SQL: SELECT * FROM `hm_user_info_details` WHERE ( 1=1 AND uid='16' ) LIMIT 1   [ RunTime:0.0040s ]
SQL: SELECT * FROM `hm_user_info_extra` WHERE ( 1=1 AND uid='16' ) LIMIT 1   [ RunTime:0.0039s ]
SQL: SELECT * FROM `hm_user_info_certification` WHERE ( 1=1 AND uid='16' ) LIMIT 1   [ RunTime:0.0040s ]
SQL: SELECT * FROM `hm_user_bind` WHERE ( 1=1 AND uid='16' )  [ RunTime:0.0033s ]
SQL: SHOW COLUMNS FROM `hm_user_info_extra` [ RunTime:0.0038s ]
SQL: SELECT * FROM `hm_user_info_extra` WHERE ( uid=1 ) LIMIT 1   [ RunTime:0.0041s ]
SQL: SHOW COLUMNS FROM `hm_info_hospital` [ RunTime:0.0040s ]
SQL: SELECT * FROM `hm_info_hospital` WHERE ( id=6 ) LIMIT 1   [ RunTime:0.0036s ]
SQL: SELECT * FROM `hm_info_hospital_department` WHERE ( department_id=1 ) LIMIT 1   [ RunTime:0.0033s ]
SQL: SHOW COLUMNS FROM `hm_info_hospital_subdiscipline` [ RunTime:0.0038s ]
SQL: SELECT * FROM `hm_info_hospital_subdiscipline` WHERE ( subdiscipline_id=6 ) LIMIT 1   [ RunTime:0.0034s ]
SQL: SHOW COLUMNS FROM `hm_info_hospital_position` [ RunTime:0.0036s ]
SQL: SELECT * FROM `hm_info_hospital_position` WHERE ( position_id=2 ) LIMIT 1   [ RunTime:0.0032s ]
SQL: SELECT * FROM `hm_user_info_extra` WHERE ( uid=14 ) LIMIT 1   [ RunTime:0.0041s ]
SQL: SELECT * FROM `hm_info_hospital` WHERE ( id=6 ) LIMIT 1   [ RunTime:0.0040s ]
SQL: SELECT * FROM `hm_info_hospital_department` WHERE ( department_id=1 ) LIMIT 1   [ RunTime:0.0032s ]
SQL: SELECT * FROM `hm_info_hospital_subdiscipline` WHERE ( subdiscipline_id=6 ) LIMIT 1   [ RunTime:0.0034s ]
SQL: SELECT * FROM `hm_info_hospital_position` WHERE ( position_id=2 ) LIMIT 1   [ RunTime:0.0032s ]
SQL: SELECT * FROM `hm_user_info_extra` WHERE ( uid=16 ) LIMIT 1   [ RunTime:0.0041s ]
SQL: SELECT * FROM `hm_info_hospital` WHERE ( id=6 ) LIMIT 1   [ RunTime:0.0040s ]
SQL: SELECT * FROM `hm_info_hospital_department` WHERE ( department_id=1 ) LIMIT 1   [ RunTime:0.0035s ]
SQL: SELECT * FROM `hm_info_hospital_subdiscipline` WHERE ( subdiscipline_id=6 ) LIMIT 1   [ RunTime:0.0033s ]
SQL: SELECT * FROM `hm_info_hospital_position` WHERE ( position_id=2 ) LIMIT 1   [ RunTime:0.0036s ]
INFO: [ view_begin ] --START--
SQL: SELECT `uid`,`username`,`email`,`mobile`,`email_verify`,`reg_time`,`user_type` FROM `hm_user_info_base` WHERE ( uid=1 ) LIMIT 1   [ RunTime:0.0037s ]
SQL: SELECT * FROM `hm_user_info_details` WHERE ( 1=1 AND uid='1' ) LIMIT 1   [ RunTime:0.0037s ]
SQL: SELECT * FROM `hm_user_info_extra` WHERE ( 1=1 AND uid='1' ) LIMIT 1   [ RunTime:0.0040s ]
SQL: SELECT * FROM `hm_user_info_certification` WHERE ( 1=1 AND uid='1' ) LIMIT 1   [ RunTime:0.0041s ]
SQL: SELECT * FROM `hm_user_bind` WHERE ( 1=1 AND uid='1' )  [ RunTime:0.0033s ]
SQL: SHOW COLUMNS FROM `hm_info_message` [ RunTime:0.0038s ]
SQL: SELECT COUNT(*) AS tp_count FROM `hm_info_message` WHERE `to_user_id` = 'all' AND `status` = 0 LIMIT 1   [ RunTime:0.0032s ]
SQL: SHOW COLUMNS FROM `hm_auth_group_access` [ RunTime:0.0035s ]
SQL: SELECT `uid`,`group_id`,`title`,`rules` FROM hm_auth_group_access a INNER JOIN hm_auth_group g on a.group_id=g.id  WHERE ( a.uid='1' and g.status='1' )  [ RunTime:0.0038s ]
SQL: SHOW COLUMNS FROM `hm_auth_rule` [ RunTime:0.0042s ]
SQL: SELECT `condition`,`name` FROM `hm_auth_rule` WHERE `id` IN ('23','24','25','26','27','28','29','30','31','32','33') AND `type` = 2 AND `status` = 1  [ RunTime:0.0038s ]

[ 2017-01-16T13:58:21+08:00 ] ::1 /index.php/HealthManager/Member/userSendConsultingInfo
INFO: [ app_init ] --START--
INFO: Run Behavior\BuildLiteBehavior [ RunTime:0.000015s ]
INFO: [ app_init ] --END-- [ RunTime:0.000399s ]
INFO: [ app_begin ] --START--
INFO: Run Behavior\ReadHtmlCacheBehavior [ RunTime:0.000372s ]
INFO: [ app_begin ] --END-- [ RunTime:0.000418s ]
NOTIC: [8192] mysql_connect(): The mysql extension is deprecated and will be removed in the future: use mysqli or PDO instead /Applications/MAMP/htdocs/HealthManager/ThinkPHP/Library/Think/Session/Driver/Db.class.php 第 95 行.
SQL: SHOW COLUMNS FROM `hm_menu` [ RunTime:0.0039s ]
SQL: SELECT * FROM `hm_menu` WHERE ( role=1 )  [ RunTime:0.0046s ]
SQL: SHOW COLUMNS FROM `hm_info_hospital_department` [ RunTime:0.0034s ]
SQL: SELECT * FROM `hm_info_hospital_department`  [ RunTime:0.0034s ]
SQL: SHOW COLUMNS FROM `hm_user_info_base` [ RunTime:0.0041s ]
SQL: SELECT `uid`,`username`,`email`,`mobile`,`email_verify`,`reg_time`,`user_type` FROM `hm_user_info_base` WHERE `user_type` = 2  [ RunTime:0.0041s ]
SQL: SHOW COLUMNS FROM `hm_user_info_details` [ RunTime:0.0038s ]
SQL: SELECT * FROM `hm_user_info_details` WHERE ( 1=1 AND uid='1' ) LIMIT 1   [ RunTime:0.0037s ]
SQL: SHOW COLUMNS FROM `hm_user_info_extra` [ RunTime:0.0039s ]
SQL: SELECT * FROM `hm_user_info_extra` WHERE ( 1=1 AND uid='1' ) LIMIT 1   [ RunTime:0.0039s ]
SQL: SHOW COLUMNS FROM `hm_user_info_certification` [ RunTime:0.0038s ]
SQL: SELECT * FROM `hm_user_info_certification` WHERE ( 1=1 AND uid='1' ) LIMIT 1   [ RunTime:0.0039s ]
SQL: SHOW COLUMNS FROM `hm_user_bind` [ RunTime:0.0035s ]
SQL: SELECT * FROM `hm_user_bind` WHERE ( 1=1 AND uid='1' )  [ RunTime:0.0031s ]
SQL: SELECT * FROM `hm_user_info_details` WHERE ( 1=1 AND uid='14' ) LIMIT 1   [ RunTime:0.0036s ]
SQL: SELECT * FROM `hm_user_info_extra` WHERE ( 1=1 AND uid='14' ) LIMIT 1   [ RunTime:0.0038s ]
SQL: SELECT * FROM `hm_user_info_certification` WHERE ( 1=1 AND uid='14' ) LIMIT 1   [ RunTime:0.0039s ]
SQL: SELECT * FROM `hm_user_bind` WHERE ( 1=1 AND uid='14' )  [ RunTime:0.0032s ]
SQL: SELECT * FROM `hm_user_info_details` WHERE ( 1=1 AND uid='16' ) LIMIT 1   [ RunTime:0.0036s ]
SQL: SELECT * FROM `hm_user_info_extra` WHERE ( 1=1 AND uid='16' ) LIMIT 1   [ RunTime:0.0039s ]
SQL: SELECT * FROM `hm_user_info_certification` WHERE ( 1=1 AND uid='16' ) LIMIT 1   [ RunTime:0.0039s ]
SQL: SELECT * FROM `hm_user_bind` WHERE ( 1=1 AND uid='16' )  [ RunTime:0.0032s ]
SQL: SHOW COLUMNS FROM `hm_user_info_extra` [ RunTime:0.0037s ]
SQL: SELECT * FROM `hm_user_info_extra` WHERE ( uid=1 ) LIMIT 1   [ RunTime:0.0040s ]
SQL: SHOW COLUMNS FROM `hm_info_hospital` [ RunTime:0.0039s ]
SQL: SELECT * FROM `hm_info_hospital` WHERE ( id=6 ) LIMIT 1   [ RunTime:0.0038s ]
SQL: SELECT * FROM `hm_info_hospital_department` WHERE ( department_id=1 ) LIMIT 1   [ RunTime:0.0032s ]
SQL: SHOW COLUMNS FROM `hm_info_hospital_subdiscipline` [ RunTime:0.0035s ]
SQL: SELECT * FROM `hm_info_hospital_subdiscipline` WHERE ( subdiscipline_id=6 ) LIMIT 1   [ RunTime:0.0032s ]
SQL: SHOW COLUMNS FROM `hm_info_hospital_position` [ RunTime:0.0033s ]
SQL: SELECT * FROM `hm_info_hospital_position` WHERE ( position_id=2 ) LIMIT 1   [ RunTime:0.0032s ]
SQL: SELECT * FROM `hm_user_info_extra` WHERE ( uid=14 ) LIMIT 1   [ RunTime:0.0038s ]
SQL: SELECT * FROM `hm_info_hospital` WHERE ( id=6 ) LIMIT 1   [ RunTime:0.0034s ]
SQL: SELECT * FROM `hm_info_hospital_department` WHERE ( department_id=1 ) LIMIT 1   [ RunTime:0.0032s ]
SQL: SELECT * FROM `hm_info_hospital_subdiscipline` WHERE ( subdiscipline_id=6 ) LIMIT 1   [ RunTime:0.0034s ]
SQL: SELECT * FROM `hm_info_hospital_position` WHERE ( position_id=2 ) LIMIT 1   [ RunTime:0.0037s ]
SQL: SELECT * FROM `hm_user_info_extra` WHERE ( uid=16 ) LIMIT 1   [ RunTime:0.0039s ]
SQL: SELECT * FROM `hm_info_hospital` WHERE ( id=6 ) LIMIT 1   [ RunTime:0.0035s ]
SQL: SELECT * FROM `hm_info_hospital_department` WHERE ( department_id=1 ) LIMIT 1   [ RunTime:0.0034s ]
SQL: SELECT * FROM `hm_info_hospital_subdiscipline` WHERE ( subdiscipline_id=6 ) LIMIT 1   [ RunTime:0.0038s ]
SQL: SELECT * FROM `hm_info_hospital_position` WHERE ( position_id=2 ) LIMIT 1   [ RunTime:0.0032s ]
INFO: [ view_begin ] --START--

[ 2017-01-16T13:58:21+08:00 ] ::1 /index.php/HealthManager/Doctor/signIn.html
INFO: [ app_init ] --START--
INFO: Run Behavior\BuildLiteBehavior [ RunTime:0.000010s ]
INFO: [ app_init ] --END-- [ RunTime:0.000242s ]
INFO: [ app_begin ] --START--
INFO: Run Behavior\ReadHtmlCacheBehavior [ RunTime:0.000327s ]
INFO: [ app_begin ] --END-- [ RunTime:0.000371s ]
NOTIC: [8192] mysql_connect(): The mysql extension is deprecated and will be removed in the future: use mysqli or PDO instead /Applications/MAMP/htdocs/HealthManager/ThinkPHP/Library/Think/Session/Driver/Db.class.php 第 95 行.
INFO: [ view_begin ] --START--
INFO: Run HealthManager\Behavior\CheckAccessBehavior [ RunTime:0.000227s ]
INFO: [ view_begin ] --END-- [ RunTime:0.000281s ]
INFO: [ view_parse ] --START--
INFO: [ template_filter ] --START--
INFO: Run Behavior\ContentReplaceBehavior [ RunTime:0.000050s ]
INFO: [ template_filter ] --END-- [ RunTime:0.000093s ]
NOTIC: [8] Use of undefined constant signIn - assumed 'signIn' /Applications/MAMP/htdocs/HealthManager/Application/Runtime/Cache/HealthManager/65312c2d74527fbaa42566f0ac1c2b07.php 第 37 行.
INFO: Run Behavior\ParseTemplateBehavior [ RunTime:0.006005s ]
INFO: [ view_parse ] --END-- [ RunTime:0.006041s ]
INFO: [ view_filter ] --START--
INFO: Run Behavior\WriteHtmlCacheBehavior [ RunTime:0.000099s ]
INFO: [ view_filter ] --END-- [ RunTime:0.000133s ]
INFO: [ app_end ] --START--
INFO: Run Behavior\ShowPageTraceBehavior [ RunTime:0.000359s ]
INFO: [ app_end ] --END-- [ RunTime:0.000396s ]

[ 2017-01-16T13:58:26+08:00 ] ::1 /index.php/HealthManager/Doctor/ajax_signIn
INFO: [ app_init ] --START--
INFO: Run Behavior\BuildLiteBehavior [ RunTime:0.000011s ]
INFO: [ app_init ] --END-- [ RunTime:0.000250s ]
INFO: [ app_begin ] --START--
INFO: Run Behavior\ReadHtmlCacheBehavior [ RunTime:0.000320s ]
INFO: [ app_begin ] --END-- [ RunTime:0.000358s ]
NOTIC: [8192] mysql_connect(): The mysql extension is deprecated and will be removed in the future: use mysqli or PDO instead /Applications/MAMP/htdocs/HealthManager/ThinkPHP/Library/Think/Session/Driver/Db.class.php 第 95 行.
NOTIC: [8] curl_setopt(): CURLOPT_SSL_VERIFYHOST no longer accepts the value 1, value 2 will be used instead /Applications/MAMP/htdocs/HealthManager/Application/Common/Common/function.php 第 66 行.

[ 2017-01-16T13:58:26+08:00 ] ::1 /index.php/HealthManager/Doctor/ajax_signIn
INFO: [ app_init ] --START--
INFO: Run Behavior\BuildLiteBehavior [ RunTime:0.000016s ]
INFO: [ app_init ] --END-- [ RunTime:0.000363s ]
INFO: [ app_begin ] --START--
INFO: Run Behavior\ReadHtmlCacheBehavior [ RunTime:0.000368s ]
INFO: [ app_begin ] --END-- [ RunTime:0.000410s ]
NOTIC: [8192] mysql_connect(): The mysql extension is deprecated and will be removed in the future: use mysqli or PDO instead /Applications/MAMP/htdocs/HealthManager/ThinkPHP/Library/Think/Session/Driver/Db.class.php 第 95 行.
NOTIC: [8] curl_setopt(): CURLOPT_SSL_VERIFYHOST no longer accepts the value 1, value 2 will be used instead /Applications/MAMP/htdocs/HealthManager/Application/Common/Common/function.php 第 66 行.

[ 2017-01-16T13:58:26+08:00 ] ::1 /HealthManager/Doctor/dashboard
INFO: [ app_init ] --START--
INFO: Run Behavior\BuildLiteBehavior [ RunTime:0.000023s ]
INFO: [ app_init ] --END-- [ RunTime:0.000325s ]
INFO: [ app_begin ] --START--
INFO: Run Behavior\ReadHtmlCacheBehavior [ RunTime:0.000337s ]
INFO: [ app_begin ] --END-- [ RunTime:0.000394s ]
NOTIC: [8192] mysql_connect(): The mysql extension is deprecated and will be removed in the future: use mysqli or PDO instead /Applications/MAMP/htdocs/HealthManager/ThinkPHP/Library/Think/Session/Driver/Db.class.php 第 95 行.
SQL: SHOW COLUMNS FROM `hm_menu` [ RunTime:0.0052s ]
SQL: SELECT * FROM `hm_menu` WHERE ( role=2 )  [ RunTime:0.0043s ]
SQL: SHOW COLUMNS FROM `hm_info_ask` [ RunTime:0.0044s ]
SQL: SELECT * FROM `hm_info_ask` WHERE `doctor_id` = 1 LIMIT 10   [ RunTime:0.0050s ]
SQL: SHOW COLUMNS FROM `hm_user_info_base` [ RunTime:0.0041s ]
SQL: SHOW COLUMNS FROM `hm_user_info_base` [ RunTime:0.0041s ]
SQL: SELECT `uid`,`username`,`email`,`mobile`,`email_verify`,`reg_time`,`user_type` FROM `hm_user_info_base` WHERE ( uid=11 ) LIMIT 1   [ RunTime:0.0042s ]
SQL: SHOW COLUMNS FROM `hm_user_info_details` [ RunTime:0.0043s ]
SQL: SELECT * FROM `hm_user_info_details` WHERE ( 1=1 AND uid='11' ) LIMIT 1   [ RunTime:0.0042s ]
SQL: SHOW COLUMNS FROM `hm_user_info_extra` [ RunTime:0.0044s ]
SQL: SELECT * FROM `hm_user_info_extra` WHERE ( 1=1 AND uid='11' ) LIMIT 1   [ RunTime:0.0039s ]
SQL: SHOW COLUMNS FROM `hm_user_info_certification` [ RunTime:0.0043s ]
SQL: SELECT * FROM `hm_user_info_certification` WHERE ( 1=1 AND uid='11' ) LIMIT 1   [ RunTime:0.0050s ]
SQL: SHOW COLUMNS FROM `hm_user_bind` [ RunTime:0.0042s ]
SQL: SELECT * FROM `hm_user_bind` WHERE ( 1=1 AND uid='11' )  [ RunTime:0.0039s ]
SQL: SELECT `uid`,`username`,`email`,`mobile`,`email_verify`,`reg_time`,`user_type` FROM `hm_user_info_base` WHERE ( uid=1 ) LIMIT 1   [ RunTime:0.0037s ]
SQL: SELECT * FROM `hm_user_info_details` WHERE ( 1=1 AND uid='1' ) LIMIT 1   [ RunTime:0.0043s ]
SQL: SELECT * FROM `hm_user_info_extra` WHERE ( 1=1 AND uid='1' ) LIMIT 1   [ RunTime:0.0043s ]
SQL: SELECT * FROM `hm_user_info_certification` WHERE ( 1=1 AND uid='1' ) LIMIT 1   [ RunTime:0.0046s ]
SQL: SELECT * FROM `hm_user_bind` WHERE ( 1=1 AND uid='1' )  [ RunTime:0.0037s ]
SQL: SELECT `uid`,`username`,`email`,`mobile`,`email_verify`,`reg_time`,`user_type` FROM `hm_user_info_base` WHERE ( uid=12 ) LIMIT 1   [ RunTime:0.0037s ]
SQL: SELECT * FROM `hm_user_info_details` WHERE ( 1=1 AND uid='12' ) LIMIT 1   [ RunTime:0.0039s ]
SQL: SELECT * FROM `hm_user_info_extra` WHERE ( 1=1 AND uid='12' ) LIMIT 1   [ RunTime:0.0044s ]
SQL: SELECT * FROM `hm_user_info_certification` WHERE ( 1=1 AND uid='12' ) LIMIT 1   [ RunTime:0.0046s ]
SQL: SELECT * FROM `hm_user_bind` WHERE ( 1=1 AND uid='12' )  [ RunTime:0.0034s ]
SQL: SELECT `uid`,`username`,`email`,`mobile`,`email_verify`,`reg_time`,`user_type` FROM `hm_user_info_base` WHERE ( uid=1 ) LIMIT 1   [ RunTime:0.0037s ]
SQL: SELECT * FROM `hm_user_info_details` WHERE ( 1=1 AND uid='1' ) LIMIT 1   [ RunTime:0.0040s ]
SQL: SELECT * FROM `hm_user_info_extra` WHERE ( 1=1 AND uid='1' ) LIMIT 1   [ RunTime:0.0044s ]
SQL: SELECT * FROM `hm_user_info_certification` WHERE ( 1=1 AND uid='1' ) LIMIT 1   [ RunTime:0.0043s ]
SQL: SELECT * FROM `hm_user_bind` WHERE ( 1=1 AND uid='1' )  [ RunTime:0.0038s ]
SQL: SELECT `uid`,`username`,`email`,`mobile`,`email_verify`,`reg_time`,`user_type` FROM `hm_user_info_base` WHERE ( uid=12 ) LIMIT 1   [ RunTime:0.0038s ]
SQL: SELECT * FROM `hm_user_info_details` WHERE ( 1=1 AND uid='12' ) LIMIT 1   [ RunTime:0.0040s ]
SQL: SELECT * FROM `hm_user_info_extra` WHERE ( 1=1 AND uid='12' ) LIMIT 1   [ RunTime:0.0042s ]
SQL: SELECT * FROM `hm_user_info_certification` WHERE ( 1=1 AND uid='12' ) LIMIT 1   [ RunTime:0.0046s ]
SQL: SELECT * FROM `hm_user_bind` WHERE ( 1=1 AND uid='12' )  [ RunTime:0.0034s ]
SQL: SELECT `uid`,`username`,`email`,`mobile`,`email_verify`,`reg_time`,`user_type` FROM `hm_user_info_base` WHERE ( uid=1 ) LIMIT 1   [ RunTime:0.0041s ]
SQL: SELECT * FROM `hm_user_info_details` WHERE ( 1=1 AND uid='1' ) LIMIT 1   [ RunTime:0.0055s ]
SQL: SELECT * FROM `hm_user_info_extra` WHERE ( 1=1 AND uid='1' ) LIMIT 1   [ RunTime:0.0062s ]
SQL: SELECT * FROM `hm_user_info_certification` WHERE ( 1=1 AND uid='1' ) LIMIT 1   [ RunTime:0.0057s ]
SQL: SELECT * FROM `hm_user_bind` WHERE ( 1=1 AND uid='1' )  [ RunTime:0.0036s ]
INFO: [ view_begin ] --START--
SQL: SELECT `uid`,`username`,`email`,`mobile`,`email_verify`,`reg_time`,`user_type` FROM `hm_user_info_base` WHERE ( uid=1 ) LIMIT 1   [ RunTime:0.0049s ]
SQL: SELECT * FROM `hm_user_info_details` WHERE ( 1=1 AND uid='1' ) LIMIT 1   [ RunTime:0.0039s ]
SQL: SELECT * FROM `hm_user_info_extra` WHERE ( 1=1 AND uid='1' ) LIMIT 1   [ RunTime:0.0047s ]
SQL: SELECT * FROM `hm_user_info_certification` WHERE ( 1=1 AND uid='1' ) LIMIT 1   [ RunTime:0.0042s ]
SQL: SELECT * FROM `hm_user_bind` WHERE ( 1=1 AND uid='1' )  [ RunTime:0.0034s ]
SQL: SHOW COLUMNS FROM `hm_info_message` [ RunTime:0.0040s ]
SQL: SELECT COUNT(*) AS tp_count FROM `hm_info_message` WHERE `to_user_id` = 'all' AND `status` = 0 LIMIT 1   [ RunTime:0.0032s ]
SQL: SHOW COLUMNS FROM `hm_auth_group_access` [ RunTime:0.0038s ]
SQL: SELECT `uid`,`group_id`,`title`,`rules` FROM hm_auth_group_access a INNER JOIN hm_auth_group g on a.group_id=g.id  WHERE ( a.uid='1' and g.status='1' )  [ RunTime:0.0038s ]
SQL: SHOW COLUMNS FROM `hm_auth_rule` [ RunTime:0.0040s ]
SQL: SELECT `condition`,`name` FROM `hm_auth_rule` WHERE `id` IN ('23','24','25','26','27','28','29','30','31','32','33') AND `type` = 2 AND `status` = 1  [ RunTime:0.0037s ]
INFO: Run HealthManager\Behavior\CheckAccessBehavior [ RunTime:0.048991s ]
INFO: [ view_begin ] --END-- [ RunTime:0.049101s ]
INFO: [ view_parse ] --START--
INFO: [ template_filter ] --START--
INFO: Run Behavior\ContentReplaceBehavior [ RunTime:0.000092s ]
INFO: [ template_filter ] --END-- [ RunTime:0.000141s ]
NOTIC: [8] Undefined variable: title /Applications/MAMP/htdocs/HealthManager/Application/Runtime/Cache/HealthManager/6e38b27d2c3ef5d91350e753dd96db84.php 第 321 行.
NOTIC: [8] Undefined variable: discription /Applications/MAMP/htdocs/HealthManager/Application/Runtime/Cache/HealthManager/6e38b27d2c3ef5d91350e753dd96db84.php 第 321 行.
NOTIC: [8] Undefined variable: parentUrl /Applications/MAMP/htdocs/HealthManager/Application/Runtime/Cache/HealthManager/6e38b27d2c3ef5d91350e753dd96db84.php 第 324 行.
NOTIC: [8] Undefined variable: parentIcon /Applications/MAMP/htdocs/HealthManager/Application/Runtime/Cache/HealthManager/6e38b27d2c3ef5d91350e753dd96db84.php 第 324 行.
NOTIC: [8] Undefined variable: parentTitle /Applications/MAMP/htdocs/HealthManager/Application/Runtime/Cache/HealthManager/6e38b27d2c3ef5d91350e753dd96db84.php 第 325 行.
NOTIC: [8] Undefined variable: title /Applications/MAMP/htdocs/HealthManager/Application/Runtime/Cache/HealthManager/6e38b27d2c3ef5d91350e753dd96db84.php 第 326 行.
INFO: Run Behavior\ParseTemplateBehavior [ RunTime:0.036401s ]
INFO: [ view_parse ] --END-- [ RunTime:0.036474s ]
INFO: [ view_filter ] --START--
INFO: Run Behavior\WriteHtmlCacheBehavior [ RunTime:0.000110s ]
INFO: [ view_filter ] --END-- [ RunTime:0.000144s ]
INFO: [ app_end ] --START--
INFO: Run Behavior\ShowPageTraceBehavior [ RunTime:0.000542s ]
INFO: [ app_end ] --END-- [ RunTime:0.000595s ]

[ 2017-01-16T13:58:40+08:00 ] ::1 /index.php/HealthManager/Doctor/dashboard
INFO: [ app_init ] --START--
INFO: Run Behavior\BuildLiteBehavior [ RunTime:0.000015s ]
INFO: [ app_init ] --END-- [ RunTime:0.000453s ]
INFO: [ app_begin ] --START--
INFO: Run Behavior\ReadHtmlCacheBehavior [ RunTime:0.000533s ]
INFO: [ app_begin ] --END-- [ RunTime:0.000635s ]
NOTIC: [8192] mysql_connect(): The mysql extension is deprecated and will be removed in the future: use mysqli or PDO instead /Applications/MAMP/htdocs/HealthManager/ThinkPHP/Library/Think/Session/Driver/Db.class.php 第 95 行.
SQL: SHOW COLUMNS FROM `hm_menu` [ RunTime:0.0044s ]
SQL: SELECT * FROM `hm_menu` WHERE ( role=2 )  [ RunTime:0.0042s ]
SQL: SHOW COLUMNS FROM `hm_info_ask` [ RunTime:0.0042s ]
SQL: SELECT * FROM `hm_info_ask` WHERE `doctor_id` = 1 LIMIT 10   [ RunTime:0.0041s ]
SQL: SHOW COLUMNS FROM `hm_user_info_base` [ RunTime:0.0041s ]
SQL: SHOW COLUMNS FROM `hm_user_info_base` [ RunTime:0.0042s ]
SQL: SELECT `uid`,`username`,`email`,`mobile`,`email_verify`,`reg_time`,`user_type` FROM `hm_user_info_base` WHERE ( uid=11 ) LIMIT 1   [ RunTime:0.0038s ]
SQL: SHOW COLUMNS FROM `hm_user_info_details` [ RunTime:0.0046s ]
SQL: SELECT * FROM `hm_user_info_details` WHERE ( 1=1 AND uid='11' ) LIMIT 1   [ RunTime:0.0042s ]
SQL: SHOW COLUMNS FROM `hm_user_info_extra` [ RunTime:0.0040s ]
SQL: SELECT * FROM `hm_user_info_extra` WHERE ( 1=1 AND uid='11' ) LIMIT 1   [ RunTime:0.0040s ]
SQL: SHOW COLUMNS FROM `hm_user_info_certification` [ RunTime:0.0042s ]
SQL: SELECT * FROM `hm_user_info_certification` WHERE ( 1=1 AND uid='11' ) LIMIT 1   [ RunTime:0.0042s ]
SQL: SHOW COLUMNS FROM `hm_user_bind` [ RunTime:0.0041s ]
SQL: SELECT * FROM `hm_user_bind` WHERE ( 1=1 AND uid='11' )  [ RunTime:0.0039s ]
SQL: SELECT `uid`,`username`,`email`,`mobile`,`email_verify`,`reg_time`,`user_type` FROM `hm_user_info_base` WHERE ( uid=1 ) LIMIT 1   [ RunTime:0.0035s ]
SQL: SELECT * FROM `hm_user_info_details` WHERE ( 1=1 AND uid='1' ) LIMIT 1   [ RunTime:0.0036s ]
SQL: SELECT * FROM `hm_user_info_extra` WHERE ( 1=1 AND uid='1' ) LIMIT 1   [ RunTime:0.0040s ]
SQL: SELECT * FROM `hm_user_info_certification` WHERE ( 1=1 AND uid='1' ) LIMIT 1   [ RunTime:0.0041s ]
SQL: SELECT * FROM `hm_user_bind` WHERE ( 1=1 AND uid='1' )  [ RunTime:0.0034s ]
SQL: SELECT `uid`,`username`,`email`,`mobile`,`email_verify`,`reg_time`,`user_type` FROM `hm_user_info_base` WHERE ( uid=12 ) LIMIT 1   [ RunTime:0.0037s ]
SQL: SELECT * FROM `hm_user_info_details` WHERE ( 1=1 AND uid='12' ) LIMIT 1   [ RunTime:0.0038s ]
SQL: SELECT * FROM `hm_user_info_extra` WHERE ( 1=1 AND uid='12' ) LIMIT 1   [ RunTime:0.0038s ]
SQL: SELECT * FROM `hm_user_info_certification` WHERE ( 1=1 AND uid='12' ) LIMIT 1   [ RunTime:0.0041s ]
SQL: SELECT * FROM `hm_user_bind` WHERE ( 1=1 AND uid='12' )  [ RunTime:0.0034s ]
SQL: SELECT `uid`,`username`,`email`,`mobile`,`email_verify`,`reg_time`,`user_type` FROM `hm_user_info_base` WHERE ( uid=1 ) LIMIT 1   [ RunTime:0.0036s ]
SQL: SELECT * FROM `hm_user_info_details` WHERE ( 1=1 AND uid='1' ) LIMIT 1   [ RunTime:0.0039s ]
SQL: SELECT * FROM `hm_user_info_extra` WHERE ( 1=1 AND uid='1' ) LIMIT 1   [ RunTime:0.0043s ]
SQL: SELECT * FROM `hm_user_info_certification` WHERE ( 1=1 AND uid='1' ) LIMIT 1   [ RunTime:0.0042s ]
SQL: SELECT * FROM `hm_user_bind` WHERE ( 1=1 AND uid='1' )  [ RunTime:0.0032s ]
SQL: SELECT `uid`,`username`,`email`,`mobile`,`email_verify`,`reg_time`,`user_type` FROM `hm_user_info_base` WHERE ( uid=12 ) LIMIT 1   [ RunTime:0.0034s ]
SQL: SELECT * FROM `hm_user_info_details` WHERE ( 1=1 AND uid='12' ) LIMIT 1   [ RunTime:0.0042s ]
SQL: SELECT * FROM `hm_user_info_extra` WHERE ( 1=1 AND uid='12' ) LIMIT 1   [ RunTime:0.0036s ]
SQL: SELECT * FROM `hm_user_info_certification` WHERE ( 1=1 AND uid='12' ) LIMIT 1   [ RunTime:0.0041s ]
SQL: SELECT * FROM `hm_user_bind` WHERE ( 1=1 AND uid='12' )  [ RunTime:0.0032s ]
SQL: SELECT `uid`,`username`,`email`,`mobile`,`email_verify`,`reg_time`,`user_type` FROM `hm_user_info_base` WHERE ( uid=1 ) LIMIT 1   [ RunTime:0.0036s ]
SQL: SELECT * FROM `hm_user_info_details` WHERE ( 1=1 AND uid='1' ) LIMIT 1   [ RunTime:0.0038s ]
SQL: SELECT * FROM `hm_user_info_extra` WHERE ( 1=1 AND uid='1' ) LIMIT 1   [ RunTime:0.0041s ]
SQL: SELECT * FROM `hm_user_info_certification` WHERE ( 1=1 AND uid='1' ) LIMIT 1   [ RunTime:0.0046s ]
SQL: SELECT * FROM `hm_user_bind` WHERE ( 1=1 AND uid='1' )  [ RunTime:0.0035s ]
INFO: [ view_begin ] --START--
SQL: SELECT `uid`,`username`,`email`,`mobile`,`email_verify`,`reg_time`,`user_type` FROM `hm_user_info_base` WHERE ( uid=1 ) LIMIT 1   [ RunTime:0.0040s ]
SQL: SELECT * FROM `hm_user_info_details` WHERE ( 1=1 AND uid='1' ) LIMIT 1   [ RunTime:0.0041s ]
SQL: SELECT * FROM `hm_user_info_extra` WHERE ( 1=1 AND uid='1' ) LIMIT 1   [ RunTime:0.0043s ]
SQL: SELECT * FROM `hm_user_info_certification` WHERE ( 1=1 AND uid='1' ) LIMIT 1   [ RunTime:0.0041s ]
SQL: SELECT * FROM `hm_user_bind` WHERE ( 1=1 AND uid='1' )  [ RunTime:0.0043s ]
SQL: SHOW COLUMNS FROM `hm_info_message` [ RunTime:0.0040s ]
SQL: SELECT COUNT(*) AS tp_count FROM `hm_info_message` WHERE `to_user_id` = 'all' AND `status` = 0 LIMIT 1   [ RunTime:0.0034s ]
SQL: SHOW COLUMNS FROM `hm_auth_group_access` [ RunTime:0.0037s ]
SQL: SELECT `uid`,`group_id`,`title`,`rules` FROM hm_auth_group_access a INNER JOIN hm_auth_group g on a.group_id=g.id  WHERE ( a.uid='1' and g.status='1' )  [ RunTime:0.0037s ]
SQL: SHOW COLUMNS FROM `hm_auth_rule` [ RunTime:0.0045s ]
SQL: SELECT `condition`,`name` FROM `hm_auth_rule` WHERE `id` IN ('23','24','25','26','27','28','29','30','31','32','33') AND `type` = 2 AND `status` = 1  [ RunTime:0.0060s ]
INFO: Run HealthManager\Behavior\CheckAccessBehavior [ RunTime:0.051891s ]
INFO: [ view_begin ] --END-- [ RunTime:0.052004s ]
INFO: [ view_parse ] --START--
INFO: [ template_filter ] --START--
INFO: Run Behavior\ContentReplaceBehavior [ RunTime:0.000104s ]
INFO: [ template_filter ] --END-- [ RunTime:0.000149s ]
NOTIC: [8] Undefined variable: title /Applications/MAMP/htdocs/HealthManager/Application/Runtime/Cache/HealthManager/6e38b27d2c3ef5d91350e753dd96db84.php 第 321 行.
NOTIC: [8] Undefined variable: discription /Applications/MAMP/htdocs/HealthManager/Application/Runtime/Cache/HealthManager/6e38b27d2c3ef5d91350e753dd96db84.php 第 321 行.
NOTIC: [8] Undefined variable: parentUrl /Applications/MAMP/htdocs/HealthManager/Application/Runtime/Cache/HealthManager/6e38b27d2c3ef5d91350e753dd96db84.php 第 324 行.
NOTIC: [8] Undefined variable: parentIcon /Applications/MAMP/htdocs/HealthManager/Application/Runtime/Cache/HealthManager/6e38b27d2c3ef5d91350e753dd96db84.php 第 324 行.
NOTIC: [8] Undefined variable: parentTitle /Applications/MAMP/htdocs/HealthManager/Application/Runtime/Cache/HealthManager/6e38b27d2c3ef5d91350e753dd96db84.php 第 325 行.
NOTIC: [8] Undefined variable: title /Applications/MAMP/htdocs/HealthManager/Application/Runtime/Cache/HealthManager/6e38b27d2c3ef5d91350e753dd96db84.php 第 326 行.
INFO: Run Behavior\ParseTemplateBehavior [ RunTime:0.028365s ]
INFO: [ view_parse ] --END-- [ RunTime:0.028436s ]
INFO: [ view_filter ] --START--
INFO: Run Behavior\WriteHtmlCacheBehavior [ RunTime:0.000107s ]
INFO: [ view_filter ] --END-- [ RunTime:0.000140s ]
INFO: [ app_end ] --START--
INFO: Run Behavior\ShowPageTraceBehavior [ RunTime:0.000550s ]
INFO: [ app_end ] --END-- [ RunTime:0.000601s ]

[ 2017-01-16T13:58:49+08:00 ] ::1 /index.php/HealthManager/Doctor/userList
INFO: [ app_init ] --START--
INFO: Run Behavior\BuildLiteBehavior [ RunTime:0.000009s ]
INFO: [ app_init ] --END-- [ RunTime:0.000256s ]
INFO: [ app_begin ] --START--
INFO: Run Behavior\ReadHtmlCacheBehavior [ RunTime:0.000352s ]
INFO: [ app_begin ] --END-- [ RunTime:0.000398s ]
NOTIC: [8192] mysql_connect(): The mysql extension is deprecated and will be removed in the future: use mysqli or PDO instead /Applications/MAMP/htdocs/HealthManager/ThinkPHP/Library/Think/Session/Driver/Db.class.php 第 95 行.
INFO: [ view_begin ] --START--
SQL: SHOW COLUMNS FROM `hm_user_info_base` [ RunTime:0.0044s ]
SQL: SELECT `uid`,`username`,`email`,`mobile`,`email_verify`,`reg_time`,`user_type` FROM `hm_user_info_base` WHERE ( uid=1 ) LIMIT 1   [ RunTime:0.0037s ]
SQL: SHOW COLUMNS FROM `hm_user_info_details` [ RunTime:0.0039s ]
SQL: SELECT * FROM `hm_user_info_details` WHERE ( 1=1 AND uid='1' ) LIMIT 1   [ RunTime:0.0043s ]
SQL: SHOW COLUMNS FROM `hm_user_info_extra` [ RunTime:0.0041s ]
SQL: SELECT * FROM `hm_user_info_extra` WHERE ( 1=1 AND uid='1' ) LIMIT 1   [ RunTime:0.0047s ]
SQL: SHOW COLUMNS FROM `hm_user_info_certification` [ RunTime:0.0054s ]
SQL: SELECT * FROM `hm_user_info_certification` WHERE ( 1=1 AND uid='1' ) LIMIT 1   [ RunTime:0.0053s ]
SQL: SHOW COLUMNS FROM `hm_user_bind` [ RunTime:0.0051s ]
SQL: SELECT * FROM `hm_user_bind` WHERE ( 1=1 AND uid='1' )  [ RunTime:0.0041s ]
SQL: SHOW COLUMNS FROM `hm_info_message` [ RunTime:0.0038s ]
SQL: SELECT COUNT(*) AS tp_count FROM `hm_info_message` WHERE `to_user_id` = 'all' AND `status` = 0 LIMIT 1   [ RunTime:0.0065s ]
SQL: SHOW COLUMNS FROM `hm_auth_group_access` [ RunTime:0.0073s ]
SQL: SELECT `uid`,`group_id`,`title`,`rules` FROM hm_auth_group_access a INNER JOIN hm_auth_group g on a.group_id=g.id  WHERE ( a.uid='1' and g.status='1' )  [ RunTime:0.0061s ]
SQL: SHOW COLUMNS FROM `hm_auth_rule` [ RunTime:0.0047s ]
SQL: SELECT `condition`,`name` FROM `hm_auth_rule` WHERE `id` IN ('23','24','25','26','27','28','29','30','31','32','33') AND `type` = 2 AND `status` = 1  [ RunTime:0.0038s ]
INFO: Run HealthManager\Behavior\CheckAccessBehavior [ RunTime:0.110174s ]
INFO: [ view_begin ] --END-- [ RunTime:0.110264s ]
INFO: [ view_parse ] --START--
INFO: [ template_filter ] --START--
INFO: Run Behavior\ContentReplaceBehavior [ RunTime:0.000105s ]
INFO: [ template_filter ] --END-- [ RunTime:0.000150s ]
NOTIC: [8] Undefined variable: page /Applications/MAMP/htdocs/HealthManager/Application/Runtime/Cache/HealthManager/a82ced51e05b54b8e4d7deba43b79ea6.php 第 388 行.
INFO: Run Behavior\ParseTemplateBehavior [ RunTime:0.029932s ]
INFO: [ view_parse ] --END-- [ RunTime:0.030000s ]
INFO: [ view_filter ] --START--
INFO: Run Behavior\WriteHtmlCacheBehavior [ RunTime:0.000099s ]
INFO: [ view_filter ] --END-- [ RunTime:0.000133s ]
INFO: [ app_end ] --START--
INFO: Run Behavior\ShowPageTraceBehavior [ RunTime:0.000489s ]
INFO: [ app_end ] --END-- [ RunTime:0.000543s ]

[ 2017-01-16T13:59:43+08:00 ] ::1 /index.php/HealthManager/Doctor/userList
INFO: [ app_init ] --START--
INFO: Run Behavior\BuildLiteBehavior [ RunTime:0.000015s ]
INFO: [ app_init ] --END-- [ RunTime:0.000337s ]
INFO: [ app_begin ] --START--
INFO: Run Behavior\ReadHtmlCacheBehavior [ RunTime:0.000356s ]
INFO: [ app_begin ] --END-- [ RunTime:0.000403s ]
NOTIC: [8192] mysql_connect(): The mysql extension is deprecated and will be removed in the future: use mysqli or PDO instead /Applications/MAMP/htdocs/HealthManager/ThinkPHP/Library/Think/Session/Driver/Db.class.php 第 95 行.
INFO: [ view_begin ] --START--
SQL: SHOW COLUMNS FROM `hm_user_info_base` [ RunTime:0.0045s ]
SQL: SELECT `uid`,`username`,`email`,`mobile`,`email_verify`,`reg_time`,`user_type` FROM `hm_user_info_base` WHERE ( uid=1 ) LIMIT 1   [ RunTime:0.0042s ]
SQL: SHOW COLUMNS FROM `hm_user_info_details` [ RunTime:0.0041s ]
SQL: SELECT * FROM `hm_user_info_details` WHERE ( 1=1 AND uid='1' ) LIMIT 1   [ RunTime:0.0042s ]
SQL: SHOW COLUMNS FROM `hm_user_info_extra` [ RunTime:0.0040s ]
SQL: SELECT * FROM `hm_user_info_extra` WHERE ( 1=1 AND uid='1' ) LIMIT 1   [ RunTime:0.0045s ]
SQL: SHOW COLUMNS FROM `hm_user_info_certification` [ RunTime:0.0040s ]
SQL: SELECT * FROM `hm_user_info_certification` WHERE ( 1=1 AND uid='1' ) LIMIT 1   [ RunTime:0.0044s ]
SQL: SHOW COLUMNS FROM `hm_user_bind` [ RunTime:0.0037s ]
SQL: SELECT * FROM `hm_user_bind` WHERE ( 1=1 AND uid='1' )  [ RunTime:0.0034s ]
SQL: SHOW COLUMNS FROM `hm_info_message` [ RunTime:0.0040s ]
SQL: SELECT COUNT(*) AS tp_count FROM `hm_info_message` WHERE `to_user_id` = 'all' AND `status` = 0 LIMIT 1   [ RunTime:0.0031s ]
SQL: SHOW COLUMNS FROM `hm_auth_group_access` [ RunTime:0.0038s ]
SQL: SELECT `uid`,`group_id`,`title`,`rules` FROM hm_auth_group_access a INNER JOIN hm_auth_group g on a.group_id=g.id  WHERE ( a.uid='1' and g.status='1' )  [ RunTime:0.0036s ]
SQL: SHOW COLUMNS FROM `hm_auth_rule` [ RunTime:0.0039s ]
SQL: SELECT `condition`,`name` FROM `hm_auth_rule` WHERE `id` IN ('23','24','25','26','27','28','29','30','31','32','33') AND `type` = 2 AND `status` = 1  [ RunTime:0.0038s ]
INFO: Run HealthManager\Behavior\CheckAccessBehavior [ RunTime:0.093513s ]
INFO: [ view_begin ] --END-- [ RunTime:0.093605s ]
INFO: [ view_parse ] --START--
INFO: [ template_filter ] --START--
INFO: Run Behavior\ContentReplaceBehavior [ RunTime:0.000104s ]
INFO: [ template_filter ] --END-- [ RunTime:0.000151s ]
NOTIC: [8] Undefined variable: page /Applications/MAMP/htdocs/HealthManager/Application/Runtime/Cache/HealthManager/a82ced51e05b54b8e4d7deba43b79ea6.php 第 388 行.
INFO: Run Behavior\ParseTemplateBehavior [ RunTime:0.023870s ]
INFO: [ view_parse ] --END-- [ RunTime:0.023939s ]
INFO: [ view_filter ] --START--
INFO: Run Behavior\WriteHtmlCacheBehavior [ RunTime:0.000101s ]
INFO: [ view_filter ] --END-- [ RunTime:0.000135s ]
INFO: [ app_end ] --START--
INFO: Run Behavior\ShowPageTraceBehavior [ RunTime:0.000575s ]
INFO: [ app_end ] --END-- [ RunTime:0.000643s ]

[ 2017-01-16T13:59:55+08:00 ] ::1 /index.php/HealthManager/Doctor/userList
INFO: [ app_init ] --START--
INFO: Run Behavior\BuildLiteBehavior [ RunTime:0.000014s ]
INFO: [ app_init ] --END-- [ RunTime:0.000343s ]
INFO: [ app_begin ] --START--
INFO: Run Behavior\ReadHtmlCacheBehavior [ RunTime:0.000423s ]
INFO: [ app_begin ] --END-- [ RunTime:0.000483s ]
NOTIC: [8192] mysql_connect(): The mysql extension is deprecated and will be removed in the future: use mysqli or PDO instead /Applications/MAMP/htdocs/HealthManager/ThinkPHP/Library/Think/Session/Driver/Db.class.php 第 95 行.
INFO: [ view_begin ] --START--
SQL: SHOW COLUMNS FROM `hm_user_info_base` [ RunTime:0.0030s ]
SQL: SELECT `uid`,`username`,`email`,`mobile`,`email_verify`,`reg_time`,`user_type` FROM `hm_user_info_base` WHERE ( uid=1 ) LIMIT 1   [ RunTime:0.0022s ]
SQL: SHOW COLUMNS FROM `hm_user_info_details` [ RunTime:0.0028s ]
SQL: SELECT * FROM `hm_user_info_details` WHERE ( 1=1 AND uid='1' ) LIMIT 1   [ RunTime:0.0024s ]
SQL: SHOW COLUMNS FROM `hm_user_info_extra` [ RunTime:0.0025s ]
SQL: SELECT * FROM `hm_user_info_extra` WHERE ( 1=1 AND uid='1' ) LIMIT 1   [ RunTime:0.0027s ]
SQL: SHOW COLUMNS FROM `hm_user_info_certification` [ RunTime:0.0027s ]
SQL: SELECT * FROM `hm_user_info_certification` WHERE ( 1=1 AND uid='1' ) LIMIT 1   [ RunTime:0.0027s ]
SQL: SHOW COLUMNS FROM `hm_user_bind` [ RunTime:0.0027s ]
SQL: SELECT * FROM `hm_user_bind` WHERE ( 1=1 AND uid='1' )  [ RunTime:0.0027s ]
SQL: SHOW COLUMNS FROM `hm_info_message` [ RunTime:0.0030s ]
SQL: SELECT COUNT(*) AS tp_count FROM `hm_info_message` WHERE `to_user_id` = 'all' AND `status` = 0 LIMIT 1   [ RunTime:0.0025s ]
SQL: SHOW COLUMNS FROM `hm_auth_group_access` [ RunTime:0.0035s ]
SQL: SELECT `uid`,`group_id`,`title`,`rules` FROM hm_auth_group_access a INNER JOIN hm_auth_group g on a.group_id=g.id  WHERE ( a.uid='1' and g.status='1' )  [ RunTime:0.0040s ]
SQL: SHOW COLUMNS FROM `hm_auth_rule` [ RunTime:0.0031s ]
SQL: SELECT `condition`,`name` FROM `hm_auth_rule` WHERE `id` IN ('23','24','25','26','27','28','29','30','31','32','33') AND `type` = 2 AND `status` = 1  [ RunTime:0.0028s ]
INFO: Run HealthManager\Behavior\CheckAccessBehavior [ RunTime:0.071084s ]
INFO: [ view_begin ] --END-- [ RunTime:0.071134s ]
INFO: [ view_parse ] --START--
INFO: [ template_filter ] --START--
INFO: Run Behavior\ContentReplaceBehavior [ RunTime:0.000128s ]
INFO: [ template_filter ] --END-- [ RunTime:0.000182s ]
NOTIC: [8] Undefined variable: page /Applications/MAMP/htdocs/HealthManager/Application/Runtime/Cache/HealthManager/a82ced51e05b54b8e4d7deba43b79ea6.php 第 388 行.
INFO: Run Behavior\ParseTemplateBehavior [ RunTime:0.022583s ]
INFO: [ view_parse ] --END-- [ RunTime:0.022624s ]
INFO: [ view_filter ] --START--
INFO: Run Behavior\WriteHtmlCacheBehavior [ RunTime:0.000110s ]
INFO: [ view_filter ] --END-- [ RunTime:0.000146s ]
INFO: [ app_end ] --START--
INFO: Run Behavior\ShowPageTraceBehavior [ RunTime:0.000554s ]
INFO: [ app_end ] --END-- [ RunTime:0.000594s ]

