[ 2017-01-15T08:37:16+08:00 ] ::1 /index.php/HealthManager/Doctor/archivesList
INFO: [ app_init ] --START--
INFO: Run Behavior\BuildLiteBehavior [ RunTime:0.000287s ]
INFO: [ app_init ] --END-- [ RunTime:0.001383s ]
INFO: [ app_begin ] --START--
INFO: Run Behavior\ReadHtmlCacheBehavior [ RunTime:0.000693s ]
INFO: [ app_begin ] --END-- [ RunTime:0.000746s ]
NOTIC: [8192] mysql_connect(): The mysql extension is deprecated and will be removed in the future: use mysqli or PDO instead /Applications/MAMP/htdocs/HealthManager/ThinkPHP/Library/Think/Session/Driver/Db.class.php 第 95 行.
SQL: SHOW COLUMNS FROM `hm_info_health_record` [ RunTime:0.0236s ]
SQL: SELECT * FROM `hm_info_health_record` WHERE `doctor_id` = null LIMIT 1   [ RunTime:0.0235s ]
SQL: SELECT DocumentBase.uid AS uid,DocumentBase.tiny_name AS tiny_name,DocumentBase.certification_url AS certification_url,DocumentBase.certification_status AS certification_status,DocumentBase.update_time AS update_time,DocumentBase.idno AS idno,DocumentContent.id AS id,DocumentContent.uid AS uid,DocumentContent.number AS number,DocumentContent.doctor_id AS doctor_id,DocumentContent.create_time AS create_time FROM hm_user_info_certification DocumentBase  JOIN hm_info_health_record DocumentContent ON DocumentBase.uid=DocumentContent.uid WHERE DocumentBase.uid = null  [ RunTime:0.0303s ]
INFO: [ view_begin ] --START--

[ 2017-01-15T08:37:16+08:00 ] ::1 /index.php/HealthManager/Doctor/signIn.html
INFO: [ app_init ] --START--
INFO: Run Behavior\BuildLiteBehavior [ RunTime:0.000011s ]
INFO: [ app_init ] --END-- [ RunTime:0.000255s ]
INFO: [ app_begin ] --START--
INFO: Run Behavior\ReadHtmlCacheBehavior [ RunTime:0.000360s ]
INFO: [ app_begin ] --END-- [ RunTime:0.000450s ]
NOTIC: [8192] mysql_connect(): The mysql extension is deprecated and will be removed in the future: use mysqli or PDO instead /Applications/MAMP/htdocs/HealthManager/ThinkPHP/Library/Think/Session/Driver/Db.class.php 第 95 行.
INFO: [ view_begin ] --START--
INFO: Run HealthManager\Behavior\CheckAccessBehavior [ RunTime:0.000198s ]
INFO: [ view_begin ] --END-- [ RunTime:0.000249s ]
INFO: [ view_parse ] --START--
INFO: [ template_filter ] --START--
INFO: Run Behavior\ContentReplaceBehavior [ RunTime:0.000120s ]
INFO: [ template_filter ] --END-- [ RunTime:0.000255s ]
NOTIC: [8] Use of undefined constant signIn - assumed 'signIn' /Applications/MAMP/htdocs/HealthManager/Application/Runtime/Cache/HealthManager/65312c2d74527fbaa42566f0ac1c2b07.php 第 37 行.
INFO: Run Behavior\ParseTemplateBehavior [ RunTime:0.014704s ]
INFO: [ view_parse ] --END-- [ RunTime:0.014785s ]
INFO: [ view_filter ] --START--
INFO: Run Behavior\WriteHtmlCacheBehavior [ RunTime:0.000595s ]
INFO: [ view_filter ] --END-- [ RunTime:0.000714s ]
INFO: [ app_end ] --START--
INFO: Run Behavior\ShowPageTraceBehavior [ RunTime:0.000871s ]
INFO: [ app_end ] --END-- [ RunTime:0.000942s ]

[ 2017-01-15T08:37:23+08:00 ] ::1 /index.php/HealthManager/Member/userSendConsultingInfo
INFO: [ app_init ] --START--
INFO: Run Behavior\BuildLiteBehavior [ RunTime:0.000022s ]
INFO: [ app_init ] --END-- [ RunTime:0.000458s ]
INFO: [ app_begin ] --START--
INFO: Run Behavior\ReadHtmlCacheBehavior [ RunTime:0.000525s ]
INFO: [ app_begin ] --END-- [ RunTime:0.000591s ]
NOTIC: [8192] mysql_connect(): The mysql extension is deprecated and will be removed in the future: use mysqli or PDO instead /Applications/MAMP/htdocs/HealthManager/ThinkPHP/Library/Think/Session/Driver/Db.class.php 第 95 行.
SQL: SHOW COLUMNS FROM `hm_menu` [ RunTime:0.0237s ]
SQL: SELECT * FROM `hm_menu` WHERE ( role=1 )  [ RunTime:0.0227s ]
SQL: SHOW COLUMNS FROM `hm_info_hospital_department` [ RunTime:0.0215s ]
SQL: SELECT * FROM `hm_info_hospital_department`  [ RunTime:0.0215s ]
SQL: SHOW COLUMNS FROM `hm_user_info_base` [ RunTime:0.0235s ]
SQL: SELECT `uid`,`username`,`email`,`mobile`,`email_verify`,`reg_time`,`user_type` FROM `hm_user_info_base` WHERE `user_type` = 2  [ RunTime:0.0231s ]
SQL: SHOW COLUMNS FROM `hm_user_info_details` [ RunTime:0.0222s ]
SQL: SELECT * FROM `hm_user_info_details` WHERE ( 1=1 AND uid='1' ) LIMIT 1   [ RunTime:0.0242s ]
SQL: SHOW COLUMNS FROM `hm_user_info_extra` [ RunTime:0.0211s ]
SQL: SELECT * FROM `hm_user_info_extra` WHERE ( 1=1 AND uid='1' ) LIMIT 1   [ RunTime:0.0257s ]
SQL: SHOW COLUMNS FROM `hm_user_info_certification` [ RunTime:0.0232s ]
SQL: SELECT * FROM `hm_user_info_certification` WHERE ( 1=1 AND uid='1' ) LIMIT 1   [ RunTime:0.0254s ]
SQL: SHOW COLUMNS FROM `hm_user_bind` [ RunTime:0.0226s ]
SQL: SELECT * FROM `hm_user_bind` WHERE ( 1=1 AND uid='1' )  [ RunTime:0.0216s ]
SQL: SELECT * FROM `hm_user_info_details` WHERE ( 1=1 AND uid='14' ) LIMIT 1   [ RunTime:0.0231s ]
SQL: SELECT * FROM `hm_user_info_extra` WHERE ( 1=1 AND uid='14' ) LIMIT 1   [ RunTime:0.0248s ]
SQL: SELECT * FROM `hm_user_info_certification` WHERE ( 1=1 AND uid='14' ) LIMIT 1   [ RunTime:0.0254s ]
SQL: SELECT * FROM `hm_user_bind` WHERE ( 1=1 AND uid='14' )  [ RunTime:0.0217s ]
SQL: SELECT * FROM `hm_user_info_details` WHERE ( 1=1 AND uid='16' ) LIMIT 1   [ RunTime:0.0236s ]
SQL: SELECT * FROM `hm_user_info_extra` WHERE ( 1=1 AND uid='16' ) LIMIT 1   [ RunTime:0.0256s ]
SQL: SELECT * FROM `hm_user_info_certification` WHERE ( 1=1 AND uid='16' ) LIMIT 1   [ RunTime:0.0246s ]
SQL: SELECT * FROM `hm_user_bind` WHERE ( 1=1 AND uid='16' )  [ RunTime:0.0224s ]
SQL: SHOW COLUMNS FROM `hm_user_info_extra` [ RunTime:0.0227s ]
SQL: SELECT * FROM `hm_user_info_extra` WHERE ( uid=1 ) LIMIT 1   [ RunTime:0.0259s ]
SQL: SHOW COLUMNS FROM `hm_info_hospital` [ RunTime:0.0230s ]
SQL: SELECT * FROM `hm_info_hospital` WHERE ( id=6 ) LIMIT 1   [ RunTime:0.0217s ]
SQL: SELECT * FROM `hm_info_hospital_department` WHERE ( department_id=1 ) LIMIT 1   [ RunTime:0.0235s ]
SQL: SHOW COLUMNS FROM `hm_info_hospital_subdiscipline` [ RunTime:0.0225s ]
SQL: SELECT * FROM `hm_info_hospital_subdiscipline` WHERE ( subdiscipline_id=6 ) LIMIT 1   [ RunTime:0.0213s ]
SQL: SHOW COLUMNS FROM `hm_info_hospital_position` [ RunTime:0.0226s ]
SQL: SELECT * FROM `hm_info_hospital_position` WHERE ( position_id=2 ) LIMIT 1   [ RunTime:0.0209s ]
SQL: SELECT * FROM `hm_user_info_extra` WHERE ( uid=14 ) LIMIT 1   [ RunTime:0.0244s ]
SQL: SELECT * FROM `hm_info_hospital` WHERE ( id=6 ) LIMIT 1   [ RunTime:0.0235s ]
SQL: SELECT * FROM `hm_info_hospital_department` WHERE ( department_id=1 ) LIMIT 1   [ RunTime:0.0230s ]
SQL: SELECT * FROM `hm_info_hospital_subdiscipline` WHERE ( subdiscipline_id=6 ) LIMIT 1   [ RunTime:0.0222s ]
SQL: SELECT * FROM `hm_info_hospital_position` WHERE ( position_id=2 ) LIMIT 1   [ RunTime:0.0218s ]
SQL: SELECT * FROM `hm_user_info_extra` WHERE ( uid=16 ) LIMIT 1   [ RunTime:0.0242s ]
SQL: SELECT * FROM `hm_info_hospital` WHERE ( id=6 ) LIMIT 1   [ RunTime:0.0232s ]
SQL: SELECT * FROM `hm_info_hospital_department` WHERE ( department_id=1 ) LIMIT 1   [ RunTime:0.0231s ]
SQL: SELECT * FROM `hm_info_hospital_subdiscipline` WHERE ( subdiscipline_id=6 ) LIMIT 1   [ RunTime:0.0228s ]
SQL: SELECT * FROM `hm_info_hospital_position` WHERE ( position_id=2 ) LIMIT 1   [ RunTime:0.0216s ]
INFO: [ view_begin ] --START--

[ 2017-01-15T08:37:24+08:00 ] ::1 /index.php/HealthManager/Doctor/signIn.html
INFO: [ app_init ] --START--
INFO: Run Behavior\BuildLiteBehavior [ RunTime:0.000011s ]
INFO: [ app_init ] --END-- [ RunTime:0.000257s ]
INFO: [ app_begin ] --START--
INFO: Run Behavior\ReadHtmlCacheBehavior [ RunTime:0.000343s ]
INFO: [ app_begin ] --END-- [ RunTime:0.000387s ]
NOTIC: [8192] mysql_connect(): The mysql extension is deprecated and will be removed in the future: use mysqli or PDO instead /Applications/MAMP/htdocs/HealthManager/ThinkPHP/Library/Think/Session/Driver/Db.class.php 第 95 行.
INFO: [ view_begin ] --START--
INFO: Run HealthManager\Behavior\CheckAccessBehavior [ RunTime:0.000210s ]
INFO: [ view_begin ] --END-- [ RunTime:0.000263s ]
INFO: [ view_parse ] --START--
INFO: [ template_filter ] --START--
INFO: Run Behavior\ContentReplaceBehavior [ RunTime:0.000047s ]
INFO: [ template_filter ] --END-- [ RunTime:0.000090s ]
NOTIC: [8] Use of undefined constant signIn - assumed 'signIn' /Applications/MAMP/htdocs/HealthManager/Application/Runtime/Cache/HealthManager/65312c2d74527fbaa42566f0ac1c2b07.php 第 37 行.
INFO: Run Behavior\ParseTemplateBehavior [ RunTime:0.005803s ]
INFO: [ view_parse ] --END-- [ RunTime:0.005839s ]
INFO: [ view_filter ] --START--
INFO: Run Behavior\WriteHtmlCacheBehavior [ RunTime:0.000102s ]
INFO: [ view_filter ] --END-- [ RunTime:0.000137s ]
INFO: [ app_end ] --START--
INFO: Run Behavior\ShowPageTraceBehavior [ RunTime:0.000373s ]
INFO: [ app_end ] --END-- [ RunTime:0.000411s ]

[ 2017-01-15T08:37:27+08:00 ] ::1 /index.php/HealthManager/Doctor/ajax_signIn
INFO: [ app_init ] --START--
INFO: Run Behavior\BuildLiteBehavior [ RunTime:0.000012s ]
INFO: [ app_init ] --END-- [ RunTime:0.000259s ]
INFO: [ app_begin ] --START--
INFO: Run Behavior\ReadHtmlCacheBehavior [ RunTime:0.000332s ]
INFO: [ app_begin ] --END-- [ RunTime:0.000370s ]
NOTIC: [8192] mysql_connect(): The mysql extension is deprecated and will be removed in the future: use mysqli or PDO instead /Applications/MAMP/htdocs/HealthManager/ThinkPHP/Library/Think/Session/Driver/Db.class.php 第 95 行.
NOTIC: [8] curl_setopt(): CURLOPT_SSL_VERIFYHOST no longer accepts the value 1, value 2 will be used instead /Applications/MAMP/htdocs/HealthManager/Application/Common/Common/function.php 第 66 行.

[ 2017-01-15T08:37:29+08:00 ] ::1 /HealthManager/Doctor/dashboard
INFO: [ app_init ] --START--
INFO: Run Behavior\BuildLiteBehavior [ RunTime:0.000011s ]
INFO: [ app_init ] --END-- [ RunTime:0.000253s ]
INFO: [ app_begin ] --START--
INFO: Run Behavior\ReadHtmlCacheBehavior [ RunTime:0.000330s ]
INFO: [ app_begin ] --END-- [ RunTime:0.000371s ]
NOTIC: [8192] mysql_connect(): The mysql extension is deprecated and will be removed in the future: use mysqli or PDO instead /Applications/MAMP/htdocs/HealthManager/ThinkPHP/Library/Think/Session/Driver/Db.class.php 第 95 行.
SQL: SHOW COLUMNS FROM `hm_menu` [ RunTime:0.0210s ]
SQL: SELECT * FROM `hm_menu` WHERE ( role=2 )  [ RunTime:0.0231s ]
SQL: SHOW COLUMNS FROM `hm_info_ask` [ RunTime:0.0205s ]
SQL: SELECT * FROM `hm_info_ask` WHERE `doctor_id` = 1 LIMIT 10   [ RunTime:0.0241s ]
SQL: SHOW COLUMNS FROM `hm_user_info_base` [ RunTime:0.0226s ]
SQL: SHOW COLUMNS FROM `hm_user_info_base` [ RunTime:0.0211s ]
SQL: SELECT `uid`,`username`,`email`,`mobile`,`email_verify`,`reg_time`,`user_type` FROM `hm_user_info_base` WHERE ( uid=11 ) LIMIT 1   [ RunTime:0.0232s ]
SQL: SHOW COLUMNS FROM `hm_user_info_details` [ RunTime:0.0198s ]
SQL: SELECT * FROM `hm_user_info_details` WHERE ( 1=1 AND uid='11' ) LIMIT 1   [ RunTime:0.0221s ]
SQL: SHOW COLUMNS FROM `hm_user_info_extra` [ RunTime:0.0215s ]
SQL: SELECT * FROM `hm_user_info_extra` WHERE ( 1=1 AND uid='11' ) LIMIT 1   [ RunTime:0.0210s ]
SQL: SHOW COLUMNS FROM `hm_user_info_certification` [ RunTime:0.0221s ]
SQL: SELECT * FROM `hm_user_info_certification` WHERE ( 1=1 AND uid='11' ) LIMIT 1   [ RunTime:0.0223s ]
SQL: SHOW COLUMNS FROM `hm_user_bind` [ RunTime:0.0223s ]
SQL: SELECT * FROM `hm_user_bind` WHERE ( 1=1 AND uid='11' )  [ RunTime:0.0210s ]
SQL: SELECT `uid`,`username`,`email`,`mobile`,`email_verify`,`reg_time`,`user_type` FROM `hm_user_info_base` WHERE ( uid=1 ) LIMIT 1   [ RunTime:0.0222s ]
SQL: SELECT * FROM `hm_user_info_details` WHERE ( 1=1 AND uid='1' ) LIMIT 1   [ RunTime:0.0221s ]
SQL: SELECT * FROM `hm_user_info_extra` WHERE ( 1=1 AND uid='1' ) LIMIT 1   [ RunTime:0.0251s ]
SQL: SELECT * FROM `hm_user_info_certification` WHERE ( 1=1 AND uid='1' ) LIMIT 1   [ RunTime:0.0243s ]
SQL: SELECT * FROM `hm_user_bind` WHERE ( 1=1 AND uid='1' )  [ RunTime:0.0223s ]
SQL: SELECT `uid`,`username`,`email`,`mobile`,`email_verify`,`reg_time`,`user_type` FROM `hm_user_info_base` WHERE ( uid=12 ) LIMIT 1   [ RunTime:0.0223s ]
SQL: SELECT * FROM `hm_user_info_details` WHERE ( 1=1 AND uid='12' ) LIMIT 1   [ RunTime:0.0222s ]
SQL: SELECT * FROM `hm_user_info_extra` WHERE ( 1=1 AND uid='12' ) LIMIT 1   [ RunTime:0.0243s ]
SQL: SELECT * FROM `hm_user_info_certification` WHERE ( 1=1 AND uid='12' ) LIMIT 1   [ RunTime:0.0226s ]
SQL: SELECT * FROM `hm_user_bind` WHERE ( 1=1 AND uid='12' )  [ RunTime:0.0221s ]
SQL: SELECT `uid`,`username`,`email`,`mobile`,`email_verify`,`reg_time`,`user_type` FROM `hm_user_info_base` WHERE ( uid=1 ) LIMIT 1   [ RunTime:0.0226s ]
SQL: SELECT * FROM `hm_user_info_details` WHERE ( 1=1 AND uid='1' ) LIMIT 1   [ RunTime:0.0224s ]
SQL: SELECT * FROM `hm_user_info_extra` WHERE ( 1=1 AND uid='1' ) LIMIT 1   [ RunTime:0.0247s ]
SQL: SELECT * FROM `hm_user_info_certification` WHERE ( 1=1 AND uid='1' ) LIMIT 1   [ RunTime:0.0247s ]
SQL: SELECT * FROM `hm_user_bind` WHERE ( 1=1 AND uid='1' )  [ RunTime:0.0217s ]
SQL: SELECT `uid`,`username`,`email`,`mobile`,`email_verify`,`reg_time`,`user_type` FROM `hm_user_info_base` WHERE ( uid=12 ) LIMIT 1   [ RunTime:0.0224s ]
SQL: SELECT * FROM `hm_user_info_details` WHERE ( 1=1 AND uid='12' ) LIMIT 1   [ RunTime:0.0227s ]
SQL: SELECT * FROM `hm_user_info_extra` WHERE ( 1=1 AND uid='12' ) LIMIT 1   [ RunTime:0.0239s ]
SQL: SELECT * FROM `hm_user_info_certification` WHERE ( 1=1 AND uid='12' ) LIMIT 1   [ RunTime:0.0227s ]
SQL: SELECT * FROM `hm_user_bind` WHERE ( 1=1 AND uid='12' )  [ RunTime:0.0218s ]
SQL: SELECT `uid`,`username`,`email`,`mobile`,`email_verify`,`reg_time`,`user_type` FROM `hm_user_info_base` WHERE ( uid=1 ) LIMIT 1   [ RunTime:0.0225s ]
SQL: SELECT * FROM `hm_user_info_details` WHERE ( 1=1 AND uid='1' ) LIMIT 1   [ RunTime:0.0226s ]
SQL: SELECT * FROM `hm_user_info_extra` WHERE ( 1=1 AND uid='1' ) LIMIT 1   [ RunTime:0.0246s ]
SQL: SELECT * FROM `hm_user_info_certification` WHERE ( 1=1 AND uid='1' ) LIMIT 1   [ RunTime:0.0246s ]
SQL: SELECT * FROM `hm_user_bind` WHERE ( 1=1 AND uid='1' )  [ RunTime:0.0220s ]
INFO: [ view_begin ] --START--
SQL: SELECT `uid`,`username`,`email`,`mobile`,`email_verify`,`reg_time`,`user_type` FROM `hm_user_info_base` WHERE ( uid=1 ) LIMIT 1   [ RunTime:0.0221s ]
SQL: SELECT * FROM `hm_user_info_details` WHERE ( 1=1 AND uid='1' ) LIMIT 1   [ RunTime:0.0225s ]
SQL: SELECT * FROM `hm_user_info_extra` WHERE ( 1=1 AND uid='1' ) LIMIT 1   [ RunTime:0.0249s ]
SQL: SELECT * FROM `hm_user_info_certification` WHERE ( 1=1 AND uid='1' ) LIMIT 1   [ RunTime:0.0244s ]
SQL: SELECT * FROM `hm_user_bind` WHERE ( 1=1 AND uid='1' )  [ RunTime:0.0220s ]
SQL: SHOW COLUMNS FROM `hm_info_message` [ RunTime:0.0232s ]
SQL: SELECT COUNT(*) AS tp_count FROM `hm_info_message` WHERE `to_user_id` = 'all' AND `status` = 0 LIMIT 1   [ RunTime:0.0224s ]
SQL: SHOW COLUMNS FROM `hm_auth_group_access` [ RunTime:0.0200s ]
SQL: SELECT `uid`,`group_id`,`title`,`rules` FROM hm_auth_group_access a INNER JOIN hm_auth_group g on a.group_id=g.id  WHERE ( a.uid='1' and g.status='1' )  [ RunTime:0.0239s ]
SQL: SHOW COLUMNS FROM `hm_auth_rule` [ RunTime:0.0228s ]
SQL: SELECT `condition`,`name` FROM `hm_auth_rule` WHERE `id` IN ('23','24','25','26','27','28','29','30','31','32','33') AND `type` = 2 AND `status` = 1  [ RunTime:0.0233s ]
INFO: Run HealthManager\Behavior\CheckAccessBehavior [ RunTime:0.257061s ]
INFO: [ view_begin ] --END-- [ RunTime:0.257145s ]
INFO: [ view_parse ] --START--
INFO: [ template_filter ] --START--
INFO: Run Behavior\ContentReplaceBehavior [ RunTime:0.000090s ]
INFO: [ template_filter ] --END-- [ RunTime:0.000143s ]
NOTIC: [8] Undefined variable: title /Applications/MAMP/htdocs/HealthManager/Application/Runtime/Cache/HealthManager/6e38b27d2c3ef5d91350e753dd96db84.php 第 321 行.
NOTIC: [8] Undefined variable: discription /Applications/MAMP/htdocs/HealthManager/Application/Runtime/Cache/HealthManager/6e38b27d2c3ef5d91350e753dd96db84.php 第 321 行.
NOTIC: [8] Undefined variable: parentUrl /Applications/MAMP/htdocs/HealthManager/Application/Runtime/Cache/HealthManager/6e38b27d2c3ef5d91350e753dd96db84.php 第 324 行.
NOTIC: [8] Undefined variable: parentIcon /Applications/MAMP/htdocs/HealthManager/Application/Runtime/Cache/HealthManager/6e38b27d2c3ef5d91350e753dd96db84.php 第 324 行.
NOTIC: [8] Undefined variable: parentTitle /Applications/MAMP/htdocs/HealthManager/Application/Runtime/Cache/HealthManager/6e38b27d2c3ef5d91350e753dd96db84.php 第 325 行.
NOTIC: [8] Undefined variable: title /Applications/MAMP/htdocs/HealthManager/Application/Runtime/Cache/HealthManager/6e38b27d2c3ef5d91350e753dd96db84.php 第 326 行.
INFO: Run Behavior\ParseTemplateBehavior [ RunTime:0.034292s ]
INFO: [ view_parse ] --END-- [ RunTime:0.034355s ]
INFO: [ view_filter ] --START--
INFO: Run Behavior\WriteHtmlCacheBehavior [ RunTime:0.000108s ]
INFO: [ view_filter ] --END-- [ RunTime:0.000142s ]
INFO: [ app_end ] --START--
INFO: Run Behavior\ShowPageTraceBehavior [ RunTime:0.000601s ]
INFO: [ app_end ] --END-- [ RunTime:0.000680s ]

