[ 2017-01-18T09:05:09+08:00 ] ::1 /index.php/HealthManager/Member/userSendConsultingInfo
INFO: [ app_init ] --START--
INFO: Run Behavior\BuildLiteBehavior [ RunTime:0.000295s ]
INFO: [ app_init ] --END-- [ RunTime:0.001487s ]
INFO: [ app_begin ] --START--
INFO: Run Behavior\ReadHtmlCacheBehavior [ RunTime:0.000682s ]
INFO: [ app_begin ] --END-- [ RunTime:0.000737s ]
NOTIC: [8192] mysql_connect(): The mysql extension is deprecated and will be removed in the future: use mysqli or PDO instead /Applications/MAMP/htdocs/HealthManager/ThinkPHP/Library/Think/Session/Driver/Db.class.php 第 95 行.
SQL: SHOW COLUMNS FROM `hm_menu` [ RunTime:0.0034s ]
SQL: SELECT * FROM `hm_menu` WHERE ( role=1 )  [ RunTime:0.0045s ]
SQL: SHOW COLUMNS FROM `hm_info_hospital_department` [ RunTime:0.0045s ]
SQL: SELECT * FROM `hm_info_hospital_department`  [ RunTime:0.0028s ]
SQL: SHOW COLUMNS FROM `hm_user_info_base` [ RunTime:0.0036s ]
SQL: SELECT `uid`,`username`,`email`,`mobile`,`email_verify`,`reg_time`,`user_type` FROM `hm_user_info_base` WHERE `user_type` = 2  [ RunTime:0.0035s ]
SQL: SHOW COLUMNS FROM `hm_user_info_details` [ RunTime:0.0034s ]
SQL: SELECT * FROM `hm_user_info_details` WHERE ( 1=1 AND uid='1' ) LIMIT 1   [ RunTime:0.0034s ]
SQL: SHOW COLUMNS FROM `hm_user_info_extra` [ RunTime:0.0033s ]
SQL: SELECT * FROM `hm_user_info_extra` WHERE ( 1=1 AND uid='1' ) LIMIT 1   [ RunTime:0.0040s ]
SQL: SHOW COLUMNS FROM `hm_user_info_certification` [ RunTime:0.0037s ]
SQL: SELECT * FROM `hm_user_info_certification` WHERE ( 1=1 AND uid='1' ) LIMIT 1   [ RunTime:0.0036s ]
SQL: SHOW COLUMNS FROM `hm_user_bind` [ RunTime:0.0035s ]
SQL: SELECT * FROM `hm_user_bind` WHERE ( 1=1 AND uid='1' )  [ RunTime:0.0032s ]
SQL: SELECT * FROM `hm_user_info_details` WHERE ( 1=1 AND uid='14' ) LIMIT 1   [ RunTime:0.0044s ]
SQL: SELECT * FROM `hm_user_info_extra` WHERE ( 1=1 AND uid='14' ) LIMIT 1   [ RunTime:0.0055s ]
SQL: SELECT * FROM `hm_user_info_certification` WHERE ( 1=1 AND uid='14' ) LIMIT 1   [ RunTime:0.0052s ]
SQL: SELECT * FROM `hm_user_bind` WHERE ( 1=1 AND uid='14' )  [ RunTime:0.0035s ]
SQL: SELECT * FROM `hm_user_info_details` WHERE ( 1=1 AND uid='16' ) LIMIT 1   [ RunTime:0.0041s ]
SQL: SELECT * FROM `hm_user_info_extra` WHERE ( 1=1 AND uid='16' ) LIMIT 1   [ RunTime:0.0042s ]
SQL: SELECT * FROM `hm_user_info_certification` WHERE ( 1=1 AND uid='16' ) LIMIT 1   [ RunTime:0.0036s ]
SQL: SELECT * FROM `hm_user_bind` WHERE ( 1=1 AND uid='16' )  [ RunTime:0.0028s ]
SQL: SHOW COLUMNS FROM `hm_user_info_extra` [ RunTime:0.0055s ]
SQL: SELECT * FROM `hm_user_info_extra` WHERE ( uid=1 ) LIMIT 1   [ RunTime:0.0053s ]
SQL: SHOW COLUMNS FROM `hm_info_hospital` [ RunTime:0.0043s ]
SQL: SELECT * FROM `hm_info_hospital` WHERE ( id=6 ) LIMIT 1   [ RunTime:0.0039s ]
SQL: SELECT * FROM `hm_info_hospital_department` WHERE ( department_id=1 ) LIMIT 1   [ RunTime:0.0031s ]
SQL: SHOW COLUMNS FROM `hm_info_hospital_subdiscipline` [ RunTime:0.0031s ]
SQL: SELECT * FROM `hm_info_hospital_subdiscipline` WHERE ( subdiscipline_id=6 ) LIMIT 1   [ RunTime:0.0027s ]
SQL: SHOW COLUMNS FROM `hm_info_hospital_position` [ RunTime:0.0030s ]
SQL: SELECT * FROM `hm_info_hospital_position` WHERE ( position_id=2 ) LIMIT 1   [ RunTime:0.0027s ]
SQL: SELECT * FROM `hm_user_info_extra` WHERE ( uid=14 ) LIMIT 1   [ RunTime:0.0037s ]
SQL: SELECT * FROM `hm_info_hospital` WHERE ( id=6 ) LIMIT 1   [ RunTime:0.0038s ]
SQL: SELECT * FROM `hm_info_hospital_department` WHERE ( department_id=1 ) LIMIT 1   [ RunTime:0.0027s ]
SQL: SELECT * FROM `hm_info_hospital_subdiscipline` WHERE ( subdiscipline_id=6 ) LIMIT 1   [ RunTime:0.0030s ]
SQL: SELECT * FROM `hm_info_hospital_position` WHERE ( position_id=2 ) LIMIT 1   [ RunTime:0.0026s ]
SQL: SELECT * FROM `hm_user_info_extra` WHERE ( uid=16 ) LIMIT 1   [ RunTime:0.0035s ]
SQL: SELECT * FROM `hm_info_hospital` WHERE ( id=6 ) LIMIT 1   [ RunTime:0.0034s ]
SQL: SELECT * FROM `hm_info_hospital_department` WHERE ( department_id=1 ) LIMIT 1   [ RunTime:0.0028s ]
SQL: SELECT * FROM `hm_info_hospital_subdiscipline` WHERE ( subdiscipline_id=6 ) LIMIT 1   [ RunTime:0.0026s ]
SQL: SELECT * FROM `hm_info_hospital_position` WHERE ( position_id=2 ) LIMIT 1   [ RunTime:0.0027s ]
INFO: [ view_begin ] --START--

[ 2017-01-18T09:05:10+08:00 ] ::1 /index.php/HealthManager/Doctor/signIn.html
INFO: [ app_init ] --START--
INFO: Run Behavior\BuildLiteBehavior [ RunTime:0.000009s ]
INFO: [ app_init ] --END-- [ RunTime:0.000238s ]
INFO: [ app_begin ] --START--
INFO: Run Behavior\ReadHtmlCacheBehavior [ RunTime:0.000321s ]
INFO: [ app_begin ] --END-- [ RunTime:0.000361s ]
NOTIC: [8192] mysql_connect(): The mysql extension is deprecated and will be removed in the future: use mysqli or PDO instead /Applications/MAMP/htdocs/HealthManager/ThinkPHP/Library/Think/Session/Driver/Db.class.php 第 95 行.
INFO: [ view_begin ] --START--
INFO: Run HealthManager\Behavior\CheckAccessBehavior [ RunTime:0.000196s ]
INFO: [ view_begin ] --END-- [ RunTime:0.000244s ]
INFO: [ view_parse ] --START--
INFO: [ template_filter ] --START--
INFO: Run Behavior\ContentReplaceBehavior [ RunTime:0.000047s ]
INFO: [ template_filter ] --END-- [ RunTime:0.000091s ]
NOTIC: [8] Use of undefined constant signIn - assumed 'signIn' /Applications/MAMP/htdocs/HealthManager/Application/Runtime/Cache/HealthManager/65312c2d74527fbaa42566f0ac1c2b07.php 第 37 行.
INFO: Run Behavior\ParseTemplateBehavior [ RunTime:0.007977s ]
INFO: [ view_parse ] --END-- [ RunTime:0.008030s ]
INFO: [ view_filter ] --START--
INFO: Run Behavior\WriteHtmlCacheBehavior [ RunTime:0.000411s ]
INFO: [ view_filter ] --END-- [ RunTime:0.000449s ]
INFO: [ app_end ] --START--
INFO: Run Behavior\ShowPageTraceBehavior [ RunTime:0.000658s ]
INFO: [ app_end ] --END-- [ RunTime:0.000699s ]

[ 2017-01-18T09:05:44+08:00 ] ::1 /index.php/HealthManager/Member/userSendConsultingInfo
INFO: [ app_init ] --START--
INFO: Run Behavior\BuildLiteBehavior [ RunTime:0.000015s ]
INFO: [ app_init ] --END-- [ RunTime:0.000340s ]
INFO: [ app_begin ] --START--
INFO: Run Behavior\ReadHtmlCacheBehavior [ RunTime:0.000363s ]
INFO: [ app_begin ] --END-- [ RunTime:0.000410s ]
NOTIC: [8192] mysql_connect(): The mysql extension is deprecated and will be removed in the future: use mysqli or PDO instead /Applications/MAMP/htdocs/HealthManager/ThinkPHP/Library/Think/Session/Driver/Db.class.php 第 95 行.
SQL: SHOW COLUMNS FROM `hm_menu` [ RunTime:0.0034s ]
SQL: SELECT * FROM `hm_menu` WHERE ( role=1 )  [ RunTime:0.0037s ]
SQL: SHOW COLUMNS FROM `hm_info_hospital_department` [ RunTime:0.0035s ]
SQL: SELECT * FROM `hm_info_hospital_department`  [ RunTime:0.0030s ]
SQL: SHOW COLUMNS FROM `hm_user_info_base` [ RunTime:0.0035s ]
SQL: SELECT `uid`,`username`,`email`,`mobile`,`email_verify`,`reg_time`,`user_type` FROM `hm_user_info_base` WHERE `user_type` = 2  [ RunTime:0.0033s ]
SQL: SHOW COLUMNS FROM `hm_user_info_details` [ RunTime:0.0032s ]
SQL: SELECT * FROM `hm_user_info_details` WHERE ( 1=1 AND uid='1' ) LIMIT 1   [ RunTime:0.0032s ]
SQL: SHOW COLUMNS FROM `hm_user_info_extra` [ RunTime:0.0032s ]
SQL: SELECT * FROM `hm_user_info_extra` WHERE ( 1=1 AND uid='1' ) LIMIT 1   [ RunTime:0.0036s ]
SQL: SHOW COLUMNS FROM `hm_user_info_certification` [ RunTime:0.0033s ]
SQL: SELECT * FROM `hm_user_info_certification` WHERE ( 1=1 AND uid='1' ) LIMIT 1   [ RunTime:0.0035s ]
SQL: SHOW COLUMNS FROM `hm_user_bind` [ RunTime:0.0031s ]
SQL: SELECT * FROM `hm_user_bind` WHERE ( 1=1 AND uid='1' )  [ RunTime:0.0027s ]
SQL: SELECT * FROM `hm_user_info_details` WHERE ( 1=1 AND uid='14' ) LIMIT 1   [ RunTime:0.0032s ]
SQL: SELECT * FROM `hm_user_info_extra` WHERE ( 1=1 AND uid='14' ) LIMIT 1   [ RunTime:0.0036s ]
SQL: SELECT * FROM `hm_user_info_certification` WHERE ( 1=1 AND uid='14' ) LIMIT 1   [ RunTime:0.0037s ]
SQL: SELECT * FROM `hm_user_bind` WHERE ( 1=1 AND uid='14' )  [ RunTime:0.0027s ]
SQL: SELECT * FROM `hm_user_info_details` WHERE ( 1=1 AND uid='16' ) LIMIT 1   [ RunTime:0.0031s ]
SQL: SELECT * FROM `hm_user_info_extra` WHERE ( 1=1 AND uid='16' ) LIMIT 1   [ RunTime:0.0035s ]
SQL: SELECT * FROM `hm_user_info_certification` WHERE ( 1=1 AND uid='16' ) LIMIT 1   [ RunTime:0.0034s ]
SQL: SELECT * FROM `hm_user_bind` WHERE ( 1=1 AND uid='16' )  [ RunTime:0.0026s ]
SQL: SHOW COLUMNS FROM `hm_user_info_extra` [ RunTime:0.0034s ]
SQL: SELECT * FROM `hm_user_info_extra` WHERE ( uid=1 ) LIMIT 1   [ RunTime:0.0034s ]
SQL: SHOW COLUMNS FROM `hm_info_hospital` [ RunTime:0.0031s ]
SQL: SELECT * FROM `hm_info_hospital` WHERE ( id=6 ) LIMIT 1   [ RunTime:0.0030s ]
SQL: SELECT * FROM `hm_info_hospital_department` WHERE ( department_id=1 ) LIMIT 1   [ RunTime:0.0025s ]
SQL: SHOW COLUMNS FROM `hm_info_hospital_subdiscipline` [ RunTime:0.0030s ]
SQL: SELECT * FROM `hm_info_hospital_subdiscipline` WHERE ( subdiscipline_id=6 ) LIMIT 1   [ RunTime:0.0028s ]
SQL: SHOW COLUMNS FROM `hm_info_hospital_position` [ RunTime:0.0029s ]
SQL: SELECT * FROM `hm_info_hospital_position` WHERE ( position_id=2 ) LIMIT 1   [ RunTime:0.0030s ]
SQL: SELECT * FROM `hm_user_info_extra` WHERE ( uid=14 ) LIMIT 1   [ RunTime:0.0038s ]
SQL: SELECT * FROM `hm_info_hospital` WHERE ( id=6 ) LIMIT 1   [ RunTime:0.0032s ]
SQL: SELECT * FROM `hm_info_hospital_department` WHERE ( department_id=1 ) LIMIT 1   [ RunTime:0.0027s ]
SQL: SELECT * FROM `hm_info_hospital_subdiscipline` WHERE ( subdiscipline_id=6 ) LIMIT 1   [ RunTime:0.0030s ]
SQL: SELECT * FROM `hm_info_hospital_position` WHERE ( position_id=2 ) LIMIT 1   [ RunTime:0.0029s ]
SQL: SELECT * FROM `hm_user_info_extra` WHERE ( uid=16 ) LIMIT 1   [ RunTime:0.0033s ]
SQL: SELECT * FROM `hm_info_hospital` WHERE ( id=6 ) LIMIT 1   [ RunTime:0.0030s ]
SQL: SELECT * FROM `hm_info_hospital_department` WHERE ( department_id=1 ) LIMIT 1   [ RunTime:0.0026s ]
SQL: SELECT * FROM `hm_info_hospital_subdiscipline` WHERE ( subdiscipline_id=6 ) LIMIT 1   [ RunTime:0.0029s ]
SQL: SELECT * FROM `hm_info_hospital_position` WHERE ( position_id=2 ) LIMIT 1   [ RunTime:0.0026s ]
INFO: [ view_begin ] --START--

[ 2017-01-18T09:05:45+08:00 ] ::1 /index.php/HealthManager/Doctor/signIn.html
INFO: [ app_init ] --START--
INFO: Run Behavior\BuildLiteBehavior [ RunTime:0.000010s ]
INFO: [ app_init ] --END-- [ RunTime:0.000268s ]
INFO: [ app_begin ] --START--
INFO: Run Behavior\ReadHtmlCacheBehavior [ RunTime:0.000338s ]
INFO: [ app_begin ] --END-- [ RunTime:0.000379s ]
NOTIC: [8192] mysql_connect(): The mysql extension is deprecated and will be removed in the future: use mysqli or PDO instead /Applications/MAMP/htdocs/HealthManager/ThinkPHP/Library/Think/Session/Driver/Db.class.php 第 95 行.
INFO: [ view_begin ] --START--
INFO: Run HealthManager\Behavior\CheckAccessBehavior [ RunTime:0.000197s ]
INFO: [ view_begin ] --END-- [ RunTime:0.000243s ]
INFO: [ view_parse ] --START--
INFO: [ template_filter ] --START--
INFO: Run Behavior\ContentReplaceBehavior [ RunTime:0.000049s ]
INFO: [ template_filter ] --END-- [ RunTime:0.000098s ]
NOTIC: [8] Use of undefined constant signIn - assumed 'signIn' /Applications/MAMP/htdocs/HealthManager/Application/Runtime/Cache/HealthManager/65312c2d74527fbaa42566f0ac1c2b07.php 第 37 行.
INFO: Run Behavior\ParseTemplateBehavior [ RunTime:0.006380s ]
INFO: [ view_parse ] --END-- [ RunTime:0.006415s ]
INFO: [ view_filter ] --START--
INFO: Run Behavior\WriteHtmlCacheBehavior [ RunTime:0.000143s ]
INFO: [ view_filter ] --END-- [ RunTime:0.000190s ]
INFO: [ app_end ] --START--
INFO: Run Behavior\ShowPageTraceBehavior [ RunTime:0.000355s ]
INFO: [ app_end ] --END-- [ RunTime:0.000390s ]

[ 2017-01-18T09:05:48+08:00 ] ::1 /index.php/HealthManager/Doctor/ajax_signIn
INFO: [ app_init ] --START--
INFO: Run Behavior\BuildLiteBehavior [ RunTime:0.000011s ]
INFO: [ app_init ] --END-- [ RunTime:0.000250s ]
INFO: [ app_begin ] --START--
INFO: Run Behavior\ReadHtmlCacheBehavior [ RunTime:0.000323s ]
INFO: [ app_begin ] --END-- [ RunTime:0.000360s ]
NOTIC: [8192] mysql_connect(): The mysql extension is deprecated and will be removed in the future: use mysqli or PDO instead /Applications/MAMP/htdocs/HealthManager/ThinkPHP/Library/Think/Session/Driver/Db.class.php 第 95 行.
NOTIC: [8] curl_setopt(): CURLOPT_SSL_VERIFYHOST no longer accepts the value 1, value 2 will be used instead /Applications/MAMP/htdocs/HealthManager/Application/Common/Common/function.php 第 66 行.

[ 2017-01-18T09:05:48+08:00 ] ::1 /HealthManager/Doctor/dashboard
INFO: [ app_init ] --START--
INFO: Run Behavior\BuildLiteBehavior [ RunTime:0.000010s ]
INFO: [ app_init ] --END-- [ RunTime:0.000243s ]
INFO: [ app_begin ] --START--
INFO: Run Behavior\ReadHtmlCacheBehavior [ RunTime:0.000327s ]
INFO: [ app_begin ] --END-- [ RunTime:0.000368s ]
NOTIC: [8192] mysql_connect(): The mysql extension is deprecated and will be removed in the future: use mysqli or PDO instead /Applications/MAMP/htdocs/HealthManager/ThinkPHP/Library/Think/Session/Driver/Db.class.php 第 95 行.
SQL: SHOW COLUMNS FROM `hm_menu` [ RunTime:0.0039s ]
SQL: SELECT * FROM `hm_menu` WHERE ( role=2 )  [ RunTime:0.0041s ]
SQL: SHOW COLUMNS FROM `hm_info_ask` [ RunTime:0.0040s ]
SQL: SELECT * FROM `hm_info_ask` WHERE `doctor_id` = 11 LIMIT 10   [ RunTime:0.0042s ]
NOTIC: [8] Undefined variable: consultationArray /Applications/MAMP/htdocs/HealthManager/Application/HealthManager/Controller/DoctorController.class.php 第 70 行.
INFO: [ view_begin ] --START--
SQL: SHOW COLUMNS FROM `hm_user_info_base` [ RunTime:0.0040s ]
SQL: SELECT `uid`,`username`,`email`,`mobile`,`email_verify`,`reg_time`,`user_type` FROM `hm_user_info_base` WHERE ( uid=11 ) LIMIT 1   [ RunTime:0.0035s ]
SQL: SHOW COLUMNS FROM `hm_user_info_details` [ RunTime:0.0039s ]
SQL: SELECT * FROM `hm_user_info_details` WHERE ( 1=1 AND uid='11' ) LIMIT 1   [ RunTime:0.0038s ]
SQL: SHOW COLUMNS FROM `hm_user_info_extra` [ RunTime:0.0038s ]
SQL: SELECT * FROM `hm_user_info_extra` WHERE ( 1=1 AND uid='11' ) LIMIT 1   [ RunTime:0.0038s ]
SQL: SHOW COLUMNS FROM `hm_user_info_certification` [ RunTime:0.0042s ]
SQL: SELECT * FROM `hm_user_info_certification` WHERE ( 1=1 AND uid='11' ) LIMIT 1   [ RunTime:0.0041s ]
SQL: SHOW COLUMNS FROM `hm_user_bind` [ RunTime:0.0036s ]
SQL: SELECT * FROM `hm_user_bind` WHERE ( 1=1 AND uid='11' )  [ RunTime:0.0033s ]
SQL: SHOW COLUMNS FROM `hm_info_message` [ RunTime:0.0038s ]
SQL: SELECT COUNT(*) AS tp_count FROM `hm_info_message` WHERE `to_user_id` = 'all' AND `status` = 0 LIMIT 1   [ RunTime:0.0034s ]
SQL: SHOW COLUMNS FROM `hm_auth_group_access` [ RunTime:0.0035s ]
SQL: SELECT `uid`,`group_id`,`title`,`rules` FROM hm_auth_group_access a INNER JOIN hm_auth_group g on a.group_id=g.id  WHERE ( a.uid='11' and g.status='1' )  [ RunTime:0.0034s ]
SQL: SHOW COLUMNS FROM `hm_auth_rule` [ RunTime:0.0036s ]
SQL: SELECT `condition`,`name` FROM `hm_auth_rule` WHERE `id` IN ('1','2','3','4','5','6','7','8','9','10','11','12','13','14','15','16','17','18','19','20','21','22') AND `type` = 2 AND `status` = 1  [ RunTime:0.0033s ]

[ 2017-01-18T09:05:54+08:00 ] ::1 /index.php/HealthManager/Doctor/ajax_signIn
INFO: [ app_init ] --START--
INFO: Run Behavior\BuildLiteBehavior [ RunTime:0.000015s ]
INFO: [ app_init ] --END-- [ RunTime:0.000327s ]
INFO: [ app_begin ] --START--
INFO: Run Behavior\ReadHtmlCacheBehavior [ RunTime:0.000364s ]
INFO: [ app_begin ] --END-- [ RunTime:0.000407s ]
NOTIC: [8192] mysql_connect(): The mysql extension is deprecated and will be removed in the future: use mysqli or PDO instead /Applications/MAMP/htdocs/HealthManager/ThinkPHP/Library/Think/Session/Driver/Db.class.php 第 95 行.
NOTIC: [8] curl_setopt(): CURLOPT_SSL_VERIFYHOST no longer accepts the value 1, value 2 will be used instead /Applications/MAMP/htdocs/HealthManager/Application/Common/Common/function.php 第 66 行.

[ 2017-01-18T09:05:54+08:00 ] ::1 /HealthManager/Doctor/dashboard
INFO: [ app_init ] --START--
INFO: Run Behavior\BuildLiteBehavior [ RunTime:0.000010s ]
INFO: [ app_init ] --END-- [ RunTime:0.000242s ]
INFO: [ app_begin ] --START--
INFO: Run Behavior\ReadHtmlCacheBehavior [ RunTime:0.000373s ]
INFO: [ app_begin ] --END-- [ RunTime:0.000414s ]
NOTIC: [8192] mysql_connect(): The mysql extension is deprecated and will be removed in the future: use mysqli or PDO instead /Applications/MAMP/htdocs/HealthManager/ThinkPHP/Library/Think/Session/Driver/Db.class.php 第 95 行.
SQL: SHOW COLUMNS FROM `hm_menu` [ RunTime:0.0033s ]
SQL: SELECT * FROM `hm_menu` WHERE ( role=2 )  [ RunTime:0.0035s ]
SQL: SHOW COLUMNS FROM `hm_info_ask` [ RunTime:0.0036s ]
SQL: SELECT * FROM `hm_info_ask` WHERE `doctor_id` = 11 LIMIT 10   [ RunTime:0.0031s ]
NOTIC: [8] Undefined variable: consultationArray /Applications/MAMP/htdocs/HealthManager/Application/HealthManager/Controller/DoctorController.class.php 第 70 行.
INFO: [ view_begin ] --START--
SQL: SHOW COLUMNS FROM `hm_user_info_base` [ RunTime:0.0036s ]
SQL: SELECT `uid`,`username`,`email`,`mobile`,`email_verify`,`reg_time`,`user_type` FROM `hm_user_info_base` WHERE ( uid=11 ) LIMIT 1   [ RunTime:0.0029s ]
SQL: SHOW COLUMNS FROM `hm_user_info_details` [ RunTime:0.0034s ]
SQL: SELECT * FROM `hm_user_info_details` WHERE ( 1=1 AND uid='11' ) LIMIT 1   [ RunTime:0.0031s ]
SQL: SHOW COLUMNS FROM `hm_user_info_extra` [ RunTime:0.0033s ]
SQL: SELECT * FROM `hm_user_info_extra` WHERE ( 1=1 AND uid='11' ) LIMIT 1   [ RunTime:0.0030s ]
SQL: SHOW COLUMNS FROM `hm_user_info_certification` [ RunTime:0.0036s ]
SQL: SELECT * FROM `hm_user_info_certification` WHERE ( 1=1 AND uid='11' ) LIMIT 1   [ RunTime:0.0036s ]
SQL: SHOW COLUMNS FROM `hm_user_bind` [ RunTime:0.0034s ]
SQL: SELECT * FROM `hm_user_bind` WHERE ( 1=1 AND uid='11' )  [ RunTime:0.0028s ]
SQL: SHOW COLUMNS FROM `hm_info_message` [ RunTime:0.0035s ]
SQL: SELECT COUNT(*) AS tp_count FROM `hm_info_message` WHERE `to_user_id` = 'all' AND `status` = 0 LIMIT 1   [ RunTime:0.0025s ]
SQL: SHOW COLUMNS FROM `hm_auth_group_access` [ RunTime:0.0031s ]
SQL: SELECT `uid`,`group_id`,`title`,`rules` FROM hm_auth_group_access a INNER JOIN hm_auth_group g on a.group_id=g.id  WHERE ( a.uid='11' and g.status='1' )  [ RunTime:0.0029s ]
SQL: SHOW COLUMNS FROM `hm_auth_rule` [ RunTime:0.0029s ]
SQL: SELECT `condition`,`name` FROM `hm_auth_rule` WHERE `id` IN ('1','2','3','4','5','6','7','8','9','10','11','12','13','14','15','16','17','18','19','20','21','22') AND `type` = 2 AND `status` = 1  [ RunTime:0.0025s ]

[ 2017-01-18T09:05:59+08:00 ] ::1 /index.php/HealthManager/Member/userSendConsultingInfo
INFO: [ app_init ] --START--
INFO: Run Behavior\BuildLiteBehavior [ RunTime:0.000010s ]
INFO: [ app_init ] --END-- [ RunTime:0.000250s ]
INFO: [ app_begin ] --START--
INFO: Run Behavior\ReadHtmlCacheBehavior [ RunTime:0.000326s ]
INFO: [ app_begin ] --END-- [ RunTime:0.000367s ]
NOTIC: [8192] mysql_connect(): The mysql extension is deprecated and will be removed in the future: use mysqli or PDO instead /Applications/MAMP/htdocs/HealthManager/ThinkPHP/Library/Think/Session/Driver/Db.class.php 第 95 行.
SQL: SHOW COLUMNS FROM `hm_menu` [ RunTime:0.0025s ]
SQL: SELECT * FROM `hm_menu` WHERE ( role=1 )  [ RunTime:0.0029s ]
SQL: SHOW COLUMNS FROM `hm_info_hospital_department` [ RunTime:0.0027s ]
SQL: SELECT * FROM `hm_info_hospital_department`  [ RunTime:0.2028s ]
SQL: SHOW COLUMNS FROM `hm_user_info_base` [ RunTime:0.0028s ]
SQL: SELECT `uid`,`username`,`email`,`mobile`,`email_verify`,`reg_time`,`user_type` FROM `hm_user_info_base` WHERE `user_type` = 2  [ RunTime:0.0025s ]
SQL: SHOW COLUMNS FROM `hm_user_info_details` [ RunTime:0.0027s ]
SQL: SELECT * FROM `hm_user_info_details` WHERE ( 1=1 AND uid='1' ) LIMIT 1   [ RunTime:0.0026s ]
SQL: SHOW COLUMNS FROM `hm_user_info_extra` [ RunTime:0.0026s ]
SQL: SELECT * FROM `hm_user_info_extra` WHERE ( 1=1 AND uid='1' ) LIMIT 1   [ RunTime:0.0026s ]
SQL: SHOW COLUMNS FROM `hm_user_info_certification` [ RunTime:0.0025s ]
SQL: SELECT * FROM `hm_user_info_certification` WHERE ( 1=1 AND uid='1' ) LIMIT 1   [ RunTime:0.0030s ]
SQL: SHOW COLUMNS FROM `hm_user_bind` [ RunTime:0.0024s ]
SQL: SELECT * FROM `hm_user_bind` WHERE ( 1=1 AND uid='1' )  [ RunTime:0.0020s ]
SQL: SELECT * FROM `hm_user_info_details` WHERE ( 1=1 AND uid='14' ) LIMIT 1   [ RunTime:0.0024s ]
SQL: SELECT * FROM `hm_user_info_extra` WHERE ( 1=1 AND uid='14' ) LIMIT 1   [ RunTime:0.0031s ]
SQL: SELECT * FROM `hm_user_info_certification` WHERE ( 1=1 AND uid='14' ) LIMIT 1   [ RunTime:0.0028s ]
SQL: SELECT * FROM `hm_user_bind` WHERE ( 1=1 AND uid='14' )  [ RunTime:0.0028s ]
SQL: SELECT * FROM `hm_user_info_details` WHERE ( 1=1 AND uid='16' ) LIMIT 1   [ RunTime:0.0028s ]
SQL: SELECT * FROM `hm_user_info_extra` WHERE ( 1=1 AND uid='16' ) LIMIT 1   [ RunTime:0.0028s ]
SQL: SELECT * FROM `hm_user_info_certification` WHERE ( 1=1 AND uid='16' ) LIMIT 1   [ RunTime:0.0028s ]
SQL: SELECT * FROM `hm_user_bind` WHERE ( 1=1 AND uid='16' )  [ RunTime:0.0022s ]
SQL: SHOW COLUMNS FROM `hm_user_info_extra` [ RunTime:0.0024s ]
SQL: SELECT * FROM `hm_user_info_extra` WHERE ( uid=1 ) LIMIT 1   [ RunTime:0.3063s ]
SQL: SHOW COLUMNS FROM `hm_info_hospital` [ RunTime:0.0030s ]
SQL: SELECT * FROM `hm_info_hospital` WHERE ( id=6 ) LIMIT 1   [ RunTime:0.0024s ]
SQL: SELECT * FROM `hm_info_hospital_department` WHERE ( department_id=1 ) LIMIT 1   [ RunTime:0.0021s ]
SQL: SHOW COLUMNS FROM `hm_info_hospital_subdiscipline` [ RunTime:0.0023s ]
SQL: SELECT * FROM `hm_info_hospital_subdiscipline` WHERE ( subdiscipline_id=6 ) LIMIT 1   [ RunTime:0.0019s ]
SQL: SHOW COLUMNS FROM `hm_info_hospital_position` [ RunTime:0.0021s ]
SQL: SELECT * FROM `hm_info_hospital_position` WHERE ( position_id=2 ) LIMIT 1   [ RunTime:0.0018s ]
SQL: SELECT * FROM `hm_user_info_extra` WHERE ( uid=14 ) LIMIT 1   [ RunTime:0.0027s ]
SQL: SELECT * FROM `hm_info_hospital` WHERE ( id=6 ) LIMIT 1   [ RunTime:0.0023s ]
SQL: SELECT * FROM `hm_info_hospital_department` WHERE ( department_id=1 ) LIMIT 1   [ RunTime:0.0023s ]
SQL: SELECT * FROM `hm_info_hospital_subdiscipline` WHERE ( subdiscipline_id=6 ) LIMIT 1   [ RunTime:0.0021s ]
SQL: SELECT * FROM `hm_info_hospital_position` WHERE ( position_id=2 ) LIMIT 1   [ RunTime:0.0019s ]
SQL: SELECT * FROM `hm_user_info_extra` WHERE ( uid=16 ) LIMIT 1   [ RunTime:0.0026s ]
SQL: SELECT * FROM `hm_info_hospital` WHERE ( id=6 ) LIMIT 1   [ RunTime:0.0021s ]
SQL: SELECT * FROM `hm_info_hospital_department` WHERE ( department_id=1 ) LIMIT 1   [ RunTime:0.0020s ]
SQL: SELECT * FROM `hm_info_hospital_subdiscipline` WHERE ( subdiscipline_id=6 ) LIMIT 1   [ RunTime:0.0019s ]
SQL: SELECT * FROM `hm_info_hospital_position` WHERE ( position_id=2 ) LIMIT 1   [ RunTime:0.0021s ]
INFO: [ view_begin ] --START--
SQL: SELECT `uid`,`username`,`email`,`mobile`,`email_verify`,`reg_time`,`user_type` FROM `hm_user_info_base` WHERE ( uid=11 ) LIMIT 1   [ RunTime:0.0026s ]
SQL: SELECT * FROM `hm_user_info_details` WHERE ( 1=1 AND uid='11' ) LIMIT 1   [ RunTime:0.0025s ]
SQL: SELECT * FROM `hm_user_info_extra` WHERE ( 1=1 AND uid='11' ) LIMIT 1   [ RunTime:0.0023s ]
SQL: SELECT * FROM `hm_user_info_certification` WHERE ( 1=1 AND uid='11' ) LIMIT 1   [ RunTime:0.0028s ]
SQL: SELECT * FROM `hm_user_bind` WHERE ( 1=1 AND uid='11' )  [ RunTime:0.0019s ]
SQL: SHOW COLUMNS FROM `hm_info_message` [ RunTime:0.0024s ]
SQL: SELECT COUNT(*) AS tp_count FROM `hm_info_message` WHERE `to_user_id` = 'all' AND `status` = 0 LIMIT 1   [ RunTime:0.0020s ]
SQL: SHOW COLUMNS FROM `hm_auth_group_access` [ RunTime:0.0023s ]
SQL: SELECT `uid`,`group_id`,`title`,`rules` FROM hm_auth_group_access a INNER JOIN hm_auth_group g on a.group_id=g.id  WHERE ( a.uid='11' and g.status='1' )  [ RunTime:0.0023s ]
SQL: SHOW COLUMNS FROM `hm_auth_rule` [ RunTime:0.0023s ]
SQL: SELECT `condition`,`name` FROM `hm_auth_rule` WHERE `id` IN ('1','2','3','4','5','6','7','8','9','10','11','12','13','14','15','16','17','18','19','20','21','22') AND `type` = 2 AND `status` = 1  [ RunTime:0.0020s ]

[ 2017-01-18T09:14:57+08:00 ] ::1 /index.php/HealthManager/Member/userSendConsultingInfo
INFO: [ app_init ] --START--
INFO: Run Behavior\BuildLiteBehavior [ RunTime:0.000016s ]
INFO: [ app_init ] --END-- [ RunTime:0.000346s ]
INFO: [ app_begin ] --START--
INFO: Run Behavior\ReadHtmlCacheBehavior [ RunTime:0.000366s ]
INFO: [ app_begin ] --END-- [ RunTime:0.000413s ]
NOTIC: [8192] mysql_connect(): The mysql extension is deprecated and will be removed in the future: use mysqli or PDO instead /Applications/MAMP/htdocs/HealthManager/ThinkPHP/Library/Think/Session/Driver/Db.class.php 第 95 行.
SQL: SHOW COLUMNS FROM `hm_menu` [ RunTime:0.0032s ]
SQL: SELECT * FROM `hm_menu` WHERE ( role=1 )  [ RunTime:0.0033s ]
SQL: SHOW COLUMNS FROM `hm_info_hospital_department` [ RunTime:0.0030s ]
SQL: SELECT * FROM `hm_info_hospital_department`  [ RunTime:0.0031s ]
SQL: SHOW COLUMNS FROM `hm_user_info_base` [ RunTime:0.0043s ]
SQL: SELECT `uid`,`username`,`email`,`mobile`,`email_verify`,`reg_time`,`user_type` FROM `hm_user_info_base` WHERE `user_type` = 2  [ RunTime:0.0035s ]
SQL: SHOW COLUMNS FROM `hm_user_info_details` [ RunTime:0.0031s ]
SQL: SELECT * FROM `hm_user_info_details` WHERE ( 1=1 AND uid='1' ) LIMIT 1   [ RunTime:0.0030s ]
SQL: SHOW COLUMNS FROM `hm_user_info_extra` [ RunTime:0.0032s ]
SQL: SELECT * FROM `hm_user_info_extra` WHERE ( 1=1 AND uid='1' ) LIMIT 1   [ RunTime:0.0032s ]
SQL: SHOW COLUMNS FROM `hm_user_info_certification` [ RunTime:0.0032s ]
SQL: SELECT * FROM `hm_user_info_certification` WHERE ( 1=1 AND uid='1' ) LIMIT 1   [ RunTime:0.0036s ]
SQL: SHOW COLUMNS FROM `hm_user_bind` [ RunTime:0.0030s ]
SQL: SELECT * FROM `hm_user_bind` WHERE ( 1=1 AND uid='1' )  [ RunTime:0.0027s ]
SQL: SELECT * FROM `hm_user_info_details` WHERE ( 1=1 AND uid='14' ) LIMIT 1   [ RunTime:0.0039s ]
SQL: SELECT * FROM `hm_user_info_extra` WHERE ( 1=1 AND uid='14' ) LIMIT 1   [ RunTime:0.0033s ]
SQL: SELECT * FROM `hm_user_info_certification` WHERE ( 1=1 AND uid='14' ) LIMIT 1   [ RunTime:0.0034s ]
SQL: SELECT * FROM `hm_user_bind` WHERE ( 1=1 AND uid='14' )  [ RunTime:0.0031s ]
SQL: SELECT * FROM `hm_user_info_details` WHERE ( 1=1 AND uid='16' ) LIMIT 1   [ RunTime:0.0032s ]
SQL: SELECT * FROM `hm_user_info_extra` WHERE ( 1=1 AND uid='16' ) LIMIT 1   [ RunTime:0.0036s ]
SQL: SELECT * FROM `hm_user_info_certification` WHERE ( 1=1 AND uid='16' ) LIMIT 1   [ RunTime:0.0034s ]
SQL: SELECT * FROM `hm_user_bind` WHERE ( 1=1 AND uid='16' )  [ RunTime:0.0025s ]
SQL: SHOW COLUMNS FROM `hm_user_info_extra` [ RunTime:0.0037s ]
SQL: SELECT * FROM `hm_user_info_extra` WHERE ( uid=1 ) LIMIT 1   [ RunTime:0.0033s ]
SQL: SHOW COLUMNS FROM `hm_info_hospital` [ RunTime:0.0030s ]
SQL: SELECT * FROM `hm_info_hospital` WHERE ( id=6 ) LIMIT 1   [ RunTime:0.0033s ]
SQL: SELECT * FROM `hm_info_hospital_department` WHERE ( department_id=1 ) LIMIT 1   [ RunTime:0.0025s ]
SQL: SHOW COLUMNS FROM `hm_info_hospital_subdiscipline` [ RunTime:0.0029s ]
SQL: SELECT * FROM `hm_info_hospital_subdiscipline` WHERE ( subdiscipline_id=6 ) LIMIT 1   [ RunTime:0.0028s ]
SQL: SHOW COLUMNS FROM `hm_info_hospital_position` [ RunTime:0.0031s ]
SQL: SELECT * FROM `hm_info_hospital_position` WHERE ( position_id=2 ) LIMIT 1   [ RunTime:0.0032s ]
SQL: SELECT * FROM `hm_user_info_extra` WHERE ( uid=14 ) LIMIT 1   [ RunTime:0.0036s ]
SQL: SELECT * FROM `hm_info_hospital` WHERE ( id=6 ) LIMIT 1   [ RunTime:0.0034s ]
SQL: SELECT * FROM `hm_info_hospital_department` WHERE ( department_id=1 ) LIMIT 1   [ RunTime:0.0029s ]
SQL: SELECT * FROM `hm_info_hospital_subdiscipline` WHERE ( subdiscipline_id=6 ) LIMIT 1   [ RunTime:0.0037s ]
SQL: SELECT * FROM `hm_info_hospital_position` WHERE ( position_id=2 ) LIMIT 1   [ RunTime:0.0033s ]
SQL: SELECT * FROM `hm_user_info_extra` WHERE ( uid=16 ) LIMIT 1   [ RunTime:0.0035s ]
SQL: SELECT * FROM `hm_info_hospital` WHERE ( id=6 ) LIMIT 1   [ RunTime:0.0028s ]
SQL: SELECT * FROM `hm_info_hospital_department` WHERE ( department_id=1 ) LIMIT 1   [ RunTime:0.0034s ]
SQL: SELECT * FROM `hm_info_hospital_subdiscipline` WHERE ( subdiscipline_id=6 ) LIMIT 1   [ RunTime:0.0028s ]
SQL: SELECT * FROM `hm_info_hospital_position` WHERE ( position_id=2 ) LIMIT 1   [ RunTime:0.0029s ]
INFO: [ view_begin ] --START--
SQL: SELECT `uid`,`username`,`email`,`mobile`,`email_verify`,`reg_time`,`user_type` FROM `hm_user_info_base` WHERE ( uid=11 ) LIMIT 1   [ RunTime:0.0028s ]
SQL: SELECT * FROM `hm_user_info_details` WHERE ( 1=1 AND uid='11' ) LIMIT 1   [ RunTime:0.0031s ]
SQL: SELECT * FROM `hm_user_info_extra` WHERE ( 1=1 AND uid='11' ) LIMIT 1   [ RunTime:0.0037s ]
SQL: SELECT * FROM `hm_user_info_certification` WHERE ( 1=1 AND uid='11' ) LIMIT 1   [ RunTime:0.0038s ]
SQL: SELECT * FROM `hm_user_bind` WHERE ( 1=1 AND uid='11' )  [ RunTime:0.0026s ]
SQL: SHOW COLUMNS FROM `hm_info_message` [ RunTime:0.0031s ]
SQL: SELECT COUNT(*) AS tp_count FROM `hm_info_message` WHERE `to_user_id` = 'all' AND `status` = 0 LIMIT 1   [ RunTime:0.0032s ]
SQL: SHOW COLUMNS FROM `hm_auth_group_access` [ RunTime:0.0031s ]
SQL: SELECT `uid`,`group_id`,`title`,`rules` FROM hm_auth_group_access a INNER JOIN hm_auth_group g on a.group_id=g.id  WHERE ( a.uid='11' and g.status='1' )  [ RunTime:0.0026s ]
SQL: SHOW COLUMNS FROM `hm_auth_rule` [ RunTime:0.0031s ]
SQL: SELECT `condition`,`name` FROM `hm_auth_rule` WHERE `id` IN ('1','2','3','4','5','6','7','8','9','10','11','12','13','14','15','16','17','18','19','20','21','22') AND `type` = 2 AND `status` = 1  [ RunTime:0.0030s ]

[ 2017-01-18T09:15:32+08:00 ] ::1 /index.php/HealthManager/Member/userSendConsultingInfo
INFO: [ app_init ] --START--
INFO: Run Behavior\BuildLiteBehavior [ RunTime:0.000010s ]
INFO: [ app_init ] --END-- [ RunTime:0.000246s ]
INFO: [ app_begin ] --START--
INFO: Run Behavior\ReadHtmlCacheBehavior [ RunTime:0.000353s ]
INFO: [ app_begin ] --END-- [ RunTime:0.000393s ]
NOTIC: [8192] mysql_connect(): The mysql extension is deprecated and will be removed in the future: use mysqli or PDO instead /Applications/MAMP/htdocs/HealthManager/ThinkPHP/Library/Think/Session/Driver/Db.class.php 第 95 行.
SQL: SHOW COLUMNS FROM `hm_menu` [ RunTime:0.0033s ]
SQL: SELECT * FROM `hm_menu` WHERE ( role=1 )  [ RunTime:0.0040s ]
SQL: SHOW COLUMNS FROM `hm_info_hospital_department` [ RunTime:0.0030s ]
SQL: SELECT * FROM `hm_info_hospital_department`  [ RunTime:0.0028s ]
SQL: SHOW COLUMNS FROM `hm_user_info_base` [ RunTime:0.0035s ]
SQL: SELECT `uid`,`username`,`email`,`mobile`,`email_verify`,`reg_time`,`user_type` FROM `hm_user_info_base` WHERE `user_type` = 2  [ RunTime:0.0030s ]
SQL: SHOW COLUMNS FROM `hm_user_info_details` [ RunTime:0.0032s ]
SQL: SELECT * FROM `hm_user_info_details` WHERE ( 1=1 AND uid='1' ) LIMIT 1   [ RunTime:0.0033s ]
SQL: SHOW COLUMNS FROM `hm_user_info_extra` [ RunTime:0.0033s ]
SQL: SELECT * FROM `hm_user_info_extra` WHERE ( 1=1 AND uid='1' ) LIMIT 1   [ RunTime:0.0032s ]
SQL: SHOW COLUMNS FROM `hm_user_info_certification` [ RunTime:0.0033s ]
SQL: SELECT * FROM `hm_user_info_certification` WHERE ( 1=1 AND uid='1' ) LIMIT 1   [ RunTime:0.0036s ]
SQL: SHOW COLUMNS FROM `hm_user_bind` [ RunTime:0.0031s ]
SQL: SELECT * FROM `hm_user_bind` WHERE ( 1=1 AND uid='1' )  [ RunTime:0.0026s ]
SQL: SELECT * FROM `hm_user_info_details` WHERE ( 1=1 AND uid='14' ) LIMIT 1   [ RunTime:0.0038s ]
SQL: SELECT * FROM `hm_user_info_extra` WHERE ( 1=1 AND uid='14' ) LIMIT 1   [ RunTime:0.0033s ]
SQL: SELECT * FROM `hm_user_info_certification` WHERE ( 1=1 AND uid='14' ) LIMIT 1   [ RunTime:0.0035s ]
SQL: SELECT * FROM `hm_user_bind` WHERE ( 1=1 AND uid='14' )  [ RunTime:0.0027s ]
SQL: SELECT * FROM `hm_user_info_details` WHERE ( 1=1 AND uid='16' ) LIMIT 1   [ RunTime:0.0034s ]
SQL: SELECT * FROM `hm_user_info_extra` WHERE ( 1=1 AND uid='16' ) LIMIT 1   [ RunTime:0.0038s ]
SQL: SELECT * FROM `hm_user_info_certification` WHERE ( 1=1 AND uid='16' ) LIMIT 1   [ RunTime:0.0035s ]
SQL: SELECT * FROM `hm_user_bind` WHERE ( 1=1 AND uid='16' )  [ RunTime:0.0031s ]
SQL: SHOW COLUMNS FROM `hm_user_info_extra` [ RunTime:0.0036s ]
SQL: SELECT * FROM `hm_user_info_extra` WHERE ( uid=1 ) LIMIT 1   [ RunTime:0.0034s ]
SQL: SHOW COLUMNS FROM `hm_info_hospital` [ RunTime:0.0031s ]
SQL: SELECT * FROM `hm_info_hospital` WHERE ( id=6 ) LIMIT 1   [ RunTime:0.0032s ]
SQL: SELECT * FROM `hm_info_hospital_department` WHERE ( department_id=1 ) LIMIT 1   [ RunTime:0.0033s ]
SQL: SHOW COLUMNS FROM `hm_info_hospital_subdiscipline` [ RunTime:0.0036s ]
SQL: SELECT * FROM `hm_info_hospital_subdiscipline` WHERE ( subdiscipline_id=6 ) LIMIT 1   [ RunTime:0.0031s ]
SQL: SHOW COLUMNS FROM `hm_info_hospital_position` [ RunTime:0.0031s ]
SQL: SELECT * FROM `hm_info_hospital_position` WHERE ( position_id=2 ) LIMIT 1   [ RunTime:0.0026s ]
SQL: SELECT * FROM `hm_user_info_extra` WHERE ( uid=14 ) LIMIT 1   [ RunTime:0.0033s ]
SQL: SELECT * FROM `hm_info_hospital` WHERE ( id=6 ) LIMIT 1   [ RunTime:0.0030s ]
SQL: SELECT * FROM `hm_info_hospital_department` WHERE ( department_id=1 ) LIMIT 1   [ RunTime:0.0027s ]
SQL: SELECT * FROM `hm_info_hospital_subdiscipline` WHERE ( subdiscipline_id=6 ) LIMIT 1   [ RunTime:0.0028s ]
SQL: SELECT * FROM `hm_info_hospital_position` WHERE ( position_id=2 ) LIMIT 1   [ RunTime:0.0025s ]
SQL: SELECT * FROM `hm_user_info_extra` WHERE ( uid=16 ) LIMIT 1   [ RunTime:0.0037s ]
SQL: SELECT * FROM `hm_info_hospital` WHERE ( id=6 ) LIMIT 1   [ RunTime:0.0030s ]
SQL: SELECT * FROM `hm_info_hospital_department` WHERE ( department_id=1 ) LIMIT 1   [ RunTime:0.0025s ]
SQL: SELECT * FROM `hm_info_hospital_subdiscipline` WHERE ( subdiscipline_id=6 ) LIMIT 1   [ RunTime:0.0031s ]
SQL: SELECT * FROM `hm_info_hospital_position` WHERE ( position_id=2 ) LIMIT 1   [ RunTime:0.0028s ]
INFO: [ view_begin ] --START--
SQL: SELECT `uid`,`username`,`email`,`mobile`,`email_verify`,`reg_time`,`user_type` FROM `hm_user_info_base` WHERE ( uid=11 ) LIMIT 1   [ RunTime:0.0035s ]
SQL: SELECT * FROM `hm_user_info_details` WHERE ( 1=1 AND uid='11' ) LIMIT 1   [ RunTime:0.0032s ]
SQL: SELECT * FROM `hm_user_info_extra` WHERE ( 1=1 AND uid='11' ) LIMIT 1   [ RunTime:0.0029s ]
SQL: SELECT * FROM `hm_user_info_certification` WHERE ( 1=1 AND uid='11' ) LIMIT 1   [ RunTime:0.0034s ]
SQL: SELECT * FROM `hm_user_bind` WHERE ( 1=1 AND uid='11' )  [ RunTime:0.0031s ]
SQL: SHOW COLUMNS FROM `hm_info_message` [ RunTime:0.0031s ]
SQL: SELECT COUNT(*) AS tp_count FROM `hm_info_message` WHERE `to_user_id` = 'all' AND `status` = 0 LIMIT 1   [ RunTime:0.0035s ]
SQL: SHOW COLUMNS FROM `hm_auth_group_access` [ RunTime:0.0030s ]
SQL: SELECT `uid`,`group_id`,`title`,`rules` FROM hm_auth_group_access a INNER JOIN hm_auth_group g on a.group_id=g.id  WHERE ( a.uid='11' and g.status='1' )  [ RunTime:0.0030s ]
SQL: SHOW COLUMNS FROM `hm_auth_rule` [ RunTime:0.0034s ]
SQL: SELECT `condition`,`name` FROM `hm_auth_rule` WHERE `id` IN ('1','2','3','4','5','6','7','8','9','10','11','12','13','14','15','16','17','18','19','20','21','22') AND `type` = 2 AND `status` = 1  [ RunTime:0.0029s ]

